Log file open, 11/25/22 14:14:31
LogWindows: Failed to load 'aqProf.dll' (GetLastError=126)
LogWindows: File 'aqProf.dll' does not exist
LogWindows: Failed to load 'VtuneApi.dll' (GetLastError=126)
LogWindows: File 'VtuneApi.dll' does not exist
LogWindows: Failed to load 'VtuneApi32e.dll' (GetLastError=126)
LogWindows: File 'VtuneApi32e.dll' does not exist
LogConsoleResponse: Display: Failed to find resolution value strings in scalability ini. Falling back to default.
LogConsoleResponse: Display: Failed to find resolution value strings in scalability ini. Falling back to default.
LogInit: Display: Running engine for game: SideScroller_V422_Fall2019
LogPlatformFile: Not using cached read wrapper
LogTaskGraph: Started task graph with 5 named threads and 59 total threads with 3 sets of task threads.
LogStats: Stats thread started at 0.231571
LogICUInternationalization: ICU TimeZone Detection - Raw Offset: -5:00, Platform Override: ''
LogInit: Display: Loading text-based GConfig....
LogPluginManager: Mounting plugin MeshPainting
LogPluginManager: Mounting plugin XGEController
LogPluginManager: Mounting plugin Paper2D
LogPluginManager: Mounting plugin AISupport
LogPluginManager: Mounting plugin EnvironmentQueryEditor
LogPluginManager: Mounting plugin LiveLink
LogPluginManager: Mounting plugin LightPropagationVolume
LogPluginManager: Mounting plugin CameraShakePreviewer
LogPluginManager: Mounting plugin GameplayCameras
LogPluginManager: Mounting plugin OodleNetwork
LogPluginManager: Mounting plugin AnimationSharing
LogPluginManager: Mounting plugin CLionSourceCodeAccess
LogPluginManager: Mounting plugin CodeLiteSourceCodeAccess
LogPluginManager: Mounting plugin GitSourceControl
LogPluginManager: Mounting plugin PerforceSourceControl
LogPluginManager: Mounting plugin KDevelopSourceCodeAccess
LogPluginManager: Mounting plugin PlasticSourceControl
LogPluginManager: Mounting plugin NullSourceCodeAccess
LogPluginManager: Mounting plugin PixWinPlugin
LogPluginManager: Mounting plugin OodleData
LogPluginManager: Mounting plugin PluginUtils
LogPluginManager: Mounting plugin PropertyAccessNode
LogPluginManager: Mounting plugin RiderSourceCodeAccess
LogPluginManager: Mounting plugin SubversionSourceControl
LogPluginManager: Mounting plugin TextureFormatOodle
LogPluginManager: Mounting plugin XCodeSourceCodeAccess
LogPluginManager: Mounting plugin UObjectPlugin
LogPluginManager: Mounting plugin VisualStudioCodeSourceCodeAccess
LogPluginManager: Mounting plugin VisualStudioSourceCodeAccess
LogPluginManager: Mounting plugin AssetManagerEditor
LogPluginManager: Mounting plugin CurveEditorTools
LogPluginManager: Mounting plugin CryptoKeys
LogPluginManager: Mounting plugin GameplayTagsEditor
LogPluginManager: Mounting plugin GeometryMode
LogPluginManager: Mounting plugin PluginBrowser
LogPluginManager: Mounting plugin DataValidation
LogPluginManager: Mounting plugin SpeedTreeImporter
LogPluginManager: Mounting plugin MobileLauncherProfileWizard
LogPluginManager: Mounting plugin FacialAnimation
LogPluginManager: Mounting plugin MacGraphicsSwitching
LogPluginManager: Mounting plugin DatasmithContent
LogPluginManager: Mounting plugin VariantManagerContent
LogPluginManager: Mounting plugin BackChannel
LogPluginManager: Mounting plugin AutomationUtils
LogPluginManager: Mounting plugin AlembicImporter
LogPluginManager: Mounting plugin ChaosCloth
LogPluginManager: Mounting plugin ChaosEditor
LogPluginManager: Mounting plugin ChaosClothEditor
LogPluginManager: Mounting plugin MaterialAnalyzer
LogPluginManager: Mounting plugin ChaosSolverPlugin
LogPluginManager: Mounting plugin ChaosNiagara
LogPluginManager: Mounting plugin CharacterAI
LogPluginManager: Mounting plugin Niagara
LogPluginManager: Mounting plugin GeometryCache
LogPluginManager: Mounting plugin GeometryCollectionPlugin
LogPluginManager: Mounting plugin GeometryProcessing
LogPluginManager: Mounting plugin MotoSynth
LogPluginManager: Mounting plugin OpenImageDenoise
LogPluginManager: Mounting plugin PlanarCut
LogPluginManager: Mounting plugin ProxyLODPlugin
LogPluginManager: Mounting plugin PlatformCrypto
LogPluginManager: Mounting plugin PythonScriptPlugin
LogPluginManager: Mounting plugin SkeletalReduction
LogPluginManager: Mounting plugin AndroidMedia
LogPluginManager: Mounting plugin AvfMedia
LogPluginManager: Mounting plugin ImgMedia
LogPluginManager: Mounting plugin MediaCompositing
LogPluginManager: Mounting plugin MediaPlayerEditor
LogPluginManager: Mounting plugin WmfMedia
LogPluginManager: Mounting plugin WebMMedia
LogPluginManager: Mounting plugin MatineeToLevelSequence
LogPluginManager: Mounting plugin LevelSequenceEditor
LogPluginManager: Mounting plugin ActorSequence
LogPluginManager: Mounting plugin TemplateSequence
LogPluginManager: Mounting plugin LuminPlatformFeatures
LogPluginManager: Mounting plugin MagicLeap
LogPluginManager: Mounting plugin MagicLeapLightEstimation
LogPluginManager: Mounting plugin MagicLeapMedia
LogPluginManager: Mounting plugin MagicLeapPassableWorld
LogPluginManager: Mounting plugin MLSDK
LogPluginManager: Mounting plugin OnlineSubsystemNull
LogPluginManager: Mounting plugin OnlineSubsystem
LogPluginManager: Mounting plugin OnlineSubsystemUtils
LogPluginManager: Mounting plugin LauncherChunkInstaller
LogPluginManager: Mounting plugin UdpMessaging
LogPluginManager: Mounting plugin TcpMessaging
LogPluginManager: Mounting plugin AndroidDeviceProfileSelector
LogPluginManager: Mounting plugin AndroidMoviePlayer
LogPluginManager: Mounting plugin ActorLayerUtilities
LogPluginManager: Mounting plugin AppleMoviePlayer
LogPluginManager: Mounting plugin AndroidPermission
LogPluginManager: Mounting plugin AppleImageUtils
LogPluginManager: Mounting plugin ArchVisCharacter
LogPluginManager: Mounting plugin ApexDestruction
LogPluginManager: Mounting plugin AssetTags
LogPluginManager: Mounting plugin ChunkDownloader
LogPluginManager: Mounting plugin CustomMeshComponent
LogPluginManager: Mounting plugin CableComponent
LogPluginManager: Mounting plugin AudioSynesthesia
LogPluginManager: Mounting plugin EditableMesh
LogPluginManager: Mounting plugin AudioCapture
LogPluginManager: Mounting plugin GooglePAD
LogPluginManager: Mounting plugin GoogleCloudMessaging
LogPluginManager: Mounting plugin ExampleDeviceProfileSelector
LogPluginManager: Mounting plugin IOSDeviceProfileSelector
LogPluginManager: Mounting plugin MobilePatchingUtils
LogPluginManager: Mounting plugin LocationServicesBPLibrary
LogPluginManager: Mounting plugin OpenXREyeTracker
LogPluginManager: Mounting plugin LinuxDeviceProfileSelector
LogPluginManager: Mounting plugin OpenXR
LogPluginManager: Mounting plugin OpenXRHandTracking
LogPluginManager: Mounting plugin PhysXVehicles
LogPluginManager: Mounting plugin PropertyAccessEditor
LogPluginManager: Mounting plugin ProceduralMeshComponent
LogPluginManager: Mounting plugin PostSplashScreen
LogPluginManager: Mounting plugin RuntimePhysXCooking
LogPluginManager: Mounting plugin SoundFields
LogPluginManager: Mounting plugin SignificanceManager
LogPluginManager: Mounting plugin Synthesis
LogPluginManager: Mounting plugin Takes
LogPluginManager: Mounting plugin ScreenshotTools
LogPluginManager: Mounting plugin WebMMoviePlayer
LogPluginManager: Mounting plugin WindowsMoviePlayer
LogPluginManager: Mounting plugin ContentBrowserAssetDataSource
LogPluginManager: Mounting plugin ContentBrowserClassDataSource
LogPluginManager: Mounting plugin ContentBrowserFileDataSource
LogPluginManager: Mounting plugin OnlineSubsystemIOS
LogPluginManager: Mounting plugin OnlineSubsystemGooglePlay
LogPluginManager: Mounting plugin OculusVR
LogPluginManager: Mounting plugin SteamVR
PixWinPlugin: PIX capture plugin failed to initialize! Check that the process is launched from PIX.
LogInit: Using libcurl 7.55.1-DEV
LogInit:  - built for x86_64-pc-win32
LogInit:  - supports SSL with OpenSSL/1.1.1
LogInit:  - supports HTTP deflate (compression) using libz 1.2.8
LogInit:  - other features:
LogInit:      CURL_VERSION_SSL
LogInit:      CURL_VERSION_LIBZ
LogInit:      CURL_VERSION_IPV6
LogInit:      CURL_VERSION_ASYNCHDNS
LogInit:      CURL_VERSION_LARGEFILE
LogInit:      CURL_VERSION_IDN
LogInit:  CurlRequestOptions (configurable via config and command line):
LogInit:  - bVerifyPeer = true  - Libcurl will verify peer certificate
LogInit:  - bUseHttpProxy = false  - Libcurl will NOT use HTTP proxy
LogInit:  - bDontReuseConnections = false  - Libcurl will reuse connections
LogInit:  - MaxHostConnections = 16  - Libcurl will limit the number of connections to a host
LogInit:  - LocalHostAddr = Default
LogInit:  - BufferSize = 65536
LogOnline: OSS: Creating online subsystem instance for: NULL
LogInit: WinSock: version 1.1 (2.2), MaxSocks=32767, MaxUdp=65467
LogOnline: OSS: TryLoadSubsystemAndSetDefault: Loaded subsystem for module [NULL]
LogOculusPluginWrapper: OculusPlugin initialized successfully
LogHMD: Failed initializing OVRPlugin 1.59.0
LogInit: Build: ++UE4+Release-4.27-CL-18319896
LogInit: Engine Version: 4.27.2-18319896+++UE4+Release-4.27
LogInit: Compatible Engine Version: 4.27.0-17155196+++UE4+Release-4.27
LogInit: Net CL: 17155196
LogInit: OS: Windows 10 (Release 2009) (), CPU: 12th Gen Intel(R) Core(TM) i9-12900H, GPU: Intel(R) Iris(R) Xe Graphics
LogInit: Compiled (64-bit): Nov 30 2021 07:12:08
LogInit: Compiled with Visual C++: 19.24.28315.00
LogInit: Build Configuration: Development
LogInit: Branch Name: ++UE4+Release-4.27
LogInit: Command Line:  /Game/SideScrollerBP/Maps/SideScrollerExampleMap -game -PIEVIACONSOLE -Multiprocess GameUserSettingsINI=C:/Users/gizem/Downloads/SideScroller_V422/SideScroller_V422/SideScroller_V422/Saved/Config/Windows/PIEGameUserSettings0.ini -MultiprocessSaveConfig -forcepassthrough -messaging -SessionName="Play in Standalone Game" -windowed -WinX=315 -WinY=179 SAVEWINPOS=1 -ResX=1280 -ResY=720
LogInit: Base Directory: C:/Program Files/Epic Games/UE_4.27/Engine/Binaries/Win64/
LogInit: Allocator: TBB
LogInit: Installed Engine Build: 1
LogDevObjectVersion: Number of dev versions registered: 29
LogDevObjectVersion:   Dev-Blueprints (B0D832E4-1F89-4F0D-ACCF-7EB736FD4AA2): 10
LogDevObjectVersion:   Dev-Build (E1C64328-A22C-4D53-A36C-8E866417BD8C): 0
LogDevObjectVersion:   Dev-Core (375EC13C-06E4-48FB-B500-84F0262A717E): 4
LogDevObjectVersion:   Dev-Editor (E4B068ED-F494-42E9-A231-DA0B2E46BB41): 40
LogDevObjectVersion:   Dev-Framework (CFFC743F-43B0-4480-9391-14DF171D2073): 37
LogDevObjectVersion:   Dev-Mobile (B02B49B5-BB20-44E9-A304-32B752E40360): 3
LogDevObjectVersion:   Dev-Networking (A4E4105C-59A1-49B5-A7C5-40C4547EDFEE): 0
LogDevObjectVersion:   Dev-Online (39C831C9-5AE6-47DC-9A44-9C173E1C8E7C): 0
LogDevObjectVersion:   Dev-Physics (78F01B33-EBEA-4F98-B9B4-84EACCB95AA2): 14
LogDevObjectVersion:   Dev-Platform (6631380F-2D4D-43E0-8009-CF276956A95A): 0
LogDevObjectVersion:   Dev-Rendering (12F88B9F-8875-4AFC-A67C-D90C383ABD29): 45
LogDevObjectVersion:   Dev-Sequencer (7B5AE74C-D270-4C10-A958-57980B212A5A): 13
LogDevObjectVersion:   Dev-VR (D7296918-1DD6-4BDD-9DE2-64A83CC13884): 3
LogDevObjectVersion:   Dev-LoadTimes (C2A15278-BFE7-4AFE-6C17-90FF531DF755): 1
LogDevObjectVersion:   Private-Geometry (6EACA3D4-40EC-4CC1-B786-8BED09428FC5): 3
LogDevObjectVersion:   Dev-AnimPhys (29E575DD-E0A3-4627-9D10-D276232CDCEA): 17
LogDevObjectVersion:   Dev-Anim (AF43A65D-7FD3-4947-9873-3E8ED9C1BB05): 15
LogDevObjectVersion:   Dev-ReflectionCapture (6B266CEC-1EC7-4B8F-A30B-E4D90942FC07): 1
LogDevObjectVersion:   Dev-Automation (0DF73D61-A23F-47EA-B727-89E90C41499A): 1
LogDevObjectVersion:   FortniteMain (601D1886-AC64-4F84-AA16-D3DE0DEAC7D6): 47
LogDevObjectVersion:   FortniteRelease (E7086368-6B23-4C58-8439-1B7016265E91): 1
LogDevObjectVersion:   Dev-Enterprise (9DFFBCD6-494F-0158-E221-12823C92A888): 10
LogDevObjectVersion:   Dev-Niagara (F2AED0AC-9AFE-416F-8664-AA7FFA26D6FC): 1
LogDevObjectVersion:   Dev-Destruction (174F1F0B-B4C6-45A5-B13F-2EE8D0FB917D): 10
LogDevObjectVersion:   Dev-Physics-Ext (35F94A83-E258-406C-A318-09F59610247C): 41
LogDevObjectVersion:   Dev-PhysicsMaterial-Chaos (B68FC16E-8B1B-42E2-B453-215C058844FE): 1
LogDevObjectVersion:   Dev-CineCamera (B2E18506-4273-CFC2-A54E-F4BB758BBA07): 1
LogDevObjectVersion:   Dev-VirtualProduction (64F58936-FD1B-42BA-BA96-7289D5D0FA4E): 1
LogDevObjectVersion:   Dev-MediaFramework (6F0ED827-A609-4895-9C91-998D90180EA4): 2
LogInit: Presizing for max 25165824 objects, including 0 objects not considered by GC, pre-allocating 0 bytes for permanent pool.
LogConfig: Applying CVar settings from Section [/Script/Engine.StreamingSettings] File [C:/Users/gizem/Downloads/SideScroller_V422/SideScroller_V422/SideScroller_V422/Saved/Config/Windows/Engine.ini]
LogConfig: Setting CVar [[s.MinBulkDataSizeForAsyncLoading:131072]]
LogConfig: Setting CVar [[s.AsyncLoadingThreadEnabled:0]]
LogConfig: Setting CVar [[s.EventDrivenLoaderEnabled:1]]
LogConfig: Setting CVar [[s.WarnIfTimeLimitExceeded:0]]
LogConfig: Setting CVar [[s.TimeLimitExceededMultiplier:1.5]]
LogConfig: Setting CVar [[s.TimeLimitExceededMinTime:0.005]]
LogConfig: Setting CVar [[s.UseBackgroundLevelStreaming:1]]
LogConfig: Setting CVar [[s.PriorityAsyncLoadingExtraTime:15.0]]
LogConfig: Setting CVar [[s.LevelStreamingActorsUpdateTimeLimit:5.0]]
LogConfig: Setting CVar [[s.PriorityLevelStreamingActorsUpdateExtraTime:5.0]]
LogConfig: Setting CVar [[s.LevelStreamingComponentsRegistrationGranularity:10]]
LogConfig: Setting CVar [[s.UnregisterComponentsTimeLimit:1.0]]
LogConfig: Setting CVar [[s.LevelStreamingComponentsUnregistrationGranularity:5]]
LogConfig: Setting CVar [[s.FlushStreamingOnExit:1]]
LogInit: Object subsystem initialized
LogConfig: Setting CVar [[con.DebugEarlyDefault:1]]
LogConfig: Setting CVar [[r.setres:1280x720]]
[2022.11.25-19.14.31:943][  0]LogConfig: Setting CVar [[con.DebugEarlyDefault:1]]
[2022.11.25-19.14.31:943][  0]LogConfig: Setting CVar [[r.setres:1280x720]]
[2022.11.25-19.14.31:943][  0]LogConfig: Applying CVar settings from Section [/Script/Engine.RendererSettings] File [C:/Users/gizem/Downloads/SideScroller_V422/SideScroller_V422/SideScroller_V422/Saved/Config/Windows/Engine.ini]
[2022.11.25-19.14.31:943][  0]LogConfig: Setting CVar [[r.GPUCrashDebugging:0]]
[2022.11.25-19.14.31:943][  0]LogConfig: Applying CVar settings from Section [/Script/Engine.RendererOverrideSettings] File [C:/Users/gizem/Downloads/SideScroller_V422/SideScroller_V422/SideScroller_V422/Saved/Config/Windows/Engine.ini]
[2022.11.25-19.14.31:943][  0]LogConfig: Applying CVar settings from Section [/Script/Engine.StreamingSettings] File [C:/Users/gizem/Downloads/SideScroller_V422/SideScroller_V422/SideScroller_V422/Saved/Config/Windows/Engine.ini]
[2022.11.25-19.14.31:943][  0]LogConfig: Setting CVar [[s.MinBulkDataSizeForAsyncLoading:131072]]
[2022.11.25-19.14.31:943][  0]LogConfig: Setting CVar [[s.AsyncLoadingThreadEnabled:0]]
[2022.11.25-19.14.31:943][  0]LogConfig: Setting CVar [[s.EventDrivenLoaderEnabled:1]]
[2022.11.25-19.14.31:943][  0]LogConfig: Setting CVar [[s.WarnIfTimeLimitExceeded:0]]
[2022.11.25-19.14.31:943][  0]LogConfig: Setting CVar [[s.TimeLimitExceededMultiplier:1.5]]
[2022.11.25-19.14.31:943][  0]LogConfig: Setting CVar [[s.TimeLimitExceededMinTime:0.005]]
[2022.11.25-19.14.31:943][  0]LogConfig: Setting CVar [[s.UseBackgroundLevelStreaming:1]]
[2022.11.25-19.14.31:943][  0]LogConfig: Setting CVar [[s.PriorityAsyncLoadingExtraTime:15.0]]
[2022.11.25-19.14.31:943][  0]LogConfig: Setting CVar [[s.LevelStreamingActorsUpdateTimeLimit:5.0]]
[2022.11.25-19.14.31:943][  0]LogConfig: Setting CVar [[s.PriorityLevelStreamingActorsUpdateExtraTime:5.0]]
[2022.11.25-19.14.31:943][  0]LogConfig: Setting CVar [[s.LevelStreamingComponentsRegistrationGranularity:10]]
[2022.11.25-19.14.31:943][  0]LogConfig: Setting CVar [[s.UnregisterComponentsTimeLimit:1.0]]
[2022.11.25-19.14.31:943][  0]LogConfig: Setting CVar [[s.LevelStreamingComponentsUnregistrationGranularity:5]]
[2022.11.25-19.14.31:943][  0]LogConfig: Setting CVar [[s.FlushStreamingOnExit:1]]
[2022.11.25-19.14.31:943][  0]LogConfig: Applying CVar settings from Section [/Script/Engine.GarbageCollectionSettings] File [C:/Users/gizem/Downloads/SideScroller_V422/SideScroller_V422/SideScroller_V422/Saved/Config/Windows/Engine.ini]
[2022.11.25-19.14.31:943][  0]LogConfig: Setting CVar [[gc.MaxObjectsNotConsideredByGC:1]]
[2022.11.25-19.14.31:943][  0]LogConfig: Setting CVar [[gc.SizeOfPermanentObjectPool:0]]
[2022.11.25-19.14.31:943][  0]LogConfig: Setting CVar [[gc.FlushStreamingOnGC:0]]
[2022.11.25-19.14.31:943][  0]LogConfig: Setting CVar [[gc.NumRetriesBeforeForcingGC:10]]
[2022.11.25-19.14.31:943][  0]LogConfig: Setting CVar [[gc.AllowParallelGC:1]]
[2022.11.25-19.14.31:943][  0]LogConfig: Setting CVar [[gc.TimeBetweenPurgingPendingKillObjects:61.1]]
[2022.11.25-19.14.31:943][  0]LogConfig: Setting CVar [[gc.MaxObjectsInEditor:25165824]]
[2022.11.25-19.14.31:943][  0]LogConfig: Setting CVar [[gc.IncrementalBeginDestroyEnabled:1]]
[2022.11.25-19.14.31:943][  0]LogConfig: Setting CVar [[gc.CreateGCClusters:1]]
[2022.11.25-19.14.31:943][  0]LogConfig: Setting CVar [[gc.MinGCClusterSize:5]]
[2022.11.25-19.14.31:943][  0]LogConfig: Setting CVar [[gc.ActorClusteringEnabled:0]]
[2022.11.25-19.14.31:943][  0]LogConfig: Setting CVar [[gc.BlueprintClusteringEnabled:0]]
[2022.11.25-19.14.31:943][  0]LogConfig: Setting CVar [[gc.UseDisregardForGCOnDedicatedServers:0]]
[2022.11.25-19.14.31:943][  0]LogConfig: Setting CVar [[gc.MultithreadedDestructionEnabled:1]]
[2022.11.25-19.14.31:943][  0]LogConfig: Applying CVar settings from Section [/Script/Engine.NetworkSettings] File [C:/Users/gizem/Downloads/SideScroller_V422/SideScroller_V422/SideScroller_V422/Saved/Config/Windows/Engine.ini]
[2022.11.25-19.14.31:943][  0]LogConfig: Applying CVar settings from Section [/Script/UnrealEd.CookerSettings] File [C:/Users/gizem/Downloads/SideScroller_V422/SideScroller_V422/SideScroller_V422/Saved/Config/Windows/Engine.ini]
[2022.11.25-19.14.31:953][  0]LogConfig: Applying CVar settings from Section [ViewDistanceQuality@3] File [C:/Users/gizem/Downloads/SideScroller_V422/SideScroller_V422/SideScroller_V422/Saved/Config/Windows/Scalability.ini]
[2022.11.25-19.14.31:953][  0]LogConfig: Setting CVar [[r.SkeletalMeshLODBias:0]]
[2022.11.25-19.14.31:953][  0]LogConfig: Setting CVar [[r.ViewDistanceScale:1.0]]
[2022.11.25-19.14.31:953][  0]LogConfig: Applying CVar settings from Section [AntiAliasingQuality@3] File [C:/Users/gizem/Downloads/SideScroller_V422/SideScroller_V422/SideScroller_V422/Saved/Config/Windows/Scalability.ini]
[2022.11.25-19.14.31:953][  0]LogConfig: Setting CVar [[r.PostProcessAAQuality:4]]
[2022.11.25-19.14.31:953][  0]LogConfig: Applying CVar settings from Section [ShadowQuality@3] File [C:/Users/gizem/Downloads/SideScroller_V422/SideScroller_V422/SideScroller_V422/Saved/Config/Windows/Scalability.ini]
[2022.11.25-19.14.31:953][  0]LogConfig: Setting CVar [[r.LightFunctionQuality:1]]
[2022.11.25-19.14.31:953][  0]LogConfig: Setting CVar [[r.ShadowQuality:5]]
[2022.11.25-19.14.31:953][  0]LogConfig: Setting CVar [[r.Shadow.CSM.MaxCascades:10]]
[2022.11.25-19.14.31:953][  0]LogConfig: Setting CVar [[r.Shadow.MaxResolution:2048]]
[2022.11.25-19.14.31:953][  0]LogConfig: Setting CVar [[r.Shadow.MaxCSMResolution:2048]]
[2022.11.25-19.14.31:953][  0]LogConfig: Setting CVar [[r.Shadow.RadiusThreshold:0.01]]
[2022.11.25-19.14.31:953][  0]LogConfig: Setting CVar [[r.Shadow.DistanceScale:1.0]]
[2022.11.25-19.14.31:953][  0]LogConfig: Setting CVar [[r.Shadow.CSM.TransitionScale:1.0]]
[2022.11.25-19.14.31:953][  0]LogConfig: Setting CVar [[r.Shadow.PreShadowResolutionFactor:1.0]]
[2022.11.25-19.14.31:953][  0]LogConfig: Setting CVar [[r.DistanceFieldShadowing:1]]
[2022.11.25-19.14.31:953][  0]LogConfig: Setting CVar [[r.DistanceFieldAO:1]]
[2022.11.25-19.14.31:953][  0]LogConfig: Setting CVar [[r.AOQuality:2]]
[2022.11.25-19.14.31:953][  0]LogConfig: Setting CVar [[r.VolumetricFog:1]]
[2022.11.25-19.14.31:953][  0]LogConfig: Setting CVar [[r.VolumetricFog.GridPixelSize:8]]
[2022.11.25-19.14.31:953][  0]LogConfig: Setting CVar [[r.VolumetricFog.GridSizeZ:128]]
[2022.11.25-19.14.31:953][  0]LogConfig: Setting CVar [[r.VolumetricFog.HistoryMissSupersampleCount:4]]
[2022.11.25-19.14.31:953][  0]LogConfig: Setting CVar [[r.LightMaxDrawDistanceScale:1]]
[2022.11.25-19.14.31:953][  0]LogConfig: Setting CVar [[r.CapsuleShadows:1]]
[2022.11.25-19.14.31:953][  0]LogConfig: Applying CVar settings from Section [PostProcessQuality@3] File [C:/Users/gizem/Downloads/SideScroller_V422/SideScroller_V422/SideScroller_V422/Saved/Config/Windows/Scalability.ini]
[2022.11.25-19.14.31:953][  0]LogConfig: Setting CVar [[r.MotionBlurQuality:4]]
[2022.11.25-19.14.31:953][  0]LogConfig: Setting CVar [[r.AmbientOcclusionMipLevelFactor:0.4]]
[2022.11.25-19.14.31:953][  0]LogConfig: Setting CVar [[r.AmbientOcclusionMaxQuality:100]]
[2022.11.25-19.14.31:953][  0]LogConfig: Setting CVar [[r.AmbientOcclusionLevels:-1]]
[2022.11.25-19.14.31:953][  0]LogConfig: Setting CVar [[r.AmbientOcclusionRadiusScale:1.0]]
[2022.11.25-19.14.31:953][  0]LogConfig: Setting CVar [[r.DepthOfFieldQuality:2]]
[2022.11.25-19.14.31:953][  0]LogConfig: Setting CVar [[r.RenderTargetPoolMin:400]]
[2022.11.25-19.14.31:953][  0]LogConfig: Setting CVar [[r.LensFlareQuality:2]]
[2022.11.25-19.14.31:953][  0]LogConfig: Setting CVar [[r.SceneColorFringeQuality:1]]
[2022.11.25-19.14.31:953][  0]LogConfig: Setting CVar [[r.EyeAdaptationQuality:2]]
[2022.11.25-19.14.31:953][  0]LogConfig: Setting CVar [[r.BloomQuality:5]]
[2022.11.25-19.14.31:953][  0]LogConfig: Setting CVar [[r.FastBlurThreshold:100]]
[2022.11.25-19.14.31:953][  0]LogConfig: Setting CVar [[r.Upscale.Quality:3]]
[2022.11.25-19.14.31:953][  0]LogConfig: Setting CVar [[r.Tonemapper.GrainQuantization:1]]
[2022.11.25-19.14.31:953][  0]LogConfig: Setting CVar [[r.LightShaftQuality:1]]
[2022.11.25-19.14.31:953][  0]LogConfig: Setting CVar [[r.Filter.SizeScale:1]]
[2022.11.25-19.14.31:953][  0]LogConfig: Setting CVar [[r.Tonemapper.Quality:5]]
[2022.11.25-19.14.31:953][  0]LogConfig: Setting CVar [[r.DOF.Gather.AccumulatorQuality:1        ; higher gathering accumulator quality]]
[2022.11.25-19.14.31:953][  0]LogConfig: Setting CVar [[r.DOF.Gather.PostfilterMethod:1          ; Median3x3 postfilering method]]
[2022.11.25-19.14.31:953][  0]LogConfig: Setting CVar [[r.DOF.Gather.EnableBokehSettings:0       ; no bokeh simulation when gathering]]
[2022.11.25-19.14.31:953][  0]LogConfig: Setting CVar [[r.DOF.Gather.RingCount:4                 ; medium number of samples when gathering]]
[2022.11.25-19.14.31:953][  0]LogConfig: Setting CVar [[r.DOF.Scatter.ForegroundCompositing:1    ; additive foreground scattering]]
[2022.11.25-19.14.31:953][  0]LogConfig: Setting CVar [[r.DOF.Scatter.BackgroundCompositing:2    ; additive background scattering]]
[2022.11.25-19.14.31:953][  0]LogConfig: Setting CVar [[r.DOF.Scatter.EnableBokehSettings:1      ; bokeh simulation when scattering]]
[2022.11.25-19.14.31:953][  0]LogConfig: Setting CVar [[r.DOF.Scatter.MaxSpriteRatio:0.1         ; only a maximum of 10% of scattered bokeh]]
[2022.11.25-19.14.31:953][  0]LogConfig: Setting CVar [[r.DOF.Recombine.Quality:1                ; cheap slight out of focus]]
[2022.11.25-19.14.31:953][  0]LogConfig: Setting CVar [[r.DOF.Recombine.EnableBokehSettings:0    ; no bokeh simulation on slight out of focus]]
[2022.11.25-19.14.31:953][  0]LogConfig: Setting CVar [[r.DOF.TemporalAAQuality:1                ; more stable temporal accumulation]]
[2022.11.25-19.14.31:953][  0]LogConfig: Setting CVar [[r.DOF.Kernel.MaxForegroundRadius:0.025]]
[2022.11.25-19.14.31:953][  0]LogConfig: Setting CVar [[r.DOF.Kernel.MaxBackgroundRadius:0.025]]
[2022.11.25-19.14.31:953][  0]LogConfig: Applying CVar settings from Section [TextureQuality@3] File [C:/Users/gizem/Downloads/SideScroller_V422/SideScroller_V422/SideScroller_V422/Saved/Config/Windows/Scalability.ini]
[2022.11.25-19.14.31:953][  0]LogConfig: Setting CVar [[r.Streaming.MipBias:0]]
[2022.11.25-19.14.31:953][  0]LogConfig: Setting CVar [[r.Streaming.AmortizeCPUToGPUCopy:0]]
[2022.11.25-19.14.31:953][  0]LogConfig: Setting CVar [[r.Streaming.MaxNumTexturesToStreamPerFrame:0]]
[2022.11.25-19.14.31:953][  0]LogConfig: Setting CVar [[r.Streaming.Boost:1]]
[2022.11.25-19.14.31:953][  0]LogConfig: Setting CVar [[r.MaxAnisotropy:8]]
[2022.11.25-19.14.31:953][  0]LogConfig: Setting CVar [[r.VT.MaxAnisotropy:8]]
[2022.11.25-19.14.31:953][  0]LogConfig: Setting CVar [[r.Streaming.LimitPoolSizeToVRAM:0]]
[2022.11.25-19.14.31:953][  0]LogConfig: Setting CVar [[r.Streaming.PoolSize:1000]]
[2022.11.25-19.14.31:953][  0]LogConfig: Setting CVar [[r.Streaming.MaxEffectiveScreenSize:0]]
[2022.11.25-19.14.31:953][  0]LogConfig: Applying CVar settings from Section [EffectsQuality@3] File [C:/Users/gizem/Downloads/SideScroller_V422/SideScroller_V422/SideScroller_V422/Saved/Config/Windows/Scalability.ini]
[2022.11.25-19.14.31:953][  0]LogConfig: Setting CVar [[r.TranslucencyLightingVolumeDim:64]]
[2022.11.25-19.14.31:953][  0]LogConfig: Setting CVar [[r.RefractionQuality:2]]
[2022.11.25-19.14.31:953][  0]LogConfig: Setting CVar [[r.SSR.Quality:3]]
[2022.11.25-19.14.31:953][  0]LogConfig: Setting CVar [[r.SSR.HalfResSceneColor:0]]
[2022.11.25-19.14.31:953][  0]LogConfig: Setting CVar [[r.SceneColorFormat:4]]
[2022.11.25-19.14.31:953][  0]LogConfig: Setting CVar [[r.DetailMode:2]]
[2022.11.25-19.14.31:953][  0]LogConfig: Setting CVar [[r.TranslucencyVolumeBlur:1]]
[2022.11.25-19.14.31:953][  0]LogConfig: Setting CVar [[r.MaterialQualityLevel:1 ; High quality]]
[2022.11.25-19.14.31:953][  0]LogConfig: Setting CVar [[r.AnisotropicMaterials:1]]
[2022.11.25-19.14.31:953][  0]LogConfig: Setting CVar [[r.SSS.Scale:1]]
[2022.11.25-19.14.31:953][  0]LogConfig: Setting CVar [[r.SSS.SampleSet:2]]
[2022.11.25-19.14.31:953][  0]LogConfig: Setting CVar [[r.SSS.Quality:1]]
[2022.11.25-19.14.31:953][  0]LogConfig: Setting CVar [[r.SSS.HalfRes:0]]
[2022.11.25-19.14.31:953][  0]LogConfig: Setting CVar [[r.SSGI.Quality:3]]
[2022.11.25-19.14.31:953][  0]LogConfig: Setting CVar [[r.EmitterSpawnRateScale:1.0]]
[2022.11.25-19.14.31:953][  0]LogConfig: Setting CVar [[r.ParticleLightQuality:2]]
[2022.11.25-19.14.31:953][  0]LogConfig: Setting CVar [[r.SkyAtmosphere.AerialPerspectiveLUT.FastApplyOnOpaque:1 ; Always have FastSkyLUT 1 in this case to avoid wrong sky]]
[2022.11.25-19.14.31:953][  0]LogConfig: Setting CVar [[r.SkyAtmosphere.AerialPerspectiveLUT.SampleCountMaxPerSlice:4]]
[2022.11.25-19.14.31:953][  0]LogConfig: Setting CVar [[r.SkyAtmosphere.AerialPerspectiveLUT.DepthResolution:16.0]]
[2022.11.25-19.14.31:953][  0]LogConfig: Setting CVar [[r.SkyAtmosphere.FastSkyLUT:1]]
[2022.11.25-19.14.31:953][  0]LogConfig: Setting CVar [[r.SkyAtmosphere.FastSkyLUT.SampleCountMin:4.0]]
[2022.11.25-19.14.31:953][  0]LogConfig: Setting CVar [[r.SkyAtmosphere.FastSkyLUT.SampleCountMax:128.0]]
[2022.11.25-19.14.31:953][  0]LogConfig: Setting CVar [[r.SkyAtmosphere.SampleCountMin:4.0]]
[2022.11.25-19.14.31:953][  0]LogConfig: Setting CVar [[r.SkyAtmosphere.SampleCountMax:128.0]]
[2022.11.25-19.14.31:953][  0]LogConfig: Setting CVar [[r.SkyAtmosphere.TransmittanceLUT.UseSmallFormat:0]]
[2022.11.25-19.14.31:953][  0]LogConfig: Setting CVar [[r.SkyAtmosphere.TransmittanceLUT.SampleCount:10.0]]
[2022.11.25-19.14.31:953][  0]LogConfig: Setting CVar [[r.SkyAtmosphere.MultiScatteringLUT.SampleCount:15.0]]
[2022.11.25-19.14.31:953][  0]LogConfig: Setting CVar [[r.SkyLight.RealTimeReflectionCapture:1]]
[2022.11.25-19.14.31:953][  0]LogConfig: Applying CVar settings from Section [FoliageQuality@3] File [C:/Users/gizem/Downloads/SideScroller_V422/SideScroller_V422/SideScroller_V422/Saved/Config/Windows/Scalability.ini]
[2022.11.25-19.14.31:953][  0]LogConfig: Setting CVar [[foliage.DensityScale:1.0]]
[2022.11.25-19.14.31:953][  0]LogConfig: Setting CVar [[grass.DensityScale:1.0]]
[2022.11.25-19.14.31:953][  0]LogConfig: Applying CVar settings from Section [ShadingQuality@3] File [C:/Users/gizem/Downloads/SideScroller_V422/SideScroller_V422/SideScroller_V422/Saved/Config/Windows/Scalability.ini]
[2022.11.25-19.14.31:953][  0]LogConfig: Setting CVar [[r.HairStrands.SkyLighting.IntegrationType:2]]
[2022.11.25-19.14.31:953][  0]LogConfig: Setting CVar [[r.HairStrands.SkyAO.SampleCount:4]]
[2022.11.25-19.14.31:953][  0]LogConfig: Setting CVar [[r.HairStrands.Visibility.MSAA.SamplePerPixel:4]]
[2022.11.25-19.14.31:953][  0]LogInit: Selected Device Profile: [Windows]
[2022.11.25-19.14.31:953][  0]LogInit: Applying CVar settings loaded from the selected device profile: [Windows]
[2022.11.25-19.14.31:953][  0]LogHAL: Display: Platform has ~ 32 GB [34050162688 / 34359738368 / 32], which maps to Largest [LargestMinGB=32, LargerMinGB=12, DefaultMinGB=8, SmallerMinGB=6, SmallestMinGB=0)
[2022.11.25-19.14.31:953][  0]LogInit: Going up to parent DeviceProfile []
[2022.11.25-19.14.31:953][  0]LogConfig: Applying CVar settings from Section [ViewDistanceQuality@3] File [C:/Users/gizem/Downloads/SideScroller_V422/SideScroller_V422/SideScroller_V422/Saved/Config/Windows/Scalability.ini]
[2022.11.25-19.14.31:953][  0]LogConfig: Setting CVar [[r.SkeletalMeshLODBias:0]]
[2022.11.25-19.14.31:953][  0]LogConfig: Setting CVar [[r.ViewDistanceScale:1.0]]
[2022.11.25-19.14.31:953][  0]LogConfig: Applying CVar settings from Section [AntiAliasingQuality@3] File [C:/Users/gizem/Downloads/SideScroller_V422/SideScroller_V422/SideScroller_V422/Saved/Config/Windows/Scalability.ini]
[2022.11.25-19.14.31:953][  0]LogConfig: Setting CVar [[r.PostProcessAAQuality:4]]
[2022.11.25-19.14.31:953][  0]LogConfig: Applying CVar settings from Section [ShadowQuality@3] File [C:/Users/gizem/Downloads/SideScroller_V422/SideScroller_V422/SideScroller_V422/Saved/Config/Windows/Scalability.ini]
[2022.11.25-19.14.31:953][  0]LogConfig: Setting CVar [[r.LightFunctionQuality:1]]
[2022.11.25-19.14.31:953][  0]LogConfig: Setting CVar [[r.ShadowQuality:5]]
[2022.11.25-19.14.31:953][  0]LogConfig: Setting CVar [[r.Shadow.CSM.MaxCascades:10]]
[2022.11.25-19.14.31:953][  0]LogConfig: Setting CVar [[r.Shadow.MaxResolution:2048]]
[2022.11.25-19.14.31:953][  0]LogConfig: Setting CVar [[r.Shadow.MaxCSMResolution:2048]]
[2022.11.25-19.14.31:953][  0]LogConfig: Setting CVar [[r.Shadow.RadiusThreshold:0.01]]
[2022.11.25-19.14.31:953][  0]LogConfig: Setting CVar [[r.Shadow.DistanceScale:1.0]]
[2022.11.25-19.14.31:953][  0]LogConfig: Setting CVar [[r.Shadow.CSM.TransitionScale:1.0]]
[2022.11.25-19.14.31:953][  0]LogConfig: Setting CVar [[r.Shadow.PreShadowResolutionFactor:1.0]]
[2022.11.25-19.14.31:954][  0]LogConfig: Setting CVar [[r.DistanceFieldShadowing:1]]
[2022.11.25-19.14.31:954][  0]LogConfig: Setting CVar [[r.DistanceFieldAO:1]]
[2022.11.25-19.14.31:954][  0]LogConfig: Setting CVar [[r.AOQuality:2]]
[2022.11.25-19.14.31:954][  0]LogConfig: Setting CVar [[r.VolumetricFog:1]]
[2022.11.25-19.14.31:954][  0]LogConfig: Setting CVar [[r.VolumetricFog.GridPixelSize:8]]
[2022.11.25-19.14.31:954][  0]LogConfig: Setting CVar [[r.VolumetricFog.GridSizeZ:128]]
[2022.11.25-19.14.31:954][  0]LogConfig: Setting CVar [[r.VolumetricFog.HistoryMissSupersampleCount:4]]
[2022.11.25-19.14.31:954][  0]LogConfig: Setting CVar [[r.LightMaxDrawDistanceScale:1]]
[2022.11.25-19.14.31:954][  0]LogConfig: Setting CVar [[r.CapsuleShadows:1]]
[2022.11.25-19.14.31:954][  0]LogConfig: Applying CVar settings from Section [PostProcessQuality@3] File [C:/Users/gizem/Downloads/SideScroller_V422/SideScroller_V422/SideScroller_V422/Saved/Config/Windows/Scalability.ini]
[2022.11.25-19.14.31:954][  0]LogConfig: Setting CVar [[r.MotionBlurQuality:4]]
[2022.11.25-19.14.31:954][  0]LogConfig: Setting CVar [[r.AmbientOcclusionMipLevelFactor:0.4]]
[2022.11.25-19.14.31:954][  0]LogConfig: Setting CVar [[r.AmbientOcclusionMaxQuality:100]]
[2022.11.25-19.14.31:954][  0]LogConfig: Setting CVar [[r.AmbientOcclusionLevels:-1]]
[2022.11.25-19.14.31:954][  0]LogConfig: Setting CVar [[r.AmbientOcclusionRadiusScale:1.0]]
[2022.11.25-19.14.31:954][  0]LogConfig: Setting CVar [[r.DepthOfFieldQuality:2]]
[2022.11.25-19.14.31:954][  0]LogConfig: Setting CVar [[r.RenderTargetPoolMin:400]]
[2022.11.25-19.14.31:954][  0]LogConfig: Setting CVar [[r.LensFlareQuality:2]]
[2022.11.25-19.14.31:954][  0]LogConfig: Setting CVar [[r.SceneColorFringeQuality:1]]
[2022.11.25-19.14.31:954][  0]LogConfig: Setting CVar [[r.EyeAdaptationQuality:2]]
[2022.11.25-19.14.31:954][  0]LogConfig: Setting CVar [[r.BloomQuality:5]]
[2022.11.25-19.14.31:954][  0]LogConfig: Setting CVar [[r.FastBlurThreshold:100]]
[2022.11.25-19.14.31:954][  0]LogConfig: Setting CVar [[r.Upscale.Quality:3]]
[2022.11.25-19.14.31:954][  0]LogConfig: Setting CVar [[r.Tonemapper.GrainQuantization:1]]
[2022.11.25-19.14.31:954][  0]LogConfig: Setting CVar [[r.LightShaftQuality:1]]
[2022.11.25-19.14.31:954][  0]LogConfig: Setting CVar [[r.Filter.SizeScale:1]]
[2022.11.25-19.14.31:954][  0]LogConfig: Setting CVar [[r.Tonemapper.Quality:5]]
[2022.11.25-19.14.31:954][  0]LogConfig: Setting CVar [[r.DOF.Gather.AccumulatorQuality:1        ; higher gathering accumulator quality]]
[2022.11.25-19.14.31:954][  0]LogConfig: Setting CVar [[r.DOF.Gather.PostfilterMethod:1          ; Median3x3 postfilering method]]
[2022.11.25-19.14.31:954][  0]LogConfig: Setting CVar [[r.DOF.Gather.EnableBokehSettings:0       ; no bokeh simulation when gathering]]
[2022.11.25-19.14.31:954][  0]LogConfig: Setting CVar [[r.DOF.Gather.RingCount:4                 ; medium number of samples when gathering]]
[2022.11.25-19.14.31:954][  0]LogConfig: Setting CVar [[r.DOF.Scatter.ForegroundCompositing:1    ; additive foreground scattering]]
[2022.11.25-19.14.31:954][  0]LogConfig: Setting CVar [[r.DOF.Scatter.BackgroundCompositing:2    ; additive background scattering]]
[2022.11.25-19.14.31:954][  0]LogConfig: Setting CVar [[r.DOF.Scatter.EnableBokehSettings:1      ; bokeh simulation when scattering]]
[2022.11.25-19.14.31:954][  0]LogConfig: Setting CVar [[r.DOF.Scatter.MaxSpriteRatio:0.1         ; only a maximum of 10% of scattered bokeh]]
[2022.11.25-19.14.31:954][  0]LogConfig: Setting CVar [[r.DOF.Recombine.Quality:1                ; cheap slight out of focus]]
[2022.11.25-19.14.31:954][  0]LogConfig: Setting CVar [[r.DOF.Recombine.EnableBokehSettings:0    ; no bokeh simulation on slight out of focus]]
[2022.11.25-19.14.31:954][  0]LogConfig: Setting CVar [[r.DOF.TemporalAAQuality:1                ; more stable temporal accumulation]]
[2022.11.25-19.14.31:954][  0]LogConfig: Setting CVar [[r.DOF.Kernel.MaxForegroundRadius:0.025]]
[2022.11.25-19.14.31:954][  0]LogConfig: Setting CVar [[r.DOF.Kernel.MaxBackgroundRadius:0.025]]
[2022.11.25-19.14.31:954][  0]LogConfig: Applying CVar settings from Section [TextureQuality@3] File [C:/Users/gizem/Downloads/SideScroller_V422/SideScroller_V422/SideScroller_V422/Saved/Config/Windows/Scalability.ini]
[2022.11.25-19.14.31:954][  0]LogConfig: Setting CVar [[r.Streaming.MipBias:0]]
[2022.11.25-19.14.31:954][  0]LogConfig: Setting CVar [[r.Streaming.AmortizeCPUToGPUCopy:0]]
[2022.11.25-19.14.31:954][  0]LogConfig: Setting CVar [[r.Streaming.MaxNumTexturesToStreamPerFrame:0]]
[2022.11.25-19.14.31:954][  0]LogConfig: Setting CVar [[r.Streaming.Boost:1]]
[2022.11.25-19.14.31:954][  0]LogConfig: Setting CVar [[r.MaxAnisotropy:8]]
[2022.11.25-19.14.31:954][  0]LogConfig: Setting CVar [[r.VT.MaxAnisotropy:8]]
[2022.11.25-19.14.31:954][  0]LogConfig: Setting CVar [[r.Streaming.LimitPoolSizeToVRAM:0]]
[2022.11.25-19.14.31:954][  0]LogConfig: Setting CVar [[r.Streaming.PoolSize:1000]]
[2022.11.25-19.14.31:954][  0]LogConfig: Setting CVar [[r.Streaming.MaxEffectiveScreenSize:0]]
[2022.11.25-19.14.31:954][  0]LogConfig: Applying CVar settings from Section [EffectsQuality@3] File [C:/Users/gizem/Downloads/SideScroller_V422/SideScroller_V422/SideScroller_V422/Saved/Config/Windows/Scalability.ini]
[2022.11.25-19.14.31:954][  0]LogConfig: Setting CVar [[r.TranslucencyLightingVolumeDim:64]]
[2022.11.25-19.14.31:954][  0]LogConfig: Setting CVar [[r.RefractionQuality:2]]
[2022.11.25-19.14.31:954][  0]LogConfig: Setting CVar [[r.SSR.Quality:3]]
[2022.11.25-19.14.31:954][  0]LogConfig: Setting CVar [[r.SSR.HalfResSceneColor:0]]
[2022.11.25-19.14.31:954][  0]LogConfig: Setting CVar [[r.SceneColorFormat:4]]
[2022.11.25-19.14.31:954][  0]LogConfig: Setting CVar [[r.DetailMode:2]]
[2022.11.25-19.14.31:954][  0]LogConfig: Setting CVar [[r.TranslucencyVolumeBlur:1]]
[2022.11.25-19.14.31:954][  0]LogConfig: Setting CVar [[r.MaterialQualityLevel:1 ; High quality]]
[2022.11.25-19.14.31:954][  0]LogConfig: Setting CVar [[r.AnisotropicMaterials:1]]
[2022.11.25-19.14.31:954][  0]LogConfig: Setting CVar [[r.SSS.Scale:1]]
[2022.11.25-19.14.31:954][  0]LogConfig: Setting CVar [[r.SSS.SampleSet:2]]
[2022.11.25-19.14.31:954][  0]LogConfig: Setting CVar [[r.SSS.Quality:1]]
[2022.11.25-19.14.31:954][  0]LogConfig: Setting CVar [[r.SSS.HalfRes:0]]
[2022.11.25-19.14.31:954][  0]LogConfig: Setting CVar [[r.SSGI.Quality:3]]
[2022.11.25-19.14.31:954][  0]LogConfig: Setting CVar [[r.EmitterSpawnRateScale:1.0]]
[2022.11.25-19.14.31:954][  0]LogConfig: Setting CVar [[r.ParticleLightQuality:2]]
[2022.11.25-19.14.31:954][  0]LogConfig: Setting CVar [[r.SkyAtmosphere.AerialPerspectiveLUT.FastApplyOnOpaque:1 ; Always have FastSkyLUT 1 in this case to avoid wrong sky]]
[2022.11.25-19.14.31:954][  0]LogConfig: Setting CVar [[r.SkyAtmosphere.AerialPerspectiveLUT.SampleCountMaxPerSlice:4]]
[2022.11.25-19.14.31:954][  0]LogConfig: Setting CVar [[r.SkyAtmosphere.AerialPerspectiveLUT.DepthResolution:16.0]]
[2022.11.25-19.14.31:954][  0]LogConfig: Setting CVar [[r.SkyAtmosphere.FastSkyLUT:1]]
[2022.11.25-19.14.31:954][  0]LogConfig: Setting CVar [[r.SkyAtmosphere.FastSkyLUT.SampleCountMin:4.0]]
[2022.11.25-19.14.31:954][  0]LogConfig: Setting CVar [[r.SkyAtmosphere.FastSkyLUT.SampleCountMax:128.0]]
[2022.11.25-19.14.31:954][  0]LogConfig: Setting CVar [[r.SkyAtmosphere.SampleCountMin:4.0]]
[2022.11.25-19.14.31:954][  0]LogConfig: Setting CVar [[r.SkyAtmosphere.SampleCountMax:128.0]]
[2022.11.25-19.14.31:954][  0]LogConfig: Setting CVar [[r.SkyAtmosphere.TransmittanceLUT.UseSmallFormat:0]]
[2022.11.25-19.14.31:954][  0]LogConfig: Setting CVar [[r.SkyAtmosphere.TransmittanceLUT.SampleCount:10.0]]
[2022.11.25-19.14.31:954][  0]LogConfig: Setting CVar [[r.SkyAtmosphere.MultiScatteringLUT.SampleCount:15.0]]
[2022.11.25-19.14.31:954][  0]LogConfig: Setting CVar [[r.SkyLight.RealTimeReflectionCapture:1]]
[2022.11.25-19.14.31:954][  0]LogConfig: Applying CVar settings from Section [FoliageQuality@3] File [C:/Users/gizem/Downloads/SideScroller_V422/SideScroller_V422/SideScroller_V422/Saved/Config/Windows/Scalability.ini]
[2022.11.25-19.14.31:954][  0]LogConfig: Setting CVar [[foliage.DensityScale:1.0]]
[2022.11.25-19.14.31:954][  0]LogConfig: Setting CVar [[grass.DensityScale:1.0]]
[2022.11.25-19.14.31:954][  0]LogConfig: Applying CVar settings from Section [ShadingQuality@3] File [C:/Users/gizem/Downloads/SideScroller_V422/SideScroller_V422/SideScroller_V422/Saved/Config/Windows/Scalability.ini]
[2022.11.25-19.14.31:954][  0]LogConfig: Setting CVar [[r.HairStrands.SkyLighting.IntegrationType:2]]
[2022.11.25-19.14.31:954][  0]LogConfig: Setting CVar [[r.HairStrands.SkyAO.SampleCount:4]]
[2022.11.25-19.14.31:954][  0]LogConfig: Setting CVar [[r.HairStrands.Visibility.MSAA.SamplePerPixel:4]]
[2022.11.25-19.14.31:954][  0]LogConfig: Applying CVar settings from Section [Startup] File [../../../Engine/Config/ConsoleVariables.ini]
[2022.11.25-19.14.31:954][  0]LogConfig: Setting CVar [[net.UseAdaptiveNetUpdateFrequency:0]]
[2022.11.25-19.14.31:954][  0]LogConfig: Setting CVar [[p.chaos.AllowCreatePhysxBodies:1]]
[2022.11.25-19.14.31:954][  0]LogConfig: Setting CVar [[fx.SkipVectorVMBackendOptimizations:1]]
[2022.11.25-19.14.31:954][  0]LogConfig: Applying CVar settings from Section [ConsoleVariables] File [C:/Users/gizem/Downloads/SideScroller_V422/SideScroller_V422/SideScroller_V422/Saved/Config/Windows/Engine.ini]
[2022.11.25-19.14.31:954][  0]LogConfig: Applying CVar settings from Section [ConsoleVariables] File [C:/Users/gizem/Downloads/SideScroller_V422/SideScroller_V422/SideScroller_V422/Saved/Config/Windows/Editor.ini]
[2022.11.25-19.14.31:954][  0]LogInit: Computer: MSI
[2022.11.25-19.14.31:954][  0]LogInit: User: gizem
[2022.11.25-19.14.31:954][  0]LogInit: CPU Page size=4096, Cores=14
[2022.11.25-19.14.31:954][  0]LogInit: High frequency timer resolution =10.000000 MHz
[2022.11.25-19.14.31:954][  0]LogMemory: Memory total: Physical=31.7GB (32GB approx)
[2022.11.25-19.14.31:954][  0]LogMemory: Platform Memory Stats for Windows
[2022.11.25-19.14.31:954][  0]LogMemory: Process Physical Memory: 149.69 MB used, 149.69 MB peak
[2022.11.25-19.14.31:954][  0]LogMemory: Process Virtual Memory: 133.17 MB used, 133.17 MB peak
[2022.11.25-19.14.31:954][  0]LogMemory: Physical Memory: 14894.48 MB used,  17578.29 MB free, 32472.77 MB total
[2022.11.25-19.14.31:954][  0]LogMemory: Virtual Memory: 134201736.00 MB used,  15989.85 MB free, 134217728.00 MB total
[2022.11.25-19.14.31:981][  0]LogWindows: WindowsPlatformFeatures enabled
[2022.11.25-19.14.32:010][  0]LogInit: Physics initialised using underlying interface: PhysX
[2022.11.25-19.14.32:010][  0]LogInit: Using OS detected language (en-US).
[2022.11.25-19.14.32:010][  0]LogInit: Using OS detected locale (en-CA).
[2022.11.25-19.14.32:013][  0]LogTextLocalizationManager: No specific localization for 'en-US' exists, so the 'en' localization will be used.
[2022.11.25-19.14.32:154][  0]LogWindowsTextInputMethodSystem: Display: IME system deactivated.
[2022.11.25-19.14.32:182][  0]LogSlate: New Slate User Created.  User Index 0, Is Virtual User: 0
[2022.11.25-19.14.32:182][  0]LogSlate: Slate User Registered.  User Index 0, Is Virtual User: 0
[2022.11.25-19.14.32:196][  0]LogD3D11RHI: Loaded GFSDK_Aftermath_Lib.x64.dll
[2022.11.25-19.14.32:225][  0]LogHMD: Failed to initialize OpenVR with code 110
[2022.11.25-19.14.32:225][  0]LogD3D11RHI: D3D11 min allowed feature level: 11_0
[2022.11.25-19.14.32:225][  0]LogD3D11RHI: D3D11 max allowed feature level: 11_0
[2022.11.25-19.14.32:225][  0]LogD3D11RHI: D3D11 adapters:
[2022.11.25-19.14.32:294][  0]LogD3D11RHI:    0. 'NVIDIA GeForce RTX 3070 Laptop GPU' (Feature Level 11_0)
[2022.11.25-19.14.32:294][  0]LogD3D11RHI:       8044/0/16236 MB DedicatedVideo/DedicatedSystem/SharedSystem, Outputs:1, VendorId:0x10de
[2022.11.25-19.14.32:335][  0]LogD3D11RHI:    1. 'Intel(R) Iris(R) Xe Graphics' (Feature Level 11_0)
[2022.11.25-19.14.32:335][  0]LogD3D11RHI:       128/0/16236 MB DedicatedVideo/DedicatedSystem/SharedSystem, Outputs:0, VendorId:0x8086
[2022.11.25-19.14.32:337][  0]LogD3D11RHI:    2. 'Microsoft Basic Render Driver' (Feature Level 11_0)
[2022.11.25-19.14.32:337][  0]LogD3D11RHI:       0/0/16236 MB DedicatedVideo/DedicatedSystem/SharedSystem, Outputs:0, VendorId:0x1414
[2022.11.25-19.14.32:337][  0]LogD3D11RHI: Chosen D3D11 Adapter:
[2022.11.25-19.14.32:337][  0]LogD3D11RHI:     Description : NVIDIA GeForce RTX 3070 Laptop GPU
[2022.11.25-19.14.32:337][  0]LogD3D11RHI:     VendorId    : 10de
[2022.11.25-19.14.32:337][  0]LogD3D11RHI:     DeviceId    : 249d
[2022.11.25-19.14.32:337][  0]LogD3D11RHI:     SubSysId    : 13331462
[2022.11.25-19.14.32:337][  0]LogD3D11RHI:     Revision    : 00a1
[2022.11.25-19.14.32:337][  0]LogD3D11RHI:     DedicatedVideoMemory : 8434745344 bytes
[2022.11.25-19.14.32:337][  0]LogD3D11RHI:     DedicatedSystemMemory : 0 bytes
[2022.11.25-19.14.32:337][  0]LogD3D11RHI:     SharedSystemMemory : 17025081344 bytes
[2022.11.25-19.14.32:337][  0]LogD3D11RHI:     AdapterLuid : 0 68013
[2022.11.25-19.14.32:343][  0]LogD3D11RHI: Creating new Direct3DDevice
[2022.11.25-19.14.32:343][  0]LogD3D11RHI:     GPU DeviceId: 0x249d (for the marketing name, search the web for "GPU Device Id")
[2022.11.25-19.14.32:343][  0]LogWindows: EnumDisplayDevices:
[2022.11.25-19.14.32:343][  0]LogWindows:    0. 'Intel(R) Iris(R) Xe Graphics' (P:1 D:1)
[2022.11.25-19.14.32:344][  0]LogWindows:    1. 'Intel(R) Iris(R) Xe Graphics' (P:0 D:0)
[2022.11.25-19.14.32:344][  0]LogWindows:    2. 'Intel(R) Iris(R) Xe Graphics' (P:0 D:0)
[2022.11.25-19.14.32:344][  0]LogWindows:    3. 'NVIDIA GeForce RTX 3070 Laptop GPU' (P:0 D:0)
[2022.11.25-19.14.32:344][  0]LogWindows: DebugString: PrimaryIsNotTheChoosenAdapter PrimaryIsNotTheChoosenAdapter PrimaryIsNotTheChoosenAdapter 
[2022.11.25-19.14.32:344][  0]LogD3D11RHI:     Adapter Name: NVIDIA GeForce RTX 3070 Laptop GPU
[2022.11.25-19.14.32:344][  0]LogD3D11RHI:   Driver Version: 517.48 (internal:31.0.15.1748, unified:517.48)
[2022.11.25-19.14.32:344][  0]LogD3D11RHI:      Driver Date: 9-21-2022
[2022.11.25-19.14.32:344][  0]LogRHI: Texture pool is 5630 MB (70% of 8044 MB)
[2022.11.25-19.14.32:344][  0]LogD3D11RHI: Creating D3DDevice using adapter:
[2022.11.25-19.14.32:344][  0]LogD3D11RHI:     Description : NVIDIA GeForce RTX 3070 Laptop GPU
[2022.11.25-19.14.32:344][  0]LogD3D11RHI:     VendorId    : 10de
[2022.11.25-19.14.32:344][  0]LogD3D11RHI:     DeviceId    : 249d
[2022.11.25-19.14.32:344][  0]LogD3D11RHI:     SubSysId    : 13331462
[2022.11.25-19.14.32:344][  0]LogD3D11RHI:     Revision    : 00a1
[2022.11.25-19.14.32:344][  0]LogD3D11RHI:     DedicatedVideoMemory : 8434745344 bytes
[2022.11.25-19.14.32:344][  0]LogD3D11RHI:     DedicatedSystemMemory : 0 bytes
[2022.11.25-19.14.32:344][  0]LogD3D11RHI:     SharedSystemMemory : 17025081344 bytes
[2022.11.25-19.14.32:344][  0]LogD3D11RHI:     AdapterLuid : 0 68013
[2022.11.25-19.14.32:386][  0]LogD3D11RHI: RHI has support for 64 bit atomics
[2022.11.25-19.14.32:386][  0]LogD3D11RHI: Async texture creation enabled
[2022.11.25-19.14.32:386][  0]LogD3D11RHI: Array index from any shader is supported
[2022.11.25-19.14.32:396][  0]LogD3D11RHI: GPU Timing Frequency: 1000.000000 (Debug: 2 1)
[2022.11.25-19.14.32:413][  0]LogRHI: GeForceNow SDK initialized: 1
[2022.11.25-19.14.32:633][  0]LogTargetPlatformManager: Display: Loaded TargetPlatform 'WindowsNoEditor'
[2022.11.25-19.14.32:636][  0]LogTargetPlatformManager: Display: Loaded TargetPlatform 'Windows'
[2022.11.25-19.14.32:639][  0]LogTargetPlatformManager: Display: Loaded TargetPlatform 'WindowsClient'
[2022.11.25-19.14.32:642][  0]LogTargetPlatformManager: Display: Loaded TargetPlatform 'WindowsServer'
[2022.11.25-19.14.32:642][  0]LogTargetPlatformManager: Display: Building Assets For Windows
[2022.11.25-19.14.32:647][  0]LogAudioDebug: Display: Lib vorbis DLL was dynamically loaded.
[2022.11.25-19.14.32:666][  0]LogTextureFormatOodle: Display: Oodle Texture 2.9.0 init RDO Off
[2022.11.25-19.14.32:686][  0]LogRendererCore: Ray tracing is disabled. Reason: r.RayTracing=0.
[2022.11.25-19.14.32:687][  0]LogShaderCompilers: Guid format shader working directory is -48 characters bigger than the processId version (../../../../../../Users/gizem/Downloads/SideScroller_V422/SideScroller_V422/SideScroller_V422/Intermediate/Shaders/WorkingDirectory/29240/).
[2022.11.25-19.14.32:687][  0]LogShaderCompilers: Cleaned the shader compiler working directory 'C:/Users/gizem/AppData/Local/Temp/UnrealShaderWorkingDir/59DE47CA487F1C2FEC6F8B8AA5094A82/'.
[2022.11.25-19.14.32:687][  0]LogXGEController: Cannot use XGE Controller as Incredibuild is not installed on this machine.
[2022.11.25-19.14.32:687][  0]LogShaderCompilers: Cannot use XGE Shader Compiler as Incredibuild is not installed on this machine.
[2022.11.25-19.14.32:687][  0]LogShaderCompilers: Display: Using Local Shader Compiler.
[2022.11.25-19.14.33:203][  0]LogDerivedDataCache: Display: Max Cache Size: 512 MB
[2022.11.25-19.14.33:247][  0]LogDerivedDataCache: Loaded boot cache 0.04s 94MB C:/Users/gizem/AppData/Local/UnrealEngine/4.27/DerivedDataCache/Boot.ddc.
[2022.11.25-19.14.33:247][  0]LogDerivedDataCache: Display: Loaded Boot cache: C:/Users/gizem/AppData/Local/UnrealEngine/4.27/DerivedDataCache/Boot.ddc
[2022.11.25-19.14.33:247][  0]LogDerivedDataCache: FDerivedDataBackendGraph:  Pak pak cache file ../../../../../../Users/gizem/Downloads/SideScroller_V422/SideScroller_V422/SideScroller_V422/DerivedDataCache/DDC.ddp not found, will not use a pak cache.
[2022.11.25-19.14.33:247][  0]LogDerivedDataCache: Unable to find inner node Pak for hierarchical cache Hierarchy.
[2022.11.25-19.14.33:247][  0]LogDerivedDataCache: FDerivedDataBackendGraph:  CompressedPak pak cache file ../../../../../../Users/gizem/Downloads/SideScroller_V422/SideScroller_V422/SideScroller_V422/DerivedDataCache/Compressed.ddp not found, will not use a pak cache.
[2022.11.25-19.14.33:247][  0]LogDerivedDataCache: Unable to find inner node CompressedPak for hierarchical cache Hierarchy.
[2022.11.25-19.14.33:258][  0]LogDerivedDataCache: Display: Pak cache opened for reading ../../../Engine/DerivedDataCache/Compressed.ddp.
[2022.11.25-19.14.33:258][  0]LogDerivedDataCache: FDerivedDataBackendGraph:  EnterprisePak pak cache file ../../../Enterprise/DerivedDataCache/Compressed.ddp not found, will not use a pak cache.
[2022.11.25-19.14.33:258][  0]LogDerivedDataCache: Unable to find inner node EnterprisePak for hierarchical cache Hierarchy.
[2022.11.25-19.14.33:266][  0]LogDerivedDataCache: Speed tests for C:/Users/gizem/AppData/Local/UnrealEngine/Common/DerivedDataCache took 0.01 seconds
[2022.11.25-19.14.33:266][  0]LogDerivedDataCache: Display: Performance to C:/Users/gizem/AppData/Local/UnrealEngine/Common/DerivedDataCache: Latency=0.01ms. RandomReadSpeed=2449.77MBs, RandomWriteSpeed=137.15MBs. Assigned SpeedClass 'Local'
[2022.11.25-19.14.33:266][  0]LogDerivedDataCache: Using Local data cache path C:/Users/gizem/AppData/Local/UnrealEngine/Common/DerivedDataCache: Writable
[2022.11.25-19.14.33:266][  0]LogDerivedDataCache: Shared data cache path not found in *engine.ini, will not use an Shared cache.
[2022.11.25-19.14.33:266][  0]LogDerivedDataCache: Unable to find inner node Shared for hierarchical cache Hierarchy.
[2022.11.25-19.14.33:292][  0]LogSlate: Using FreeType 2.10.0
[2022.11.25-19.14.33:293][  0]LogSlate: SlateFontServices - WITH_FREETYPE: 1, WITH_HARFBUZZ: 1
[2022.11.25-19.14.33:376][  0]LogInit: Using OS detected language (en-US).
[2022.11.25-19.14.33:376][  0]LogInit: Using OS detected locale (en-CA).
[2022.11.25-19.14.33:376][  0]LogTextLocalizationManager: No localization for 'en-US' exists, so 'en' will be used for the language.
[2022.11.25-19.14.33:376][  0]LogTextLocalizationManager: No localization for 'en-CA' exists, so 'en' will be used for the locale.
[2022.11.25-19.14.33:376][  0]LogSlate: FontCache flush requested. Reason: Culture for localization was changed
[2022.11.25-19.14.33:376][  0]LogSlate: FontCache flush requested. Reason: Culture for localization was changed
[2022.11.25-19.14.33:378][  0]LogTextLocalizationManager: Compacting localization data took   0.00ms
[2022.11.25-19.14.33:378][  0]LogAssetRegistry: FAssetRegistry took 0.0012 seconds to start up
[2022.11.25-19.14.33:489][  0]LogPackageLocalizationCache: Processed 27 localized package path(s) for 1 prioritized culture(s) in 0.000876 seconds
[2022.11.25-19.14.33:531][  0]LogInit: Selected Device Profile: [Windows]
[2022.11.25-19.14.33:531][  0]LogInit: Active device profile: [0000021AFFAA9300][0000021AEDB28940 49] Windows
[2022.11.25-19.14.33:531][  0]LogInit: Profiles: [0000021AFFAA9300][0000021AEDB28940 49] Windows, [0000021AFFA7AF00][0000021AEDB30C00 49] WindowsNoEditor, [0000021AFFAAA500][0000021AEDB34EC0 49] WindowsServer, [0000021AFFA7BD00][0000021AEDB39180 49] WindowsClient, [0000021AFFAAB200][0000021AF35B5440 49] IOS, [0000021AFFA79300][0000021AF35B9700 49] iPadAir, [0000021AFFAAA900][0000021AEDB2D980 49] iPadAir2, [0000021AFFA29C00][0000021AF35D0300 49] IPadPro, [0000021AFFA29D00][0000021AF35BC340 49] iPadAir3, [0000021AFFA79800][0000021AF35C8600 49] iPadAir4, [0000021AFFA2AC00][0000021AF35C48C0 49] iPadMini2, [0000021AFFA79E00][0000021AF35CCB80 49] iPadMini3, [0000021AFFA28B00][0000021AF35D4E40 49] iPadMini4, [0000021AFFA7B300][0000021AF35D9100 49] iPadMini5, [0000021AFFA39300][0000021AF35ED640 49] iPhone6, [0000021AFFA39400][0000021AF35DD680 49] iPodTouch6, [0000021AFFAA9600][0000021AF35F1B80 49] iPhone7, [0000021AFFAAAB00][0000021AF35E5BC0 49] iPodTouch7, [0000021AFFA2BA00][0000021AF35C02C0 49] iPhone5S, [0000021AFFAA9800][0000021AF35E0580 49] iPhone6Plus, [0000021AFFA2B000][0000021AF35F4840 49] iPhone6S, [0000021AFFAAA800][0000021AF35F8B00 49] iPhone6SPlus, [0000021AFFA29400][0000021AF35FCDC0 49] iPhone7Plus, [0000021AFFAA8100][0000021AFEE27080 49] iPhoneSE, [0000021AFFAA8B00][0000021AFEE2B340 49] iPhone8, [0000021AFFA38800][0000021AFEE2F600 49] iPhone8Plus, [0000021AFFAA9500][0000021AFEE338C0 49] iPhoneX, [0000021AFFA38F00][0000021AFEE37B80 49] iPhoneXS, [0000021AFFAAB700][0000021AF35E8280 49] iPhoneXSMax, [0000021AFFA3B200][0000021AFEE3A500 49] iPhoneXR, [0000021AFFAAB800][0000021AFEE427C0 49] iPhone11, [0000021AFFA3BD00][0000021AFEE46A80 49] iPhone11Pro, [0000021AFFA2A600][0000021AFEE4AD40 49] iPhone11ProMax, [0000021AFFA38600][0000021AFEE4F000 49] iPhoneSE2, [0000021AFFA2A000][0000021AFEE532C0 49] iPhone12Mini, [0000021AFFA3B800][0000021AFEE57580 49] iPhone12, [0000021AFFA29B00][0000021AFEE5B840 49] iPhone12Pro, [0000021AFFA39E00][0000021AFEE5FB00 49] iPhone12ProMax, [0000021AFFA2BF00][0000021AFEE62240 49] iPadPro105, [0000021AFFA3B300][0000021AFEE3E4C0 49] iPadPro129, [0000021AFFA2B700][0000021AFEE66740 49] iPadPro97, [0000021AFFA3A200][0000021AFEE6EA00 49] iPadPro2_129, [0000021AFFA2AF00][0000021AFEE72CC0 49] iPad5, [0000021AFFA38C00][0000021AFEE76F80 49] iPad6, [0000021AFFA2A500][0000021AFEE7B240 49] iPad7, [0000021AFFA3AB00][0000021AFEE7F500 49] iPad8, [0000021AFFA29300][0000021AFEE837C0 49] iPadPro11, [0000021AFFA3BE00][0000021AFEE87A80 49] iPadPro2_11, [0000021AFFA2A100][0000021AFEE8A1C0 49] iPadPro3_129, [0000021AFFA38500][0000021AFEE8E480 49] iPadPro4_129, [0000021AFFA2B100][0000021AFEE6A700 49] AppleTV, [0000021AFFA3BA00][0000021AFEE92980 49] AppleTV4K, [0000021AFFA29900][0000021AFEE9AC40 49] TVOS, [0000021AFFA38400][0000021AFEE9EF00 49] Mac, [0000021AFFA2BC00][0000021AFEEA31C0 49] MacClient, [0000021AFFA3A500][0000021AFEEA7480 49] MacNoEditor, [0000021AFFA29800][0000021AFEEAB740 49] MacServer, [0000021AFFA3BC00][0000021AEF209A00 49] Linux, [0000021AFFA29000][0000021AEF20C140 49] LinuxAArch64, [0000021AFFA39F00][0000021AEF210400 49] LinuxNoEditor, [0000021AFFA2BB00][0000021AEF2146C0 49] LinuxAArch64NoEditor, [0000021AFFA38100][0000021AFEE96940 49] LinuxClient, [0000021AFFA28A00][0000021AEF218BC0 49] LinuxAArch64Client, [0000021AFFA39D00][0000021AEF220E80 49] LinuxServer, [0000021AFFA28200][0000021AEF225140 49] LinuxAArch64Server, [0000021AFFA39000][0000021AEF229400 49] Android, [0000021AFFA2AB00][0000021AEF22D6C0 49] Android_Low, [0000021AFFA3A100][0000021AEF231980 49] Android_Mid, [0000021AFFA28100][0000021AEF2340C0 49] Android_High, [0000021AFFA39900][0000021AEF238380 49] Android_Default, [0000021AFFA28800][0000021AEF23C640 49] Android_Adreno4xx, [0000021AFFA39500][0000021AEF240900 49] Android_Adreno5xx_Low, [0000021AFFA28E00][0000021AEF21CB80 49] Android_Adreno5xx, [0000021AFFA3A000][0000021AEF248E40 49] Android_Adreno6xx, [0000021AFFA28600][0000021AEF24D100 49] Android_Adreno6xx_Vulkan, [0000021AFFA38900][0000021AEF2513C0 49] Android_Mali_T6xx, [0000021AFFA28D00][0000021AEF255680 49] Android_Mali_T7xx, [0000021AFFA3B100][0000021AEF259940 49] Android_Mali_T8xx, [0000021AFFA29600][0000021AEF25DC00 49] Android_Mali_G71, [0000021AFFA3AA00][0000021AEF260340 49] Android_Mali_G72, [0000021AFFA28400][0000021AEF264600 49] Android_Mali_G72_Vulkan, [0000021AFFA3AC00][0000021AEF2688C0 49] Android_Mali_G76, [0000021AFFA2B800][0000021AEF244B40 49] Android_Mali_G76_Vulkan, [0000021AFFAA8300][0000021AEF26CDC0 49] Android_Mali_G77, [0000021AFFA7B600][0000021AEF275080 49] Android_Mali_G77_Vulkan, [0000021AFFAAA300][0000021AEF279340 49] Android_Mali_G78, [0000021AFFA79100][0000021AEF27D600 49] Android_Mali_G78_Vulkan, [0000021AFFAAB400][0000021AEF2818C0 49] Android_Mali_G710, [0000021AFFA7AD00][0000021AEF285B80 49] Android_Mali_G710_Vulkan, [0000021AFFAA8800][0000021AEF2882C0 49] Android_Vulkan_SM5, [0000021AFFA7BA00][0000021AEF28C580 49] Android_PowerVR_G6xxx, [0000021AFFAAAD00][0000021AEF290840 49] Android_PowerVR_GT7xxx, [0000021AFFA79A00][0000021AEF294B00 49] Android_PowerVR_GE8xxx, [0000021AFFAAAC00][0000021AEF270D80 49] Android_PowerVR_GM9xxx, [0000021AFFA7B100][0000021AEF299000 49] Android_PowerVR_GM9xxx_Vulkan, [0000021AFFAA8700][0000021AEF2A12C0 49] Android_TegraK1, [0000021AFFA79000][0000021AEF2A5580 49] Android_Unknown_Vulkan, [0000021AFFAABD00][0000021AEF2A9840 49] Lumin, [0000021AFFA79600][0000021AEF2ADB00 49] Lumin_Desktop, [0000021AFFAA9C00][0000021AEF2B0240 49] HoloLens, 
[2022.11.25-19.14.33:561][  0]LogMeshReduction: Using QuadricMeshReduction for automatic static mesh reduction
[2022.11.25-19.14.33:561][  0]LogMeshReduction: Using SimplygonMeshReduction for automatic skeletal mesh reduction
[2022.11.25-19.14.33:561][  0]LogMeshReduction: Using ProxyLODMeshReduction for automatic mesh merging
[2022.11.25-19.14.33:561][  0]LogMeshReduction: No distributed automatic mesh merging module available
[2022.11.25-19.14.33:561][  0]LogMeshMerging: No distributed automatic mesh merging module available
[2022.11.25-19.14.33:637][  0]LogNetVersion: SideScroller_V422_Fall2019 1.0.0, NetCL: 17155196, EngineNetVer: 17, GameNetVer: 0 (Checksum: 1441273239)
[2022.11.25-19.14.33:788][  0]LogTexture: Default maximum texture size for cubemaps generated from long-lat sources has been changed from 512 to unlimited. In order to preserve old behaiour for '/Engine/MapTemplates/Sky/DaylightAmbientCubemap.DaylightAmbientCubemap', its maximum texture size has been explicitly set to 512.
[2022.11.25-19.14.33:823][  0]LogHMD: PokeAHoleMaterial loaded successfully
[2022.11.25-19.14.33:891][  0]LogMoviePlayer: Initializing movie player
[2022.11.25-19.14.33:975][  0]LogNiagaraDebuggerClient: Niagara Debugger Client Initialized | Session: A538453F47346A32C93CDBA8ABA9C1CC | Instance: 31C0B80D4CE92579F54A39A8F1F19339 (MSI-29240).
[2022.11.25-19.14.33:988][  0]LogCollectionManager: Loaded 0 collections in 0.001210 seconds
[2022.11.25-19.14.33:991][  0]LogFileCache: Scanning file cache for directory 'C:/Users/gizem/Downloads/SideScroller_V422/SideScroller_V422/SideScroller_V422/Saved/Collections/' took 0.00s
[2022.11.25-19.14.33:991][  0]LogFileCache: Scanning file cache for directory 'C:/Users/gizem/Downloads/SideScroller_V422/SideScroller_V422/SideScroller_V422/Content/Developers/gizem/Collections/' took 0.00s
[2022.11.25-19.14.33:991][  0]LogFileCache: Scanning file cache for directory 'C:/Users/gizem/Downloads/SideScroller_V422/SideScroller_V422/SideScroller_V422/Content/Collections/' took 0.00s
[2022.11.25-19.14.33:991][  0]LogCollectionManager: Fixed up redirectors for 0 collections in 0.000002 seconds (updated 0 objects)
[2022.11.25-19.14.34:003][  0]LogPython: Using Python 3.7.7
[2022.11.25-19.14.34:336][  0]LogUdpMessaging: Initializing bridge on interface 0.0.0.0:0 to multicast group 230.0.0.1:6666.
[2022.11.25-19.14.34:340][  0]LogTcpMessaging: Initializing TcpMessaging bridge
[2022.11.25-19.14.34:403][  0]SourceControl: Source control is disabled
[2022.11.25-19.14.34:403][  0]SourceControl: Source control is disabled
[2022.11.25-19.14.34:405][  0]SourceControl: Source control is disabled
[2022.11.25-19.14.34:408][  0]LogUProjectInfo: Found projects:
[2022.11.25-19.14.34:462][  0]LogOpenImageDenoise: OIDN starting up
[2022.11.25-19.14.34:485][  0]LogAndroidPermission: UAndroidPermissionCallbackProxy::GetInstance
[2022.11.25-19.14.34:512][  0]LogAudioCaptureCore: Display: No Audio Capture implementations found. Audio input will be silent.
[2022.11.25-19.14.34:512][  0]LogAudioCaptureCore: Display: No Audio Capture implementations found. Audio input will be silent.
[2022.11.25-19.14.34:544][  0]LogOcInput: OculusInput pre-init called
[2022.11.25-19.14.34:550][  0]LogUObjectArray: 22163 objects as part of root set at end of initial load.
[2022.11.25-19.14.34:550][  0]LogUObjectAllocator: 5993712 out of 0 bytes used by permanent object pool.
[2022.11.25-19.14.34:550][  0]LogUObjectArray: CloseDisregardForGC: 0/0 objects in disregard for GC pool
[2022.11.25-19.14.34:585][  0]LogEngine: Initializing Engine...
[2022.11.25-19.14.34:587][  0]LogHMD: Failed to enumerate extensions. Please check that you have a valid OpenXR runtime installed.
[2022.11.25-19.14.34:587][  0]LogHMD: Failed to initialize OpenVR with code 110
[2022.11.25-19.14.34:587][  0]LogMagicLeap: Warning: VR disabled because ZI is not enabled.  To enable, in the editor, Edit -> Project Settings -> Plugins -> Magic Leap Plugin -> Enable Zero Iteration
[2022.11.25-19.14.34:589][  0]LogStats: UGameplayTagsManager::InitializeManager -  0.000 s
[2022.11.25-19.14.34:649][  0]LogInit: Initializing FReadOnlyCVARCache
[2022.11.25-19.14.34:649][  0]LogAudio: Display: Initializing Audio Device Manager...
[2022.11.25-19.14.34:651][  0]LogAudio: Display: Loading Default Audio Settings Objects...
[2022.11.25-19.14.34:651][  0]LogAudio: Display: No default SoundConcurrencyObject specified (or failed to load).
[2022.11.25-19.14.34:652][  0]LogAudio: Display: Audio Device Manager Initialized
[2022.11.25-19.14.34:652][  0]LogAudio: Display: Creating Audio Device:                 Id: 1, Scope: Shared, Realtime: True
[2022.11.25-19.14.34:652][  0]LogAudioMixer: Display: Audio Mixer Platform Settings:
[2022.11.25-19.14.34:652][  0]LogAudioMixer: Display: 	Sample Rate:						  48000
[2022.11.25-19.14.34:652][  0]LogAudioMixer: Display: 	Callback Buffer Frame Size Requested: 1024
[2022.11.25-19.14.34:652][  0]LogAudioMixer: Display: 	Callback Buffer Frame Size To Use:	  1024
[2022.11.25-19.14.34:652][  0]LogAudioMixer: Display: 	Number of buffers to queue:			  2
[2022.11.25-19.14.34:652][  0]LogAudioMixer: Display: 	Max Channels (voices):				  32
[2022.11.25-19.14.34:652][  0]LogAudioMixer: Display: 	Number of Async Source Workers:		  0
[2022.11.25-19.14.34:652][  0]LogAudio: Display: AudioDevice MaxSources: 32
[2022.11.25-19.14.34:652][  0]LogAudio: Display: Audio Spatialization Plugin: None (built-in).
[2022.11.25-19.14.34:652][  0]LogAudio: Display: Audio Reverb Plugin: None (built-in).
[2022.11.25-19.14.34:652][  0]LogAudio: Display: Audio Occlusion Plugin: None (built-in).
[2022.11.25-19.14.34:652][  0]LogAudioMixer: Display: Initializing audio mixer.
[2022.11.25-19.14.34:683][  0]LogAudioMixer: Display: 0: FrontLeft
[2022.11.25-19.14.34:683][  0]LogAudioMixer: Display: 1: FrontRight
[2022.11.25-19.14.34:767][  0]LogAudioMixer: Display: Using Audio Device Headphones (Realtek(R) Audio)
[2022.11.25-19.14.34:769][  0]LogAudioMixer: Display: Initializing Sound Submixes...
[2022.11.25-19.14.34:770][  0]LogAudioMixer: Display: Creating Master Submix 'MasterSubmixDefault'
[2022.11.25-19.14.34:770][  0]LogAudioMixer: Display: Creating Master Submix 'MasterReverbSubmixDefault'
[2022.11.25-19.14.34:771][  0]LogAudioMixer: Display: Creating Master Submix 'MasterEQSubmixDefault'
[2022.11.25-19.14.34:771][  0]LogAudioMixer: FMixerPlatformXAudio2::StartAudioStream() called
[2022.11.25-19.14.34:771][  0]LogAudioMixer: Display: Output buffers initialized: Frames=1024, Channels=2, Samples=2048
[2022.11.25-19.14.34:772][  0]LogAudioMixer: Display: Starting AudioMixerPlatformInterface::RunInternal()
[2022.11.25-19.14.34:772][  0]LogAudioMixer: Display: FMixerPlatformXAudio2::SubmitBuffer() called for the first time
[2022.11.25-19.14.34:772][  0]LogInit: FAudioDevice initialized.
[2022.11.25-19.14.34:773][  0]LogNetVersion: Set ProjectVersion to 1.0.0.0. Version Checksum will be recalculated on next use.
[2022.11.25-19.14.34:773][  0]LogInit: Texture streaming: Enabled
[2022.11.25-19.14.34:813][  0]LogAudio: Display: Audio Device (ID: 1) registered with world 'Untitled'.
[2022.11.25-19.14.34:814][  0]LogSlate: Updating window title bar state: overlay mode, drag disabled, window buttons hidden, title bar hidden
[2022.11.25-19.14.34:814][  0]LogInit: Display: Game Engine Initialized.
[2022.11.25-19.14.34:814][  0]LogNiagaraEditor: GEditor isn't valid! Particle reset commands will not work for Niagara components!
[2022.11.25-19.14.34:890][  0]LogInit: Display: Starting Game.
[2022.11.25-19.14.34:890][  0]LogNet: Browse: /Game/SideScrollerBP/Maps/SideScrollerExampleMap?Name=Player
[2022.11.25-19.14.34:890][  0]LogLoad: LoadMap: /Game/SideScrollerBP/Maps/SideScrollerExampleMap?Name=Player
[2022.11.25-19.14.34:890][  0]LogWorld: BeginTearingDown for /Temp/Untitled_0
[2022.11.25-19.14.34:891][  0]LogWorld: UWorld::CleanupWorld for Untitled, bSessionEnded=true, bCleanupResources=true
[2022.11.25-19.14.34:891][  0]LogSlate: InvalidateAllWidgets triggered.  All widgets were invalidated
[2022.11.25-19.14.34:894][  0]LogAudio: Display: Audio Device unregistered from world 'None'.
[2022.11.25-19.14.34:896][  0]LogUObjectHash: Compacting FUObjectHashTables data took   0.51ms
[2022.11.25-19.14.34:974][  0]LogBlueprint: Warning: [AssetLog] C:\Users\gizem\Downloads\SideScroller_V422\SideScroller_V422\SideScroller_V422\Content\Custom_Blueprints\Puzzle_Elements\Sphere_Door.uasset: [Compiler] OnComponentBeginOverlap (Box)  does not have a valid matching component!
[2022.11.25-19.14.35:359][  0]LogSkeletalMesh: Display: [AssetLog] C:\Users\gizem\Downloads\SideScroller_V422\SideScroller_V422\SideScroller_V422\Content\Custom_Assets\Utility\Flag\Flag.uasset: Find and fix some bad tangent! please re-import this skeletal mesh asset to fix the issue. The shading of the skeletal mesh will be bad and faceted.
[2022.11.25-19.14.35:463][  0]LogSkeletalMesh: Display: [AssetLog] C:\Users\gizem\Downloads\SideScroller_V422\SideScroller_V422\SideScroller_V422\Content\Custom_Assets\Hazards\Bat\Model\Bat_Enemy.uasset: Find and fix some bad tangent! please re-import this skeletal mesh asset to fix the issue. The shading of the skeletal mesh will be bad and faceted.
[2022.11.25-19.14.35:494][  0]LogAudio: Display: Audio Device (ID: 1) registered with world 'SideScrollerExampleMap'.
[2022.11.25-19.14.35:500][  0]LogAIModule: Creating AISystem for world SideScrollerExampleMap
[2022.11.25-19.14.35:502][  0]LogLoad: Game class is 'SideScrollerGameMode_C'
[2022.11.25-19.14.35:535][  0]LogWorld: Bringing World /Game/SideScrollerBP/Maps/SideScrollerExampleMap.SideScrollerExampleMap up for play (max tick rate 0) at 2022.11.25-14.14.35
[2022.11.25-19.14.35:539][  0]LogWorld: Bringing up level for play took: 0.036781
[2022.11.25-19.14.35:544][  0]LogLoad: Took 0.652719 seconds to LoadMap(/Game/SideScrollerBP/Maps/SideScrollerExampleMap)
[2022.11.25-19.14.35:601][  0]LogSlate: Took 0.000164 seconds to synchronously load lazily loaded font '../../../Engine/Content/Slate/Fonts/Roboto-Regular.ttf' (155K)
[2022.11.25-19.14.35:628][  0]LogRenderer: Reallocating scene render targets to support 1280x720 Format 10 NumSamples 1 (Frame:1).
[2022.11.25-19.14.35:628][  0]LogInit: Display: Engine is initialized. Leaving FEngineLoop::Init()
[2022.11.25-19.14.35:628][  0]LogLoad: (Engine Initialization) Total time: 4.55 seconds
[2022.11.25-19.14.35:628][  0]LogLoad: (Engine Initialization) Total Blueprint compile time: 0.00 seconds
[2022.11.25-19.14.35:645][  0]LogContentStreaming: Texture pool size now 1000 MB
[2022.11.25-19.14.35:648][  0]LogSlate: InvalidateAllWidgets triggered.  All widgets were invalidated
[2022.11.25-19.14.35:717][  0]LogRenderer: Reallocating scene render targets to support 128x128 Format 10 NumSamples 1 (Frame:1).
[2022.11.25-19.14.35:739][  0]LogRenderer: Reallocating scene render targets to support 1280x720 Format 10 NumSamples 1 (Frame:2).
[2022.11.25-19.14.35:752][  1]LogSlate: Took 0.000189 seconds to synchronously load lazily loaded font '../../../Engine/Content/Slate/Fonts/Roboto-Regular.ttf' (155K)
[2022.11.25-19.16.11:477][720]LogCharacterMovement: SideScrollerCharacter_78 is stuck and failed to move! Velocity: X=0.00 Y=-314.70 Z=0.00 Location: X=1200.00 Y=-16277.00 Z=206.49 Normal: X=0.93 Y=0.08 Z=-0.35 PenetrationDepth:14.505 Actor:Enemy_Bat_Wave3 Component:SkeletalMeshComponent0 BoneName:EarL2 (0 other events since notify)
[2022.11.25-19.16.44:087][240]LogCharacterMovement: SideScrollerCharacter_78 is stuck and failed to move! Velocity: X=0.01 Y=-961.40 Z=0.00 Location: X=1200.00 Y=-21382.09 Z=350.86 Normal: X=-0.01 Y=0.91 Z=-0.42 PenetrationDepth:5.699 Actor:Enemy_Bat_Horizontal2_5 Component:SkeletalMeshComponent0 BoneName:MarinePelvis (4 other events since notify)
[2022.11.25-19.16.47:441][917]LogCharacterMovement: SideScrollerCharacter_78 is stuck and failed to move! Velocity: X=0.00 Y=600.00 Z=0.00 Location: X=1200.00 Y=-20196.67 Z=208.15 Normal: X=0.05 Y=-1.00 Z=0.00 PenetrationDepth:2.507 Actor:Enemy_Bat_Horizontal4 Component:SkeletalMeshComponent0 BoneName:MarineRibcage001 (13 other events since notify)
