Log file open, 11/23/22 14:55:57
LogWindows: Failed to load 'aqProf.dll' (GetLastError=126)
LogWindows: File 'aqProf.dll' does not exist
LogWindows: Failed to load 'VtuneApi.dll' (GetLastError=126)
LogWindows: File 'VtuneApi.dll' does not exist
LogWindows: Failed to load 'VtuneApi32e.dll' (GetLastError=126)
LogWindows: File 'VtuneApi32e.dll' does not exist
LogConsoleResponse: Display: Failed to find resolution value strings in scalability ini. Falling back to default.
LogConsoleResponse: Display: Failed to find resolution value strings in scalability ini. Falling back to default.
LogInit: Display: Running engine for game: SideScroller_V422_Fall2019
LogPlatformFile: Not using cached read wrapper
LogTaskGraph: Started task graph with 5 named threads and 59 total threads with 3 sets of task threads.
LogStats: Stats thread started at 0.244327
LogICUInternationalization: ICU TimeZone Detection - Raw Offset: -5:00, Platform Override: ''
LogInit: Display: Loading text-based GConfig....
LogPluginManager: Mounting plugin MeshPainting
LogPluginManager: Mounting plugin XGEController
LogPluginManager: Mounting plugin AISupport
LogPluginManager: Mounting plugin Paper2D
LogPluginManager: Mounting plugin EnvironmentQueryEditor
LogPluginManager: Mounting plugin LiveLink
LogPluginManager: Mounting plugin LightPropagationVolume
LogPluginManager: Mounting plugin CameraShakePreviewer
LogPluginManager: Mounting plugin GameplayCameras
LogPluginManager: Mounting plugin OodleData
LogPluginManager: Mounting plugin OodleNetwork
LogPluginManager: Mounting plugin AssetManagerEditor
LogPluginManager: Mounting plugin CryptoKeys
LogPluginManager: Mounting plugin CurveEditorTools
LogPluginManager: Mounting plugin DataValidation
LogPluginManager: Mounting plugin FacialAnimation
LogPluginManager: Mounting plugin GeometryMode
LogPluginManager: Mounting plugin MacGraphicsSwitching
LogPluginManager: Mounting plugin MaterialAnalyzer
LogPluginManager: Mounting plugin PluginBrowser
LogPluginManager: Mounting plugin GameplayTagsEditor
LogPluginManager: Mounting plugin DatasmithContent
LogPluginManager: Mounting plugin SpeedTreeImporter
LogPluginManager: Mounting plugin MobileLauncherProfileWizard
LogPluginManager: Mounting plugin VariantManagerContent
LogPluginManager: Mounting plugin AlembicImporter
LogPluginManager: Mounting plugin AutomationUtils
LogPluginManager: Mounting plugin ChaosCloth
LogPluginManager: Mounting plugin BackChannel
LogPluginManager: Mounting plugin ChaosSolverPlugin
LogPluginManager: Mounting plugin ChaosEditor
LogPluginManager: Mounting plugin CharacterAI
LogPluginManager: Mounting plugin ChaosClothEditor
LogPluginManager: Mounting plugin ChaosNiagara
LogPluginManager: Mounting plugin Niagara
LogPluginManager: Mounting plugin GeometryCache
LogPluginManager: Mounting plugin GeometryProcessing
LogPluginManager: Mounting plugin GeometryCollectionPlugin
LogPluginManager: Mounting plugin OpenImageDenoise
LogPluginManager: Mounting plugin MotoSynth
LogPluginManager: Mounting plugin PlatformCrypto
LogPluginManager: Mounting plugin PlanarCut
LogPluginManager: Mounting plugin PythonScriptPlugin
LogPluginManager: Mounting plugin SkeletalReduction
LogPluginManager: Mounting plugin ProxyLODPlugin
LogPluginManager: Mounting plugin MagicLeap
LogPluginManager: Mounting plugin LuminPlatformFeatures
LogPluginManager: Mounting plugin MagicLeapLightEstimation
LogPluginManager: Mounting plugin MagicLeapMedia
LogPluginManager: Mounting plugin MagicLeapPassableWorld
LogPluginManager: Mounting plugin MLSDK
LogPluginManager: Mounting plugin AndroidMedia
LogPluginManager: Mounting plugin AvfMedia
LogPluginManager: Mounting plugin ImgMedia
LogPluginManager: Mounting plugin MediaPlayerEditor
LogPluginManager: Mounting plugin MediaCompositing
LogPluginManager: Mounting plugin WmfMedia
LogPluginManager: Mounting plugin WebMMedia
LogPluginManager: Mounting plugin ActorSequence
LogPluginManager: Mounting plugin UdpMessaging
LogPluginManager: Mounting plugin MatineeToLevelSequence
LogPluginManager: Mounting plugin TcpMessaging
LogPluginManager: Mounting plugin LevelSequenceEditor
LogPluginManager: Mounting plugin TemplateSequence
LogPluginManager: Mounting plugin OnlineSubsystem
LogPluginManager: Mounting plugin OnlineSubsystemNull
LogPluginManager: Mounting plugin LauncherChunkInstaller
LogPluginManager: Mounting plugin OnlineSubsystemUtils
LogPluginManager: Mounting plugin ActorLayerUtilities
LogPluginManager: Mounting plugin AndroidMoviePlayer
LogPluginManager: Mounting plugin AndroidDeviceProfileSelector
LogPluginManager: Mounting plugin ApexDestruction
LogPluginManager: Mounting plugin AppleImageUtils
LogPluginManager: Mounting plugin AndroidPermission
LogPluginManager: Mounting plugin AssetTags
LogPluginManager: Mounting plugin ArchVisCharacter
LogPluginManager: Mounting plugin AppleMoviePlayer
LogPluginManager: Mounting plugin CableComponent
LogPluginManager: Mounting plugin AudioCapture
LogPluginManager: Mounting plugin AudioSynesthesia
LogPluginManager: Mounting plugin ChunkDownloader
LogPluginManager: Mounting plugin EditableMesh
LogPluginManager: Mounting plugin CustomMeshComponent
LogPluginManager: Mounting plugin ExampleDeviceProfileSelector
LogPluginManager: Mounting plugin GoogleCloudMessaging
LogPluginManager: Mounting plugin IOSDeviceProfileSelector
LogPluginManager: Mounting plugin GooglePAD
LogPluginManager: Mounting plugin LinuxDeviceProfileSelector
LogPluginManager: Mounting plugin MobilePatchingUtils
LogPluginManager: Mounting plugin OpenXR
LogPluginManager: Mounting plugin LocationServicesBPLibrary
LogPluginManager: Mounting plugin OpenXRHandTracking
LogPluginManager: Mounting plugin OpenXREyeTracker
LogPluginManager: Mounting plugin PostSplashScreen
LogPluginManager: Mounting plugin ProceduralMeshComponent
LogPluginManager: Mounting plugin PhysXVehicles
LogPluginManager: Mounting plugin RuntimePhysXCooking
LogPluginManager: Mounting plugin PropertyAccessEditor
LogPluginManager: Mounting plugin SignificanceManager
LogPluginManager: Mounting plugin Synthesis
LogPluginManager: Mounting plugin WebMMoviePlayer
LogPluginManager: Mounting plugin SoundFields
LogPluginManager: Mounting plugin WindowsMoviePlayer
LogPluginManager: Mounting plugin ScreenshotTools
LogPluginManager: Mounting plugin Takes
LogPluginManager: Mounting plugin AnimationSharing
LogPluginManager: Mounting plugin CodeLiteSourceCodeAccess
LogPluginManager: Mounting plugin GitSourceControl
LogPluginManager: Mounting plugin KDevelopSourceCodeAccess
LogPluginManager: Mounting plugin NullSourceCodeAccess
LogPluginManager: Mounting plugin PixWinPlugin
LogPluginManager: Mounting plugin PerforceSourceControl
LogPluginManager: Mounting plugin PlasticSourceControl
LogPluginManager: Mounting plugin PropertyAccessNode
LogPluginManager: Mounting plugin SubversionSourceControl
LogPluginManager: Mounting plugin TextureFormatOodle
LogPluginManager: Mounting plugin PluginUtils
LogPluginManager: Mounting plugin UObjectPlugin
LogPluginManager: Mounting plugin RiderSourceCodeAccess
LogPluginManager: Mounting plugin VisualStudioCodeSourceCodeAccess
LogPluginManager: Mounting plugin CLionSourceCodeAccess
LogPluginManager: Mounting plugin XCodeSourceCodeAccess
LogPluginManager: Mounting plugin VisualStudioSourceCodeAccess
LogPluginManager: Mounting plugin ContentBrowserClassDataSource
LogPluginManager: Mounting plugin ContentBrowserAssetDataSource
LogPluginManager: Mounting plugin ContentBrowserFileDataSource
LogPluginManager: Mounting plugin OnlineSubsystemIOS
LogPluginManager: Mounting plugin OnlineSubsystemGooglePlay
LogPluginManager: Mounting plugin OculusVR
LogPluginManager: Mounting plugin SteamVR
LogInit: Using libcurl 7.55.1-DEV
LogInit:  - built for x86_64-pc-win32
LogInit:  - supports SSL with OpenSSL/1.1.1
LogInit:  - supports HTTP deflate (compression) using libz 1.2.8
LogInit:  - other features:
LogInit:      CURL_VERSION_SSL
LogInit:      CURL_VERSION_LIBZ
LogInit:      CURL_VERSION_IPV6
LogInit:      CURL_VERSION_ASYNCHDNS
LogInit:      CURL_VERSION_LARGEFILE
LogInit:      CURL_VERSION_IDN
LogInit:  CurlRequestOptions (configurable via config and command line):
LogInit:  - bVerifyPeer = true  - Libcurl will verify peer certificate
LogInit:  - bUseHttpProxy = false  - Libcurl will NOT use HTTP proxy
LogInit:  - bDontReuseConnections = false  - Libcurl will reuse connections
LogInit:  - MaxHostConnections = 16  - Libcurl will limit the number of connections to a host
LogInit:  - LocalHostAddr = Default
LogInit:  - BufferSize = 65536
LogOnline: OSS: Creating online subsystem instance for: NULL
LogInit: WinSock: version 1.1 (2.2), MaxSocks=32767, MaxUdp=65467
LogOnline: OSS: TryLoadSubsystemAndSetDefault: Loaded subsystem for module [NULL]
PixWinPlugin: PIX capture plugin failed to initialize! Check that the process is launched from PIX.
LogOculusPluginWrapper: OculusPlugin initialized successfully
LogHMD: Failed initializing OVRPlugin 1.59.0
LogInit: Build: ++UE4+Release-4.27-CL-18319896
LogInit: Engine Version: 4.27.2-18319896+++UE4+Release-4.27
LogInit: Compatible Engine Version: 4.27.0-17155196+++UE4+Release-4.27
LogInit: Net CL: 17155196
LogInit: OS: Windows 10 (Release 2009) (), CPU: 12th Gen Intel(R) Core(TM) i9-12900H, GPU: Intel(R) Iris(R) Xe Graphics
LogInit: Compiled (64-bit): Nov 30 2021 07:12:08
LogInit: Compiled with Visual C++: 19.24.28315.00
LogInit: Build Configuration: Development
LogInit: Branch Name: ++UE4+Release-4.27
LogInit: Command Line:  /Game/SideScrollerBP/Maps/SideScrollerExampleMap -game -PIEVIACONSOLE -Multiprocess GameUserSettingsINI=C:/Users/gizem/Downloads/SideScroller_V422/SideScroller_V422/SideScroller_V422/Saved/Config/Windows/PIEGameUserSettings0.ini -MultiprocessSaveConfig -forcepassthrough -messaging -SessionName="Play in Standalone Game" -windowed -WinX=315 -WinY=179 SAVEWINPOS=1 -ResX=1280 -ResY=720
LogInit: Base Directory: C:/Program Files/Epic Games/UE_4.27/Engine/Binaries/Win64/
LogInit: Allocator: TBB
LogInit: Installed Engine Build: 1
LogDevObjectVersion: Number of dev versions registered: 29
LogDevObjectVersion:   Dev-Blueprints (B0D832E4-1F89-4F0D-ACCF-7EB736FD4AA2): 10
LogDevObjectVersion:   Dev-Build (E1C64328-A22C-4D53-A36C-8E866417BD8C): 0
LogDevObjectVersion:   Dev-Core (375EC13C-06E4-48FB-B500-84F0262A717E): 4
LogDevObjectVersion:   Dev-Editor (E4B068ED-F494-42E9-A231-DA0B2E46BB41): 40
LogDevObjectVersion:   Dev-Framework (CFFC743F-43B0-4480-9391-14DF171D2073): 37
LogDevObjectVersion:   Dev-Mobile (B02B49B5-BB20-44E9-A304-32B752E40360): 3
LogDevObjectVersion:   Dev-Networking (A4E4105C-59A1-49B5-A7C5-40C4547EDFEE): 0
LogDevObjectVersion:   Dev-Online (39C831C9-5AE6-47DC-9A44-9C173E1C8E7C): 0
LogDevObjectVersion:   Dev-Physics (78F01B33-EBEA-4F98-B9B4-84EACCB95AA2): 14
LogDevObjectVersion:   Dev-Platform (6631380F-2D4D-43E0-8009-CF276956A95A): 0
LogDevObjectVersion:   Dev-Rendering (12F88B9F-8875-4AFC-A67C-D90C383ABD29): 45
LogDevObjectVersion:   Dev-Sequencer (7B5AE74C-D270-4C10-A958-57980B212A5A): 13
LogDevObjectVersion:   Dev-VR (D7296918-1DD6-4BDD-9DE2-64A83CC13884): 3
LogDevObjectVersion:   Dev-LoadTimes (C2A15278-BFE7-4AFE-6C17-90FF531DF755): 1
LogDevObjectVersion:   Private-Geometry (6EACA3D4-40EC-4CC1-B786-8BED09428FC5): 3
LogDevObjectVersion:   Dev-AnimPhys (29E575DD-E0A3-4627-9D10-D276232CDCEA): 17
LogDevObjectVersion:   Dev-Anim (AF43A65D-7FD3-4947-9873-3E8ED9C1BB05): 15
LogDevObjectVersion:   Dev-ReflectionCapture (6B266CEC-1EC7-4B8F-A30B-E4D90942FC07): 1
LogDevObjectVersion:   Dev-Automation (0DF73D61-A23F-47EA-B727-89E90C41499A): 1
LogDevObjectVersion:   FortniteMain (601D1886-AC64-4F84-AA16-D3DE0DEAC7D6): 47
LogDevObjectVersion:   FortniteRelease (E7086368-6B23-4C58-8439-1B7016265E91): 1
LogDevObjectVersion:   Dev-Enterprise (9DFFBCD6-494F-0158-E221-12823C92A888): 10
LogDevObjectVersion:   Dev-Niagara (F2AED0AC-9AFE-416F-8664-AA7FFA26D6FC): 1
LogDevObjectVersion:   Dev-Destruction (174F1F0B-B4C6-45A5-B13F-2EE8D0FB917D): 10
LogDevObjectVersion:   Dev-Physics-Ext (35F94A83-E258-406C-A318-09F59610247C): 41
LogDevObjectVersion:   Dev-PhysicsMaterial-Chaos (B68FC16E-8B1B-42E2-B453-215C058844FE): 1
LogDevObjectVersion:   Dev-CineCamera (B2E18506-4273-CFC2-A54E-F4BB758BBA07): 1
LogDevObjectVersion:   Dev-VirtualProduction (64F58936-FD1B-42BA-BA96-7289D5D0FA4E): 1
LogDevObjectVersion:   Dev-MediaFramework (6F0ED827-A609-4895-9C91-998D90180EA4): 2
LogInit: Presizing for max 25165824 objects, including 0 objects not considered by GC, pre-allocating 0 bytes for permanent pool.
LogConfig: Applying CVar settings from Section [/Script/Engine.StreamingSettings] File [C:/Users/gizem/Downloads/SideScroller_V422/SideScroller_V422/SideScroller_V422/Saved/Config/Windows/Engine.ini]
LogConfig: Setting CVar [[s.MinBulkDataSizeForAsyncLoading:131072]]
LogConfig: Setting CVar [[s.AsyncLoadingThreadEnabled:0]]
LogConfig: Setting CVar [[s.EventDrivenLoaderEnabled:1]]
LogConfig: Setting CVar [[s.WarnIfTimeLimitExceeded:0]]
LogConfig: Setting CVar [[s.TimeLimitExceededMultiplier:1.5]]
LogConfig: Setting CVar [[s.TimeLimitExceededMinTime:0.005]]
LogConfig: Setting CVar [[s.UseBackgroundLevelStreaming:1]]
LogConfig: Setting CVar [[s.PriorityAsyncLoadingExtraTime:15.0]]
LogConfig: Setting CVar [[s.LevelStreamingActorsUpdateTimeLimit:5.0]]
LogConfig: Setting CVar [[s.PriorityLevelStreamingActorsUpdateExtraTime:5.0]]
LogConfig: Setting CVar [[s.LevelStreamingComponentsRegistrationGranularity:10]]
LogConfig: Setting CVar [[s.UnregisterComponentsTimeLimit:1.0]]
LogConfig: Setting CVar [[s.LevelStreamingComponentsUnregistrationGranularity:5]]
LogConfig: Setting CVar [[s.FlushStreamingOnExit:1]]
LogInit: Object subsystem initialized
LogConfig: Setting CVar [[con.DebugEarlyDefault:1]]
LogConfig: Setting CVar [[r.setres:1280x720]]
[2022.11.23-19.55.57:509][  0]LogConfig: Setting CVar [[con.DebugEarlyDefault:1]]
[2022.11.23-19.55.57:509][  0]LogConfig: Setting CVar [[r.setres:1280x720]]
[2022.11.23-19.55.57:509][  0]LogConfig: Applying CVar settings from Section [/Script/Engine.RendererSettings] File [C:/Users/gizem/Downloads/SideScroller_V422/SideScroller_V422/SideScroller_V422/Saved/Config/Windows/Engine.ini]
[2022.11.23-19.55.57:510][  0]LogConfig: Setting CVar [[r.GPUCrashDebugging:0]]
[2022.11.23-19.55.57:510][  0]LogConfig: Applying CVar settings from Section [/Script/Engine.RendererOverrideSettings] File [C:/Users/gizem/Downloads/SideScroller_V422/SideScroller_V422/SideScroller_V422/Saved/Config/Windows/Engine.ini]
[2022.11.23-19.55.57:510][  0]LogConfig: Applying CVar settings from Section [/Script/Engine.StreamingSettings] File [C:/Users/gizem/Downloads/SideScroller_V422/SideScroller_V422/SideScroller_V422/Saved/Config/Windows/Engine.ini]
[2022.11.23-19.55.57:510][  0]LogConfig: Setting CVar [[s.MinBulkDataSizeForAsyncLoading:131072]]
[2022.11.23-19.55.57:510][  0]LogConfig: Setting CVar [[s.AsyncLoadingThreadEnabled:0]]
[2022.11.23-19.55.57:510][  0]LogConfig: Setting CVar [[s.EventDrivenLoaderEnabled:1]]
[2022.11.23-19.55.57:510][  0]LogConfig: Setting CVar [[s.WarnIfTimeLimitExceeded:0]]
[2022.11.23-19.55.57:510][  0]LogConfig: Setting CVar [[s.TimeLimitExceededMultiplier:1.5]]
[2022.11.23-19.55.57:510][  0]LogConfig: Setting CVar [[s.TimeLimitExceededMinTime:0.005]]
[2022.11.23-19.55.57:510][  0]LogConfig: Setting CVar [[s.UseBackgroundLevelStreaming:1]]
[2022.11.23-19.55.57:510][  0]LogConfig: Setting CVar [[s.PriorityAsyncLoadingExtraTime:15.0]]
[2022.11.23-19.55.57:510][  0]LogConfig: Setting CVar [[s.LevelStreamingActorsUpdateTimeLimit:5.0]]
[2022.11.23-19.55.57:510][  0]LogConfig: Setting CVar [[s.PriorityLevelStreamingActorsUpdateExtraTime:5.0]]
[2022.11.23-19.55.57:510][  0]LogConfig: Setting CVar [[s.LevelStreamingComponentsRegistrationGranularity:10]]
[2022.11.23-19.55.57:510][  0]LogConfig: Setting CVar [[s.UnregisterComponentsTimeLimit:1.0]]
[2022.11.23-19.55.57:510][  0]LogConfig: Setting CVar [[s.LevelStreamingComponentsUnregistrationGranularity:5]]
[2022.11.23-19.55.57:510][  0]LogConfig: Setting CVar [[s.FlushStreamingOnExit:1]]
[2022.11.23-19.55.57:510][  0]LogConfig: Applying CVar settings from Section [/Script/Engine.GarbageCollectionSettings] File [C:/Users/gizem/Downloads/SideScroller_V422/SideScroller_V422/SideScroller_V422/Saved/Config/Windows/Engine.ini]
[2022.11.23-19.55.57:510][  0]LogConfig: Setting CVar [[gc.MaxObjectsNotConsideredByGC:1]]
[2022.11.23-19.55.57:510][  0]LogConfig: Setting CVar [[gc.SizeOfPermanentObjectPool:0]]
[2022.11.23-19.55.57:510][  0]LogConfig: Setting CVar [[gc.FlushStreamingOnGC:0]]
[2022.11.23-19.55.57:510][  0]LogConfig: Setting CVar [[gc.NumRetriesBeforeForcingGC:10]]
[2022.11.23-19.55.57:510][  0]LogConfig: Setting CVar [[gc.AllowParallelGC:1]]
[2022.11.23-19.55.57:510][  0]LogConfig: Setting CVar [[gc.TimeBetweenPurgingPendingKillObjects:61.1]]
[2022.11.23-19.55.57:510][  0]LogConfig: Setting CVar [[gc.MaxObjectsInEditor:25165824]]
[2022.11.23-19.55.57:510][  0]LogConfig: Setting CVar [[gc.IncrementalBeginDestroyEnabled:1]]
[2022.11.23-19.55.57:510][  0]LogConfig: Setting CVar [[gc.CreateGCClusters:1]]
[2022.11.23-19.55.57:510][  0]LogConfig: Setting CVar [[gc.MinGCClusterSize:5]]
[2022.11.23-19.55.57:510][  0]LogConfig: Setting CVar [[gc.ActorClusteringEnabled:0]]
[2022.11.23-19.55.57:510][  0]LogConfig: Setting CVar [[gc.BlueprintClusteringEnabled:0]]
[2022.11.23-19.55.57:510][  0]LogConfig: Setting CVar [[gc.UseDisregardForGCOnDedicatedServers:0]]
[2022.11.23-19.55.57:510][  0]LogConfig: Setting CVar [[gc.MultithreadedDestructionEnabled:1]]
[2022.11.23-19.55.57:510][  0]LogConfig: Applying CVar settings from Section [/Script/Engine.NetworkSettings] File [C:/Users/gizem/Downloads/SideScroller_V422/SideScroller_V422/SideScroller_V422/Saved/Config/Windows/Engine.ini]
[2022.11.23-19.55.57:510][  0]LogConfig: Applying CVar settings from Section [/Script/UnrealEd.CookerSettings] File [C:/Users/gizem/Downloads/SideScroller_V422/SideScroller_V422/SideScroller_V422/Saved/Config/Windows/Engine.ini]
[2022.11.23-19.55.57:522][  0]LogConfig: Applying CVar settings from Section [ViewDistanceQuality@3] File [C:/Users/gizem/Downloads/SideScroller_V422/SideScroller_V422/SideScroller_V422/Saved/Config/Windows/Scalability.ini]
[2022.11.23-19.55.57:522][  0]LogConfig: Setting CVar [[r.SkeletalMeshLODBias:0]]
[2022.11.23-19.55.57:522][  0]LogConfig: Setting CVar [[r.ViewDistanceScale:1.0]]
[2022.11.23-19.55.57:522][  0]LogConfig: Applying CVar settings from Section [AntiAliasingQuality@3] File [C:/Users/gizem/Downloads/SideScroller_V422/SideScroller_V422/SideScroller_V422/Saved/Config/Windows/Scalability.ini]
[2022.11.23-19.55.57:522][  0]LogConfig: Setting CVar [[r.PostProcessAAQuality:4]]
[2022.11.23-19.55.57:522][  0]LogConfig: Applying CVar settings from Section [ShadowQuality@3] File [C:/Users/gizem/Downloads/SideScroller_V422/SideScroller_V422/SideScroller_V422/Saved/Config/Windows/Scalability.ini]
[2022.11.23-19.55.57:522][  0]LogConfig: Setting CVar [[r.LightFunctionQuality:1]]
[2022.11.23-19.55.57:522][  0]LogConfig: Setting CVar [[r.ShadowQuality:5]]
[2022.11.23-19.55.57:522][  0]LogConfig: Setting CVar [[r.Shadow.CSM.MaxCascades:10]]
[2022.11.23-19.55.57:522][  0]LogConfig: Setting CVar [[r.Shadow.MaxResolution:2048]]
[2022.11.23-19.55.57:522][  0]LogConfig: Setting CVar [[r.Shadow.MaxCSMResolution:2048]]
[2022.11.23-19.55.57:522][  0]LogConfig: Setting CVar [[r.Shadow.RadiusThreshold:0.01]]
[2022.11.23-19.55.57:522][  0]LogConfig: Setting CVar [[r.Shadow.DistanceScale:1.0]]
[2022.11.23-19.55.57:522][  0]LogConfig: Setting CVar [[r.Shadow.CSM.TransitionScale:1.0]]
[2022.11.23-19.55.57:522][  0]LogConfig: Setting CVar [[r.Shadow.PreShadowResolutionFactor:1.0]]
[2022.11.23-19.55.57:522][  0]LogConfig: Setting CVar [[r.DistanceFieldShadowing:1]]
[2022.11.23-19.55.57:522][  0]LogConfig: Setting CVar [[r.DistanceFieldAO:1]]
[2022.11.23-19.55.57:522][  0]LogConfig: Setting CVar [[r.AOQuality:2]]
[2022.11.23-19.55.57:522][  0]LogConfig: Setting CVar [[r.VolumetricFog:1]]
[2022.11.23-19.55.57:522][  0]LogConfig: Setting CVar [[r.VolumetricFog.GridPixelSize:8]]
[2022.11.23-19.55.57:522][  0]LogConfig: Setting CVar [[r.VolumetricFog.GridSizeZ:128]]
[2022.11.23-19.55.57:522][  0]LogConfig: Setting CVar [[r.VolumetricFog.HistoryMissSupersampleCount:4]]
[2022.11.23-19.55.57:522][  0]LogConfig: Setting CVar [[r.LightMaxDrawDistanceScale:1]]
[2022.11.23-19.55.57:522][  0]LogConfig: Setting CVar [[r.CapsuleShadows:1]]
[2022.11.23-19.55.57:522][  0]LogConfig: Applying CVar settings from Section [PostProcessQuality@3] File [C:/Users/gizem/Downloads/SideScroller_V422/SideScroller_V422/SideScroller_V422/Saved/Config/Windows/Scalability.ini]
[2022.11.23-19.55.57:522][  0]LogConfig: Setting CVar [[r.MotionBlurQuality:4]]
[2022.11.23-19.55.57:522][  0]LogConfig: Setting CVar [[r.AmbientOcclusionMipLevelFactor:0.4]]
[2022.11.23-19.55.57:522][  0]LogConfig: Setting CVar [[r.AmbientOcclusionMaxQuality:100]]
[2022.11.23-19.55.57:522][  0]LogConfig: Setting CVar [[r.AmbientOcclusionLevels:-1]]
[2022.11.23-19.55.57:522][  0]LogConfig: Setting CVar [[r.AmbientOcclusionRadiusScale:1.0]]
[2022.11.23-19.55.57:522][  0]LogConfig: Setting CVar [[r.DepthOfFieldQuality:2]]
[2022.11.23-19.55.57:522][  0]LogConfig: Setting CVar [[r.RenderTargetPoolMin:400]]
[2022.11.23-19.55.57:522][  0]LogConfig: Setting CVar [[r.LensFlareQuality:2]]
[2022.11.23-19.55.57:522][  0]LogConfig: Setting CVar [[r.SceneColorFringeQuality:1]]
[2022.11.23-19.55.57:522][  0]LogConfig: Setting CVar [[r.EyeAdaptationQuality:2]]
[2022.11.23-19.55.57:522][  0]LogConfig: Setting CVar [[r.BloomQuality:5]]
[2022.11.23-19.55.57:522][  0]LogConfig: Setting CVar [[r.FastBlurThreshold:100]]
[2022.11.23-19.55.57:522][  0]LogConfig: Setting CVar [[r.Upscale.Quality:3]]
[2022.11.23-19.55.57:522][  0]LogConfig: Setting CVar [[r.Tonemapper.GrainQuantization:1]]
[2022.11.23-19.55.57:522][  0]LogConfig: Setting CVar [[r.LightShaftQuality:1]]
[2022.11.23-19.55.57:522][  0]LogConfig: Setting CVar [[r.Filter.SizeScale:1]]
[2022.11.23-19.55.57:522][  0]LogConfig: Setting CVar [[r.Tonemapper.Quality:5]]
[2022.11.23-19.55.57:522][  0]LogConfig: Setting CVar [[r.DOF.Gather.AccumulatorQuality:1        ; higher gathering accumulator quality]]
[2022.11.23-19.55.57:522][  0]LogConfig: Setting CVar [[r.DOF.Gather.PostfilterMethod:1          ; Median3x3 postfilering method]]
[2022.11.23-19.55.57:522][  0]LogConfig: Setting CVar [[r.DOF.Gather.EnableBokehSettings:0       ; no bokeh simulation when gathering]]
[2022.11.23-19.55.57:522][  0]LogConfig: Setting CVar [[r.DOF.Gather.RingCount:4                 ; medium number of samples when gathering]]
[2022.11.23-19.55.57:522][  0]LogConfig: Setting CVar [[r.DOF.Scatter.ForegroundCompositing:1    ; additive foreground scattering]]
[2022.11.23-19.55.57:522][  0]LogConfig: Setting CVar [[r.DOF.Scatter.BackgroundCompositing:2    ; additive background scattering]]
[2022.11.23-19.55.57:522][  0]LogConfig: Setting CVar [[r.DOF.Scatter.EnableBokehSettings:1      ; bokeh simulation when scattering]]
[2022.11.23-19.55.57:522][  0]LogConfig: Setting CVar [[r.DOF.Scatter.MaxSpriteRatio:0.1         ; only a maximum of 10% of scattered bokeh]]
[2022.11.23-19.55.57:522][  0]LogConfig: Setting CVar [[r.DOF.Recombine.Quality:1                ; cheap slight out of focus]]
[2022.11.23-19.55.57:522][  0]LogConfig: Setting CVar [[r.DOF.Recombine.EnableBokehSettings:0    ; no bokeh simulation on slight out of focus]]
[2022.11.23-19.55.57:522][  0]LogConfig: Setting CVar [[r.DOF.TemporalAAQuality:1                ; more stable temporal accumulation]]
[2022.11.23-19.55.57:522][  0]LogConfig: Setting CVar [[r.DOF.Kernel.MaxForegroundRadius:0.025]]
[2022.11.23-19.55.57:522][  0]LogConfig: Setting CVar [[r.DOF.Kernel.MaxBackgroundRadius:0.025]]
[2022.11.23-19.55.57:522][  0]LogConfig: Applying CVar settings from Section [TextureQuality@3] File [C:/Users/gizem/Downloads/SideScroller_V422/SideScroller_V422/SideScroller_V422/Saved/Config/Windows/Scalability.ini]
[2022.11.23-19.55.57:522][  0]LogConfig: Setting CVar [[r.Streaming.MipBias:0]]
[2022.11.23-19.55.57:522][  0]LogConfig: Setting CVar [[r.Streaming.AmortizeCPUToGPUCopy:0]]
[2022.11.23-19.55.57:522][  0]LogConfig: Setting CVar [[r.Streaming.MaxNumTexturesToStreamPerFrame:0]]
[2022.11.23-19.55.57:522][  0]LogConfig: Setting CVar [[r.Streaming.Boost:1]]
[2022.11.23-19.55.57:522][  0]LogConfig: Setting CVar [[r.MaxAnisotropy:8]]
[2022.11.23-19.55.57:522][  0]LogConfig: Setting CVar [[r.VT.MaxAnisotropy:8]]
[2022.11.23-19.55.57:522][  0]LogConfig: Setting CVar [[r.Streaming.LimitPoolSizeToVRAM:0]]
[2022.11.23-19.55.57:522][  0]LogConfig: Setting CVar [[r.Streaming.PoolSize:1000]]
[2022.11.23-19.55.57:522][  0]LogConfig: Setting CVar [[r.Streaming.MaxEffectiveScreenSize:0]]
[2022.11.23-19.55.57:522][  0]LogConfig: Applying CVar settings from Section [EffectsQuality@3] File [C:/Users/gizem/Downloads/SideScroller_V422/SideScroller_V422/SideScroller_V422/Saved/Config/Windows/Scalability.ini]
[2022.11.23-19.55.57:522][  0]LogConfig: Setting CVar [[r.TranslucencyLightingVolumeDim:64]]
[2022.11.23-19.55.57:522][  0]LogConfig: Setting CVar [[r.RefractionQuality:2]]
[2022.11.23-19.55.57:522][  0]LogConfig: Setting CVar [[r.SSR.Quality:3]]
[2022.11.23-19.55.57:522][  0]LogConfig: Setting CVar [[r.SSR.HalfResSceneColor:0]]
[2022.11.23-19.55.57:522][  0]LogConfig: Setting CVar [[r.SceneColorFormat:4]]
[2022.11.23-19.55.57:522][  0]LogConfig: Setting CVar [[r.DetailMode:2]]
[2022.11.23-19.55.57:522][  0]LogConfig: Setting CVar [[r.TranslucencyVolumeBlur:1]]
[2022.11.23-19.55.57:522][  0]LogConfig: Setting CVar [[r.MaterialQualityLevel:1 ; High quality]]
[2022.11.23-19.55.57:522][  0]LogConfig: Setting CVar [[r.AnisotropicMaterials:1]]
[2022.11.23-19.55.57:522][  0]LogConfig: Setting CVar [[r.SSS.Scale:1]]
[2022.11.23-19.55.57:522][  0]LogConfig: Setting CVar [[r.SSS.SampleSet:2]]
[2022.11.23-19.55.57:522][  0]LogConfig: Setting CVar [[r.SSS.Quality:1]]
[2022.11.23-19.55.57:522][  0]LogConfig: Setting CVar [[r.SSS.HalfRes:0]]
[2022.11.23-19.55.57:522][  0]LogConfig: Setting CVar [[r.SSGI.Quality:3]]
[2022.11.23-19.55.57:522][  0]LogConfig: Setting CVar [[r.EmitterSpawnRateScale:1.0]]
[2022.11.23-19.55.57:522][  0]LogConfig: Setting CVar [[r.ParticleLightQuality:2]]
[2022.11.23-19.55.57:522][  0]LogConfig: Setting CVar [[r.SkyAtmosphere.AerialPerspectiveLUT.FastApplyOnOpaque:1 ; Always have FastSkyLUT 1 in this case to avoid wrong sky]]
[2022.11.23-19.55.57:522][  0]LogConfig: Setting CVar [[r.SkyAtmosphere.AerialPerspectiveLUT.SampleCountMaxPerSlice:4]]
[2022.11.23-19.55.57:522][  0]LogConfig: Setting CVar [[r.SkyAtmosphere.AerialPerspectiveLUT.DepthResolution:16.0]]
[2022.11.23-19.55.57:522][  0]LogConfig: Setting CVar [[r.SkyAtmosphere.FastSkyLUT:1]]
[2022.11.23-19.55.57:522][  0]LogConfig: Setting CVar [[r.SkyAtmosphere.FastSkyLUT.SampleCountMin:4.0]]
[2022.11.23-19.55.57:523][  0]LogConfig: Setting CVar [[r.SkyAtmosphere.FastSkyLUT.SampleCountMax:128.0]]
[2022.11.23-19.55.57:523][  0]LogConfig: Setting CVar [[r.SkyAtmosphere.SampleCountMin:4.0]]
[2022.11.23-19.55.57:523][  0]LogConfig: Setting CVar [[r.SkyAtmosphere.SampleCountMax:128.0]]
[2022.11.23-19.55.57:523][  0]LogConfig: Setting CVar [[r.SkyAtmosphere.TransmittanceLUT.UseSmallFormat:0]]
[2022.11.23-19.55.57:523][  0]LogConfig: Setting CVar [[r.SkyAtmosphere.TransmittanceLUT.SampleCount:10.0]]
[2022.11.23-19.55.57:523][  0]LogConfig: Setting CVar [[r.SkyAtmosphere.MultiScatteringLUT.SampleCount:15.0]]
[2022.11.23-19.55.57:523][  0]LogConfig: Setting CVar [[r.SkyLight.RealTimeReflectionCapture:1]]
[2022.11.23-19.55.57:523][  0]LogConfig: Applying CVar settings from Section [FoliageQuality@3] File [C:/Users/gizem/Downloads/SideScroller_V422/SideScroller_V422/SideScroller_V422/Saved/Config/Windows/Scalability.ini]
[2022.11.23-19.55.57:523][  0]LogConfig: Setting CVar [[foliage.DensityScale:1.0]]
[2022.11.23-19.55.57:523][  0]LogConfig: Setting CVar [[grass.DensityScale:1.0]]
[2022.11.23-19.55.57:523][  0]LogConfig: Applying CVar settings from Section [ShadingQuality@3] File [C:/Users/gizem/Downloads/SideScroller_V422/SideScroller_V422/SideScroller_V422/Saved/Config/Windows/Scalability.ini]
[2022.11.23-19.55.57:523][  0]LogConfig: Setting CVar [[r.HairStrands.SkyLighting.IntegrationType:2]]
[2022.11.23-19.55.57:523][  0]LogConfig: Setting CVar [[r.HairStrands.SkyAO.SampleCount:4]]
[2022.11.23-19.55.57:523][  0]LogConfig: Setting CVar [[r.HairStrands.Visibility.MSAA.SamplePerPixel:4]]
[2022.11.23-19.55.57:523][  0]LogInit: Selected Device Profile: [Windows]
[2022.11.23-19.55.57:523][  0]LogInit: Applying CVar settings loaded from the selected device profile: [Windows]
[2022.11.23-19.55.57:523][  0]LogHAL: Display: Platform has ~ 32 GB [34050162688 / 34359738368 / 32], which maps to Largest [LargestMinGB=32, LargerMinGB=12, DefaultMinGB=8, SmallerMinGB=6, SmallestMinGB=0)
[2022.11.23-19.55.57:523][  0]LogInit: Going up to parent DeviceProfile []
[2022.11.23-19.55.57:523][  0]LogConfig: Applying CVar settings from Section [ViewDistanceQuality@3] File [C:/Users/gizem/Downloads/SideScroller_V422/SideScroller_V422/SideScroller_V422/Saved/Config/Windows/Scalability.ini]
[2022.11.23-19.55.57:523][  0]LogConfig: Setting CVar [[r.SkeletalMeshLODBias:0]]
[2022.11.23-19.55.57:523][  0]LogConfig: Setting CVar [[r.ViewDistanceScale:1.0]]
[2022.11.23-19.55.57:523][  0]LogConfig: Applying CVar settings from Section [AntiAliasingQuality@3] File [C:/Users/gizem/Downloads/SideScroller_V422/SideScroller_V422/SideScroller_V422/Saved/Config/Windows/Scalability.ini]
[2022.11.23-19.55.57:523][  0]LogConfig: Setting CVar [[r.PostProcessAAQuality:4]]
[2022.11.23-19.55.57:523][  0]LogConfig: Applying CVar settings from Section [ShadowQuality@3] File [C:/Users/gizem/Downloads/SideScroller_V422/SideScroller_V422/SideScroller_V422/Saved/Config/Windows/Scalability.ini]
[2022.11.23-19.55.57:523][  0]LogConfig: Setting CVar [[r.LightFunctionQuality:1]]
[2022.11.23-19.55.57:523][  0]LogConfig: Setting CVar [[r.ShadowQuality:5]]
[2022.11.23-19.55.57:523][  0]LogConfig: Setting CVar [[r.Shadow.CSM.MaxCascades:10]]
[2022.11.23-19.55.57:523][  0]LogConfig: Setting CVar [[r.Shadow.MaxResolution:2048]]
[2022.11.23-19.55.57:523][  0]LogConfig: Setting CVar [[r.Shadow.MaxCSMResolution:2048]]
[2022.11.23-19.55.57:523][  0]LogConfig: Setting CVar [[r.Shadow.RadiusThreshold:0.01]]
[2022.11.23-19.55.57:523][  0]LogConfig: Setting CVar [[r.Shadow.DistanceScale:1.0]]
[2022.11.23-19.55.57:523][  0]LogConfig: Setting CVar [[r.Shadow.CSM.TransitionScale:1.0]]
[2022.11.23-19.55.57:523][  0]LogConfig: Setting CVar [[r.Shadow.PreShadowResolutionFactor:1.0]]
[2022.11.23-19.55.57:523][  0]LogConfig: Setting CVar [[r.DistanceFieldShadowing:1]]
[2022.11.23-19.55.57:523][  0]LogConfig: Setting CVar [[r.DistanceFieldAO:1]]
[2022.11.23-19.55.57:523][  0]LogConfig: Setting CVar [[r.AOQuality:2]]
[2022.11.23-19.55.57:523][  0]LogConfig: Setting CVar [[r.VolumetricFog:1]]
[2022.11.23-19.55.57:523][  0]LogConfig: Setting CVar [[r.VolumetricFog.GridPixelSize:8]]
[2022.11.23-19.55.57:523][  0]LogConfig: Setting CVar [[r.VolumetricFog.GridSizeZ:128]]
[2022.11.23-19.55.57:523][  0]LogConfig: Setting CVar [[r.VolumetricFog.HistoryMissSupersampleCount:4]]
[2022.11.23-19.55.57:523][  0]LogConfig: Setting CVar [[r.LightMaxDrawDistanceScale:1]]
[2022.11.23-19.55.57:523][  0]LogConfig: Setting CVar [[r.CapsuleShadows:1]]
[2022.11.23-19.55.57:523][  0]LogConfig: Applying CVar settings from Section [PostProcessQuality@3] File [C:/Users/gizem/Downloads/SideScroller_V422/SideScroller_V422/SideScroller_V422/Saved/Config/Windows/Scalability.ini]
[2022.11.23-19.55.57:523][  0]LogConfig: Setting CVar [[r.MotionBlurQuality:4]]
[2022.11.23-19.55.57:523][  0]LogConfig: Setting CVar [[r.AmbientOcclusionMipLevelFactor:0.4]]
[2022.11.23-19.55.57:523][  0]LogConfig: Setting CVar [[r.AmbientOcclusionMaxQuality:100]]
[2022.11.23-19.55.57:523][  0]LogConfig: Setting CVar [[r.AmbientOcclusionLevels:-1]]
[2022.11.23-19.55.57:523][  0]LogConfig: Setting CVar [[r.AmbientOcclusionRadiusScale:1.0]]
[2022.11.23-19.55.57:523][  0]LogConfig: Setting CVar [[r.DepthOfFieldQuality:2]]
[2022.11.23-19.55.57:523][  0]LogConfig: Setting CVar [[r.RenderTargetPoolMin:400]]
[2022.11.23-19.55.57:523][  0]LogConfig: Setting CVar [[r.LensFlareQuality:2]]
[2022.11.23-19.55.57:523][  0]LogConfig: Setting CVar [[r.SceneColorFringeQuality:1]]
[2022.11.23-19.55.57:523][  0]LogConfig: Setting CVar [[r.EyeAdaptationQuality:2]]
[2022.11.23-19.55.57:523][  0]LogConfig: Setting CVar [[r.BloomQuality:5]]
[2022.11.23-19.55.57:523][  0]LogConfig: Setting CVar [[r.FastBlurThreshold:100]]
[2022.11.23-19.55.57:523][  0]LogConfig: Setting CVar [[r.Upscale.Quality:3]]
[2022.11.23-19.55.57:523][  0]LogConfig: Setting CVar [[r.Tonemapper.GrainQuantization:1]]
[2022.11.23-19.55.57:523][  0]LogConfig: Setting CVar [[r.LightShaftQuality:1]]
[2022.11.23-19.55.57:523][  0]LogConfig: Setting CVar [[r.Filter.SizeScale:1]]
[2022.11.23-19.55.57:523][  0]LogConfig: Setting CVar [[r.Tonemapper.Quality:5]]
[2022.11.23-19.55.57:523][  0]LogConfig: Setting CVar [[r.DOF.Gather.AccumulatorQuality:1        ; higher gathering accumulator quality]]
[2022.11.23-19.55.57:523][  0]LogConfig: Setting CVar [[r.DOF.Gather.PostfilterMethod:1          ; Median3x3 postfilering method]]
[2022.11.23-19.55.57:523][  0]LogConfig: Setting CVar [[r.DOF.Gather.EnableBokehSettings:0       ; no bokeh simulation when gathering]]
[2022.11.23-19.55.57:523][  0]LogConfig: Setting CVar [[r.DOF.Gather.RingCount:4                 ; medium number of samples when gathering]]
[2022.11.23-19.55.57:523][  0]LogConfig: Setting CVar [[r.DOF.Scatter.ForegroundCompositing:1    ; additive foreground scattering]]
[2022.11.23-19.55.57:523][  0]LogConfig: Setting CVar [[r.DOF.Scatter.BackgroundCompositing:2    ; additive background scattering]]
[2022.11.23-19.55.57:523][  0]LogConfig: Setting CVar [[r.DOF.Scatter.EnableBokehSettings:1      ; bokeh simulation when scattering]]
[2022.11.23-19.55.57:523][  0]LogConfig: Setting CVar [[r.DOF.Scatter.MaxSpriteRatio:0.1         ; only a maximum of 10% of scattered bokeh]]
[2022.11.23-19.55.57:523][  0]LogConfig: Setting CVar [[r.DOF.Recombine.Quality:1                ; cheap slight out of focus]]
[2022.11.23-19.55.57:523][  0]LogConfig: Setting CVar [[r.DOF.Recombine.EnableBokehSettings:0    ; no bokeh simulation on slight out of focus]]
[2022.11.23-19.55.57:523][  0]LogConfig: Setting CVar [[r.DOF.TemporalAAQuality:1                ; more stable temporal accumulation]]
[2022.11.23-19.55.57:523][  0]LogConfig: Setting CVar [[r.DOF.Kernel.MaxForegroundRadius:0.025]]
[2022.11.23-19.55.57:523][  0]LogConfig: Setting CVar [[r.DOF.Kernel.MaxBackgroundRadius:0.025]]
[2022.11.23-19.55.57:523][  0]LogConfig: Applying CVar settings from Section [TextureQuality@3] File [C:/Users/gizem/Downloads/SideScroller_V422/SideScroller_V422/SideScroller_V422/Saved/Config/Windows/Scalability.ini]
[2022.11.23-19.55.57:523][  0]LogConfig: Setting CVar [[r.Streaming.MipBias:0]]
[2022.11.23-19.55.57:523][  0]LogConfig: Setting CVar [[r.Streaming.AmortizeCPUToGPUCopy:0]]
[2022.11.23-19.55.57:523][  0]LogConfig: Setting CVar [[r.Streaming.MaxNumTexturesToStreamPerFrame:0]]
[2022.11.23-19.55.57:523][  0]LogConfig: Setting CVar [[r.Streaming.Boost:1]]
[2022.11.23-19.55.57:523][  0]LogConfig: Setting CVar [[r.MaxAnisotropy:8]]
[2022.11.23-19.55.57:523][  0]LogConfig: Setting CVar [[r.VT.MaxAnisotropy:8]]
[2022.11.23-19.55.57:523][  0]LogConfig: Setting CVar [[r.Streaming.LimitPoolSizeToVRAM:0]]
[2022.11.23-19.55.57:523][  0]LogConfig: Setting CVar [[r.Streaming.PoolSize:1000]]
[2022.11.23-19.55.57:523][  0]LogConfig: Setting CVar [[r.Streaming.MaxEffectiveScreenSize:0]]
[2022.11.23-19.55.57:523][  0]LogConfig: Applying CVar settings from Section [EffectsQuality@3] File [C:/Users/gizem/Downloads/SideScroller_V422/SideScroller_V422/SideScroller_V422/Saved/Config/Windows/Scalability.ini]
[2022.11.23-19.55.57:523][  0]LogConfig: Setting CVar [[r.TranslucencyLightingVolumeDim:64]]
[2022.11.23-19.55.57:523][  0]LogConfig: Setting CVar [[r.RefractionQuality:2]]
[2022.11.23-19.55.57:523][  0]LogConfig: Setting CVar [[r.SSR.Quality:3]]
[2022.11.23-19.55.57:523][  0]LogConfig: Setting CVar [[r.SSR.HalfResSceneColor:0]]
[2022.11.23-19.55.57:523][  0]LogConfig: Setting CVar [[r.SceneColorFormat:4]]
[2022.11.23-19.55.57:523][  0]LogConfig: Setting CVar [[r.DetailMode:2]]
[2022.11.23-19.55.57:523][  0]LogConfig: Setting CVar [[r.TranslucencyVolumeBlur:1]]
[2022.11.23-19.55.57:523][  0]LogConfig: Setting CVar [[r.MaterialQualityLevel:1 ; High quality]]
[2022.11.23-19.55.57:523][  0]LogConfig: Setting CVar [[r.AnisotropicMaterials:1]]
[2022.11.23-19.55.57:523][  0]LogConfig: Setting CVar [[r.SSS.Scale:1]]
[2022.11.23-19.55.57:523][  0]LogConfig: Setting CVar [[r.SSS.SampleSet:2]]
[2022.11.23-19.55.57:523][  0]LogConfig: Setting CVar [[r.SSS.Quality:1]]
[2022.11.23-19.55.57:523][  0]LogConfig: Setting CVar [[r.SSS.HalfRes:0]]
[2022.11.23-19.55.57:523][  0]LogConfig: Setting CVar [[r.SSGI.Quality:3]]
[2022.11.23-19.55.57:523][  0]LogConfig: Setting CVar [[r.EmitterSpawnRateScale:1.0]]
[2022.11.23-19.55.57:523][  0]LogConfig: Setting CVar [[r.ParticleLightQuality:2]]
[2022.11.23-19.55.57:523][  0]LogConfig: Setting CVar [[r.SkyAtmosphere.AerialPerspectiveLUT.FastApplyOnOpaque:1 ; Always have FastSkyLUT 1 in this case to avoid wrong sky]]
[2022.11.23-19.55.57:523][  0]LogConfig: Setting CVar [[r.SkyAtmosphere.AerialPerspectiveLUT.SampleCountMaxPerSlice:4]]
[2022.11.23-19.55.57:523][  0]LogConfig: Setting CVar [[r.SkyAtmosphere.AerialPerspectiveLUT.DepthResolution:16.0]]
[2022.11.23-19.55.57:523][  0]LogConfig: Setting CVar [[r.SkyAtmosphere.FastSkyLUT:1]]
[2022.11.23-19.55.57:523][  0]LogConfig: Setting CVar [[r.SkyAtmosphere.FastSkyLUT.SampleCountMin:4.0]]
[2022.11.23-19.55.57:523][  0]LogConfig: Setting CVar [[r.SkyAtmosphere.FastSkyLUT.SampleCountMax:128.0]]
[2022.11.23-19.55.57:523][  0]LogConfig: Setting CVar [[r.SkyAtmosphere.SampleCountMin:4.0]]
[2022.11.23-19.55.57:523][  0]LogConfig: Setting CVar [[r.SkyAtmosphere.SampleCountMax:128.0]]
[2022.11.23-19.55.57:523][  0]LogConfig: Setting CVar [[r.SkyAtmosphere.TransmittanceLUT.UseSmallFormat:0]]
[2022.11.23-19.55.57:523][  0]LogConfig: Setting CVar [[r.SkyAtmosphere.TransmittanceLUT.SampleCount:10.0]]
[2022.11.23-19.55.57:524][  0]LogConfig: Setting CVar [[r.SkyAtmosphere.MultiScatteringLUT.SampleCount:15.0]]
[2022.11.23-19.55.57:524][  0]LogConfig: Setting CVar [[r.SkyLight.RealTimeReflectionCapture:1]]
[2022.11.23-19.55.57:524][  0]LogConfig: Applying CVar settings from Section [FoliageQuality@3] File [C:/Users/gizem/Downloads/SideScroller_V422/SideScroller_V422/SideScroller_V422/Saved/Config/Windows/Scalability.ini]
[2022.11.23-19.55.57:524][  0]LogConfig: Setting CVar [[foliage.DensityScale:1.0]]
[2022.11.23-19.55.57:524][  0]LogConfig: Setting CVar [[grass.DensityScale:1.0]]
[2022.11.23-19.55.57:524][  0]LogConfig: Applying CVar settings from Section [ShadingQuality@3] File [C:/Users/gizem/Downloads/SideScroller_V422/SideScroller_V422/SideScroller_V422/Saved/Config/Windows/Scalability.ini]
[2022.11.23-19.55.57:524][  0]LogConfig: Setting CVar [[r.HairStrands.SkyLighting.IntegrationType:2]]
[2022.11.23-19.55.57:524][  0]LogConfig: Setting CVar [[r.HairStrands.SkyAO.SampleCount:4]]
[2022.11.23-19.55.57:524][  0]LogConfig: Setting CVar [[r.HairStrands.Visibility.MSAA.SamplePerPixel:4]]
[2022.11.23-19.55.57:524][  0]LogConfig: Applying CVar settings from Section [Startup] File [../../../Engine/Config/ConsoleVariables.ini]
[2022.11.23-19.55.57:524][  0]LogConfig: Setting CVar [[net.UseAdaptiveNetUpdateFrequency:0]]
[2022.11.23-19.55.57:524][  0]LogConfig: Setting CVar [[p.chaos.AllowCreatePhysxBodies:1]]
[2022.11.23-19.55.57:524][  0]LogConfig: Setting CVar [[fx.SkipVectorVMBackendOptimizations:1]]
[2022.11.23-19.55.57:524][  0]LogConfig: Applying CVar settings from Section [ConsoleVariables] File [C:/Users/gizem/Downloads/SideScroller_V422/SideScroller_V422/SideScroller_V422/Saved/Config/Windows/Engine.ini]
[2022.11.23-19.55.57:524][  0]LogConfig: Applying CVar settings from Section [ConsoleVariables] File [C:/Users/gizem/Downloads/SideScroller_V422/SideScroller_V422/SideScroller_V422/Saved/Config/Windows/Editor.ini]
[2022.11.23-19.55.57:524][  0]LogInit: Computer: MSI
[2022.11.23-19.55.57:524][  0]LogInit: User: gizem
[2022.11.23-19.55.57:524][  0]LogInit: CPU Page size=4096, Cores=14
[2022.11.23-19.55.57:524][  0]LogInit: High frequency timer resolution =10.000000 MHz
[2022.11.23-19.55.57:524][  0]LogMemory: Memory total: Physical=31.7GB (32GB approx)
[2022.11.23-19.55.57:524][  0]LogMemory: Platform Memory Stats for Windows
[2022.11.23-19.55.57:524][  0]LogMemory: Process Physical Memory: 151.30 MB used, 151.30 MB peak
[2022.11.23-19.55.57:524][  0]LogMemory: Process Virtual Memory: 135.10 MB used, 135.10 MB peak
[2022.11.23-19.55.57:524][  0]LogMemory: Physical Memory: 13014.96 MB used,  19457.80 MB free, 32472.77 MB total
[2022.11.23-19.55.57:524][  0]LogMemory: Virtual Memory: 134197640.00 MB used,  20090.58 MB free, 134217728.00 MB total
[2022.11.23-19.55.57:550][  0]LogWindows: WindowsPlatformFeatures enabled
[2022.11.23-19.55.57:584][  0]LogInit: Physics initialised using underlying interface: PhysX
[2022.11.23-19.55.57:584][  0]LogInit: Using OS detected language (en-US).
[2022.11.23-19.55.57:584][  0]LogInit: Using OS detected locale (en-CA).
[2022.11.23-19.55.57:585][  0]LogTextLocalizationManager: No specific localization for 'en-US' exists, so the 'en' localization will be used.
[2022.11.23-19.55.57:735][  0]LogWindowsTextInputMethodSystem: Display: IME system deactivated.
[2022.11.23-19.55.57:764][  0]LogSlate: New Slate User Created.  User Index 0, Is Virtual User: 0
[2022.11.23-19.55.57:764][  0]LogSlate: Slate User Registered.  User Index 0, Is Virtual User: 0
[2022.11.23-19.55.57:781][  0]LogD3D11RHI: Loaded GFSDK_Aftermath_Lib.x64.dll
[2022.11.23-19.55.57:816][  0]LogHMD: Failed to initialize OpenVR with code 110
[2022.11.23-19.55.57:816][  0]LogD3D11RHI: D3D11 min allowed feature level: 11_0
[2022.11.23-19.55.57:816][  0]LogD3D11RHI: D3D11 max allowed feature level: 11_0
[2022.11.23-19.55.57:816][  0]LogD3D11RHI: D3D11 adapters:
[2022.11.23-19.55.57:877][  0]LogD3D11RHI:    0. 'NVIDIA GeForce RTX 3070 Laptop GPU' (Feature Level 11_0)
[2022.11.23-19.55.57:877][  0]LogD3D11RHI:       8044/0/16236 MB DedicatedVideo/DedicatedSystem/SharedSystem, Outputs:1, VendorId:0x10de
[2022.11.23-19.55.57:915][  0]LogD3D11RHI:    1. 'Intel(R) Iris(R) Xe Graphics' (Feature Level 11_0)
[2022.11.23-19.55.57:915][  0]LogD3D11RHI:       128/0/16236 MB DedicatedVideo/DedicatedSystem/SharedSystem, Outputs:0, VendorId:0x8086
[2022.11.23-19.55.57:917][  0]LogD3D11RHI:    2. 'Microsoft Basic Render Driver' (Feature Level 11_0)
[2022.11.23-19.55.57:917][  0]LogD3D11RHI:       0/0/16236 MB DedicatedVideo/DedicatedSystem/SharedSystem, Outputs:0, VendorId:0x1414
[2022.11.23-19.55.57:917][  0]LogD3D11RHI: Chosen D3D11 Adapter:
[2022.11.23-19.55.57:917][  0]LogD3D11RHI:     Description : NVIDIA GeForce RTX 3070 Laptop GPU
[2022.11.23-19.55.57:917][  0]LogD3D11RHI:     VendorId    : 10de
[2022.11.23-19.55.57:917][  0]LogD3D11RHI:     DeviceId    : 249d
[2022.11.23-19.55.57:917][  0]LogD3D11RHI:     SubSysId    : 13331462
[2022.11.23-19.55.57:917][  0]LogD3D11RHI:     Revision    : 00a1
[2022.11.23-19.55.57:917][  0]LogD3D11RHI:     DedicatedVideoMemory : 8434745344 bytes
[2022.11.23-19.55.57:917][  0]LogD3D11RHI:     DedicatedSystemMemory : 0 bytes
[2022.11.23-19.55.57:917][  0]LogD3D11RHI:     SharedSystemMemory : 17025081344 bytes
[2022.11.23-19.55.57:917][  0]LogD3D11RHI:     AdapterLuid : 0 68013
[2022.11.23-19.55.57:922][  0]LogD3D11RHI: Creating new Direct3DDevice
[2022.11.23-19.55.57:922][  0]LogD3D11RHI:     GPU DeviceId: 0x249d (for the marketing name, search the web for "GPU Device Id")
[2022.11.23-19.55.57:922][  0]LogWindows: EnumDisplayDevices:
[2022.11.23-19.55.57:922][  0]LogWindows:    0. 'Intel(R) Iris(R) Xe Graphics' (P:1 D:1)
[2022.11.23-19.55.57:922][  0]LogWindows:    1. 'Intel(R) Iris(R) Xe Graphics' (P:0 D:0)
[2022.11.23-19.55.57:922][  0]LogWindows:    2. 'Intel(R) Iris(R) Xe Graphics' (P:0 D:0)
[2022.11.23-19.55.57:922][  0]LogWindows:    3. 'NVIDIA GeForce RTX 3070 Laptop GPU' (P:0 D:0)
[2022.11.23-19.55.57:922][  0]LogWindows: DebugString: PrimaryIsNotTheChoosenAdapter PrimaryIsNotTheChoosenAdapter PrimaryIsNotTheChoosenAdapter 
[2022.11.23-19.55.57:922][  0]LogD3D11RHI:     Adapter Name: NVIDIA GeForce RTX 3070 Laptop GPU
[2022.11.23-19.55.57:922][  0]LogD3D11RHI:   Driver Version: 517.48 (internal:31.0.15.1748, unified:517.48)
[2022.11.23-19.55.57:922][  0]LogD3D11RHI:      Driver Date: 9-21-2022
[2022.11.23-19.55.57:922][  0]LogRHI: Texture pool is 5630 MB (70% of 8044 MB)
[2022.11.23-19.55.57:922][  0]LogD3D11RHI: Creating D3DDevice using adapter:
[2022.11.23-19.55.57:922][  0]LogD3D11RHI:     Description : NVIDIA GeForce RTX 3070 Laptop GPU
[2022.11.23-19.55.57:922][  0]LogD3D11RHI:     VendorId    : 10de
[2022.11.23-19.55.57:922][  0]LogD3D11RHI:     DeviceId    : 249d
[2022.11.23-19.55.57:922][  0]LogD3D11RHI:     SubSysId    : 13331462
[2022.11.23-19.55.57:922][  0]LogD3D11RHI:     Revision    : 00a1
[2022.11.23-19.55.57:922][  0]LogD3D11RHI:     DedicatedVideoMemory : 8434745344 bytes
[2022.11.23-19.55.57:922][  0]LogD3D11RHI:     DedicatedSystemMemory : 0 bytes
[2022.11.23-19.55.57:922][  0]LogD3D11RHI:     SharedSystemMemory : 17025081344 bytes
[2022.11.23-19.55.57:922][  0]LogD3D11RHI:     AdapterLuid : 0 68013
[2022.11.23-19.55.57:960][  0]LogD3D11RHI: RHI has support for 64 bit atomics
[2022.11.23-19.55.57:960][  0]LogD3D11RHI: Async texture creation enabled
[2022.11.23-19.55.57:960][  0]LogD3D11RHI: Array index from any shader is supported
[2022.11.23-19.55.57:972][  0]LogD3D11RHI: GPU Timing Frequency: 1000.000000 (Debug: 2 1)
[2022.11.23-19.55.58:008][  0]LogRHI: GeForceNow SDK initialized: 1
[2022.11.23-19.55.58:225][  0]LogTargetPlatformManager: Display: Loaded TargetPlatform 'WindowsNoEditor'
[2022.11.23-19.55.58:228][  0]LogTargetPlatformManager: Display: Loaded TargetPlatform 'Windows'
[2022.11.23-19.55.58:231][  0]LogTargetPlatformManager: Display: Loaded TargetPlatform 'WindowsClient'
[2022.11.23-19.55.58:233][  0]LogTargetPlatformManager: Display: Loaded TargetPlatform 'WindowsServer'
[2022.11.23-19.55.58:233][  0]LogTargetPlatformManager: Display: Building Assets For Windows
[2022.11.23-19.55.58:238][  0]LogAudioDebug: Display: Lib vorbis DLL was dynamically loaded.
[2022.11.23-19.55.58:258][  0]LogTextureFormatOodle: Display: Oodle Texture 2.9.0 init RDO Off
[2022.11.23-19.55.58:279][  0]LogRendererCore: Ray tracing is disabled. Reason: r.RayTracing=0.
[2022.11.23-19.55.58:280][  0]LogShaderCompilers: Guid format shader working directory is -48 characters bigger than the processId version (../../../../../../Users/gizem/Downloads/SideScroller_V422/SideScroller_V422/SideScroller_V422/Intermediate/Shaders/WorkingDirectory/61480/).
[2022.11.23-19.55.58:280][  0]LogShaderCompilers: Cleaned the shader compiler working directory 'C:/Users/gizem/AppData/Local/Temp/UnrealShaderWorkingDir/E4426A1D4692A2B797683DB029C197C8/'.
[2022.11.23-19.55.58:280][  0]LogXGEController: Cannot use XGE Controller as Incredibuild is not installed on this machine.
[2022.11.23-19.55.58:280][  0]LogShaderCompilers: Cannot use XGE Shader Compiler as Incredibuild is not installed on this machine.
[2022.11.23-19.55.58:280][  0]LogShaderCompilers: Display: Using Local Shader Compiler.
[2022.11.23-19.55.58:817][  0]LogDerivedDataCache: Display: Max Cache Size: 512 MB
[2022.11.23-19.55.58:857][  0]LogDerivedDataCache: Loaded boot cache 0.04s 94MB C:/Users/gizem/AppData/Local/UnrealEngine/4.27/DerivedDataCache/Boot.ddc.
[2022.11.23-19.55.58:857][  0]LogDerivedDataCache: Display: Loaded Boot cache: C:/Users/gizem/AppData/Local/UnrealEngine/4.27/DerivedDataCache/Boot.ddc
[2022.11.23-19.55.58:857][  0]LogDerivedDataCache: FDerivedDataBackendGraph:  Pak pak cache file ../../../../../../Users/gizem/Downloads/SideScroller_V422/SideScroller_V422/SideScroller_V422/DerivedDataCache/DDC.ddp not found, will not use a pak cache.
[2022.11.23-19.55.58:857][  0]LogDerivedDataCache: Unable to find inner node Pak for hierarchical cache Hierarchy.
[2022.11.23-19.55.58:857][  0]LogDerivedDataCache: FDerivedDataBackendGraph:  CompressedPak pak cache file ../../../../../../Users/gizem/Downloads/SideScroller_V422/SideScroller_V422/SideScroller_V422/DerivedDataCache/Compressed.ddp not found, will not use a pak cache.
[2022.11.23-19.55.58:857][  0]LogDerivedDataCache: Unable to find inner node CompressedPak for hierarchical cache Hierarchy.
[2022.11.23-19.55.58:868][  0]LogDerivedDataCache: Display: Pak cache opened for reading ../../../Engine/DerivedDataCache/Compressed.ddp.
[2022.11.23-19.55.58:868][  0]LogDerivedDataCache: FDerivedDataBackendGraph:  EnterprisePak pak cache file ../../../Enterprise/DerivedDataCache/Compressed.ddp not found, will not use a pak cache.
[2022.11.23-19.55.58:868][  0]LogDerivedDataCache: Unable to find inner node EnterprisePak for hierarchical cache Hierarchy.
[2022.11.23-19.55.58:876][  0]LogDerivedDataCache: Speed tests for C:/Users/gizem/AppData/Local/UnrealEngine/Common/DerivedDataCache took 0.01 seconds
[2022.11.23-19.55.58:876][  0]LogDerivedDataCache: Display: Performance to C:/Users/gizem/AppData/Local/UnrealEngine/Common/DerivedDataCache: Latency=0.01ms. RandomReadSpeed=2611.48MBs, RandomWriteSpeed=132.17MBs. Assigned SpeedClass 'Local'
[2022.11.23-19.55.58:876][  0]LogDerivedDataCache: Using Local data cache path C:/Users/gizem/AppData/Local/UnrealEngine/Common/DerivedDataCache: Writable
[2022.11.23-19.55.58:877][  0]LogDerivedDataCache: Shared data cache path not found in *engine.ini, will not use an Shared cache.
[2022.11.23-19.55.58:877][  0]LogDerivedDataCache: Unable to find inner node Shared for hierarchical cache Hierarchy.
[2022.11.23-19.55.58:898][  0]LogSlate: Using FreeType 2.10.0
[2022.11.23-19.55.58:899][  0]LogSlate: SlateFontServices - WITH_FREETYPE: 1, WITH_HARFBUZZ: 1
[2022.11.23-19.55.58:977][  0]LogInit: Using OS detected language (en-US).
[2022.11.23-19.55.58:977][  0]LogInit: Using OS detected locale (en-CA).
[2022.11.23-19.55.58:977][  0]LogTextLocalizationManager: No localization for 'en-US' exists, so 'en' will be used for the language.
[2022.11.23-19.55.58:977][  0]LogTextLocalizationManager: No localization for 'en-CA' exists, so 'en' will be used for the locale.
[2022.11.23-19.55.58:977][  0]LogSlate: FontCache flush requested. Reason: Culture for localization was changed
[2022.11.23-19.55.58:977][  0]LogSlate: FontCache flush requested. Reason: Culture for localization was changed
[2022.11.23-19.55.58:979][  0]LogTextLocalizationManager: Compacting localization data took   0.00ms
[2022.11.23-19.55.58:979][  0]LogAssetRegistry: FAssetRegistry took 0.0011 seconds to start up
[2022.11.23-19.55.59:087][  0]LogPackageLocalizationCache: Processed 27 localized package path(s) for 1 prioritized culture(s) in 0.000607 seconds
[2022.11.23-19.55.59:129][  0]LogInit: Selected Device Profile: [Windows]
[2022.11.23-19.55.59:129][  0]LogInit: Active device profile: [0000024375BE9300][000002436373B0C0 49] Windows
[2022.11.23-19.55.59:129][  0]LogInit: Profiles: [0000024375BE9300][000002436373B0C0 49] Windows, [0000024375BBAF00][0000024363743380 49] WindowsNoEditor, [0000024375BEA500][0000024363747640 49] WindowsServer, [0000024375BBBD00][000002436373F8C0 49] WindowsClient, [0000024375BEB200][000002436374BB40 49] IOS, [0000024375BB9300][00000243634BC280 49] iPadAir, [0000024375BEA900][00000243634C0540 49] iPadAir2, [0000024375B5DC00][00000243634D4A80 49] IPadPro, [0000024375B5DD00][00000243634C4AC0 49] iPadAir3, [0000024375BB9800][00000243634CCD80 49] iPadAir4, [0000024375B5EC00][00000243634C9040 49] iPadMini2, [0000024375BB9E00][00000243634D1300 49] iPadMini3, [0000024375B5CB00][00000243634D95C0 49] iPadMini4, [0000024375BBB300][00000243634DD880 49] iPadMini5, [0000024375B91300][00000243634EC1C0 49] iPhone6, [0000024375B91400][000002436374E200 49] iPodTouch6, [0000024375BE9600][00000243634F8740 49] iPhone7, [0000024375BEAB00][00000243634E8780 49] iPodTouch7, [0000024375B5FA00][00000243634F0A40 49] iPhone5S, [0000024375BE9800][00000243634E4D00 49] iPhone6Plus, [0000024375B5F000][00000243634F4FC0 49] iPhone6S, [0000024375BEA800][00000243634FD280 49] iPhone6SPlus, [0000024375B5D400][0000024363501540 49] iPhone7Plus, [0000024375BE8100][0000024363505800 49] iPhoneSE, [0000024375BE8B00][0000024363509AC0 49] iPhone8, [0000024375B90800][00000243634E01C0 49] iPhone8Plus, [0000024375BE9500][000002436350C440 49] iPhoneX, [0000024375B90F00][0000024376196700 49] iPhoneXS, [0000024375BEB700][000002437619A9C0 49] iPhoneXSMax, [0000024375B93200][000002437619EC80 49] iPhoneXR, [0000024375BEB800][00000243761A2F40 49] iPhone11, [0000024375B93D00][00000243761A7200 49] iPhone11Pro, [0000024375B5E600][00000243761AB4C0 49] iPhone11ProMax, [0000024375B90600][00000243761AF780 49] iPhoneSE2, [0000024375B5E000][00000243761B3A40 49] iPhone12Mini, [0000024375B93800][00000243761B6180 49] iPhone12, [0000024375B5DB00][0000024376192400 49] iPhone12Pro, [0000024375B91E00][00000243761BA680 49] iPhone12ProMax, [0000024375B5FF00][00000243761C2940 49] iPadPro105, [0000024375B93300][00000243761C6C00 49] iPadPro129, [0000024375B5F700][00000243761CAEC0 49] iPadPro97, [0000024375B92200][00000243761CF180 49] iPadPro2_129, [0000024375B5EF00][00000243761D3440 49] iPad5, [0000024375B90C00][00000243761D7700 49] iPad6, [0000024375B5E500][00000243761DB9C0 49] iPad7, [0000024375B92B00][00000243761DE100 49] iPad8, [0000024375B5D300][00000243761E23C0 49] iPadPro11, [0000024375B93E00][00000243761BE640 49] iPadPro2_11, [0000024375B5E100][00000243761E68C0 49] iPadPro3_129, [0000024375B90500][00000243761EEB80 49] iPadPro4_129, [0000024375B5F100][00000243761F2E40 49] AppleTV, [0000024375B93A00][00000243761F7100 49] AppleTV4K, [0000024375B5D900][00000243761FB3C0 49] TVOS, [0000024375B90400][00000243761FF680 49] Mac, [0000024375B5FC00][0000024376203940 49] MacClient, [0000024375B92500][0000024376207C00 49] MacNoEditor, [0000024375B5D800][000002437620A340 49] MacServer, [0000024375B93C00][000002437620E600 49] Linux, [0000024375B5D000][00000243761EA880 49] LinuxAArch64, [0000024375B91F00][0000024376212B00 49] LinuxNoEditor, [0000024375B5FB00][000002437621ADC0 49] LinuxAArch64NoEditor, [0000024375B90100][000002437621F080 49] LinuxClient, [0000024375B5CA00][0000024376223340 49] LinuxAArch64Client, [0000024375B91D00][0000024376227600 49] LinuxServer, [0000024375B5C200][000002437622B8C0 49] LinuxAArch64Server, [0000024375B91000][000002437622FB80 49] Android, [0000024375B5EB00][00000243762322C0 49] Android_Low, [0000024375B92100][0000024376236580 49] Android_Mid, [0000024375B5C100][000002437623A840 49] Android_High, [0000024375B91900][0000024376216AC0 49] Android_Default, [0000024375B5C800][000002437623ED40 49] Android_Adreno4xx, [0000024375B91500][0000024376247000 49] Android_Adreno5xx_Low, [0000024375B5CE00][000002437624B2C0 49] Android_Adreno5xx, [0000024375B92000][000002437624F580 49] Android_Adreno6xx, [0000024375B5C600][0000024376253840 49] Android_Adreno6xx_Vulkan, [0000024375B90900][0000024376257B00 49] Android_Mali_T6xx, [0000024375B5CD00][000002437625A240 49] Android_Mali_T7xx, [0000024375B93100][000002437625E500 49] Android_Mali_T8xx, [0000024375B5D600][00000243762627C0 49] Android_Mali_G71, [0000024375B92A00][0000024376266A80 49] Android_Mali_G72, [0000024375B5C400][0000024376242D00 49] Android_Mali_G72_Vulkan, [0000024375B92C00][000002437626AF80 49] Android_Mali_G76, [0000024375B5F800][0000024376273240 49] Android_Mali_G76_Vulkan, [0000024375BE8300][0000024376277500 49] Android_Mali_G77, [0000024375BBB600][000002437627B7C0 49] Android_Mali_G77_Vulkan, [0000024375BEA300][000002437627FA80 49] Android_Mali_G78, [0000024375BB9100][00000243762821C0 49] Android_Mali_G78_Vulkan, [0000024375BEB400][0000024376286480 49] Android_Mali_G710, [0000024375BBAD00][000002437628A740 49] Android_Mali_G710_Vulkan, [0000024375BE8800][000002437628EA00 49] Android_Vulkan_SM5, [0000024375BBBA00][0000024376292CC0 49] Android_PowerVR_G6xxx, [0000024375BEAD00][000002437626EF40 49] Android_PowerVR_GT7xxx, [0000024375BB9A00][00000243762971C0 49] Android_PowerVR_GE8xxx, [0000024375BEAC00][000002437629F480 49] Android_PowerVR_GM9xxx, [0000024375BBB100][00000243762A3740 49] Android_PowerVR_GM9xxx_Vulkan, [0000024375BE8700][00000243762A7A00 49] Android_TegraK1, [0000024375BB9000][00000243762AA140 49] Android_Unknown_Vulkan, [0000024375BEBD00][00000243762AE400 49] Lumin, [0000024375BB9600][00000243762B26C0 49] Lumin_Desktop, [0000024375BE9C00][00000243762B6980 49] HoloLens, 
[2022.11.23-19.55.59:157][  0]LogMeshReduction: Using QuadricMeshReduction for automatic static mesh reduction
[2022.11.23-19.55.59:157][  0]LogMeshReduction: Using SimplygonMeshReduction for automatic skeletal mesh reduction
[2022.11.23-19.55.59:157][  0]LogMeshReduction: Using ProxyLODMeshReduction for automatic mesh merging
[2022.11.23-19.55.59:157][  0]LogMeshReduction: No distributed automatic mesh merging module available
[2022.11.23-19.55.59:157][  0]LogMeshMerging: No distributed automatic mesh merging module available
[2022.11.23-19.55.59:233][  0]LogNetVersion: SideScroller_V422_Fall2019 1.0.0, NetCL: 17155196, EngineNetVer: 17, GameNetVer: 0 (Checksum: 1441273239)
[2022.11.23-19.55.59:379][  0]LogTexture: Default maximum texture size for cubemaps generated from long-lat sources has been changed from 512 to unlimited. In order to preserve old behaiour for '/Engine/MapTemplates/Sky/DaylightAmbientCubemap.DaylightAmbientCubemap', its maximum texture size has been explicitly set to 512.
[2022.11.23-19.55.59:414][  0]LogHMD: PokeAHoleMaterial loaded successfully
[2022.11.23-19.55.59:479][  0]LogMoviePlayer: Initializing movie player
[2022.11.23-19.55.59:565][  0]LogNiagaraDebuggerClient: Niagara Debugger Client Initialized | Session: 462CA6484DF1CCDB4BE29BA1DD951205 | Instance: A04605104AF6D3373019ECA27490D08B (MSI-61480).
[2022.11.23-19.55.59:579][  0]LogCollectionManager: Loaded 0 collections in 0.001247 seconds
[2022.11.23-19.55.59:581][  0]LogFileCache: Scanning file cache for directory 'C:/Users/gizem/Downloads/SideScroller_V422/SideScroller_V422/SideScroller_V422/Saved/Collections/' took 0.00s
[2022.11.23-19.55.59:581][  0]LogFileCache: Scanning file cache for directory 'C:/Users/gizem/Downloads/SideScroller_V422/SideScroller_V422/SideScroller_V422/Content/Developers/gizem/Collections/' took 0.00s
[2022.11.23-19.55.59:581][  0]LogCollectionManager: Fixed up redirectors for 0 collections in 0.000001 seconds (updated 0 objects)
[2022.11.23-19.55.59:593][  0]LogFileCache: Scanning file cache for directory 'C:/Users/gizem/Downloads/SideScroller_V422/SideScroller_V422/SideScroller_V422/Content/Collections/' took 0.00s
[2022.11.23-19.55.59:593][  0]LogPython: Using Python 3.7.7
[2022.11.23-19.55.59:916][  0]LogUdpMessaging: Initializing bridge on interface 0.0.0.0:0 to multicast group 230.0.0.1:6666.
[2022.11.23-19.55.59:922][  0]LogTcpMessaging: Initializing TcpMessaging bridge
[2022.11.23-19.56.00:029][  0]LogOpenImageDenoise: OIDN starting up
[2022.11.23-19.56.00:058][  0]LogAndroidPermission: UAndroidPermissionCallbackProxy::GetInstance
[2022.11.23-19.56.00:072][  0]LogAudioCaptureCore: Display: No Audio Capture implementations found. Audio input will be silent.
[2022.11.23-19.56.00:072][  0]LogAudioCaptureCore: Display: No Audio Capture implementations found. Audio input will be silent.
[2022.11.23-19.56.00:106][  0]SourceControl: Source control is disabled
[2022.11.23-19.56.00:106][  0]SourceControl: Source control is disabled
[2022.11.23-19.56.00:108][  0]SourceControl: Source control is disabled
[2022.11.23-19.56.00:111][  0]LogUProjectInfo: Found projects:
[2022.11.23-19.56.00:131][  0]LogOcInput: OculusInput pre-init called
[2022.11.23-19.56.00:137][  0]LogUObjectArray: 22163 objects as part of root set at end of initial load.
[2022.11.23-19.56.00:137][  0]LogUObjectAllocator: 5993712 out of 0 bytes used by permanent object pool.
[2022.11.23-19.56.00:137][  0]LogUObjectArray: CloseDisregardForGC: 0/0 objects in disregard for GC pool
[2022.11.23-19.56.00:170][  0]LogEngine: Initializing Engine...
[2022.11.23-19.56.00:171][  0]LogHMD: Failed to enumerate extensions. Please check that you have a valid OpenXR runtime installed.
[2022.11.23-19.56.00:172][  0]LogHMD: Failed to initialize OpenVR with code 110
[2022.11.23-19.56.00:172][  0]LogMagicLeap: Warning: VR disabled because ZI is not enabled.  To enable, in the editor, Edit -> Project Settings -> Plugins -> Magic Leap Plugin -> Enable Zero Iteration
[2022.11.23-19.56.00:174][  0]LogStats: UGameplayTagsManager::InitializeManager -  0.000 s
[2022.11.23-19.56.00:229][  0]LogInit: Initializing FReadOnlyCVARCache
[2022.11.23-19.56.00:229][  0]LogAudio: Display: Initializing Audio Device Manager...
[2022.11.23-19.56.00:231][  0]LogAudio: Display: Loading Default Audio Settings Objects...
[2022.11.23-19.56.00:232][  0]LogAudio: Display: No default SoundConcurrencyObject specified (or failed to load).
[2022.11.23-19.56.00:232][  0]LogAudio: Display: Audio Device Manager Initialized
[2022.11.23-19.56.00:232][  0]LogAudio: Display: Creating Audio Device:                 Id: 1, Scope: Shared, Realtime: True
[2022.11.23-19.56.00:232][  0]LogAudioMixer: Display: Audio Mixer Platform Settings:
[2022.11.23-19.56.00:232][  0]LogAudioMixer: Display: 	Sample Rate:						  48000
[2022.11.23-19.56.00:232][  0]LogAudioMixer: Display: 	Callback Buffer Frame Size Requested: 1024
[2022.11.23-19.56.00:232][  0]LogAudioMixer: Display: 	Callback Buffer Frame Size To Use:	  1024
[2022.11.23-19.56.00:232][  0]LogAudioMixer: Display: 	Number of buffers to queue:			  2
[2022.11.23-19.56.00:232][  0]LogAudioMixer: Display: 	Max Channels (voices):				  32
[2022.11.23-19.56.00:232][  0]LogAudioMixer: Display: 	Number of Async Source Workers:		  0
[2022.11.23-19.56.00:232][  0]LogAudio: Display: AudioDevice MaxSources: 32
[2022.11.23-19.56.00:232][  0]LogAudio: Display: Audio Spatialization Plugin: None (built-in).
[2022.11.23-19.56.00:232][  0]LogAudio: Display: Audio Reverb Plugin: None (built-in).
[2022.11.23-19.56.00:232][  0]LogAudio: Display: Audio Occlusion Plugin: None (built-in).
[2022.11.23-19.56.00:232][  0]LogAudioMixer: Display: Initializing audio mixer.
[2022.11.23-19.56.00:261][  0]LogAudioMixer: Display: 0: FrontLeft
[2022.11.23-19.56.00:261][  0]LogAudioMixer: Display: 1: FrontRight
[2022.11.23-19.56.00:335][  0]LogAudioMixer: Display: Using Audio Device Speakers (Realtek(R) Audio)
[2022.11.23-19.56.00:337][  0]LogAudioMixer: Display: Initializing Sound Submixes...
[2022.11.23-19.56.00:338][  0]LogAudioMixer: Display: Creating Master Submix 'MasterSubmixDefault'
[2022.11.23-19.56.00:338][  0]LogAudioMixer: Display: Creating Master Submix 'MasterReverbSubmixDefault'
[2022.11.23-19.56.00:339][  0]LogAudioMixer: Display: Creating Master Submix 'MasterEQSubmixDefault'
[2022.11.23-19.56.00:339][  0]LogAudioMixer: FMixerPlatformXAudio2::StartAudioStream() called
[2022.11.23-19.56.00:339][  0]LogAudioMixer: Display: Output buffers initialized: Frames=1024, Channels=2, Samples=2048
[2022.11.23-19.56.00:339][  0]LogAudioMixer: Display: Starting AudioMixerPlatformInterface::RunInternal()
[2022.11.23-19.56.00:339][  0]LogAudioMixer: Display: FMixerPlatformXAudio2::SubmitBuffer() called for the first time
[2022.11.23-19.56.00:339][  0]LogInit: FAudioDevice initialized.
[2022.11.23-19.56.00:340][  0]LogNetVersion: Set ProjectVersion to 1.0.0.0. Version Checksum will be recalculated on next use.
[2022.11.23-19.56.00:340][  0]LogInit: Texture streaming: Enabled
[2022.11.23-19.56.00:381][  0]LogAudio: Display: Audio Device (ID: 1) registered with world 'Untitled'.
[2022.11.23-19.56.00:381][  0]LogSlate: Updating window title bar state: overlay mode, drag disabled, window buttons hidden, title bar hidden
[2022.11.23-19.56.00:382][  0]LogInit: Display: Game Engine Initialized.
[2022.11.23-19.56.00:382][  0]LogNiagaraEditor: GEditor isn't valid! Particle reset commands will not work for Niagara components!
[2022.11.23-19.56.00:454][  0]LogInit: Display: Starting Game.
[2022.11.23-19.56.00:454][  0]LogNet: Browse: /Game/SideScrollerBP/Maps/SideScrollerExampleMap?Name=Player
[2022.11.23-19.56.00:454][  0]LogLoad: LoadMap: /Game/SideScrollerBP/Maps/SideScrollerExampleMap?Name=Player
[2022.11.23-19.56.00:454][  0]LogWorld: BeginTearingDown for /Temp/Untitled_0
[2022.11.23-19.56.00:455][  0]LogWorld: UWorld::CleanupWorld for Untitled, bSessionEnded=true, bCleanupResources=true
[2022.11.23-19.56.00:455][  0]LogSlate: InvalidateAllWidgets triggered.  All widgets were invalidated
[2022.11.23-19.56.00:458][  0]LogAudio: Display: Audio Device unregistered from world 'None'.
[2022.11.23-19.56.00:460][  0]LogUObjectHash: Compacting FUObjectHashTables data took   0.50ms
[2022.11.23-19.56.00:534][  0]LogBlueprint: Warning: [AssetLog] C:\Users\gizem\Downloads\SideScroller_V422\SideScroller_V422\SideScroller_V422\Content\Custom_Blueprints\Puzzle_Elements\Sphere_Door.uasset: [Compiler] OnComponentBeginOverlap (Box)  does not have a valid matching component!
[2022.11.23-19.56.00:950][  0]LogSkeletalMesh: Display: [AssetLog] C:\Users\gizem\Downloads\SideScroller_V422\SideScroller_V422\SideScroller_V422\Content\Custom_Assets\Hazards\Bat\Model\Bat_Enemy.uasset: Find and fix some bad tangent! please re-import this skeletal mesh asset to fix the issue. The shading of the skeletal mesh will be bad and faceted.
[2022.11.23-19.56.00:961][  0]LogAudio: Display: Audio Device (ID: 1) registered with world 'SideScrollerExampleMap'.
[2022.11.23-19.56.00:966][  0]LogAIModule: Creating AISystem for world SideScrollerExampleMap
[2022.11.23-19.56.00:968][  0]LogLoad: Game class is 'SideScrollerGameMode_C'
[2022.11.23-19.56.00:983][  0]LogWorld: Bringing World /Game/SideScrollerBP/Maps/SideScrollerExampleMap.SideScrollerExampleMap up for play (max tick rate 0) at 2022.11.23-14.56.00
[2022.11.23-19.56.00:985][  0]LogWorld: Bringing up level for play took: 0.017239
[2022.11.23-19.56.00:988][  0]LogLoad: Took 0.534524 seconds to LoadMap(/Game/SideScrollerBP/Maps/SideScrollerExampleMap)
[2022.11.23-19.56.01:041][  0]LogSlate: Took 0.000167 seconds to synchronously load lazily loaded font '../../../Engine/Content/Slate/Fonts/Roboto-Regular.ttf' (155K)
[2022.11.23-19.56.01:073][  0]LogRenderer: Reallocating scene render targets to support 1280x720 Format 10 NumSamples 1 (Frame:1).
[2022.11.23-19.56.01:073][  0]LogInit: Display: Engine is initialized. Leaving FEngineLoop::Init()
[2022.11.23-19.56.01:073][  0]LogLoad: (Engine Initialization) Total time: 4.36 seconds
[2022.11.23-19.56.01:073][  0]LogLoad: (Engine Initialization) Total Blueprint compile time: 0.00 seconds
[2022.11.23-19.56.01:076][  0]LogContentStreaming: Texture pool size now 1000 MB
[2022.11.23-19.56.01:079][  0]LogSlate: InvalidateAllWidgets triggered.  All widgets were invalidated
[2022.11.23-19.56.01:121][  0]LogRenderer: Reallocating scene render targets to support 128x128 Format 10 NumSamples 1 (Frame:1).
[2022.11.23-19.56.01:139][  0]LogRenderer: Reallocating scene render targets to support 1280x720 Format 10 NumSamples 1 (Frame:2).
[2022.11.23-19.56.01:148][  1]LogSlate: Took 0.000147 seconds to synchronously load lazily loaded font '../../../Engine/Content/Slate/Fonts/Roboto-Regular.ttf' (155K)
[2022.11.23-19.58.07:078][757]LogCharacterMovement: SideScrollerCharacter_78 is stuck and failed to move! Velocity: X=0.00 Y=459.17 Z=0.00 Location: X=1200.00 Y=-10217.34 Z=206.00 Normal: X=0.00 Y=-0.06 Z=-1.00 PenetrationDepth:8.840 Actor:Enemy_Bat_Wave2 Component:SkeletalMeshComponent0 BoneName:Point001 (0 other events since notify)
[2022.11.23-19.58.26:637][229]LogBlueprintUserMessages: [Locked_Door2] This door is locked.  You will need to find a key!
[2022.11.23-19.58.27:079][383]LogBlueprintUserMessages: [Locked_Door2] This door is locked.  You will need to find a key!
[2022.11.23-19.58.27:511][530]LogBlueprintUserMessages: [Locked_Door2] This door is locked.  You will need to find a key!
[2022.11.23-19.58.47:933][321]LogScript: Warning: Attempted to access SideScrollerCharacter_78 via property My Character, but SideScrollerCharacter_78 is pending kill
	HUD_C /Engine/Transient.GameEngine_0:GameInstance_0.HUD_C_0
	Function /Game/Custom_Widgets/HUD.HUD_C:GetText_2:0025
[2022.11.23-19.58.47:933][321]LogScript: Warning: Script call stack:
	Function /Game/Custom_Widgets/HUD.HUD_C:GetText_2

[2022.11.23-19.58.47:933][321]LogScript: Warning: Attempted to access SideScrollerCharacter_78 via property My Character, but SideScrollerCharacter_78 is pending kill
	HUD_C /Engine/Transient.GameEngine_0:GameInstance_0.HUD_C_0
	Function /Game/Custom_Widgets/HUD.HUD_C:GetText_0:0025
[2022.11.23-19.58.47:933][321]LogScript: Warning: Script call stack:
	Function /Game/Custom_Widgets/HUD.HUD_C:GetText_0

[2022.11.23-19.58.47:933][321]LogScript: Warning: Attempted to access SideScrollerCharacter_78 via property My Character, but SideScrollerCharacter_78 is pending kill
	HUD_C /Engine/Transient.GameEngine_0:GameInstance_0.HUD_C_0
	Function /Game/Custom_Widgets/HUD.HUD_C:GetText_1:0025
[2022.11.23-19.58.47:933][321]LogScript: Warning: Script call stack:
	Function /Game/Custom_Widgets/HUD.HUD_C:GetText_1

[2022.11.23-19.58.47:933][321]LogScript: Warning: Attempted to access SideScrollerCharacter_78 via property My Character, but SideScrollerCharacter_78 is pending kill
	HUD_C /Engine/Transient.GameEngine_0:GameInstance_0.HUD_C_0
	Function /Game/Custom_Widgets/HUD.HUD_C:GetText_3:0025
[2022.11.23-19.58.47:933][321]LogScript: Warning: Script call stack:
	Function /Game/Custom_Widgets/HUD.HUD_C:GetText_3

[2022.11.23-19.58.47:933][321]LogScript: Warning: Attempted to access SideScrollerCharacter_78 via property My Character, but SideScrollerCharacter_78 is pending kill
	HUD_C /Engine/Transient.GameEngine_0:GameInstance_0.HUD_C_0
	Function /Game/Custom_Widgets/HUD.HUD_C:GetText_4:0025
[2022.11.23-19.58.47:933][321]LogScript: Warning: Script call stack:
	Function /Game/Custom_Widgets/HUD.HUD_C:GetText_4

[2022.11.23-19.58.47:935][322]LogScript: Warning: Attempted to access SideScrollerCharacter_78 via property My Character, but SideScrollerCharacter_78 is pending kill
	HUD_C /Engine/Transient.GameEngine_0:GameInstance_0.HUD_C_0
	Function /Game/Custom_Widgets/HUD.HUD_C:GetText_2:0025
[2022.11.23-19.58.47:935][322]LogScript: Warning: Script call stack:
	Function /Game/Custom_Widgets/HUD.HUD_C:GetText_2

[2022.11.23-19.58.47:935][322]LogScript: Warning: Attempted to access SideScrollerCharacter_78 via property My Character, but SideScrollerCharacter_78 is pending kill
	HUD_C /Engine/Transient.GameEngine_0:GameInstance_0.HUD_C_0
	Function /Game/Custom_Widgets/HUD.HUD_C:GetText_0:0025
[2022.11.23-19.58.47:935][322]LogScript: Warning: Script call stack:
	Function /Game/Custom_Widgets/HUD.HUD_C:GetText_0

[2022.11.23-19.58.47:935][322]LogScript: Warning: Attempted to access SideScrollerCharacter_78 via property My Character, but SideScrollerCharacter_78 is pending kill
	HUD_C /Engine/Transient.GameEngine_0:GameInstance_0.HUD_C_0
	Function /Game/Custom_Widgets/HUD.HUD_C:GetText_1:0025
[2022.11.23-19.58.47:935][322]LogScript: Warning: Script call stack:
	Function /Game/Custom_Widgets/HUD.HUD_C:GetText_1

[2022.11.23-19.58.47:935][322]LogScript: Warning: Attempted to access SideScrollerCharacter_78 via property My Character, but SideScrollerCharacter_78 is pending kill
	HUD_C /Engine/Transient.GameEngine_0:GameInstance_0.HUD_C_0
	Function /Game/Custom_Widgets/HUD.HUD_C:GetText_3:0025
[2022.11.23-19.58.47:935][322]LogScript: Warning: Script call stack:
	Function /Game/Custom_Widgets/HUD.HUD_C:GetText_3

[2022.11.23-19.58.47:935][322]LogScript: Warning: Attempted to access SideScrollerCharacter_78 via property My Character, but SideScrollerCharacter_78 is pending kill
	HUD_C /Engine/Transient.GameEngine_0:GameInstance_0.HUD_C_0
	Function /Game/Custom_Widgets/HUD.HUD_C:GetText_4:0025
[2022.11.23-19.58.47:935][322]LogScript: Warning: Script call stack:
	Function /Game/Custom_Widgets/HUD.HUD_C:GetText_4

[2022.11.23-19.58.47:936][323]LogScript: Warning: Attempted to access SideScrollerCharacter_78 via property My Character, but SideScrollerCharacter_78 is pending kill
	HUD_C /Engine/Transient.GameEngine_0:GameInstance_0.HUD_C_0
	Function /Game/Custom_Widgets/HUD.HUD_C:GetText_2:0025
[2022.11.23-19.58.47:936][323]LogScript: Warning: Script call stack:
	Function /Game/Custom_Widgets/HUD.HUD_C:GetText_2

[2022.11.23-19.58.47:936][323]LogScript: Warning: Attempted to access SideScrollerCharacter_78 via property My Character, but SideScrollerCharacter_78 is pending kill
	HUD_C /Engine/Transient.GameEngine_0:GameInstance_0.HUD_C_0
	Function /Game/Custom_Widgets/HUD.HUD_C:GetText_0:0025
[2022.11.23-19.58.47:936][323]LogScript: Warning: Script call stack:
	Function /Game/Custom_Widgets/HUD.HUD_C:GetText_0

[2022.11.23-19.58.47:936][323]LogScript: Warning: Attempted to access SideScrollerCharacter_78 via property My Character, but SideScrollerCharacter_78 is pending kill
	HUD_C /Engine/Transient.GameEngine_0:GameInstance_0.HUD_C_0
	Function /Game/Custom_Widgets/HUD.HUD_C:GetText_1:0025
[2022.11.23-19.58.47:936][323]LogScript: Warning: Script call stack:
	Function /Game/Custom_Widgets/HUD.HUD_C:GetText_1

[2022.11.23-19.58.47:936][323]LogScript: Warning: Attempted to access SideScrollerCharacter_78 via property My Character, but SideScrollerCharacter_78 is pending kill
	HUD_C /Engine/Transient.GameEngine_0:GameInstance_0.HUD_C_0
	Function /Game/Custom_Widgets/HUD.HUD_C:GetText_3:0025
[2022.11.23-19.58.47:936][323]LogScript: Warning: Script call stack:
	Function /Game/Custom_Widgets/HUD.HUD_C:GetText_3

[2022.11.23-19.58.47:936][323]LogScript: Warning: Attempted to access SideScrollerCharacter_78 via property My Character, but SideScrollerCharacter_78 is pending kill
	HUD_C /Engine/Transient.GameEngine_0:GameInstance_0.HUD_C_0
	Function /Game/Custom_Widgets/HUD.HUD_C:GetText_4:0025
[2022.11.23-19.58.47:936][323]LogScript: Warning: Script call stack:
	Function /Game/Custom_Widgets/HUD.HUD_C:GetText_4

[2022.11.23-19.58.47:938][324]LogScript: Warning: Attempted to access SideScrollerCharacter_78 via property My Character, but SideScrollerCharacter_78 is pending kill
	HUD_C /Engine/Transient.GameEngine_0:GameInstance_0.HUD_C_0
	Function /Game/Custom_Widgets/HUD.HUD_C:GetText_2:0025
[2022.11.23-19.58.47:938][324]LogScript: Warning: Script call stack:
	Function /Game/Custom_Widgets/HUD.HUD_C:GetText_2

