Log file open, 11/23/22 15:21:14
LogWindows: Failed to load 'aqProf.dll' (GetLastError=126)
LogWindows: File 'aqProf.dll' does not exist
LogWindows: Failed to load 'VtuneApi.dll' (GetLastError=126)
LogWindows: File 'VtuneApi.dll' does not exist
LogWindows: Failed to load 'VtuneApi32e.dll' (GetLastError=126)
LogWindows: File 'VtuneApi32e.dll' does not exist
LogConsoleResponse: Display: Failed to find resolution value strings in scalability ini. Falling back to default.
LogConsoleResponse: Display: Failed to find resolution value strings in scalability ini. Falling back to default.
LogInit: Display: Running engine for game: SideScroller_V422_Fall2019
LogPlatformFile: Not using cached read wrapper
LogTaskGraph: Started task graph with 5 named threads and 59 total threads with 3 sets of task threads.
LogStats: Stats thread started at 0.208626
LogICUInternationalization: ICU TimeZone Detection - Raw Offset: -5:00, Platform Override: ''
LogInit: Display: Loading text-based GConfig....
LogPluginManager: Mounting plugin MeshPainting
LogPluginManager: Mounting plugin XGEController
LogPluginManager: Mounting plugin Paper2D
LogPluginManager: Mounting plugin LiveLink
LogPluginManager: Mounting plugin AISupport
LogPluginManager: Mounting plugin EnvironmentQueryEditor
LogPluginManager: Mounting plugin LightPropagationVolume
LogPluginManager: Mounting plugin GameplayCameras
LogPluginManager: Mounting plugin OodleNetwork
LogPluginManager: Mounting plugin AssetManagerEditor
LogPluginManager: Mounting plugin OodleData
LogPluginManager: Mounting plugin FacialAnimation
LogPluginManager: Mounting plugin DataValidation
LogPluginManager: Mounting plugin CryptoKeys
LogPluginManager: Mounting plugin MaterialAnalyzer
LogPluginManager: Mounting plugin GameplayTagsEditor
LogPluginManager: Mounting plugin CameraShakePreviewer
LogPluginManager: Mounting plugin MacGraphicsSwitching
LogPluginManager: Mounting plugin CurveEditorTools
LogPluginManager: Mounting plugin MobileLauncherProfileWizard
LogPluginManager: Mounting plugin SpeedTreeImporter
LogPluginManager: Mounting plugin PluginBrowser
LogPluginManager: Mounting plugin GeometryMode
LogPluginManager: Mounting plugin Niagara
LogPluginManager: Mounting plugin AlembicImporter
LogPluginManager: Mounting plugin AutomationUtils
LogPluginManager: Mounting plugin BackChannel
LogPluginManager: Mounting plugin ChaosCloth
LogPluginManager: Mounting plugin ChaosEditor
LogPluginManager: Mounting plugin ChaosSolverPlugin
LogPluginManager: Mounting plugin ChaosClothEditor
LogPluginManager: Mounting plugin CharacterAI
LogPluginManager: Mounting plugin ChaosNiagara
LogPluginManager: Mounting plugin GeometryCache
LogPluginManager: Mounting plugin GeometryProcessing
LogPluginManager: Mounting plugin DatasmithContent
LogPluginManager: Mounting plugin GeometryCollectionPlugin
LogPluginManager: Mounting plugin VariantManagerContent
LogPluginManager: Mounting plugin MotoSynth
LogPluginManager: Mounting plugin OpenImageDenoise
LogPluginManager: Mounting plugin PlanarCut
LogPluginManager: Mounting plugin PlatformCrypto
LogPluginManager: Mounting plugin ProxyLODPlugin
LogPluginManager: Mounting plugin PythonScriptPlugin
LogPluginManager: Mounting plugin SkeletalReduction
LogPluginManager: Mounting plugin AndroidMedia
LogPluginManager: Mounting plugin AvfMedia
LogPluginManager: Mounting plugin MediaCompositing
LogPluginManager: Mounting plugin ImgMedia
LogPluginManager: Mounting plugin MediaPlayerEditor
LogPluginManager: Mounting plugin WebMMedia
LogPluginManager: Mounting plugin ActorSequence
LogPluginManager: Mounting plugin MatineeToLevelSequence
LogPluginManager: Mounting plugin WmfMedia
LogPluginManager: Mounting plugin LevelSequenceEditor
LogPluginManager: Mounting plugin TemplateSequence
LogPluginManager: Mounting plugin OnlineSubsystem
LogPluginManager: Mounting plugin OnlineSubsystemUtils
LogPluginManager: Mounting plugin OnlineSubsystemNull
LogPluginManager: Mounting plugin LuminPlatformFeatures
LogPluginManager: Mounting plugin MagicLeap
LogPluginManager: Mounting plugin LauncherChunkInstaller
LogPluginManager: Mounting plugin MagicLeapLightEstimation
LogPluginManager: Mounting plugin MagicLeapMedia
LogPluginManager: Mounting plugin MLSDK
LogPluginManager: Mounting plugin MagicLeapPassableWorld
LogPluginManager: Mounting plugin ActorLayerUtilities
LogPluginManager: Mounting plugin AndroidDeviceProfileSelector
LogPluginManager: Mounting plugin AndroidMoviePlayer
LogPluginManager: Mounting plugin ApexDestruction
LogPluginManager: Mounting plugin AndroidPermission
LogPluginManager: Mounting plugin ArchVisCharacter
LogPluginManager: Mounting plugin AudioCapture
LogPluginManager: Mounting plugin AppleImageUtils
LogPluginManager: Mounting plugin AudioSynesthesia
LogPluginManager: Mounting plugin AppleMoviePlayer
LogPluginManager: Mounting plugin CableComponent
LogPluginManager: Mounting plugin CustomMeshComponent
LogPluginManager: Mounting plugin ChunkDownloader
LogPluginManager: Mounting plugin AssetTags
LogPluginManager: Mounting plugin EditableMesh
LogPluginManager: Mounting plugin ExampleDeviceProfileSelector
LogPluginManager: Mounting plugin GoogleCloudMessaging
LogPluginManager: Mounting plugin GooglePAD
LogPluginManager: Mounting plugin IOSDeviceProfileSelector
LogPluginManager: Mounting plugin LocationServicesBPLibrary
LogPluginManager: Mounting plugin LinuxDeviceProfileSelector
LogPluginManager: Mounting plugin MobilePatchingUtils
LogPluginManager: Mounting plugin OpenXR
LogPluginManager: Mounting plugin OpenXREyeTracker
LogPluginManager: Mounting plugin ScreenshotTools
LogPluginManager: Mounting plugin OpenXRHandTracking
LogPluginManager: Mounting plugin PhysXVehicles
LogPluginManager: Mounting plugin PostSplashScreen
LogPluginManager: Mounting plugin PropertyAccessEditor
LogPluginManager: Mounting plugin ProceduralMeshComponent
LogPluginManager: Mounting plugin RuntimePhysXCooking
LogPluginManager: Mounting plugin SignificanceManager
LogPluginManager: Mounting plugin SoundFields
LogPluginManager: Mounting plugin Synthesis
LogPluginManager: Mounting plugin WebMMoviePlayer
LogPluginManager: Mounting plugin WindowsMoviePlayer
LogPluginManager: Mounting plugin TcpMessaging
LogPluginManager: Mounting plugin Takes
LogPluginManager: Mounting plugin UdpMessaging
LogPluginManager: Mounting plugin CLionSourceCodeAccess
LogPluginManager: Mounting plugin AnimationSharing
LogPluginManager: Mounting plugin GitSourceControl
LogPluginManager: Mounting plugin KDevelopSourceCodeAccess
LogPluginManager: Mounting plugin CodeLiteSourceCodeAccess
LogPluginManager: Mounting plugin NullSourceCodeAccess
LogPluginManager: Mounting plugin PixWinPlugin
LogPluginManager: Mounting plugin PluginUtils
LogPluginManager: Mounting plugin PlasticSourceControl
LogPluginManager: Mounting plugin PropertyAccessNode
LogPluginManager: Mounting plugin RiderSourceCodeAccess
LogPluginManager: Mounting plugin SubversionSourceControl
LogPluginManager: Mounting plugin TextureFormatOodle
LogPluginManager: Mounting plugin PerforceSourceControl
LogPluginManager: Mounting plugin VisualStudioCodeSourceCodeAccess
LogPluginManager: Mounting plugin UObjectPlugin
LogPluginManager: Mounting plugin XCodeSourceCodeAccess
LogPluginManager: Mounting plugin VisualStudioSourceCodeAccess
LogPluginManager: Mounting plugin ContentBrowserFileDataSource
LogPluginManager: Mounting plugin ContentBrowserClassDataSource
LogPluginManager: Mounting plugin ContentBrowserAssetDataSource
LogPluginManager: Mounting plugin OnlineSubsystemGooglePlay
LogPluginManager: Mounting plugin OnlineSubsystemIOS
LogPluginManager: Mounting plugin OculusVR
LogPluginManager: Mounting plugin SteamVR
LogInit: Using libcurl 7.55.1-DEV
LogInit:  - built for x86_64-pc-win32
LogInit:  - supports SSL with OpenSSL/1.1.1
LogInit:  - supports HTTP deflate (compression) using libz 1.2.8
LogInit:  - other features:
LogInit:      CURL_VERSION_SSL
LogInit:      CURL_VERSION_LIBZ
LogInit:      CURL_VERSION_IPV6
LogInit:      CURL_VERSION_ASYNCHDNS
LogInit:      CURL_VERSION_LARGEFILE
LogInit:      CURL_VERSION_IDN
LogInit:  CurlRequestOptions (configurable via config and command line):
LogInit:  - bVerifyPeer = true  - Libcurl will verify peer certificate
LogInit:  - bUseHttpProxy = false  - Libcurl will NOT use HTTP proxy
LogInit:  - bDontReuseConnections = false  - Libcurl will reuse connections
LogInit:  - MaxHostConnections = 16  - Libcurl will limit the number of connections to a host
LogInit:  - LocalHostAddr = Default
LogInit:  - BufferSize = 65536
LogOnline: OSS: Creating online subsystem instance for: NULL
LogInit: WinSock: version 1.1 (2.2), MaxSocks=32767, MaxUdp=65467
LogOnline: OSS: TryLoadSubsystemAndSetDefault: Loaded subsystem for module [NULL]
PixWinPlugin: PIX capture plugin failed to initialize! Check that the process is launched from PIX.
LogOculusPluginWrapper: OculusPlugin initialized successfully
LogHMD: Failed initializing OVRPlugin 1.59.0
LogInit: Build: ++UE4+Release-4.27-CL-18319896
LogInit: Engine Version: 4.27.2-18319896+++UE4+Release-4.27
LogInit: Compatible Engine Version: 4.27.0-17155196+++UE4+Release-4.27
LogInit: Net CL: 17155196
LogInit: OS: Windows 10 (Release 2009) (), CPU: 12th Gen Intel(R) Core(TM) i9-12900H, GPU: Intel(R) Iris(R) Xe Graphics
LogInit: Compiled (64-bit): Nov 30 2021 07:12:08
LogInit: Compiled with Visual C++: 19.24.28315.00
LogInit: Build Configuration: Development
LogInit: Branch Name: ++UE4+Release-4.27
LogInit: Command Line:  /Game/SideScrollerBP/Maps/SideScrollerExampleMap -game -PIEVIACONSOLE -Multiprocess GameUserSettingsINI=C:/Users/gizem/Downloads/SideScroller_V422/SideScroller_V422/SideScroller_V422/Saved/Config/Windows/PIEGameUserSettings0.ini -MultiprocessSaveConfig -forcepassthrough -messaging -SessionName="Play in Standalone Game" -windowed -WinX=315 -WinY=179 SAVEWINPOS=1 -ResX=1280 -ResY=720
LogInit: Base Directory: C:/Program Files/Epic Games/UE_4.27/Engine/Binaries/Win64/
LogInit: Allocator: TBB
LogInit: Installed Engine Build: 1
LogDevObjectVersion: Number of dev versions registered: 29
LogDevObjectVersion:   Dev-Blueprints (B0D832E4-1F89-4F0D-ACCF-7EB736FD4AA2): 10
LogDevObjectVersion:   Dev-Build (E1C64328-A22C-4D53-A36C-8E866417BD8C): 0
LogDevObjectVersion:   Dev-Core (375EC13C-06E4-48FB-B500-84F0262A717E): 4
LogDevObjectVersion:   Dev-Editor (E4B068ED-F494-42E9-A231-DA0B2E46BB41): 40
LogDevObjectVersion:   Dev-Framework (CFFC743F-43B0-4480-9391-14DF171D2073): 37
LogDevObjectVersion:   Dev-Mobile (B02B49B5-BB20-44E9-A304-32B752E40360): 3
LogDevObjectVersion:   Dev-Networking (A4E4105C-59A1-49B5-A7C5-40C4547EDFEE): 0
LogDevObjectVersion:   Dev-Online (39C831C9-5AE6-47DC-9A44-9C173E1C8E7C): 0
LogDevObjectVersion:   Dev-Physics (78F01B33-EBEA-4F98-B9B4-84EACCB95AA2): 14
LogDevObjectVersion:   Dev-Platform (6631380F-2D4D-43E0-8009-CF276956A95A): 0
LogDevObjectVersion:   Dev-Rendering (12F88B9F-8875-4AFC-A67C-D90C383ABD29): 45
LogDevObjectVersion:   Dev-Sequencer (7B5AE74C-D270-4C10-A958-57980B212A5A): 13
LogDevObjectVersion:   Dev-VR (D7296918-1DD6-4BDD-9DE2-64A83CC13884): 3
LogDevObjectVersion:   Dev-LoadTimes (C2A15278-BFE7-4AFE-6C17-90FF531DF755): 1
LogDevObjectVersion:   Private-Geometry (6EACA3D4-40EC-4CC1-B786-8BED09428FC5): 3
LogDevObjectVersion:   Dev-AnimPhys (29E575DD-E0A3-4627-9D10-D276232CDCEA): 17
LogDevObjectVersion:   Dev-Anim (AF43A65D-7FD3-4947-9873-3E8ED9C1BB05): 15
LogDevObjectVersion:   Dev-ReflectionCapture (6B266CEC-1EC7-4B8F-A30B-E4D90942FC07): 1
LogDevObjectVersion:   Dev-Automation (0DF73D61-A23F-47EA-B727-89E90C41499A): 1
LogDevObjectVersion:   FortniteMain (601D1886-AC64-4F84-AA16-D3DE0DEAC7D6): 47
LogDevObjectVersion:   FortniteRelease (E7086368-6B23-4C58-8439-1B7016265E91): 1
LogDevObjectVersion:   Dev-Enterprise (9DFFBCD6-494F-0158-E221-12823C92A888): 10
LogDevObjectVersion:   Dev-Niagara (F2AED0AC-9AFE-416F-8664-AA7FFA26D6FC): 1
LogDevObjectVersion:   Dev-Destruction (174F1F0B-B4C6-45A5-B13F-2EE8D0FB917D): 10
LogDevObjectVersion:   Dev-Physics-Ext (35F94A83-E258-406C-A318-09F59610247C): 41
LogDevObjectVersion:   Dev-PhysicsMaterial-Chaos (B68FC16E-8B1B-42E2-B453-215C058844FE): 1
LogDevObjectVersion:   Dev-CineCamera (B2E18506-4273-CFC2-A54E-F4BB758BBA07): 1
LogDevObjectVersion:   Dev-VirtualProduction (64F58936-FD1B-42BA-BA96-7289D5D0FA4E): 1
LogDevObjectVersion:   Dev-MediaFramework (6F0ED827-A609-4895-9C91-998D90180EA4): 2
LogInit: Presizing for max 25165824 objects, including 0 objects not considered by GC, pre-allocating 0 bytes for permanent pool.
LogConfig: Applying CVar settings from Section [/Script/Engine.StreamingSettings] File [C:/Users/gizem/Downloads/SideScroller_V422/SideScroller_V422/SideScroller_V422/Saved/Config/Windows/Engine.ini]
LogConfig: Setting CVar [[s.MinBulkDataSizeForAsyncLoading:131072]]
LogConfig: Setting CVar [[s.AsyncLoadingThreadEnabled:0]]
LogConfig: Setting CVar [[s.EventDrivenLoaderEnabled:1]]
LogConfig: Setting CVar [[s.WarnIfTimeLimitExceeded:0]]
LogConfig: Setting CVar [[s.TimeLimitExceededMultiplier:1.5]]
LogConfig: Setting CVar [[s.TimeLimitExceededMinTime:0.005]]
LogConfig: Setting CVar [[s.UseBackgroundLevelStreaming:1]]
LogConfig: Setting CVar [[s.PriorityAsyncLoadingExtraTime:15.0]]
LogConfig: Setting CVar [[s.LevelStreamingActorsUpdateTimeLimit:5.0]]
LogConfig: Setting CVar [[s.PriorityLevelStreamingActorsUpdateExtraTime:5.0]]
LogConfig: Setting CVar [[s.LevelStreamingComponentsRegistrationGranularity:10]]
LogConfig: Setting CVar [[s.UnregisterComponentsTimeLimit:1.0]]
LogConfig: Setting CVar [[s.LevelStreamingComponentsUnregistrationGranularity:5]]
LogConfig: Setting CVar [[s.FlushStreamingOnExit:1]]
LogInit: Object subsystem initialized
LogConfig: Setting CVar [[con.DebugEarlyDefault:1]]
LogConfig: Setting CVar [[r.setres:1280x720]]
[2022.11.23-20.21.14:789][  0]LogConfig: Setting CVar [[con.DebugEarlyDefault:1]]
[2022.11.23-20.21.14:789][  0]LogConfig: Setting CVar [[r.setres:1280x720]]
[2022.11.23-20.21.14:789][  0]LogConfig: Applying CVar settings from Section [/Script/Engine.RendererSettings] File [C:/Users/gizem/Downloads/SideScroller_V422/SideScroller_V422/SideScroller_V422/Saved/Config/Windows/Engine.ini]
[2022.11.23-20.21.14:789][  0]LogConfig: Setting CVar [[r.GPUCrashDebugging:0]]
[2022.11.23-20.21.14:789][  0]LogConfig: Applying CVar settings from Section [/Script/Engine.RendererOverrideSettings] File [C:/Users/gizem/Downloads/SideScroller_V422/SideScroller_V422/SideScroller_V422/Saved/Config/Windows/Engine.ini]
[2022.11.23-20.21.14:789][  0]LogConfig: Applying CVar settings from Section [/Script/Engine.StreamingSettings] File [C:/Users/gizem/Downloads/SideScroller_V422/SideScroller_V422/SideScroller_V422/Saved/Config/Windows/Engine.ini]
[2022.11.23-20.21.14:789][  0]LogConfig: Setting CVar [[s.MinBulkDataSizeForAsyncLoading:131072]]
[2022.11.23-20.21.14:789][  0]LogConfig: Setting CVar [[s.AsyncLoadingThreadEnabled:0]]
[2022.11.23-20.21.14:789][  0]LogConfig: Setting CVar [[s.EventDrivenLoaderEnabled:1]]
[2022.11.23-20.21.14:789][  0]LogConfig: Setting CVar [[s.WarnIfTimeLimitExceeded:0]]
[2022.11.23-20.21.14:789][  0]LogConfig: Setting CVar [[s.TimeLimitExceededMultiplier:1.5]]
[2022.11.23-20.21.14:789][  0]LogConfig: Setting CVar [[s.TimeLimitExceededMinTime:0.005]]
[2022.11.23-20.21.14:789][  0]LogConfig: Setting CVar [[s.UseBackgroundLevelStreaming:1]]
[2022.11.23-20.21.14:789][  0]LogConfig: Setting CVar [[s.PriorityAsyncLoadingExtraTime:15.0]]
[2022.11.23-20.21.14:789][  0]LogConfig: Setting CVar [[s.LevelStreamingActorsUpdateTimeLimit:5.0]]
[2022.11.23-20.21.14:789][  0]LogConfig: Setting CVar [[s.PriorityLevelStreamingActorsUpdateExtraTime:5.0]]
[2022.11.23-20.21.14:789][  0]LogConfig: Setting CVar [[s.LevelStreamingComponentsRegistrationGranularity:10]]
[2022.11.23-20.21.14:789][  0]LogConfig: Setting CVar [[s.UnregisterComponentsTimeLimit:1.0]]
[2022.11.23-20.21.14:789][  0]LogConfig: Setting CVar [[s.LevelStreamingComponentsUnregistrationGranularity:5]]
[2022.11.23-20.21.14:789][  0]LogConfig: Setting CVar [[s.FlushStreamingOnExit:1]]
[2022.11.23-20.21.14:789][  0]LogConfig: Applying CVar settings from Section [/Script/Engine.GarbageCollectionSettings] File [C:/Users/gizem/Downloads/SideScroller_V422/SideScroller_V422/SideScroller_V422/Saved/Config/Windows/Engine.ini]
[2022.11.23-20.21.14:789][  0]LogConfig: Setting CVar [[gc.MaxObjectsNotConsideredByGC:1]]
[2022.11.23-20.21.14:789][  0]LogConfig: Setting CVar [[gc.SizeOfPermanentObjectPool:0]]
[2022.11.23-20.21.14:789][  0]LogConfig: Setting CVar [[gc.FlushStreamingOnGC:0]]
[2022.11.23-20.21.14:789][  0]LogConfig: Setting CVar [[gc.NumRetriesBeforeForcingGC:10]]
[2022.11.23-20.21.14:789][  0]LogConfig: Setting CVar [[gc.AllowParallelGC:1]]
[2022.11.23-20.21.14:789][  0]LogConfig: Setting CVar [[gc.TimeBetweenPurgingPendingKillObjects:61.1]]
[2022.11.23-20.21.14:789][  0]LogConfig: Setting CVar [[gc.MaxObjectsInEditor:25165824]]
[2022.11.23-20.21.14:789][  0]LogConfig: Setting CVar [[gc.IncrementalBeginDestroyEnabled:1]]
[2022.11.23-20.21.14:789][  0]LogConfig: Setting CVar [[gc.CreateGCClusters:1]]
[2022.11.23-20.21.14:789][  0]LogConfig: Setting CVar [[gc.MinGCClusterSize:5]]
[2022.11.23-20.21.14:789][  0]LogConfig: Setting CVar [[gc.ActorClusteringEnabled:0]]
[2022.11.23-20.21.14:789][  0]LogConfig: Setting CVar [[gc.BlueprintClusteringEnabled:0]]
[2022.11.23-20.21.14:789][  0]LogConfig: Setting CVar [[gc.UseDisregardForGCOnDedicatedServers:0]]
[2022.11.23-20.21.14:789][  0]LogConfig: Setting CVar [[gc.MultithreadedDestructionEnabled:1]]
[2022.11.23-20.21.14:789][  0]LogConfig: Applying CVar settings from Section [/Script/Engine.NetworkSettings] File [C:/Users/gizem/Downloads/SideScroller_V422/SideScroller_V422/SideScroller_V422/Saved/Config/Windows/Engine.ini]
[2022.11.23-20.21.14:789][  0]LogConfig: Applying CVar settings from Section [/Script/UnrealEd.CookerSettings] File [C:/Users/gizem/Downloads/SideScroller_V422/SideScroller_V422/SideScroller_V422/Saved/Config/Windows/Engine.ini]
[2022.11.23-20.21.14:801][  0]LogConfig: Applying CVar settings from Section [ViewDistanceQuality@3] File [C:/Users/gizem/Downloads/SideScroller_V422/SideScroller_V422/SideScroller_V422/Saved/Config/Windows/Scalability.ini]
[2022.11.23-20.21.14:801][  0]LogConfig: Setting CVar [[r.SkeletalMeshLODBias:0]]
[2022.11.23-20.21.14:801][  0]LogConfig: Setting CVar [[r.ViewDistanceScale:1.0]]
[2022.11.23-20.21.14:801][  0]LogConfig: Applying CVar settings from Section [AntiAliasingQuality@3] File [C:/Users/gizem/Downloads/SideScroller_V422/SideScroller_V422/SideScroller_V422/Saved/Config/Windows/Scalability.ini]
[2022.11.23-20.21.14:801][  0]LogConfig: Setting CVar [[r.PostProcessAAQuality:4]]
[2022.11.23-20.21.14:801][  0]LogConfig: Applying CVar settings from Section [ShadowQuality@3] File [C:/Users/gizem/Downloads/SideScroller_V422/SideScroller_V422/SideScroller_V422/Saved/Config/Windows/Scalability.ini]
[2022.11.23-20.21.14:801][  0]LogConfig: Setting CVar [[r.LightFunctionQuality:1]]
[2022.11.23-20.21.14:801][  0]LogConfig: Setting CVar [[r.ShadowQuality:5]]
[2022.11.23-20.21.14:801][  0]LogConfig: Setting CVar [[r.Shadow.CSM.MaxCascades:10]]
[2022.11.23-20.21.14:801][  0]LogConfig: Setting CVar [[r.Shadow.MaxResolution:2048]]
[2022.11.23-20.21.14:801][  0]LogConfig: Setting CVar [[r.Shadow.MaxCSMResolution:2048]]
[2022.11.23-20.21.14:801][  0]LogConfig: Setting CVar [[r.Shadow.RadiusThreshold:0.01]]
[2022.11.23-20.21.14:801][  0]LogConfig: Setting CVar [[r.Shadow.DistanceScale:1.0]]
[2022.11.23-20.21.14:801][  0]LogConfig: Setting CVar [[r.Shadow.CSM.TransitionScale:1.0]]
[2022.11.23-20.21.14:801][  0]LogConfig: Setting CVar [[r.Shadow.PreShadowResolutionFactor:1.0]]
[2022.11.23-20.21.14:801][  0]LogConfig: Setting CVar [[r.DistanceFieldShadowing:1]]
[2022.11.23-20.21.14:801][  0]LogConfig: Setting CVar [[r.DistanceFieldAO:1]]
[2022.11.23-20.21.14:801][  0]LogConfig: Setting CVar [[r.AOQuality:2]]
[2022.11.23-20.21.14:801][  0]LogConfig: Setting CVar [[r.VolumetricFog:1]]
[2022.11.23-20.21.14:801][  0]LogConfig: Setting CVar [[r.VolumetricFog.GridPixelSize:8]]
[2022.11.23-20.21.14:801][  0]LogConfig: Setting CVar [[r.VolumetricFog.GridSizeZ:128]]
[2022.11.23-20.21.14:801][  0]LogConfig: Setting CVar [[r.VolumetricFog.HistoryMissSupersampleCount:4]]
[2022.11.23-20.21.14:801][  0]LogConfig: Setting CVar [[r.LightMaxDrawDistanceScale:1]]
[2022.11.23-20.21.14:801][  0]LogConfig: Setting CVar [[r.CapsuleShadows:1]]
[2022.11.23-20.21.14:801][  0]LogConfig: Applying CVar settings from Section [PostProcessQuality@3] File [C:/Users/gizem/Downloads/SideScroller_V422/SideScroller_V422/SideScroller_V422/Saved/Config/Windows/Scalability.ini]
[2022.11.23-20.21.14:801][  0]LogConfig: Setting CVar [[r.MotionBlurQuality:4]]
[2022.11.23-20.21.14:801][  0]LogConfig: Setting CVar [[r.AmbientOcclusionMipLevelFactor:0.4]]
[2022.11.23-20.21.14:801][  0]LogConfig: Setting CVar [[r.AmbientOcclusionMaxQuality:100]]
[2022.11.23-20.21.14:801][  0]LogConfig: Setting CVar [[r.AmbientOcclusionLevels:-1]]
[2022.11.23-20.21.14:801][  0]LogConfig: Setting CVar [[r.AmbientOcclusionRadiusScale:1.0]]
[2022.11.23-20.21.14:801][  0]LogConfig: Setting CVar [[r.DepthOfFieldQuality:2]]
[2022.11.23-20.21.14:801][  0]LogConfig: Setting CVar [[r.RenderTargetPoolMin:400]]
[2022.11.23-20.21.14:801][  0]LogConfig: Setting CVar [[r.LensFlareQuality:2]]
[2022.11.23-20.21.14:801][  0]LogConfig: Setting CVar [[r.SceneColorFringeQuality:1]]
[2022.11.23-20.21.14:801][  0]LogConfig: Setting CVar [[r.EyeAdaptationQuality:2]]
[2022.11.23-20.21.14:801][  0]LogConfig: Setting CVar [[r.BloomQuality:5]]
[2022.11.23-20.21.14:801][  0]LogConfig: Setting CVar [[r.FastBlurThreshold:100]]
[2022.11.23-20.21.14:801][  0]LogConfig: Setting CVar [[r.Upscale.Quality:3]]
[2022.11.23-20.21.14:801][  0]LogConfig: Setting CVar [[r.Tonemapper.GrainQuantization:1]]
[2022.11.23-20.21.14:801][  0]LogConfig: Setting CVar [[r.LightShaftQuality:1]]
[2022.11.23-20.21.14:801][  0]LogConfig: Setting CVar [[r.Filter.SizeScale:1]]
[2022.11.23-20.21.14:801][  0]LogConfig: Setting CVar [[r.Tonemapper.Quality:5]]
[2022.11.23-20.21.14:801][  0]LogConfig: Setting CVar [[r.DOF.Gather.AccumulatorQuality:1        ; higher gathering accumulator quality]]
[2022.11.23-20.21.14:801][  0]LogConfig: Setting CVar [[r.DOF.Gather.PostfilterMethod:1          ; Median3x3 postfilering method]]
[2022.11.23-20.21.14:801][  0]LogConfig: Setting CVar [[r.DOF.Gather.EnableBokehSettings:0       ; no bokeh simulation when gathering]]
[2022.11.23-20.21.14:801][  0]LogConfig: Setting CVar [[r.DOF.Gather.RingCount:4                 ; medium number of samples when gathering]]
[2022.11.23-20.21.14:801][  0]LogConfig: Setting CVar [[r.DOF.Scatter.ForegroundCompositing:1    ; additive foreground scattering]]
[2022.11.23-20.21.14:801][  0]LogConfig: Setting CVar [[r.DOF.Scatter.BackgroundCompositing:2    ; additive background scattering]]
[2022.11.23-20.21.14:801][  0]LogConfig: Setting CVar [[r.DOF.Scatter.EnableBokehSettings:1      ; bokeh simulation when scattering]]
[2022.11.23-20.21.14:801][  0]LogConfig: Setting CVar [[r.DOF.Scatter.MaxSpriteRatio:0.1         ; only a maximum of 10% of scattered bokeh]]
[2022.11.23-20.21.14:801][  0]LogConfig: Setting CVar [[r.DOF.Recombine.Quality:1                ; cheap slight out of focus]]
[2022.11.23-20.21.14:801][  0]LogConfig: Setting CVar [[r.DOF.Recombine.EnableBokehSettings:0    ; no bokeh simulation on slight out of focus]]
[2022.11.23-20.21.14:801][  0]LogConfig: Setting CVar [[r.DOF.TemporalAAQuality:1                ; more stable temporal accumulation]]
[2022.11.23-20.21.14:801][  0]LogConfig: Setting CVar [[r.DOF.Kernel.MaxForegroundRadius:0.025]]
[2022.11.23-20.21.14:801][  0]LogConfig: Setting CVar [[r.DOF.Kernel.MaxBackgroundRadius:0.025]]
[2022.11.23-20.21.14:801][  0]LogConfig: Applying CVar settings from Section [TextureQuality@3] File [C:/Users/gizem/Downloads/SideScroller_V422/SideScroller_V422/SideScroller_V422/Saved/Config/Windows/Scalability.ini]
[2022.11.23-20.21.14:801][  0]LogConfig: Setting CVar [[r.Streaming.MipBias:0]]
[2022.11.23-20.21.14:801][  0]LogConfig: Setting CVar [[r.Streaming.AmortizeCPUToGPUCopy:0]]
[2022.11.23-20.21.14:801][  0]LogConfig: Setting CVar [[r.Streaming.MaxNumTexturesToStreamPerFrame:0]]
[2022.11.23-20.21.14:801][  0]LogConfig: Setting CVar [[r.Streaming.Boost:1]]
[2022.11.23-20.21.14:801][  0]LogConfig: Setting CVar [[r.MaxAnisotropy:8]]
[2022.11.23-20.21.14:801][  0]LogConfig: Setting CVar [[r.VT.MaxAnisotropy:8]]
[2022.11.23-20.21.14:801][  0]LogConfig: Setting CVar [[r.Streaming.LimitPoolSizeToVRAM:0]]
[2022.11.23-20.21.14:801][  0]LogConfig: Setting CVar [[r.Streaming.PoolSize:1000]]
[2022.11.23-20.21.14:801][  0]LogConfig: Setting CVar [[r.Streaming.MaxEffectiveScreenSize:0]]
[2022.11.23-20.21.14:801][  0]LogConfig: Applying CVar settings from Section [EffectsQuality@3] File [C:/Users/gizem/Downloads/SideScroller_V422/SideScroller_V422/SideScroller_V422/Saved/Config/Windows/Scalability.ini]
[2022.11.23-20.21.14:801][  0]LogConfig: Setting CVar [[r.TranslucencyLightingVolumeDim:64]]
[2022.11.23-20.21.14:801][  0]LogConfig: Setting CVar [[r.RefractionQuality:2]]
[2022.11.23-20.21.14:801][  0]LogConfig: Setting CVar [[r.SSR.Quality:3]]
[2022.11.23-20.21.14:801][  0]LogConfig: Setting CVar [[r.SSR.HalfResSceneColor:0]]
[2022.11.23-20.21.14:801][  0]LogConfig: Setting CVar [[r.SceneColorFormat:4]]
[2022.11.23-20.21.14:801][  0]LogConfig: Setting CVar [[r.DetailMode:2]]
[2022.11.23-20.21.14:801][  0]LogConfig: Setting CVar [[r.TranslucencyVolumeBlur:1]]
[2022.11.23-20.21.14:801][  0]LogConfig: Setting CVar [[r.MaterialQualityLevel:1 ; High quality]]
[2022.11.23-20.21.14:801][  0]LogConfig: Setting CVar [[r.AnisotropicMaterials:1]]
[2022.11.23-20.21.14:801][  0]LogConfig: Setting CVar [[r.SSS.Scale:1]]
[2022.11.23-20.21.14:801][  0]LogConfig: Setting CVar [[r.SSS.SampleSet:2]]
[2022.11.23-20.21.14:801][  0]LogConfig: Setting CVar [[r.SSS.Quality:1]]
[2022.11.23-20.21.14:801][  0]LogConfig: Setting CVar [[r.SSS.HalfRes:0]]
[2022.11.23-20.21.14:801][  0]LogConfig: Setting CVar [[r.SSGI.Quality:3]]
[2022.11.23-20.21.14:801][  0]LogConfig: Setting CVar [[r.EmitterSpawnRateScale:1.0]]
[2022.11.23-20.21.14:801][  0]LogConfig: Setting CVar [[r.ParticleLightQuality:2]]
[2022.11.23-20.21.14:801][  0]LogConfig: Setting CVar [[r.SkyAtmosphere.AerialPerspectiveLUT.FastApplyOnOpaque:1 ; Always have FastSkyLUT 1 in this case to avoid wrong sky]]
[2022.11.23-20.21.14:801][  0]LogConfig: Setting CVar [[r.SkyAtmosphere.AerialPerspectiveLUT.SampleCountMaxPerSlice:4]]
[2022.11.23-20.21.14:801][  0]LogConfig: Setting CVar [[r.SkyAtmosphere.AerialPerspectiveLUT.DepthResolution:16.0]]
[2022.11.23-20.21.14:801][  0]LogConfig: Setting CVar [[r.SkyAtmosphere.FastSkyLUT:1]]
[2022.11.23-20.21.14:801][  0]LogConfig: Setting CVar [[r.SkyAtmosphere.FastSkyLUT.SampleCountMin:4.0]]
[2022.11.23-20.21.14:801][  0]LogConfig: Setting CVar [[r.SkyAtmosphere.FastSkyLUT.SampleCountMax:128.0]]
[2022.11.23-20.21.14:801][  0]LogConfig: Setting CVar [[r.SkyAtmosphere.SampleCountMin:4.0]]
[2022.11.23-20.21.14:801][  0]LogConfig: Setting CVar [[r.SkyAtmosphere.SampleCountMax:128.0]]
[2022.11.23-20.21.14:801][  0]LogConfig: Setting CVar [[r.SkyAtmosphere.TransmittanceLUT.UseSmallFormat:0]]
[2022.11.23-20.21.14:801][  0]LogConfig: Setting CVar [[r.SkyAtmosphere.TransmittanceLUT.SampleCount:10.0]]
[2022.11.23-20.21.14:801][  0]LogConfig: Setting CVar [[r.SkyAtmosphere.MultiScatteringLUT.SampleCount:15.0]]
[2022.11.23-20.21.14:801][  0]LogConfig: Setting CVar [[r.SkyLight.RealTimeReflectionCapture:1]]
[2022.11.23-20.21.14:801][  0]LogConfig: Applying CVar settings from Section [FoliageQuality@3] File [C:/Users/gizem/Downloads/SideScroller_V422/SideScroller_V422/SideScroller_V422/Saved/Config/Windows/Scalability.ini]
[2022.11.23-20.21.14:801][  0]LogConfig: Setting CVar [[foliage.DensityScale:1.0]]
[2022.11.23-20.21.14:801][  0]LogConfig: Setting CVar [[grass.DensityScale:1.0]]
[2022.11.23-20.21.14:801][  0]LogConfig: Applying CVar settings from Section [ShadingQuality@3] File [C:/Users/gizem/Downloads/SideScroller_V422/SideScroller_V422/SideScroller_V422/Saved/Config/Windows/Scalability.ini]
[2022.11.23-20.21.14:801][  0]LogConfig: Setting CVar [[r.HairStrands.SkyLighting.IntegrationType:2]]
[2022.11.23-20.21.14:801][  0]LogConfig: Setting CVar [[r.HairStrands.SkyAO.SampleCount:4]]
[2022.11.23-20.21.14:801][  0]LogConfig: Setting CVar [[r.HairStrands.Visibility.MSAA.SamplePerPixel:4]]
[2022.11.23-20.21.14:801][  0]LogInit: Selected Device Profile: [Windows]
[2022.11.23-20.21.14:801][  0]LogInit: Applying CVar settings loaded from the selected device profile: [Windows]
[2022.11.23-20.21.14:801][  0]LogHAL: Display: Platform has ~ 32 GB [34050162688 / 34359738368 / 32], which maps to Largest [LargestMinGB=32, LargerMinGB=12, DefaultMinGB=8, SmallerMinGB=6, SmallestMinGB=0)
[2022.11.23-20.21.14:801][  0]LogInit: Going up to parent DeviceProfile []
[2022.11.23-20.21.14:801][  0]LogConfig: Applying CVar settings from Section [ViewDistanceQuality@3] File [C:/Users/gizem/Downloads/SideScroller_V422/SideScroller_V422/SideScroller_V422/Saved/Config/Windows/Scalability.ini]
[2022.11.23-20.21.14:801][  0]LogConfig: Setting CVar [[r.SkeletalMeshLODBias:0]]
[2022.11.23-20.21.14:801][  0]LogConfig: Setting CVar [[r.ViewDistanceScale:1.0]]
[2022.11.23-20.21.14:801][  0]LogConfig: Applying CVar settings from Section [AntiAliasingQuality@3] File [C:/Users/gizem/Downloads/SideScroller_V422/SideScroller_V422/SideScroller_V422/Saved/Config/Windows/Scalability.ini]
[2022.11.23-20.21.14:801][  0]LogConfig: Setting CVar [[r.PostProcessAAQuality:4]]
[2022.11.23-20.21.14:801][  0]LogConfig: Applying CVar settings from Section [ShadowQuality@3] File [C:/Users/gizem/Downloads/SideScroller_V422/SideScroller_V422/SideScroller_V422/Saved/Config/Windows/Scalability.ini]
[2022.11.23-20.21.14:801][  0]LogConfig: Setting CVar [[r.LightFunctionQuality:1]]
[2022.11.23-20.21.14:801][  0]LogConfig: Setting CVar [[r.ShadowQuality:5]]
[2022.11.23-20.21.14:801][  0]LogConfig: Setting CVar [[r.Shadow.CSM.MaxCascades:10]]
[2022.11.23-20.21.14:801][  0]LogConfig: Setting CVar [[r.Shadow.MaxResolution:2048]]
[2022.11.23-20.21.14:801][  0]LogConfig: Setting CVar [[r.Shadow.MaxCSMResolution:2048]]
[2022.11.23-20.21.14:801][  0]LogConfig: Setting CVar [[r.Shadow.RadiusThreshold:0.01]]
[2022.11.23-20.21.14:801][  0]LogConfig: Setting CVar [[r.Shadow.DistanceScale:1.0]]
[2022.11.23-20.21.14:801][  0]LogConfig: Setting CVar [[r.Shadow.CSM.TransitionScale:1.0]]
[2022.11.23-20.21.14:801][  0]LogConfig: Setting CVar [[r.Shadow.PreShadowResolutionFactor:1.0]]
[2022.11.23-20.21.14:801][  0]LogConfig: Setting CVar [[r.DistanceFieldShadowing:1]]
[2022.11.23-20.21.14:801][  0]LogConfig: Setting CVar [[r.DistanceFieldAO:1]]
[2022.11.23-20.21.14:801][  0]LogConfig: Setting CVar [[r.AOQuality:2]]
[2022.11.23-20.21.14:801][  0]LogConfig: Setting CVar [[r.VolumetricFog:1]]
[2022.11.23-20.21.14:801][  0]LogConfig: Setting CVar [[r.VolumetricFog.GridPixelSize:8]]
[2022.11.23-20.21.14:801][  0]LogConfig: Setting CVar [[r.VolumetricFog.GridSizeZ:128]]
[2022.11.23-20.21.14:801][  0]LogConfig: Setting CVar [[r.VolumetricFog.HistoryMissSupersampleCount:4]]
[2022.11.23-20.21.14:801][  0]LogConfig: Setting CVar [[r.LightMaxDrawDistanceScale:1]]
[2022.11.23-20.21.14:802][  0]LogConfig: Setting CVar [[r.CapsuleShadows:1]]
[2022.11.23-20.21.14:802][  0]LogConfig: Applying CVar settings from Section [PostProcessQuality@3] File [C:/Users/gizem/Downloads/SideScroller_V422/SideScroller_V422/SideScroller_V422/Saved/Config/Windows/Scalability.ini]
[2022.11.23-20.21.14:802][  0]LogConfig: Setting CVar [[r.MotionBlurQuality:4]]
[2022.11.23-20.21.14:802][  0]LogConfig: Setting CVar [[r.AmbientOcclusionMipLevelFactor:0.4]]
[2022.11.23-20.21.14:802][  0]LogConfig: Setting CVar [[r.AmbientOcclusionMaxQuality:100]]
[2022.11.23-20.21.14:802][  0]LogConfig: Setting CVar [[r.AmbientOcclusionLevels:-1]]
[2022.11.23-20.21.14:802][  0]LogConfig: Setting CVar [[r.AmbientOcclusionRadiusScale:1.0]]
[2022.11.23-20.21.14:802][  0]LogConfig: Setting CVar [[r.DepthOfFieldQuality:2]]
[2022.11.23-20.21.14:802][  0]LogConfig: Setting CVar [[r.RenderTargetPoolMin:400]]
[2022.11.23-20.21.14:802][  0]LogConfig: Setting CVar [[r.LensFlareQuality:2]]
[2022.11.23-20.21.14:802][  0]LogConfig: Setting CVar [[r.SceneColorFringeQuality:1]]
[2022.11.23-20.21.14:802][  0]LogConfig: Setting CVar [[r.EyeAdaptationQuality:2]]
[2022.11.23-20.21.14:802][  0]LogConfig: Setting CVar [[r.BloomQuality:5]]
[2022.11.23-20.21.14:802][  0]LogConfig: Setting CVar [[r.FastBlurThreshold:100]]
[2022.11.23-20.21.14:802][  0]LogConfig: Setting CVar [[r.Upscale.Quality:3]]
[2022.11.23-20.21.14:802][  0]LogConfig: Setting CVar [[r.Tonemapper.GrainQuantization:1]]
[2022.11.23-20.21.14:802][  0]LogConfig: Setting CVar [[r.LightShaftQuality:1]]
[2022.11.23-20.21.14:802][  0]LogConfig: Setting CVar [[r.Filter.SizeScale:1]]
[2022.11.23-20.21.14:802][  0]LogConfig: Setting CVar [[r.Tonemapper.Quality:5]]
[2022.11.23-20.21.14:802][  0]LogConfig: Setting CVar [[r.DOF.Gather.AccumulatorQuality:1        ; higher gathering accumulator quality]]
[2022.11.23-20.21.14:802][  0]LogConfig: Setting CVar [[r.DOF.Gather.PostfilterMethod:1          ; Median3x3 postfilering method]]
[2022.11.23-20.21.14:802][  0]LogConfig: Setting CVar [[r.DOF.Gather.EnableBokehSettings:0       ; no bokeh simulation when gathering]]
[2022.11.23-20.21.14:802][  0]LogConfig: Setting CVar [[r.DOF.Gather.RingCount:4                 ; medium number of samples when gathering]]
[2022.11.23-20.21.14:802][  0]LogConfig: Setting CVar [[r.DOF.Scatter.ForegroundCompositing:1    ; additive foreground scattering]]
[2022.11.23-20.21.14:802][  0]LogConfig: Setting CVar [[r.DOF.Scatter.BackgroundCompositing:2    ; additive background scattering]]
[2022.11.23-20.21.14:802][  0]LogConfig: Setting CVar [[r.DOF.Scatter.EnableBokehSettings:1      ; bokeh simulation when scattering]]
[2022.11.23-20.21.14:802][  0]LogConfig: Setting CVar [[r.DOF.Scatter.MaxSpriteRatio:0.1         ; only a maximum of 10% of scattered bokeh]]
[2022.11.23-20.21.14:802][  0]LogConfig: Setting CVar [[r.DOF.Recombine.Quality:1                ; cheap slight out of focus]]
[2022.11.23-20.21.14:802][  0]LogConfig: Setting CVar [[r.DOF.Recombine.EnableBokehSettings:0    ; no bokeh simulation on slight out of focus]]
[2022.11.23-20.21.14:802][  0]LogConfig: Setting CVar [[r.DOF.TemporalAAQuality:1                ; more stable temporal accumulation]]
[2022.11.23-20.21.14:802][  0]LogConfig: Setting CVar [[r.DOF.Kernel.MaxForegroundRadius:0.025]]
[2022.11.23-20.21.14:802][  0]LogConfig: Setting CVar [[r.DOF.Kernel.MaxBackgroundRadius:0.025]]
[2022.11.23-20.21.14:802][  0]LogConfig: Applying CVar settings from Section [TextureQuality@3] File [C:/Users/gizem/Downloads/SideScroller_V422/SideScroller_V422/SideScroller_V422/Saved/Config/Windows/Scalability.ini]
[2022.11.23-20.21.14:802][  0]LogConfig: Setting CVar [[r.Streaming.MipBias:0]]
[2022.11.23-20.21.14:802][  0]LogConfig: Setting CVar [[r.Streaming.AmortizeCPUToGPUCopy:0]]
[2022.11.23-20.21.14:802][  0]LogConfig: Setting CVar [[r.Streaming.MaxNumTexturesToStreamPerFrame:0]]
[2022.11.23-20.21.14:802][  0]LogConfig: Setting CVar [[r.Streaming.Boost:1]]
[2022.11.23-20.21.14:802][  0]LogConfig: Setting CVar [[r.MaxAnisotropy:8]]
[2022.11.23-20.21.14:802][  0]LogConfig: Setting CVar [[r.VT.MaxAnisotropy:8]]
[2022.11.23-20.21.14:802][  0]LogConfig: Setting CVar [[r.Streaming.LimitPoolSizeToVRAM:0]]
[2022.11.23-20.21.14:802][  0]LogConfig: Setting CVar [[r.Streaming.PoolSize:1000]]
[2022.11.23-20.21.14:802][  0]LogConfig: Setting CVar [[r.Streaming.MaxEffectiveScreenSize:0]]
[2022.11.23-20.21.14:802][  0]LogConfig: Applying CVar settings from Section [EffectsQuality@3] File [C:/Users/gizem/Downloads/SideScroller_V422/SideScroller_V422/SideScroller_V422/Saved/Config/Windows/Scalability.ini]
[2022.11.23-20.21.14:802][  0]LogConfig: Setting CVar [[r.TranslucencyLightingVolumeDim:64]]
[2022.11.23-20.21.14:802][  0]LogConfig: Setting CVar [[r.RefractionQuality:2]]
[2022.11.23-20.21.14:802][  0]LogConfig: Setting CVar [[r.SSR.Quality:3]]
[2022.11.23-20.21.14:802][  0]LogConfig: Setting CVar [[r.SSR.HalfResSceneColor:0]]
[2022.11.23-20.21.14:802][  0]LogConfig: Setting CVar [[r.SceneColorFormat:4]]
[2022.11.23-20.21.14:802][  0]LogConfig: Setting CVar [[r.DetailMode:2]]
[2022.11.23-20.21.14:802][  0]LogConfig: Setting CVar [[r.TranslucencyVolumeBlur:1]]
[2022.11.23-20.21.14:802][  0]LogConfig: Setting CVar [[r.MaterialQualityLevel:1 ; High quality]]
[2022.11.23-20.21.14:802][  0]LogConfig: Setting CVar [[r.AnisotropicMaterials:1]]
[2022.11.23-20.21.14:802][  0]LogConfig: Setting CVar [[r.SSS.Scale:1]]
[2022.11.23-20.21.14:802][  0]LogConfig: Setting CVar [[r.SSS.SampleSet:2]]
[2022.11.23-20.21.14:802][  0]LogConfig: Setting CVar [[r.SSS.Quality:1]]
[2022.11.23-20.21.14:802][  0]LogConfig: Setting CVar [[r.SSS.HalfRes:0]]
[2022.11.23-20.21.14:802][  0]LogConfig: Setting CVar [[r.SSGI.Quality:3]]
[2022.11.23-20.21.14:802][  0]LogConfig: Setting CVar [[r.EmitterSpawnRateScale:1.0]]
[2022.11.23-20.21.14:802][  0]LogConfig: Setting CVar [[r.ParticleLightQuality:2]]
[2022.11.23-20.21.14:802][  0]LogConfig: Setting CVar [[r.SkyAtmosphere.AerialPerspectiveLUT.FastApplyOnOpaque:1 ; Always have FastSkyLUT 1 in this case to avoid wrong sky]]
[2022.11.23-20.21.14:802][  0]LogConfig: Setting CVar [[r.SkyAtmosphere.AerialPerspectiveLUT.SampleCountMaxPerSlice:4]]
[2022.11.23-20.21.14:802][  0]LogConfig: Setting CVar [[r.SkyAtmosphere.AerialPerspectiveLUT.DepthResolution:16.0]]
[2022.11.23-20.21.14:802][  0]LogConfig: Setting CVar [[r.SkyAtmosphere.FastSkyLUT:1]]
[2022.11.23-20.21.14:802][  0]LogConfig: Setting CVar [[r.SkyAtmosphere.FastSkyLUT.SampleCountMin:4.0]]
[2022.11.23-20.21.14:802][  0]LogConfig: Setting CVar [[r.SkyAtmosphere.FastSkyLUT.SampleCountMax:128.0]]
[2022.11.23-20.21.14:802][  0]LogConfig: Setting CVar [[r.SkyAtmosphere.SampleCountMin:4.0]]
[2022.11.23-20.21.14:802][  0]LogConfig: Setting CVar [[r.SkyAtmosphere.SampleCountMax:128.0]]
[2022.11.23-20.21.14:802][  0]LogConfig: Setting CVar [[r.SkyAtmosphere.TransmittanceLUT.UseSmallFormat:0]]
[2022.11.23-20.21.14:802][  0]LogConfig: Setting CVar [[r.SkyAtmosphere.TransmittanceLUT.SampleCount:10.0]]
[2022.11.23-20.21.14:802][  0]LogConfig: Setting CVar [[r.SkyAtmosphere.MultiScatteringLUT.SampleCount:15.0]]
[2022.11.23-20.21.14:802][  0]LogConfig: Setting CVar [[r.SkyLight.RealTimeReflectionCapture:1]]
[2022.11.23-20.21.14:802][  0]LogConfig: Applying CVar settings from Section [FoliageQuality@3] File [C:/Users/gizem/Downloads/SideScroller_V422/SideScroller_V422/SideScroller_V422/Saved/Config/Windows/Scalability.ini]
[2022.11.23-20.21.14:802][  0]LogConfig: Setting CVar [[foliage.DensityScale:1.0]]
[2022.11.23-20.21.14:802][  0]LogConfig: Setting CVar [[grass.DensityScale:1.0]]
[2022.11.23-20.21.14:802][  0]LogConfig: Applying CVar settings from Section [ShadingQuality@3] File [C:/Users/gizem/Downloads/SideScroller_V422/SideScroller_V422/SideScroller_V422/Saved/Config/Windows/Scalability.ini]
[2022.11.23-20.21.14:802][  0]LogConfig: Setting CVar [[r.HairStrands.SkyLighting.IntegrationType:2]]
[2022.11.23-20.21.14:802][  0]LogConfig: Setting CVar [[r.HairStrands.SkyAO.SampleCount:4]]
[2022.11.23-20.21.14:802][  0]LogConfig: Setting CVar [[r.HairStrands.Visibility.MSAA.SamplePerPixel:4]]
[2022.11.23-20.21.14:802][  0]LogConfig: Applying CVar settings from Section [Startup] File [../../../Engine/Config/ConsoleVariables.ini]
[2022.11.23-20.21.14:802][  0]LogConfig: Setting CVar [[net.UseAdaptiveNetUpdateFrequency:0]]
[2022.11.23-20.21.14:802][  0]LogConfig: Setting CVar [[p.chaos.AllowCreatePhysxBodies:1]]
[2022.11.23-20.21.14:802][  0]LogConfig: Setting CVar [[fx.SkipVectorVMBackendOptimizations:1]]
[2022.11.23-20.21.14:802][  0]LogConfig: Applying CVar settings from Section [ConsoleVariables] File [C:/Users/gizem/Downloads/SideScroller_V422/SideScroller_V422/SideScroller_V422/Saved/Config/Windows/Engine.ini]
[2022.11.23-20.21.14:802][  0]LogConfig: Applying CVar settings from Section [ConsoleVariables] File [C:/Users/gizem/Downloads/SideScroller_V422/SideScroller_V422/SideScroller_V422/Saved/Config/Windows/Editor.ini]
[2022.11.23-20.21.14:802][  0]LogInit: Computer: MSI
[2022.11.23-20.21.14:802][  0]LogInit: User: gizem
[2022.11.23-20.21.14:802][  0]LogInit: CPU Page size=4096, Cores=14
[2022.11.23-20.21.14:802][  0]LogInit: High frequency timer resolution =10.000000 MHz
[2022.11.23-20.21.14:802][  0]LogMemory: Memory total: Physical=31.7GB (32GB approx)
[2022.11.23-20.21.14:802][  0]LogMemory: Platform Memory Stats for Windows
[2022.11.23-20.21.14:802][  0]LogMemory: Process Physical Memory: 149.48 MB used, 149.48 MB peak
[2022.11.23-20.21.14:802][  0]LogMemory: Process Virtual Memory: 132.87 MB used, 132.87 MB peak
[2022.11.23-20.21.14:802][  0]LogMemory: Physical Memory: 13356.66 MB used,  19116.10 MB free, 32472.77 MB total
[2022.11.23-20.21.14:802][  0]LogMemory: Virtual Memory: 134199288.00 MB used,  18439.13 MB free, 134217728.00 MB total
[2022.11.23-20.21.14:830][  0]LogWindows: WindowsPlatformFeatures enabled
[2022.11.23-20.21.14:859][  0]LogInit: Physics initialised using underlying interface: PhysX
[2022.11.23-20.21.14:859][  0]LogInit: Using OS detected language (en-US).
[2022.11.23-20.21.14:859][  0]LogInit: Using OS detected locale (en-CA).
[2022.11.23-20.21.14:862][  0]LogTextLocalizationManager: No specific localization for 'en-US' exists, so the 'en' localization will be used.
[2022.11.23-20.21.15:017][  0]LogWindowsTextInputMethodSystem: Display: IME system deactivated.
[2022.11.23-20.21.15:045][  0]LogSlate: New Slate User Created.  User Index 0, Is Virtual User: 0
[2022.11.23-20.21.15:045][  0]LogSlate: Slate User Registered.  User Index 0, Is Virtual User: 0
[2022.11.23-20.21.15:061][  0]LogD3D11RHI: Loaded GFSDK_Aftermath_Lib.x64.dll
[2022.11.23-20.21.15:089][  0]LogHMD: Failed to initialize OpenVR with code 110
[2022.11.23-20.21.15:090][  0]LogD3D11RHI: D3D11 min allowed feature level: 11_0
[2022.11.23-20.21.15:090][  0]LogD3D11RHI: D3D11 max allowed feature level: 11_0
[2022.11.23-20.21.15:090][  0]LogD3D11RHI: D3D11 adapters:
[2022.11.23-20.21.15:155][  0]LogD3D11RHI:    0. 'NVIDIA GeForce RTX 3070 Laptop GPU' (Feature Level 11_0)
[2022.11.23-20.21.15:155][  0]LogD3D11RHI:       8044/0/16236 MB DedicatedVideo/DedicatedSystem/SharedSystem, Outputs:1, VendorId:0x10de
[2022.11.23-20.21.15:196][  0]LogD3D11RHI:    1. 'Intel(R) Iris(R) Xe Graphics' (Feature Level 11_0)
[2022.11.23-20.21.15:196][  0]LogD3D11RHI:       128/0/16236 MB DedicatedVideo/DedicatedSystem/SharedSystem, Outputs:0, VendorId:0x8086
[2022.11.23-20.21.15:198][  0]LogD3D11RHI:    2. 'Microsoft Basic Render Driver' (Feature Level 11_0)
[2022.11.23-20.21.15:198][  0]LogD3D11RHI:       0/0/16236 MB DedicatedVideo/DedicatedSystem/SharedSystem, Outputs:0, VendorId:0x1414
[2022.11.23-20.21.15:198][  0]LogD3D11RHI: Chosen D3D11 Adapter:
[2022.11.23-20.21.15:198][  0]LogD3D11RHI:     Description : NVIDIA GeForce RTX 3070 Laptop GPU
[2022.11.23-20.21.15:198][  0]LogD3D11RHI:     VendorId    : 10de
[2022.11.23-20.21.15:198][  0]LogD3D11RHI:     DeviceId    : 249d
[2022.11.23-20.21.15:198][  0]LogD3D11RHI:     SubSysId    : 13331462
[2022.11.23-20.21.15:198][  0]LogD3D11RHI:     Revision    : 00a1
[2022.11.23-20.21.15:198][  0]LogD3D11RHI:     DedicatedVideoMemory : 8434745344 bytes
[2022.11.23-20.21.15:198][  0]LogD3D11RHI:     DedicatedSystemMemory : 0 bytes
[2022.11.23-20.21.15:198][  0]LogD3D11RHI:     SharedSystemMemory : 17025081344 bytes
[2022.11.23-20.21.15:198][  0]LogD3D11RHI:     AdapterLuid : 0 68013
[2022.11.23-20.21.15:203][  0]LogD3D11RHI: Creating new Direct3DDevice
[2022.11.23-20.21.15:203][  0]LogD3D11RHI:     GPU DeviceId: 0x249d (for the marketing name, search the web for "GPU Device Id")
[2022.11.23-20.21.15:203][  0]LogWindows: EnumDisplayDevices:
[2022.11.23-20.21.15:204][  0]LogWindows:    0. 'Intel(R) Iris(R) Xe Graphics' (P:1 D:1)
[2022.11.23-20.21.15:204][  0]LogWindows:    1. 'Intel(R) Iris(R) Xe Graphics' (P:0 D:0)
[2022.11.23-20.21.15:204][  0]LogWindows:    2. 'Intel(R) Iris(R) Xe Graphics' (P:0 D:0)
[2022.11.23-20.21.15:204][  0]LogWindows:    3. 'NVIDIA GeForce RTX 3070 Laptop GPU' (P:0 D:0)
[2022.11.23-20.21.15:204][  0]LogWindows: DebugString: PrimaryIsNotTheChoosenAdapter PrimaryIsNotTheChoosenAdapter PrimaryIsNotTheChoosenAdapter 
[2022.11.23-20.21.15:204][  0]LogD3D11RHI:     Adapter Name: NVIDIA GeForce RTX 3070 Laptop GPU
[2022.11.23-20.21.15:204][  0]LogD3D11RHI:   Driver Version: 517.48 (internal:31.0.15.1748, unified:517.48)
[2022.11.23-20.21.15:204][  0]LogD3D11RHI:      Driver Date: 9-21-2022
[2022.11.23-20.21.15:204][  0]LogRHI: Texture pool is 5630 MB (70% of 8044 MB)
[2022.11.23-20.21.15:204][  0]LogD3D11RHI: Creating D3DDevice using adapter:
[2022.11.23-20.21.15:204][  0]LogD3D11RHI:     Description : NVIDIA GeForce RTX 3070 Laptop GPU
[2022.11.23-20.21.15:204][  0]LogD3D11RHI:     VendorId    : 10de
[2022.11.23-20.21.15:204][  0]LogD3D11RHI:     DeviceId    : 249d
[2022.11.23-20.21.15:204][  0]LogD3D11RHI:     SubSysId    : 13331462
[2022.11.23-20.21.15:204][  0]LogD3D11RHI:     Revision    : 00a1
[2022.11.23-20.21.15:204][  0]LogD3D11RHI:     DedicatedVideoMemory : 8434745344 bytes
[2022.11.23-20.21.15:204][  0]LogD3D11RHI:     DedicatedSystemMemory : 0 bytes
[2022.11.23-20.21.15:204][  0]LogD3D11RHI:     SharedSystemMemory : 17025081344 bytes
[2022.11.23-20.21.15:204][  0]LogD3D11RHI:     AdapterLuid : 0 68013
[2022.11.23-20.21.15:250][  0]LogD3D11RHI: RHI has support for 64 bit atomics
[2022.11.23-20.21.15:250][  0]LogD3D11RHI: Async texture creation enabled
[2022.11.23-20.21.15:250][  0]LogD3D11RHI: Array index from any shader is supported
[2022.11.23-20.21.15:261][  0]LogD3D11RHI: GPU Timing Frequency: 1000.000000 (Debug: 2 1)
[2022.11.23-20.21.15:278][  0]LogRHI: GeForceNow SDK initialized: 1
[2022.11.23-20.21.15:529][  0]LogTargetPlatformManager: Display: Loaded TargetPlatform 'WindowsNoEditor'
[2022.11.23-20.21.15:532][  0]LogTargetPlatformManager: Display: Loaded TargetPlatform 'Windows'
[2022.11.23-20.21.15:535][  0]LogTargetPlatformManager: Display: Loaded TargetPlatform 'WindowsClient'
[2022.11.23-20.21.15:538][  0]LogTargetPlatformManager: Display: Loaded TargetPlatform 'WindowsServer'
[2022.11.23-20.21.15:538][  0]LogTargetPlatformManager: Display: Building Assets For Windows
[2022.11.23-20.21.15:543][  0]LogAudioDebug: Display: Lib vorbis DLL was dynamically loaded.
[2022.11.23-20.21.15:563][  0]LogTextureFormatOodle: Display: Oodle Texture 2.9.0 init RDO Off
[2022.11.23-20.21.15:584][  0]LogRendererCore: Ray tracing is disabled. Reason: r.RayTracing=0.
[2022.11.23-20.21.15:584][  0]LogShaderCompilers: Guid format shader working directory is -48 characters bigger than the processId version (../../../../../../Users/gizem/Downloads/SideScroller_V422/SideScroller_V422/SideScroller_V422/Intermediate/Shaders/WorkingDirectory/46052/).
[2022.11.23-20.21.15:584][  0]LogShaderCompilers: Cleaned the shader compiler working directory 'C:/Users/gizem/AppData/Local/Temp/UnrealShaderWorkingDir/3679495A4618B28E36BF419EA4D530C5/'.
[2022.11.23-20.21.15:584][  0]LogXGEController: Cannot use XGE Controller as Incredibuild is not installed on this machine.
[2022.11.23-20.21.15:584][  0]LogShaderCompilers: Cannot use XGE Shader Compiler as Incredibuild is not installed on this machine.
[2022.11.23-20.21.15:584][  0]LogShaderCompilers: Display: Using Local Shader Compiler.
[2022.11.23-20.21.16:112][  0]LogDerivedDataCache: Display: Max Cache Size: 512 MB
[2022.11.23-20.21.16:155][  0]LogDerivedDataCache: Loaded boot cache 0.04s 94MB C:/Users/gizem/AppData/Local/UnrealEngine/4.27/DerivedDataCache/Boot.ddc.
[2022.11.23-20.21.16:155][  0]LogDerivedDataCache: Display: Loaded Boot cache: C:/Users/gizem/AppData/Local/UnrealEngine/4.27/DerivedDataCache/Boot.ddc
[2022.11.23-20.21.16:155][  0]LogDerivedDataCache: FDerivedDataBackendGraph:  Pak pak cache file ../../../../../../Users/gizem/Downloads/SideScroller_V422/SideScroller_V422/SideScroller_V422/DerivedDataCache/DDC.ddp not found, will not use a pak cache.
[2022.11.23-20.21.16:155][  0]LogDerivedDataCache: Unable to find inner node Pak for hierarchical cache Hierarchy.
[2022.11.23-20.21.16:155][  0]LogDerivedDataCache: FDerivedDataBackendGraph:  CompressedPak pak cache file ../../../../../../Users/gizem/Downloads/SideScroller_V422/SideScroller_V422/SideScroller_V422/DerivedDataCache/Compressed.ddp not found, will not use a pak cache.
[2022.11.23-20.21.16:155][  0]LogDerivedDataCache: Unable to find inner node CompressedPak for hierarchical cache Hierarchy.
[2022.11.23-20.21.16:167][  0]LogDerivedDataCache: Display: Pak cache opened for reading ../../../Engine/DerivedDataCache/Compressed.ddp.
[2022.11.23-20.21.16:167][  0]LogDerivedDataCache: FDerivedDataBackendGraph:  EnterprisePak pak cache file ../../../Enterprise/DerivedDataCache/Compressed.ddp not found, will not use a pak cache.
[2022.11.23-20.21.16:167][  0]LogDerivedDataCache: Unable to find inner node EnterprisePak for hierarchical cache Hierarchy.
[2022.11.23-20.21.16:177][  0]LogDerivedDataCache: Speed tests for C:/Users/gizem/AppData/Local/UnrealEngine/Common/DerivedDataCache took 0.01 seconds
[2022.11.23-20.21.16:177][  0]LogDerivedDataCache: Display: Performance to C:/Users/gizem/AppData/Local/UnrealEngine/Common/DerivedDataCache: Latency=0.01ms. RandomReadSpeed=2014.49MBs, RandomWriteSpeed=99.53MBs. Assigned SpeedClass 'Local'
[2022.11.23-20.21.16:178][  0]LogDerivedDataCache: Using Local data cache path C:/Users/gizem/AppData/Local/UnrealEngine/Common/DerivedDataCache: Writable
[2022.11.23-20.21.16:178][  0]LogDerivedDataCache: Shared data cache path not found in *engine.ini, will not use an Shared cache.
[2022.11.23-20.21.16:178][  0]LogDerivedDataCache: Unable to find inner node Shared for hierarchical cache Hierarchy.
[2022.11.23-20.21.16:200][  0]LogSlate: Using FreeType 2.10.0
[2022.11.23-20.21.16:200][  0]LogSlate: SlateFontServices - WITH_FREETYPE: 1, WITH_HARFBUZZ: 1
[2022.11.23-20.21.16:287][  0]LogInit: Using OS detected language (en-US).
[2022.11.23-20.21.16:288][  0]LogInit: Using OS detected locale (en-CA).
[2022.11.23-20.21.16:288][  0]LogTextLocalizationManager: No localization for 'en-US' exists, so 'en' will be used for the language.
[2022.11.23-20.21.16:288][  0]LogTextLocalizationManager: No localization for 'en-CA' exists, so 'en' will be used for the locale.
[2022.11.23-20.21.16:288][  0]LogSlate: FontCache flush requested. Reason: Culture for localization was changed
[2022.11.23-20.21.16:288][  0]LogSlate: FontCache flush requested. Reason: Culture for localization was changed
[2022.11.23-20.21.16:290][  0]LogTextLocalizationManager: Compacting localization data took   0.00ms
[2022.11.23-20.21.16:290][  0]LogAssetRegistry: FAssetRegistry took 0.0011 seconds to start up
[2022.11.23-20.21.16:404][  0]LogPackageLocalizationCache: Processed 27 localized package path(s) for 1 prioritized culture(s) in 0.000663 seconds
[2022.11.23-20.21.16:446][  0]LogInit: Selected Device Profile: [Windows]
[2022.11.23-20.21.16:446][  0]LogInit: Active device profile: [000001A099BA1300][000001A08B03F2C0 49] Windows
[2022.11.23-20.21.16:446][  0]LogInit: Profiles: [000001A099BA1300][000001A08B03F2C0 49] Windows, [000001A099B72E00][000001A08B047580 49] WindowsNoEditor, [000001A099BA2500][000001A08B04B840 49] WindowsServer, [000001A099B73C00][000001A08B043AC0 49] WindowsClient, [000001A099BA3200][000001A08B04E1C0 49] IOS, [000001A099B71300][000001A08B056480 49] iPadAir, [000001A099BA2900][000001A08B05A740 49] iPadAir2, [000001A099B0DC00][000001A08B06EC80 49] IPadPro, [000001A099B0DD00][000001A08B05ECC0 49] iPadAir3, [000001A099B71800][000001A08B066F80 49] iPadAir4, [000001A099B0EC00][000001A08B063240 49] iPadMini2, [000001A099B71D00][000001A08B06B500 49] iPadMini3, [000001A099B0CB00][000001A08B0737C0 49] iPadMini4, [000001A099B73200][000001A08B077A80 49] iPadMini5, [000001A099B3D300][000001A09A18A3C0 49] iPhone6, [000001A099B3D400][000001A08B052400 49] iPodTouch6, [000001A099BA1600][000001A09A196940 49] iPhone7, [000001A099BA2B00][000001A09A186980 49] iPodTouch7, [000001A099B0FA00][000001A09A18EC40 49] iPhone5S, [000001A099BA1800][000001A09A182F00 49] iPhone6Plus, [000001A099B0F000][000001A09A1931C0 49] iPhone6S, [000001A099BA2800][000001A09A19B480 49] iPhone6SPlus, [000001A099B0D400][000001A09A19F740 49] iPhone7Plus, [000001A099BA0100][000001A09A1A3A00 49] iPhoneSE, [000001A099BA0B00][000001A09A1A6140 49] iPhone8, [000001A099B3C800][000001A08B07A3C0 49] iPhone8Plus, [000001A099BA1500][000001A09A1AE680 49] iPhoneX, [000001A099B3CF00][000001A09A1B2940 49] iPhoneXS, [000001A099BA3700][000001A09A1B6C00 49] iPhoneXSMax, [000001A099B3F200][000001A09A1BAEC0 49] iPhoneXR, [000001A099BA3800][000001A09A1BF180 49] iPhone11, [000001A099B3FD00][000001A09A1C3440 49] iPhone11Pro, [000001A099B0E600][000001A09A1C7700 49] iPhone11ProMax, [000001A099B3C600][000001A09A1CB9C0 49] iPhoneSE2, [000001A099B0E000][000001A09A1CE100 49] iPhone12Mini, [000001A099B3F800][000001A09A1AA380 49] iPhone12, [000001A099B0DB00][000001A09A1D2600 49] iPhone12Pro, [000001A099B3DE00][000001A09A1DA8C0 49] iPhone12ProMax, [000001A099B0FF00][000001A09A1DEB80 49] iPadPro105, [000001A099B3F300][000001A09A1E2E40 49] iPadPro129, [000001A099B0F700][000001A09A1E7100 49] iPadPro97, [000001A099B3E200][000001A09A1EB3C0 49] iPadPro2_129, [000001A099B0EF00][000001A09A1EF680 49] iPad5, [000001A099B3CC00][000001A09A1F3940 49] iPad6, [000001A099B0E500][000001A09A1F7C00 49] iPad7, [000001A099B3EB00][000001A09A1FA340 49] iPad8, [000001A099B0D300][000001A09A1D65C0 49] iPadPro11, [000001A099B3FE00][000001A09A1FE840 49] iPadPro2_11, [000001A099B0E100][000001A09A206B00 49] iPadPro3_129, [000001A099B3C500][000001A09A20ADC0 49] iPadPro4_129, [000001A099B0F100][000001A09A20F080 49] AppleTV, [000001A099B3FA00][000001A09A213340 49] AppleTV4K, [000001A099B0D900][000001A09A217600 49] TVOS, [000001A099B3C400][000001A09A21B8C0 49] Mac, [000001A099B0FC00][000001A09A21FB80 49] MacClient, [000001A099B3E500][000001A09A2222C0 49] MacNoEditor, [000001A099B0D800][000001A09A226580 49] MacServer, [000001A099B3FC00][000001A09A202800 49] Linux, [000001A099B0D000][000001A09A22AA80 49] LinuxAArch64, [000001A099B3DF00][000001A09A232D40 49] LinuxNoEditor, [000001A099B0FB00][000001A09A237000 49] LinuxAArch64NoEditor, [000001A099B3C100][000001A09A23B2C0 49] LinuxClient, [000001A099B0CA00][000001A09A23F580 49] LinuxAArch64Client, [000001A099B3DD00][000001A09A243840 49] LinuxServer, [000001A099B0C200][000001A09A247B00 49] LinuxAArch64Server, [000001A099B3D000][000001A09A24A240 49] Android, [000001A099B0EB00][000001A09A24E500 49] Android_Low, [000001A099B3E100][000001A09A2527C0 49] Android_Mid, [000001A099B0C100][000001A09A22EA40 49] Android_High, [000001A099B3D900][000001A09A256CC0 49] Android_Default, [000001A099B0C800][000001A09A25EF80 49] Android_Adreno4xx, [000001A099B3D500][000001A09A263240 49] Android_Adreno5xx_Low, [000001A099B0CE00][000001A09A267500 49] Android_Adreno5xx, [000001A099B3E000][000001A09A26B7C0 49] Android_Adreno6xx, [000001A099B0C600][000001A09A26FA80 49] Android_Adreno6xx_Vulkan, [000001A099B3C900][000001A09A2721C0 49] Android_Mali_T6xx, [000001A099B0CD00][000001A09A276480 49] Android_Mali_T7xx, [000001A099B3F100][000001A09A27A740 49] Android_Mali_T8xx, [000001A099B0D600][000001A09A27EA00 49] Android_Mali_G71, [000001A099B3EA00][000001A09A25AC80 49] Android_Mali_G72, [000001A099B0C400][000001A09A282F00 49] Android_Mali_G72_Vulkan, [000001A099B3EC00][000001A09A28B1C0 49] Android_Mali_G76, [000001A099B0F800][000001A09A28F480 49] Android_Mali_G76_Vulkan, [000001A099BA0300][000001A09A293740 49] Android_Mali_G77, [000001A099B73500][000001A09A297A00 49] Android_Mali_G77_Vulkan, [000001A099BA2300][000001A09A29A140 49] Android_Mali_G78, [000001A099B71100][000001A09A29E400 49] Android_Mali_G78_Vulkan, [000001A099BA3400][000001A09A2A26C0 49] Android_Mali_G710, [000001A099B72C00][000001A09A2A6980 49] Android_Mali_G710_Vulkan, [000001A099BA0800][000001A09A2AAC40 49] Android_Vulkan_SM5, [000001A099B73900][000001A09A286EC0 49] Android_PowerVR_G6xxx, [000001A099BA2D00][000001A09A2AF140 49] Android_PowerVR_GT7xxx, [000001A099B71A00][000001A09A2B7400 49] Android_PowerVR_GE8xxx, [000001A099BA2C00][000001A09A2BB6C0 49] Android_PowerVR_GM9xxx, [000001A099B73000][000001A09A2BF980 49] Android_PowerVR_GM9xxx_Vulkan, [000001A099BA0700][000001A09A2C20C0 49] Android_TegraK1, [000001A099B71000][000001A09A2C6380 49] Android_Unknown_Vulkan, [000001A099BA3D00][000001A09A2CA640 49] Lumin, [000001A099B71600][000001A09A2CE900 49] Lumin_Desktop, [000001A099BA1C00][000001A09A2D2BC0 49] HoloLens, 
[2022.11.23-20.21.16:477][  0]LogMeshReduction: Using QuadricMeshReduction for automatic static mesh reduction
[2022.11.23-20.21.16:477][  0]LogMeshReduction: Using SimplygonMeshReduction for automatic skeletal mesh reduction
[2022.11.23-20.21.16:477][  0]LogMeshReduction: Using ProxyLODMeshReduction for automatic mesh merging
[2022.11.23-20.21.16:477][  0]LogMeshReduction: No distributed automatic mesh merging module available
[2022.11.23-20.21.16:477][  0]LogMeshMerging: No distributed automatic mesh merging module available
[2022.11.23-20.21.16:551][  0]LogNetVersion: SideScroller_V422_Fall2019 1.0.0, NetCL: 17155196, EngineNetVer: 17, GameNetVer: 0 (Checksum: 1441273239)
[2022.11.23-20.21.16:707][  0]LogTexture: Default maximum texture size for cubemaps generated from long-lat sources has been changed from 512 to unlimited. In order to preserve old behaiour for '/Engine/MapTemplates/Sky/DaylightAmbientCubemap.DaylightAmbientCubemap', its maximum texture size has been explicitly set to 512.
[2022.11.23-20.21.16:743][  0]LogHMD: PokeAHoleMaterial loaded successfully
[2022.11.23-20.21.16:810][  0]LogMoviePlayer: Initializing movie player
[2022.11.23-20.21.16:888][  0]LogNiagaraDebuggerClient: Niagara Debugger Client Initialized | Session: 14A93DB14022AFE4C617B6A76E9BB3F6 | Instance: 6D92EEE043A1652E83D5F3A1562504FA (MSI-46052).
[2022.11.23-20.21.16:902][  0]LogCollectionManager: Loaded 0 collections in 0.001255 seconds
[2022.11.23-20.21.16:903][  0]LogFileCache: Scanning file cache for directory 'C:/Users/gizem/Downloads/SideScroller_V422/SideScroller_V422/SideScroller_V422/Saved/Collections/' took 0.00s
[2022.11.23-20.21.16:903][  0]LogFileCache: Scanning file cache for directory 'C:/Users/gizem/Downloads/SideScroller_V422/SideScroller_V422/SideScroller_V422/Content/Developers/gizem/Collections/' took 0.00s
[2022.11.23-20.21.16:903][  0]LogFileCache: Scanning file cache for directory 'C:/Users/gizem/Downloads/SideScroller_V422/SideScroller_V422/SideScroller_V422/Content/Collections/' took 0.00s
[2022.11.23-20.21.16:903][  0]LogCollectionManager: Fixed up redirectors for 0 collections in 0.000001 seconds (updated 0 objects)
[2022.11.23-20.21.16:915][  0]LogPython: Using Python 3.7.7
[2022.11.23-20.21.17:292][  0]LogTcpMessaging: Initializing TcpMessaging bridge
[2022.11.23-20.21.17:295][  0]LogUdpMessaging: Initializing bridge on interface 0.0.0.0:0 to multicast group 230.0.0.1:6666.
[2022.11.23-20.21.17:372][  0]LogOpenImageDenoise: OIDN starting up
[2022.11.23-20.21.17:395][  0]LogAndroidPermission: UAndroidPermissionCallbackProxy::GetInstance
[2022.11.23-20.21.17:401][  0]LogAudioCaptureCore: Display: No Audio Capture implementations found. Audio input will be silent.
[2022.11.23-20.21.17:401][  0]LogAudioCaptureCore: Display: No Audio Capture implementations found. Audio input will be silent.
[2022.11.23-20.21.17:446][  0]SourceControl: Source control is disabled
[2022.11.23-20.21.17:446][  0]SourceControl: Source control is disabled
[2022.11.23-20.21.17:448][  0]SourceControl: Source control is disabled
[2022.11.23-20.21.17:450][  0]LogUProjectInfo: Found projects:
[2022.11.23-20.21.17:470][  0]LogOcInput: OculusInput pre-init called
[2022.11.23-20.21.17:475][  0]LogUObjectArray: 22163 objects as part of root set at end of initial load.
[2022.11.23-20.21.17:475][  0]LogUObjectAllocator: 5993712 out of 0 bytes used by permanent object pool.
[2022.11.23-20.21.17:475][  0]LogUObjectArray: CloseDisregardForGC: 0/0 objects in disregard for GC pool
[2022.11.23-20.21.17:509][  0]LogEngine: Initializing Engine...
[2022.11.23-20.21.17:511][  0]LogHMD: Failed to enumerate extensions. Please check that you have a valid OpenXR runtime installed.
[2022.11.23-20.21.17:511][  0]LogHMD: Failed to initialize OpenVR with code 110
[2022.11.23-20.21.17:511][  0]LogMagicLeap: Warning: VR disabled because ZI is not enabled.  To enable, in the editor, Edit -> Project Settings -> Plugins -> Magic Leap Plugin -> Enable Zero Iteration
[2022.11.23-20.21.17:512][  0]LogStats: UGameplayTagsManager::InitializeManager -  0.000 s
[2022.11.23-20.21.17:573][  0]LogInit: Initializing FReadOnlyCVARCache
[2022.11.23-20.21.17:573][  0]LogAudio: Display: Initializing Audio Device Manager...
[2022.11.23-20.21.17:575][  0]LogAudio: Display: Loading Default Audio Settings Objects...
[2022.11.23-20.21.17:576][  0]LogAudio: Display: No default SoundConcurrencyObject specified (or failed to load).
[2022.11.23-20.21.17:576][  0]LogAudio: Display: Audio Device Manager Initialized
[2022.11.23-20.21.17:576][  0]LogAudio: Display: Creating Audio Device:                 Id: 1, Scope: Shared, Realtime: True
[2022.11.23-20.21.17:576][  0]LogAudioMixer: Display: Audio Mixer Platform Settings:
[2022.11.23-20.21.17:576][  0]LogAudioMixer: Display: 	Sample Rate:						  48000
[2022.11.23-20.21.17:576][  0]LogAudioMixer: Display: 	Callback Buffer Frame Size Requested: 1024
[2022.11.23-20.21.17:576][  0]LogAudioMixer: Display: 	Callback Buffer Frame Size To Use:	  1024
[2022.11.23-20.21.17:576][  0]LogAudioMixer: Display: 	Number of buffers to queue:			  2
[2022.11.23-20.21.17:576][  0]LogAudioMixer: Display: 	Max Channels (voices):				  32
[2022.11.23-20.21.17:576][  0]LogAudioMixer: Display: 	Number of Async Source Workers:		  0
[2022.11.23-20.21.17:576][  0]LogAudio: Display: AudioDevice MaxSources: 32
[2022.11.23-20.21.17:576][  0]LogAudio: Display: Audio Spatialization Plugin: None (built-in).
[2022.11.23-20.21.17:576][  0]LogAudio: Display: Audio Reverb Plugin: None (built-in).
[2022.11.23-20.21.17:576][  0]LogAudio: Display: Audio Occlusion Plugin: None (built-in).
[2022.11.23-20.21.17:576][  0]LogAudioMixer: Display: Initializing audio mixer.
[2022.11.23-20.21.17:608][  0]LogAudioMixer: Display: 0: FrontLeft
[2022.11.23-20.21.17:608][  0]LogAudioMixer: Display: 1: FrontRight
[2022.11.23-20.21.17:699][  0]LogAudioMixer: Display: Using Audio Device Speakers (Realtek(R) Audio)
[2022.11.23-20.21.17:702][  0]LogAudioMixer: Display: Initializing Sound Submixes...
[2022.11.23-20.21.17:703][  0]LogAudioMixer: Display: Creating Master Submix 'MasterSubmixDefault'
[2022.11.23-20.21.17:703][  0]LogAudioMixer: Display: Creating Master Submix 'MasterReverbSubmixDefault'
[2022.11.23-20.21.17:704][  0]LogAudioMixer: Display: Creating Master Submix 'MasterEQSubmixDefault'
[2022.11.23-20.21.17:704][  0]LogAudioMixer: FMixerPlatformXAudio2::StartAudioStream() called
[2022.11.23-20.21.17:704][  0]LogAudioMixer: Display: Output buffers initialized: Frames=1024, Channels=2, Samples=2048
[2022.11.23-20.21.17:706][  0]LogAudioMixer: Display: Starting AudioMixerPlatformInterface::RunInternal()
[2022.11.23-20.21.17:706][  0]LogAudioMixer: Display: FMixerPlatformXAudio2::SubmitBuffer() called for the first time
[2022.11.23-20.21.17:706][  0]LogInit: FAudioDevice initialized.
[2022.11.23-20.21.17:707][  0]LogNetVersion: Set ProjectVersion to 1.0.0.0. Version Checksum will be recalculated on next use.
[2022.11.23-20.21.17:708][  0]LogInit: Texture streaming: Enabled
[2022.11.23-20.21.17:749][  0]LogAudio: Display: Audio Device (ID: 1) registered with world 'Untitled'.
[2022.11.23-20.21.17:749][  0]LogSlate: Updating window title bar state: overlay mode, drag disabled, window buttons hidden, title bar hidden
[2022.11.23-20.21.17:749][  0]LogInit: Display: Game Engine Initialized.
[2022.11.23-20.21.17:749][  0]LogNiagaraEditor: GEditor isn't valid! Particle reset commands will not work for Niagara components!
[2022.11.23-20.21.17:823][  0]LogInit: Display: Starting Game.
[2022.11.23-20.21.17:823][  0]LogNet: Browse: /Game/SideScrollerBP/Maps/SideScrollerExampleMap?Name=Player
[2022.11.23-20.21.17:823][  0]LogLoad: LoadMap: /Game/SideScrollerBP/Maps/SideScrollerExampleMap?Name=Player
[2022.11.23-20.21.17:823][  0]LogWorld: BeginTearingDown for /Temp/Untitled_0
[2022.11.23-20.21.17:824][  0]LogWorld: UWorld::CleanupWorld for Untitled, bSessionEnded=true, bCleanupResources=true
[2022.11.23-20.21.17:824][  0]LogSlate: InvalidateAllWidgets triggered.  All widgets were invalidated
[2022.11.23-20.21.17:827][  0]LogAudio: Display: Audio Device unregistered from world 'None'.
[2022.11.23-20.21.17:829][  0]LogUObjectHash: Compacting FUObjectHashTables data took   0.51ms
[2022.11.23-20.21.17:904][  0]LogBlueprint: Warning: [AssetLog] C:\Users\gizem\Downloads\SideScroller_V422\SideScroller_V422\SideScroller_V422\Content\Custom_Blueprints\Puzzle_Elements\Sphere_Door.uasset: [Compiler] OnComponentBeginOverlap (Box)  does not have a valid matching component!
[2022.11.23-20.21.18:297][  0]LogSkeletalMesh: Display: [AssetLog] C:\Users\gizem\Downloads\SideScroller_V422\SideScroller_V422\SideScroller_V422\Content\Custom_Assets\Hazards\Bat\Model\Bat_Enemy.uasset: Find and fix some bad tangent! please re-import this skeletal mesh asset to fix the issue. The shading of the skeletal mesh will be bad and faceted.
[2022.11.23-20.21.18:329][  0]LogAudio: Display: Audio Device (ID: 1) registered with world 'SideScrollerExampleMap'.
[2022.11.23-20.21.18:336][  0]LogAIModule: Creating AISystem for world SideScrollerExampleMap
[2022.11.23-20.21.18:338][  0]LogLoad: Game class is 'SideScrollerGameMode_C'
[2022.11.23-20.21.18:354][  0]LogWorld: Bringing World /Game/SideScrollerBP/Maps/SideScrollerExampleMap.SideScrollerExampleMap up for play (max tick rate 0) at 2022.11.23-15.21.18
[2022.11.23-20.21.18:357][  0]LogWorld: Bringing up level for play took: 0.018401
[2022.11.23-20.21.18:360][  0]LogLoad: Took 0.537122 seconds to LoadMap(/Game/SideScrollerBP/Maps/SideScrollerExampleMap)
[2022.11.23-20.21.18:421][  0]LogSlate: Took 0.000216 seconds to synchronously load lazily loaded font '../../../Engine/Content/Slate/Fonts/Roboto-Regular.ttf' (155K)
[2022.11.23-20.21.18:453][  0]LogRenderer: Reallocating scene render targets to support 1280x720 Format 10 NumSamples 1 (Frame:1).
[2022.11.23-20.21.18:453][  0]LogInit: Display: Engine is initialized. Leaving FEngineLoop::Init()
[2022.11.23-20.21.18:453][  0]LogLoad: (Engine Initialization) Total time: 4.57 seconds
[2022.11.23-20.21.18:453][  0]LogLoad: (Engine Initialization) Total Blueprint compile time: 0.00 seconds
[2022.11.23-20.21.18:455][  0]LogContentStreaming: Texture pool size now 1000 MB
[2022.11.23-20.21.18:459][  0]LogSlate: InvalidateAllWidgets triggered.  All widgets were invalidated
[2022.11.23-20.21.18:492][  0]LogRenderer: Reallocating scene render targets to support 128x128 Format 10 NumSamples 1 (Frame:1).
[2022.11.23-20.21.18:510][  0]LogRenderer: Reallocating scene render targets to support 1280x720 Format 10 NumSamples 1 (Frame:2).
[2022.11.23-20.21.18:519][  1]LogSlate: Took 0.000169 seconds to synchronously load lazily loaded font '../../../Engine/Content/Slate/Fonts/Roboto-Regular.ttf' (155K)
[2022.11.23-20.22.47:431][207]LogCharacterMovement: SideScrollerCharacter_78 is stuck and failed to move! Velocity: X=0.00 Y=4.56 Z=0.00 Location: X=1200.00 Y=-13742.96 Z=206.27 Normal: X=0.00 Y=-0.91 Z=-0.41 PenetrationDepth:9.410 Actor:Enemy_Bat_Wave3 Component:SkeletalMeshComponent0 BoneName:MarinePelvisBone001 (0 other events since notify)
[2022.11.23-20.22.50:116][580]LogCharacterMovement: SideScrollerCharacter_78 is stuck and failed to move! Velocity: X=0.00 Y=-25.18 Z=0.00 Location: X=1200.00 Y=-13743.00 Z=647.29 Normal: X=0.00 Y=-0.53 Z=0.85 PenetrationDepth:0.936 Actor:Enemy_Bat_Wave3 Component:SkeletalMeshComponent0 BoneName:MarinePelvisBone001 (4 other events since notify)
[2022.11.23-20.23.14:536][686]LogSlate: Window 'SideScroller_V422_Fall2019 (64-bit Development PCD3D_SM5) ' being destroyed
[2022.11.23-20.23.14:537][686]LogWindowsTextInputMethodSystem: Display: IME system deactivated.
[2022.11.23-20.23.14:539][687]LogSlate: Updating window title bar state: overlay mode, drag disabled, window buttons hidden, title bar hidden
[2022.11.23-20.23.14:539][687]LogEngine: All Windows Closed
[2022.11.23-20.23.14:539][687]LogWindows: FPlatformMisc::RequestExit(0)
[2022.11.23-20.23.14:539][687]LogWindows: FPlatformMisc::RequestExitWithStatus(0, 0)
[2022.11.23-20.23.14:539][687]LogCore: Engine exit requested (reason: Win RequestExit)
[2022.11.23-20.23.14:540][688]LogCore: Engine exit requested (reason: EngineExit() was called; note: exit was already requested)
[2022.11.23-20.23.14:540][688]LogInit: Display: PreExit Game.
