Log file open, 12/24/17 09:34:13
LogWindows: Failed to load 'aqProf.dll' (GetLastError=126)
LogWindows: File 'aqProf.dll' does not exist
LogWindows: Failed to load 'VtuneApi.dll' (GetLastError=126)
LogWindows: File 'VtuneApi.dll' does not exist
LogWindows: Failed to load 'VtuneApi32e.dll' (GetLastError=126)
LogWindows: File 'VtuneApi32e.dll' does not exist
LogInit: Display: Running engine for game: SideScroller_V417
LogPlatformFile: Not using cached read wrapper
LogInit: Display: RandInit(-1284595710) SRandInit(-1284595710).
LogTaskGraph: Started task graph with 5 named threads and 14 total threads with 3 sets of task threads.
LogStats: Stats thread started at 0.168792
LogD3D11RHI: Aftermath initialized
LogPluginManager: Mounting plugin Paper2D
LogPluginManager: Mounting plugin LightPropagationVolume
LogPluginManager: Mounting plugin CodeLiteSourceCodeAccess
LogPluginManager: Mounting plugin GitSourceControl
LogPluginManager: Mounting plugin KDevelopSourceCodeAccess
LogPluginManager: Mounting plugin NullSourceCodeAccess
LogPluginManager: Mounting plugin PerforceSourceControl
LogPluginManager: Mounting plugin SubversionSourceControl
LogPluginManager: Mounting plugin UObjectPlugin
LogPluginManager: Mounting plugin VisualStudioSourceCodeAccess
LogPluginManager: Mounting plugin XCodeSourceCodeAccess
LogPluginManager: Mounting plugin AssetManagerEditor
LogPluginManager: Mounting plugin AudioCapture
LogPluginManager: Mounting plugin FacialAnimation
LogPluginManager: Mounting plugin GameplayTagsEditor
LogPluginManager: Mounting plugin MobileLauncherProfileWizard
LogPluginManager: Mounting plugin PluginBrowser
LogPluginManager: Mounting plugin SpeedTreeImporter
LogPluginManager: Mounting plugin AlembicImporter
LogPluginManager: Mounting plugin CharacterAI
LogPluginManager: Mounting plugin HTML5Networking
LogPluginManager: Mounting plugin AndroidMedia
LogPluginManager: Mounting plugin AvfMedia
LogPluginManager: Mounting plugin MediaPlayerEditor
LogPluginManager: Mounting plugin WmfMedia
LogPluginManager: Mounting plugin TcpMessaging
LogPluginManager: Mounting plugin UdpMessaging
LogPluginManager: Mounting plugin LevelSequenceEditor
LogPluginManager: Mounting plugin MatineeToLevelSequence
LogPluginManager: Mounting plugin OnlineSubsystemGooglePlay
LogPluginManager: Mounting plugin OnlineSubsystemIOS
LogPluginManager: Mounting plugin OnlineSubsystem
LogPluginManager: Mounting plugin OnlineSubsystemNull
LogPluginManager: Mounting plugin OnlineSubsystemUtils
LogPluginManager: Mounting plugin AndroidDeviceProfileSelector
LogPluginManager: Mounting plugin AndroidMoviePlayer
LogPluginManager: Mounting plugin AndroidPermission
LogPluginManager: Mounting plugin AppleMoviePlayer
LogPluginManager: Mounting plugin ArchVisCharacter
LogPluginManager: Mounting plugin CableComponent
LogPluginManager: Mounting plugin CustomMeshComponent
LogPluginManager: Mounting plugin ExampleDeviceProfileSelector
LogPluginManager: Mounting plugin GoogleCloudMessaging
LogPluginManager: Mounting plugin ImmediatePhysics
LogPluginManager: Mounting plugin IOSDeviceProfileSelector
LogPluginManager: Mounting plugin LinuxDeviceProfileSelector
LogPluginManager: Mounting plugin LocationServicesBPLibrary
LogPluginManager: Mounting plugin MobilePatchingUtils
LogPluginManager: Mounting plugin OculusVR
LogPluginManager: Mounting plugin PhysXVehicles
LogPluginManager: Mounting plugin ProceduralMeshComponent
LogPluginManager: Mounting plugin RuntimePhysXCooking
LogPluginManager: Mounting plugin SteamVR
LogPluginManager: Mounting plugin WindowsMoviePlayer
LogInit: Using libcurl 7.47.1
LogInit:  - built for x86_64-pc-win32
LogInit:  - supports SSL with OpenSSL/1.0.2g
LogInit:  - supports HTTP deflate (compression) using libz 1.2.8
LogInit:  - other features:
LogInit:      CURL_VERSION_SSL
LogInit:      CURL_VERSION_LIBZ
LogInit:      CURL_VERSION_IPV6
LogInit:      CURL_VERSION_ASYNCHDNS
LogInit:      CURL_VERSION_LARGEFILE
LogInit:      CURL_VERSION_IDN
LogInit:  CurlRequestOptions (configurable via config and command line):
LogInit:  - bVerifyPeer = false  - Libcurl will NOT verify peer certificate
LogInit:  - bUseHttpProxy = false  - Libcurl will NOT use HTTP proxy
LogInit:  - bDontReuseConnections = false  - Libcurl will reuse connections
LogInit:  - CertBundlePath = nullptr  - Libcurl will use whatever was configured at build time.
LogInit: Build: ++UE4+Release-4.17-CL-3658906
LogInit: Engine Version: 4.17.2-3658906+++UE4+Release-4.17
LogInit: Compatible Engine Version: 4.17.0-3573198+++UE4+Release-4.17
LogInit: Net CL: 3573198
LogDevObjectVersion: Number of dev versions registered: 16
LogDevObjectVersion:   Dev-Blueprints (B0D832E4-1F89-4F0D-ACCF-7EB736FD4AA2): 10
LogDevObjectVersion:   Dev-Build (E1C64328-A22C-4D53-A36C-8E866417BD8C): 0
LogDevObjectVersion:   Dev-Core (375EC13C-06E4-48FB-B500-84F0262A717E): 2
LogDevObjectVersion:   Dev-Editor (E4B068ED-F494-42E9-A231-DA0B2E46BB41): 20
LogDevObjectVersion:   Dev-Framework (CFFC743F-43B0-4480-9391-14DF171D2073): 28
LogDevObjectVersion:   Dev-Mobile (B02B49B5-BB20-44E9-A304-32B752E40360): 0
LogDevObjectVersion:   Dev-Networking (A4E4105C-59A1-49B5-A7C5-40C4547EDFEE): 0
LogDevObjectVersion:   Dev-Online (39C831C9-5AE6-47DC-9A44-9C173E1C8E7C): 0
LogDevObjectVersion:   Dev-Physics (78F01B33-EBEA-4F98-B9B4-84EACCB95AA2): 0
LogDevObjectVersion:   Dev-Platform (6631380F-2D4D-43E0-8009-CF276956A95A): 0
LogDevObjectVersion:   Dev-Rendering (12F88B9F-8875-4AFC-A67C-D90C383ABD29): 19
LogDevObjectVersion:   Dev-Sequencer (7B5AE74C-D270-4C10-A958-57980B212A5A): 4
LogDevObjectVersion:   Dev-VR (D7296918-1DD6-4BDD-9DE2-64A83CC13884): 0
LogDevObjectVersion:   Dev-LoadTimes (C2A15278-BFE7-4AFE-6C17-90FF531DF755): 1
LogDevObjectVersion:   Private-Geometry (6EACA3D4-40EC-4CC1-B786-8BED09428FC5): 1
LogDevObjectVersion:   Dev-AnimPhys (29E575DD-E0A3-4627-9D10-D276232CDCEA): 7
LogInit: Compiled (64-bit): Sep 22 2017 13:47:16
LogInit: Compiled with Visual C++: 19.00.24215.01
LogInit: Build Configuration: Development
LogInit: Branch Name: ++UE4+Release-4.17
LogInit: Command line:  
LogInit: Base directory: E:/_Unreal/UE_4.17/Engine/Binaries/Win64/
LogInit: Installed Engine Build: 1
LogInit: Presizing for max 8388607 objects, including 0 objects not considered by GC, pre-allocating 0 bytes for permanent pool.
LogInit: Object subsystem initialized
[2017.12.24-14.34.13:931][  0]LogInit: Selected Device Profile: [Windows]
[2017.12.24-14.34.13:931][  0]LogInit: Applying CVar settings loaded from the selected device profile: [Windows]
[2017.12.24-14.34.13:945][  0]LogInit: Computer: PHOENIX-PRIME
[2017.12.24-14.34.13:945][  0]LogInit: User: emboric
[2017.12.24-14.34.13:945][  0]LogInit: CPU Page size=4096, Cores=4
[2017.12.24-14.34.13:945][  0]LogInit: High frequency timer resolution =3.132167 MHz
[2017.12.24-14.34.13:945][  0]LogMemory: Memory total: Physical=12.0GB (12GB approx)
[2017.12.24-14.34.13:945][  0]LogMemory: Platform Memory Stats for Windows
[2017.12.24-14.34.13:945][  0]LogMemory: Process Physical Memory: 279.60 MB used, 279.60 MB peak
[2017.12.24-14.34.13:945][  0]LogMemory: Process Virtual Memory: 276.56 MB used, 276.56 MB peak
[2017.12.24-14.34.13:945][  0]LogMemory: Physical Memory: 6815.99 MB used,  5463.12 MB free, 12279.11 MB total
[2017.12.24-14.34.13:945][  0]LogMemory: Virtual Memory: 646.61 MB used,  5463.12 MB free, 8388608.00 MB total
[2017.12.24-14.34.14:083][  0]LogInit: Using OS detected language (en-US).
[2017.12.24-14.34.14:083][  0]LogInit: Using OS detected locale (en-US).
[2017.12.24-14.34.14:087][  0]LogTextLocalizationManager: No specific localization for 'en-US' exists, so the 'en' localization will be used.
[2017.12.24-14.34.14:990][  0]LogD3D11RHI: D3D11 adapters:
[2017.12.24-14.34.15:020][  0]LogD3D11RHI:    0. 'NVIDIA GeForce GTX 970' (Feature Level 11_0)
[2017.12.24-14.34.15:020][  0]LogD3D11RHI:       4007/0/5883 MB DedicatedVideo/DedicatedSystem/SharedSystem, Outputs:1, VendorId:0x10de
[2017.12.24-14.34.15:020][  0]LogD3D11RHI: Chosen D3D11 Adapter: 0
[2017.12.24-14.34.15:025][  0]LogD3D11RHI: Creating new Direct3DDevice
[2017.12.24-14.34.15:026][  0]LogD3D11RHI:     GPU DeviceId: 0x13c2 (for the marketing name, search the web for "GPU Device Id")
[2017.12.24-14.34.15:026][  0]LogWindows: EnumDisplayDevices:
[2017.12.24-14.34.15:026][  0]LogWindows:    0. 'NVIDIA GeForce GTX 970' (P:1 D:1)
[2017.12.24-14.34.15:026][  0]LogWindows:    1. 'NVIDIA GeForce GTX 970' (P:0 D:0)
[2017.12.24-14.34.15:026][  0]LogWindows:    2. 'NVIDIA GeForce GTX 970' (P:0 D:0)
[2017.12.24-14.34.15:026][  0]LogWindows:    3. 'NVIDIA GeForce GTX 970' (P:0 D:0)
[2017.12.24-14.34.15:027][  0]LogWindows:    4. 'RDPDD Chained DD' (P:0 D:0)
[2017.12.24-14.34.15:027][  0]LogWindows:    5. 'RDP Encoder Mirror Driver' (P:0 D:0)
[2017.12.24-14.34.15:027][  0]LogWindows:    6. 'RDP Reflector Display Driver' (P:0 D:0)
[2017.12.24-14.34.15:027][  0]LogWindows: DebugString: GetVideoDriverDetailsInvalid PrimaryIsNotTheChoosenAdapter GetVideoDriverDetailsInvalid PrimaryIsNotTheChoosenAdapter GetVideoDriverDetailsInvalid PrimaryIsNotTheChoosenAdapter FoundDriverCount:4 
[2017.12.24-14.34.15:027][  0]LogD3D11RHI:     Adapter Name: NVIDIA GeForce GTX 970
[2017.12.24-14.34.15:027][  0]LogD3D11RHI:   Driver Version: 388.59 (internal:23.21.13.8859, unified:388.59)
[2017.12.24-14.34.15:027][  0]LogD3D11RHI:      Driver Date: 12-5-2017
[2017.12.24-14.34.15:027][  0]LogRHI: Texture pool is 1361 MB (70% of 1945 MB)
[2017.12.24-14.34.15:041][  0]LogD3D11RHI: Async texture creation enabled
[2017.12.24-14.34.15:060][  0]LogD3D11RHI: GPU Timing Frequency: 1000.000000 (Debug: 2 2)
[2017.12.24-14.34.15:062][  0]LogShaderCompilers: Guid format shader working directory is 19 characters bigger than the processId version (../../../../SideScroller_V417/Intermediate/Shaders/WorkingDirectory/5716/).
[2017.12.24-14.34.15:062][  0]LogShaderCompilers: Cleaned the shader compiler working directory 'C:/Users/emboric/AppData/Local/Temp/UnrealShaderWorkingDir/2B3DF0094AD10198648F89ACE50C03F6/'.
[2017.12.24-14.34.15:062][  0]LogShaderCompilers: Display: Using Local Shader Compiler.
[2017.12.24-14.34.16:336][  0]LogTemp: Display: Loaded TP AllDesktopTargetPlatform
[2017.12.24-14.34.16:401][  0]LogTemp: Display: Loaded TP MacClientTargetPlatform
[2017.12.24-14.34.16:460][  0]LogTemp: Display: Loaded TP MacNoEditorTargetPlatform
[2017.12.24-14.34.16:523][  0]LogTemp: Display: Loaded TP MacServerTargetPlatform
[2017.12.24-14.34.16:595][  0]LogTemp: Display: Loaded TP MacTargetPlatform
[2017.12.24-14.34.16:661][  0]LogTemp: Display: Loaded TP WindowsClientTargetPlatform
[2017.12.24-14.34.16:726][  0]LogTemp: Display: Loaded TP WindowsNoEditorTargetPlatform
[2017.12.24-14.34.16:787][  0]LogTemp: Display: Loaded TP WindowsServerTargetPlatform
[2017.12.24-14.34.16:833][  0]LogTemp: Display: Loaded TP WindowsTargetPlatform
[2017.12.24-14.34.16:899][  0]LogTemp: Display: Loaded TP AndroidTargetPlatform
[2017.12.24-14.34.16:962][  0]LogTemp: Display: Loaded TP Android_ASTCTargetPlatform
[2017.12.24-14.34.17:027][  0]LogTemp: Display: Loaded TP Android_ATCTargetPlatform
[2017.12.24-14.34.17:091][  0]LogTemp: Display: Loaded TP Android_DXTTargetPlatform
[2017.12.24-14.34.17:155][  0]LogTemp: Display: Loaded TP Android_ETC1TargetPlatform
[2017.12.24-14.34.17:215][  0]LogTemp: Display: Loaded TP Android_ETC2TargetPlatform
[2017.12.24-14.34.17:336][  0]LogTemp: Display: Loaded TP Android_MultiTargetPlatform
[2017.12.24-14.34.17:336][  0]LogTemp: Display: Loaded TP Android_PVRTCTargetPlatform
[2017.12.24-14.34.17:377][  0]LogTemp: Display: Loaded TP HTML5TargetPlatform
[2017.12.24-14.34.17:477][  0]LogTemp: Display: Loaded TP IOSTargetPlatform
[2017.12.24-14.34.17:513][  0]LogTemp: Display: Loaded TP TVOSTargetPlatform
[2017.12.24-14.34.17:572][  0]LogTemp: Display: Loaded TP LinuxClientTargetPlatform
[2017.12.24-14.34.17:627][  0]LogTemp: Display: Loaded TP LinuxNoEditorTargetPlatform
[2017.12.24-14.34.17:690][  0]LogTemp: Display: Loaded TP LinuxServerTargetPlatform
[2017.12.24-14.34.17:758][  0]LogTemp: Display: Loaded TP LinuxTargetPlatform
[2017.12.24-14.34.17:758][  0]LogTargetPlatformManager: Display: Building Assets For Windows
[2017.12.24-14.34.18:268][  0]LogDerivedDataCache: Display: Max Cache Size: 512 MB
[2017.12.24-14.34.18:417][  0]LogDerivedDataCache: Loaded boot cache 0.15s 93MB C:/Users/emboric/AppData/Local/UnrealEngine/4.17/DerivedDataCache/Boot.ddc.
[2017.12.24-14.34.18:417][  0]LogDerivedDataCache: Display: Loaded Boot cache: C:/Users/emboric/AppData/Local/UnrealEngine/4.17/DerivedDataCache/Boot.ddc
[2017.12.24-14.34.18:417][  0]LogDerivedDataCache: FDerivedDataBackendGraph:  Pak pak cache file ../../../../SideScroller_V417/DerivedDataCache/DDC.ddp not found, will not use a pak cache.
[2017.12.24-14.34.18:417][  0]LogDerivedDataCache: Unable to find inner node Pak for hierarchical cache Hierarchy.
[2017.12.24-14.34.18:417][  0]LogDerivedDataCache: FDerivedDataBackendGraph:  CompressedPak pak cache file ../../../../SideScroller_V417/DerivedDataCache/Compressed.ddp not found, will not use a pak cache.
[2017.12.24-14.34.18:417][  0]LogDerivedDataCache: Unable to find inner node CompressedPak for hierarchical cache Hierarchy.
[2017.12.24-14.34.18:448][  0]LogDerivedDataCache: Display: Pak cache opened for reading ../../../Engine/DerivedDataCache/Compressed.ddp.
[2017.12.24-14.34.18:460][  0]LogDerivedDataCache: Using Local data cache path C:/Users/emboric/AppData/Local/UnrealEngine/Common/DerivedDataCache: Writable
[2017.12.24-14.34.18:475][  0]LogMaterial: Verifying Global Shaders for PCD3D_SM5
[2017.12.24-14.34.18:475][  0]LogSlate: Using Freetype 2.6.0
[2017.12.24-14.34.18:476][  0]LogSlate: SlateFontCache - WITH_FREETYPE: 1, WITH_HARFBUZZ: 1
[2017.12.24-14.34.18:476][  0]LogSlate: SlateFontCache - WITH_FREETYPE: 1, WITH_HARFBUZZ: 1
[2017.12.24-14.34.18:867][  0]LogAssetRegistry: FAssetRegistry took 0.0260 seconds to start up
[2017.12.24-14.34.19:138][  0]LogInit: Selected Device Profile: [Windows]
[2017.12.24-14.34.19:145][  0]LogContentStreaming: Texture pool size is 0.00 MB
[2017.12.24-14.34.19:606][  0]LogSimplygon: Simplygon DLL not present - disabling.
[2017.12.24-14.34.19:650][  0]LogMeshReduction: Using SimplygonSwarm for distributed automatic mesh merging
[2017.12.24-14.34.19:650][  0]LogMeshReduction: Using QuadricMeshReduction for automatic static mesh reduction
[2017.12.24-14.34.19:650][  0]LogMeshReduction: No automatic skeletal mesh reduction module available
[2017.12.24-14.34.19:651][  0]LogMeshReduction: No automatic mesh merging module available
[2017.12.24-14.34.19:651][  0]LogMeshMerging: No automatic mesh merging module available
[2017.12.24-14.34.20:146][  0]LogNetVersion: SideScroller_V417 , NetCL: 3573198, EngineNetVer: 2, GameNetVer: 0 (Checksum: 2809486087)
[2017.12.24-14.34.20:397][  0]LogPackageLocalizationCache: Processed 5 localized package path(s) for 2 prioritized culture(s) in 0.051149 seconds
[2017.12.24-14.34.20:405][  0]LogUObjectArray: 35825 objects as part of root set at end of initial load.
[2017.12.24-14.34.20:405][  0]LogUObjectAllocator: 7529104 out of 0 bytes used by permanent object pool.
[2017.12.24-14.34.20:405][  0]LogUObjectArray: CloseDisregardForGC: 0/0 objects in disregard for GC pool
[2017.12.24-14.34.20:457][  0]LogInit: WinSock: version 1.1 (2.2), MaxSocks=32767, MaxUdp=65467
[2017.12.24-14.34.23:347][  0]LogTcpMessaging: Initializing TcpMessaging bridge
[2017.12.24-14.34.23:385][  0]LogUdpMessaging: Initializing bridge on interface 0.0.0.0:0 to multicast group 230.0.0.1:6666.
[2017.12.24-14.34.24:007][  0]LogMaterial: Uniform references updated for custom material expression Custom.
[2017.12.24-14.34.24:441][  0]SourceControl: Source control is disabled
[2017.12.24-14.34.24:441][  0]SourceControl: Source control is disabled
[2017.12.24-14.34.24:488][  0]SourceControl: Source control is disabled
[2017.12.24-14.34.24:536][  0]SourceControl: Source control is disabled
[2017.12.24-14.34.25:093][  0]LogAndroidPermission: UAndroidPermissionCallbackProxy::GetInstance
[2017.12.24-14.34.25:327][  0]LogOcInput: OculusInput pre-init called
[2017.12.24-14.34.25:595][  0]LogEngine: Initializing Engine...
[2017.12.24-14.34.25:597][  0]LogHMD: Failed to initialize OpenVR with code 110
[2017.12.24-14.34.25:927][  0]LogStats: UGameplayTagsManager::ConstructGameplayTagTree: Construct from data asset -  0.000 s
[2017.12.24-14.34.25:927][  0]LogStats: UGameplayTagsManager::ConstructGameplayTagTree: GameplayTagTreeChangedEvent.Broadcast -  0.000 s
[2017.12.24-14.34.26:056][  0]LogAIModule: Creating AISystem for world Untitled
[2017.12.24-14.34.26:074][  0]LogInit: XAudio2 using 'Headset Earphone (ASTRO MixAmp Pro           )' : 2 channels at 48 kHz using 16 bits per sample (channel mask 0x3)
[2017.12.24-14.34.26:083][  0]LogInit: FAudioDevice initialized.
[2017.12.24-14.34.26:442][  0]LogDerivedDataCache: Saved boot cache 0.36s 93MB C:/Users/emboric/AppData/Local/UnrealEngine/4.17/DerivedDataCache/Boot.ddc.
[2017.12.24-14.34.26:470][  0]LogInit: Texture streaming: Enabled
[2017.12.24-14.34.26:566][  0]LogEngineSessionManager: EngineSessionManager initialized
[2017.12.24-14.34.26:776][  0]LogInit: Transaction tracking system initialized
[2017.12.24-14.34.27:068][  0]BlueprintLog: New page: Editor Load
[2017.12.24-14.34.27:929][  0]LocalizationService: Localization service is disabled
[2017.12.24-14.34.28:595][  0]LogConsoleResponse: Display: 
[2017.12.24-14.34.28:834][  0]LogCook: Display: Max memory allowance for cook 16384mb min free memory 0mb
[2017.12.24-14.34.28:834][  0]LogCook: Display: Mobile HDR setting 1
[2017.12.24-14.34.28:834][  0]LogGameplayTags: Display: UGameplayTagsManager::DoneAddingNativeTags. DelegateIsBound: 0
[2017.12.24-14.34.29:069][  0]LogFileCache: Scanning file cache for directory 'E:/_Unreal/SideScroller_V417/Content/' took 0.09s
[2017.12.24-14.34.29:880][  0]SourceControl: Source control is disabled
[2017.12.24-14.34.29:880][  0]Cmd: MAP LOAD FILE="../../../../SideScroller_V417/Content/SideScrollerBP/Maps/SideScrollerExampleMap.umap" TEMPLATE=0 SHOWPROGRESS=1 FEATURELEVEL=3
[2017.12.24-14.34.29:881][  0]LightingResults: New page: Lighting Build
[2017.12.24-14.34.29:921][  0]MapCheck: New page: Map Check
[2017.12.24-14.34.29:921][  0]LightingResults: New page: Lighting Build
[2017.12.24-14.34.33:726][  0]LogAIModule: Creating AISystem for world SideScrollerExampleMap
[2017.12.24-14.34.33:798][  0]LogEditorServer: Finished looking for orphan Actors (0.000 secs)
[2017.12.24-14.34.33:849][  0]Cmd: MAP CHECKDEP NOCLEARLOG
[2017.12.24-14.34.33:945][  0]MapCheck: Map check complete: 0 Error(s), 0 Warning(s), took 96.169ms to complete.
[2017.12.24-14.34.33:945][  0]LogFileHelpers: Loading map 'SideScrollerExampleMap' took 4.064
[2017.12.24-14.34.34:085][  0]LogCollectionManager: Loaded 0 collections in 0.001411 seconds
[2017.12.24-14.34.34:154][  0]LogFileCache: Scanning file cache for directory 'E:/_Unreal/SideScroller_V417/Saved/Collections/' took 0.01s
[2017.12.24-14.34.34:154][  0]LogFileCache: Scanning file cache for directory 'E:/_Unreal/SideScroller_V417/Content/Developers/emboric/Collections/' took 0.01s
[2017.12.24-14.34.34:154][  0]LogFileCache: Scanning file cache for directory 'E:/_Unreal/SideScroller_V417/Content/Collections/' took 0.01s
[2017.12.24-14.34.34:154][  0]LogCollectionManager: Rebuilt the GUID cache for 0 collections in 0.000001 seconds
[2017.12.24-14.34.34:166][  0]LogContentBrowser: Native class hierarchy populated in 0.0116 seconds. Added 2386 classes and 500 folders.
[2017.12.24-14.34.34:221][  0]LogContentBrowser: Native class hierarchy updated for 'WidgetCarousel' in 0.0008 seconds. Added 0 classes and 0 folders.
[2017.12.24-14.34.34:262][  0]LogContentBrowser: Native class hierarchy updated for 'AddContentDialog' in 0.0008 seconds. Added 0 classes and 0 folders.
[2017.12.24-14.34.34:301][  0]LogContentBrowser: Native class hierarchy updated for 'SceneOutliner' in 0.0008 seconds. Added 1 classes and 2 folders.
[2017.12.24-14.34.34:329][  0]LogSlate: Took 0.000186 seconds to synchronously load lazily loaded font '../../../Engine/Content/Slate/Fonts/Roboto-Regular.ttf' (155K)
[2017.12.24-14.34.34:332][  0]LogSlate: Took 0.000163 seconds to synchronously load lazily loaded font '../../../Engine/Content/Slate/Fonts/Roboto-Bold.ttf' (160K)
[2017.12.24-14.34.34:339][  0]LogSlate: Took 0.000161 seconds to synchronously load lazily loaded font '../../../Engine/Content/Editor/Slate/Fonts/FontAwesome.ttf' (139K)
[2017.12.24-14.34.34:474][  0]LogRenderer: Reallocating scene render targets to support 1056x588 Format 10 NumSamples 1 (Frame:1).
[2017.12.24-14.34.34:725][  0]LogContentBrowser: Native class hierarchy updated for 'HierarchicalLODOutliner' in 0.0009 seconds. Added 1 classes and 2 folders.
[2017.12.24-14.34.34:725][  0]LogLoad: (Engine Initialization) Total time: 22.30 seconds
[2017.12.24-14.34.34:725][  0]LogLoad: (Engine Initialization) Total Blueprint compile time: 0.00 seconds
[2017.12.24-14.34.34:725][  0]LogExternalProfiler: Found external profiler: VSPerf
[2017.12.24-14.34.34:725][  0]LogExternalProfiler: Using external profiler: VSPerf
[2017.12.24-14.34.35:095][  0]LogContentStreaming: Texture pool size now 1000 MB
[2017.12.24-14.34.35:167][  0]LogSlate: Took 0.000243 seconds to synchronously load lazily loaded font '../../../Engine/Content/Slate/Fonts/Roboto-Light.ttf' (159K)
[2017.12.24-14.34.37:754][  8]LogAssetRegistry: Asset discovery search completed in 18.9068 seconds
[2017.12.24-14.34.37:793][  8]LogCollectionManager: Rebuilt the object cache for 0 collections in 0.000001 seconds (found 0 objects)
[2017.12.24-14.34.37:793][  8]LogCollectionManager: Fixed up redirectors for 0 collections in 0.000071 seconds (updated 0 objects)
[2017.12.24-14.35.11:201][228]Cmd: QUIT_EDITOR
[2017.12.24-14.35.11:499][228]LogExit: Preparing to exit.
[2017.12.24-14.35.12:753][228]LogDirectoryWatcher: A directory notification for 'E:/_Unreal/SideScroller_V417/Content/' was aborted.
[2017.12.24-14.35.12:831][228]LogExit: Editor shut down
[2017.12.24-14.35.12:837][228]LogExit: Transaction tracking system shut down
[2017.12.24-14.35.13:221][228]LogDirectoryWatcher: A directory notification for '../../../Engine/Content/' was aborted.
[2017.12.24-14.35.13:221][228]LogDirectoryWatcher: A directory notification for '../../../../SideScroller_V417/Content/' was aborted.
[2017.12.24-14.35.13:221][228]LogDirectoryWatcher: A directory notification for '../../../Engine/Plugins/2D/Paper2D/Content/' was aborted.
[2017.12.24-14.35.13:221][228]LogDirectoryWatcher: A directory notification for '../../../Engine/Plugins/Runtime/Oculus/OculusVR/Content/' was aborted.
[2017.12.24-14.35.13:221][228]LogDirectoryWatcher: A directory notification for '../../../Engine/Plugins/Runtime/Steam/SteamVR/Content/' was aborted.
[2017.12.24-14.35.13:856][228]LogExit: Object subsystem successfully closed.
[2017.12.24-14.35.13:942][228]LogD3D11RHI: Shutdown
[2017.12.24-14.35.13:943][228]LogD3D11RHI: CleanupD3DDevice
[2017.12.24-14.35.14:100][228]LogD3D11RHI: ~FD3D11DynamicRHI
[2017.12.24-14.35.14:438][228]LogModuleManager: Shutting down and abandoning module HierarchicalLODOutliner (530)
[2017.12.24-14.35.14:438][228]LogModuleManager: Shutting down and abandoning module SceneOutliner (528)
[2017.12.24-14.35.14:438][228]LogModuleManager: Shutting down and abandoning module AddContentDialog (526)
[2017.12.24-14.35.14:438][228]LogDirectoryWatcher: A directory notification for 'E:/_Unreal/UE_4.17/FeaturePacks/' was aborted.
[2017.12.24-14.35.14:440][228]LogModuleManager: Shutting down and abandoning module WidgetCarousel (525)
[2017.12.24-14.35.14:440][228]LogModuleManager: Shutting down and abandoning module EditorWidgets (522)
[2017.12.24-14.35.14:440][228]LogModuleManager: Shutting down and abandoning module CollectionManager (520)
[2017.12.24-14.35.14:440][228]LogDirectoryWatcher: A directory notification for 'E:/_Unreal/SideScroller_V417/Content/Collections/' was aborted.
[2017.12.24-14.35.14:440][228]LogDirectoryWatcher: A directory notification for 'E:/_Unreal/SideScroller_V417/Content/Developers/emboric/Collections/' was aborted.
[2017.12.24-14.35.14:440][228]LogDirectoryWatcher: A directory notification for 'E:/_Unreal/SideScroller_V417/Saved/Collections/' was aborted.
[2017.12.24-14.35.14:440][228]LogModuleManager: Shutting down and abandoning module StatsViewer (518)
[2017.12.24-14.35.14:440][228]LogModuleManager: Shutting down and abandoning module FoliageEdit (516)
[2017.12.24-14.35.14:440][228]LogModuleManager: Shutting down and abandoning module LandscapeEditor (514)
[2017.12.24-14.35.14:458][228]LogModuleManager: Shutting down and abandoning module MeshPaintMode (512)
[2017.12.24-14.35.14:458][228]LogModuleManager: Shutting down and abandoning module SceneDepthPickerMode (510)
[2017.12.24-14.35.14:458][228]LogModuleManager: Shutting down and abandoning module ActorPickerMode (508)
[2017.12.24-14.35.14:458][228]LogModuleManager: Shutting down and abandoning module GeometryMode (506)
[2017.12.24-14.35.14:458][228]LogModuleManager: Shutting down and abandoning module TextureAlignMode (504)
[2017.12.24-14.35.14:458][228]LogModuleManager: Shutting down and abandoning module BspMode (502)
[2017.12.24-14.35.14:458][228]LogModuleManager: Shutting down and abandoning module PIEPreviewDeviceProfileSelector (500)
[2017.12.24-14.35.14:458][228]LogModuleManager: Shutting down and abandoning module HardwareSurvey (498)
[2017.12.24-14.35.14:458][228]LogModuleManager: Shutting down and abandoning module SequenceRecorderSections (496)
[2017.12.24-14.35.14:458][228]LogModuleManager: Shutting down and abandoning module AutomationWorker (494)
[2017.12.24-14.35.14:458][228]LogModuleManager: Shutting down and abandoning module MatineeToLevelSequence (492)
[2017.12.24-14.35.14:458][228]LogModuleManager: Shutting down and abandoning module LevelSequenceEditor (490)
[2017.12.24-14.35.14:480][228]LogModuleManager: Shutting down and abandoning module PlacementMode (489)
[2017.12.24-14.35.14:480][228]LogModuleManager: Shutting down and abandoning module WmfMediaFactory (486)
[2017.12.24-14.35.14:480][228]LogModuleManager: Shutting down and abandoning module WmfMediaEditor (484)
[2017.12.24-14.35.14:480][228]LogModuleManager: Shutting down and abandoning module AvfMediaFactory (482)
[2017.12.24-14.35.14:480][228]LogModuleManager: Shutting down and abandoning module AvfMediaEditor (480)
[2017.12.24-14.35.14:480][228]LogModuleManager: Shutting down and abandoning module AndroidMediaFactory (478)
[2017.12.24-14.35.14:480][228]LogModuleManager: Shutting down and abandoning module Media (477)
[2017.12.24-14.35.14:480][228]LogModuleManager: Shutting down and abandoning module AndroidMediaEditor (474)
[2017.12.24-14.35.14:480][228]LogModuleManager: Shutting down and abandoning module CharacterAI (472)
[2017.12.24-14.35.14:481][228]LogModuleManager: Shutting down and abandoning module AudioCapture (470)
[2017.12.24-14.35.14:481][228]LogModuleManager: Shutting down and abandoning module SequenceRecorder (469)
[2017.12.24-14.35.14:481][228]LogModuleManager: Shutting down and abandoning module SmartSnapping (466)
[2017.12.24-14.35.14:481][228]LogModuleManager: Shutting down and abandoning module SessionServices (464)
[2017.12.24-14.35.14:481][228]LogModuleManager: Shutting down and abandoning module ViewportSnapping (462)
[2017.12.24-14.35.14:481][228]LogModuleManager: Shutting down and abandoning module ViewportInteraction (460)
[2017.12.24-14.35.14:481][228]LogModuleManager: Shutting down and abandoning module ClothPainter (458)
[2017.12.24-14.35.14:492][228]LogModuleManager: Shutting down and abandoning module LogVisualizer (456)
[2017.12.24-14.35.14:493][228]LogModuleManager: Shutting down and abandoning module IntroTutorials (454)
[2017.12.24-14.35.14:493][228]LogModuleManager: Shutting down and abandoning module GameProjectGeneration (453)
[2017.12.24-14.35.14:499][228]LogModuleManager: Shutting down and abandoning module IOSPlatformEditor (450)
[2017.12.24-14.35.14:500][228]LogModuleManager: Shutting down and abandoning module HTML5PlatformEditor (448)
[2017.12.24-14.35.14:500][228]LogModuleManager: Shutting down and abandoning module AndroidPlatformEditor (446)
[2017.12.24-14.35.14:500][228]LogModuleManager: Shutting down and abandoning module AndroidDeviceDetection (445)
[2017.12.24-14.35.15:276][228]LogModuleManager: Shutting down and abandoning module WindowsPlatformEditor (442)
[2017.12.24-14.35.15:276][228]LogModuleManager: Shutting down and abandoning module IOSRuntimeSettings (440)
[2017.12.24-14.35.15:276][228]LogModuleManager: Shutting down and abandoning module AndroidRuntimeSettings (438)
[2017.12.24-14.35.15:276][228]LogModuleManager: Shutting down and abandoning module InputBindingEditor (436)
[2017.12.24-14.35.15:276][228]LogModuleManager: Shutting down and abandoning module MergeActors (434)
[2017.12.24-14.35.15:284][228]LogModuleManager: Shutting down and abandoning module SizeMap (432)
[2017.12.24-14.35.15:284][228]LogModuleManager: Shutting down and abandoning module TreeMap (430)
[2017.12.24-14.35.15:284][228]LogModuleManager: Shutting down and abandoning module ReferenceViewer (428)
[2017.12.24-14.35.15:284][228]LogModuleManager: Shutting down and abandoning module LocalizationDashboard (426)
[2017.12.24-14.35.15:296][228]LogModuleManager: Shutting down and abandoning module LocalizationService (425)
[2017.12.24-14.35.15:296][228]LogModuleManager: Shutting down and abandoning module HardwareTargeting (422)
[2017.12.24-14.35.15:296][228]LogModuleManager: Shutting down and abandoning module DeviceProfileEditor (420)
[2017.12.24-14.35.15:296][228]LogModuleManager: Shutting down and abandoning module UndoHistory (418)
[2017.12.24-14.35.15:296][228]LogModuleManager: Shutting down and abandoning module XmlParser (416)
[2017.12.24-14.35.15:296][228]LogModuleManager: Shutting down and abandoning module Blutility (414)
[2017.12.24-14.35.15:296][228]LogModuleManager: Shutting down and abandoning module ProjectSettingsViewer (412)
[2017.12.24-14.35.15:296][228]LogModuleManager: Shutting down and abandoning module ProjectTargetPlatformEditor (411)
[2017.12.24-14.35.15:296][228]LogModuleManager: Shutting down and abandoning module EditorSettingsViewer (408)
[2017.12.24-14.35.15:296][228]LogModuleManager: Shutting down and abandoning module SettingsEditor (406)
[2017.12.24-14.35.15:314][228]LogModuleManager: Shutting down and abandoning module ProjectLauncher (404)
[2017.12.24-14.35.15:327][228]LogModuleManager: Shutting down and abandoning module SessionFrontend (402)
[2017.12.24-14.35.15:327][228]LogModuleManager: Shutting down and abandoning module ProfilerClient (400)
[2017.12.24-14.35.15:344][228]LogModuleManager: Shutting down and abandoning module DeviceManager (398)
[2017.12.24-14.35.15:344][228]LogModuleManager: Shutting down and abandoning module TargetDeviceServices (397)
[2017.12.24-14.35.15:384][228]LogModuleManager: Shutting down and abandoning module AutomationController (394)
[2017.12.24-14.35.15:384][228]LogModuleManager: Shutting down and abandoning module AutomationWindow (392)
[2017.12.24-14.35.15:433][228]LogModuleManager: Shutting down and abandoning module Layers (390)
[2017.12.24-14.35.15:464][228]LogModuleManager: Shutting down and abandoning module ComponentVisualizers (388)
[2017.12.24-14.35.15:464][228]LogModuleManager: Shutting down and abandoning module DetailCustomizations (386)
[2017.12.24-14.35.15:464][228]LogModuleManager: Shutting down and abandoning module PackagesDialog (384)
[2017.12.24-14.35.15:494][228]LogModuleManager: Shutting down and abandoning module Persona (382)
[2017.12.24-14.35.15:537][228]LogModuleManager: Shutting down and abandoning module AdvancedPreviewScene (381)
[2017.12.24-14.35.15:537][228]LogModuleManager: Shutting down and abandoning module AnimGraph (379)
[2017.12.24-14.35.15:537][228]LogModuleManager: Shutting down and abandoning module Kismet (376)
[2017.12.24-14.35.15:540][228]LogModuleManager: Shutting down and abandoning module ClassViewer (374)
[2017.12.24-14.35.15:540][228]LogModuleManager: Shutting down and abandoning module Toolbox (372)
[2017.12.24-14.35.15:540][228]LogModuleManager: Shutting down and abandoning module ModuleUI (370)
[2017.12.24-14.35.15:575][228]LogModuleManager: Shutting down and abandoning module MovieSceneTools (368)
[2017.12.24-14.35.15:575][228]LogModuleManager: Shutting down and abandoning module OutputLog (366)
[2017.12.24-14.35.15:575][228]LogModuleManager: Shutting down and abandoning module GammaUI (364)
[2017.12.24-14.35.15:575][228]LogModuleManager: Shutting down and abandoning module Documentation (362)
[2017.12.24-14.35.15:575][228]LogModuleManager: Shutting down and abandoning module MovieSceneTracks (360)
[2017.12.24-14.35.15:575][228]LogModuleManager: Shutting down and abandoning module MovieScene (358)
[2017.12.24-14.35.15:575][228]LogModuleManager: Shutting down and abandoning module Niagara (356)
[2017.12.24-14.35.15:575][228]LogModuleManager: Shutting down and abandoning module NiagaraEditor (355)
[2017.12.24-14.35.15:575][228]LogModuleManager: Shutting down and abandoning module StreamingPauseRendering (352)
[2017.12.24-14.35.15:575][228]LogModuleManager: Shutting down and abandoning module LauncherPlatform (350)
[2017.12.24-14.35.15:575][228]LogModuleManager: Shutting down and abandoning module AnalyticsET (348)
[2017.12.24-14.35.15:575][228]LogModuleManager: Shutting down and abandoning module PortalServices (346)
[2017.12.24-14.35.15:576][228]LogModuleManager: Shutting down and abandoning module PortalRpc (344)
[2017.12.24-14.35.15:576][228]LogModuleManager: Shutting down and abandoning module MessagingRpc (342)
[2017.12.24-14.35.15:576][228]LogModuleManager: Shutting down and abandoning module AIModule (340)
[2017.12.24-14.35.15:576][228]LogModuleManager: Shutting down and abandoning module GameplayDebugger (339)
[2017.12.24-14.35.15:576][228]LogModuleManager: Shutting down and abandoning module AITestSuite (337)
[2017.12.24-14.35.15:576][228]LogModuleManager: Shutting down and abandoning module ProfilerService (334)
[2017.12.24-14.35.15:793][228]LogModuleManager: Shutting down and abandoning module TaskGraph (332)
[2017.12.24-14.35.15:811][228]LogModuleManager: Shutting down and abandoning module SteamVRController (330)
[2017.12.24-14.35.15:811][228]LogModuleManager: Shutting down and abandoning module ProceduralMeshComponentEditor (328)
[2017.12.24-14.35.15:811][228]LogModuleManager: Shutting down and abandoning module ProceduralMeshComponent (326)
[2017.12.24-14.35.15:811][228]LogModuleManager: Shutting down and abandoning module OculusInput (324)
[2017.12.24-14.35.15:811][228]LogModuleManager: Shutting down and abandoning module MobilePatchingUtils (322)
[2017.12.24-14.35.15:811][228]LogModuleManager: Shutting down and abandoning module CustomMeshComponent (320)
[2017.12.24-14.35.15:811][228]LogModuleManager: Shutting down and abandoning module CableComponent (318)
[2017.12.24-14.35.15:811][228]LogModuleManager: Shutting down and abandoning module ArchVisCharacter (316)
[2017.12.24-14.35.15:811][228]LogModuleManager: Shutting down and abandoning module AndroidPermission (314)
[2017.12.24-14.35.15:811][228]LogModuleManager: Shutting down and abandoning module MediaPlayerEditor (310)
[2017.12.24-14.35.15:819][228]LogModuleManager: Shutting down and abandoning module HTML5Networking (308)
[2017.12.24-14.35.15:819][228]LogModuleManager: Shutting down and abandoning module AlembicImporter (306)
[2017.12.24-14.35.15:845][228]LogModuleManager: Shutting down and abandoning module AlembicLibrary (305)
[2017.12.24-14.35.15:845][228]LogModuleManager: Shutting down and abandoning module GeometryCache (304)
[2017.12.24-14.35.15:845][228]LogModuleManager: Shutting down and abandoning module GeometryCacheEd (303)
[2017.12.24-14.35.15:845][228]LogModuleManager: Shutting down and abandoning module SpeedTreeImporter (298)
[2017.12.24-14.35.15:845][228]LogModuleManager: Shutting down and abandoning module PluginBrowser (296)
[2017.12.24-14.35.15:860][228]LogModuleManager: Shutting down and abandoning module MobileLauncherProfileWizard (294)
[2017.12.24-14.35.15:870][228]LogModuleManager: Shutting down and abandoning module VisualStudioSourceCodeAccess (292)
[2017.12.24-14.35.15:871][228]LogModuleManager: Shutting down and abandoning module DesktopPlatform (291)
[2017.12.24-14.35.15:871][228]LogModuleManager: Shutting down and abandoning module UObjectPlugin (288)
[2017.12.24-14.35.15:871][228]LogModuleManager: Shutting down and abandoning module SubversionSourceControl (286)
[2017.12.24-14.35.15:871][228]LogModuleManager: Shutting down and abandoning module PerforceSourceControl (284)
[2017.12.24-14.35.15:871][228]LogModuleManager: Shutting down and abandoning module GitSourceControl (282)
[2017.12.24-14.35.15:871][228]LogModuleManager: Shutting down and abandoning module SourceControl (281)
[2017.12.24-14.35.15:871][228]LogModuleManager: Shutting down and abandoning module LightPropagationVolumeEditor (278)
[2017.12.24-14.35.15:871][228]LogModuleManager: Shutting down and abandoning module PaperTiledImporter (276)
[2017.12.24-14.35.15:871][228]LogModuleManager: Shutting down and abandoning module PaperSpriteSheetImporter (274)
[2017.12.24-14.35.15:871][228]LogModuleManager: Shutting down and abandoning module Paper2DEditor (272)
[2017.12.24-14.35.15:871][228]LogModuleManager: Shutting down and abandoning module MeshPaint (271)
[2017.12.24-14.35.15:871][228]LogModuleManager: Shutting down and abandoning module LevelEditor (269)
[2017.12.24-14.35.15:873][228]LogModuleManager: Shutting down and abandoning module PixelInspectorModule (268)
[2017.12.24-14.35.15:873][228]LogModuleManager: Shutting down and abandoning module MainFrame (266)
[2017.12.24-14.35.15:873][228]LogModuleManager: Shutting down and abandoning module HotReload (265)
[2017.12.24-14.35.15:873][228]LogModuleManager: Shutting down and abandoning module RuntimePhysXCooking (260)
[2017.12.24-14.35.15:873][228]LogModuleManager: Shutting down and abandoning module PhysXVehiclesEditor (258)
[2017.12.24-14.35.15:873][228]LogModuleManager: Shutting down and abandoning module PhysXVehicles (256)
[2017.12.24-14.35.15:874][228]LogModuleManager: Shutting down and abandoning module OculusEditor (254)
[2017.12.24-14.35.15:874][228]LogModuleManager: Shutting down and abandoning module LocationServicesBPLibrary (252)
[2017.12.24-14.35.15:874][228]LogModuleManager: Shutting down and abandoning module ImmediatePhysicsEditor (250)
[2017.12.24-14.35.15:874][228]LogModuleManager: Shutting down and abandoning module ImmediatePhysics (248)
[2017.12.24-14.35.15:874][228]LogModuleManager: Shutting down and abandoning module UdpMessaging (246)
[2017.12.24-14.35.15:974][228]LogModuleManager: Shutting down and abandoning module TcpMessaging (244)
[2017.12.24-14.35.16:074][228]LogModuleManager: Shutting down and abandoning module GameplayTagsEditor (242)
[2017.12.24-14.35.16:074][228]LogModuleManager: Shutting down and abandoning module FacialAnimationEditor (240)
[2017.12.24-14.35.16:074][228]LogModuleManager: Shutting down and abandoning module FacialAnimation (238)
[2017.12.24-14.35.16:074][228]LogModuleManager: Shutting down and abandoning module AssetManagerEditor (236)
[2017.12.24-14.35.16:074][228]LogModuleManager: Shutting down and abandoning module GraphEditor (235)
[2017.12.24-14.35.16:122][228]LogModuleManager: Shutting down and abandoning module ContentBrowser (233)
[2017.12.24-14.35.16:123][228]LogModuleManager: Shutting down and abandoning module LightPropagationVolumeRuntime (230)
[2017.12.24-14.35.16:124][228]LogModuleManager: Shutting down and abandoning module Paper2D (228)
[2017.12.24-14.35.16:124][228]LogModuleManager: Shutting down and abandoning module WindowsMoviePlayer (226)
[2017.12.24-14.35.16:124][228]LogModuleManager: Shutting down and abandoning module WmfMedia (224)
[2017.12.24-14.35.16:125][228]LogModuleManager: Shutting down and abandoning module PacketHandler (222)
[2017.12.24-14.35.16:125][228]LogModuleManager: Shutting down and abandoning module ClothingSystemEditor (220)
[2017.12.24-14.35.16:125][228]LogModuleManager: Shutting down and abandoning module ClothingSystemRuntime (218)
[2017.12.24-14.35.16:136][228]LogModuleManager: Shutting down and abandoning module Overlay (216)
[2017.12.24-14.35.16:136][228]LogModuleManager: Shutting down and abandoning module OverlayEditor (215)
[2017.12.24-14.35.16:136][228]LogModuleManager: Shutting down and abandoning module MediaAssets (212)
[2017.12.24-14.35.16:136][228]LogModuleManager: Shutting down and abandoning module VREditor (210)
[2017.12.24-14.35.16:171][228]LogModuleManager: Shutting down and abandoning module StringTableEditor (208)
[2017.12.24-14.35.16:171][228]LogModuleManager: Shutting down and abandoning module GameplayTasksEditor (206)
[2017.12.24-14.35.16:171][228]LogModuleManager: Shutting down and abandoning module BehaviorTreeEditor (204)
[2017.12.24-14.35.16:191][228]LogModuleManager: Shutting down and abandoning module FunctionalTesting (202)
[2017.12.24-14.35.16:191][228]LogModuleManager: Shutting down and abandoning module CollisionAnalyzer (200)
[2017.12.24-14.35.16:191][228]LogModuleManager: Shutting down and abandoning module WorkspaceMenuStructure (199)
[2017.12.24-14.35.16:191][228]LogModuleManager: Shutting down and abandoning module UMG (196)
[2017.12.24-14.35.16:202][228]LogModuleManager: Shutting down and abandoning module UMGEditor (195)
[2017.12.24-14.35.16:217][228]LogModuleManager: Shutting down and abandoning module Sequencer (194)
[2017.12.24-14.35.16:226][228]LogModuleManager: Shutting down and abandoning module MessageLog (191)
[2017.12.24-14.35.16:226][228]LogModuleManager: Shutting down and abandoning module SlateReflector (186)
[2017.12.24-14.35.16:241][228]LogModuleManager: Shutting down and abandoning module Slate (184)
[2017.12.24-14.35.16:241][228]LogModuleManager: Shutting down and abandoning module EditorStyle (182)
[2017.12.24-14.35.16:244][228]LogModuleManager: Shutting down and abandoning module MRMesh (180)
[2017.12.24-14.35.16:244][228]LogModuleManager: Shutting down and abandoning module SourceCodeAccess (178)
[2017.12.24-14.35.16:244][228]LogModuleManager: Shutting down and abandoning module HeadMountedDisplay (176)
[2017.12.24-14.35.16:244][228]LogModuleManager: Shutting down and abandoning module XAudio2 (174)
[2017.12.24-14.35.16:244][228]LogModuleManager: Shutting down and abandoning module Networking (172)
[2017.12.24-14.35.16:244][228]LogModuleManager: Shutting down and abandoning module Core (168)
[2017.12.24-14.35.16:244][228]LogModuleManager: Shutting down and abandoning module KismetCompiler (164)
[2017.12.24-14.35.16:244][228]LogModuleManager: Shutting down and abandoning module MeshUtilities (162)
[2017.12.24-14.35.16:250][228]LogModuleManager: Shutting down and abandoning module MeshMergeUtilities (161)
[2017.12.24-14.35.16:261][228]LogModuleManager: Shutting down and abandoning module MeshReductionInterface (160)
[2017.12.24-14.35.16:261][228]LogModuleManager: Shutting down and abandoning module SimplygonSwarm (159)
[2017.12.24-14.35.16:279][228]LogModuleManager: Shutting down and abandoning module SimplygonMeshReduction (157)
[2017.12.24-14.35.16:279][228]LogModuleManager: Shutting down and abandoning module QuadricMeshReduction (155)
[2017.12.24-14.35.16:279][228]LogModuleManager: Shutting down and abandoning module MaterialBaking (151)
[2017.12.24-14.35.16:279][228]LogModuleManager: Shutting down and abandoning module LevelSequence (148)
[2017.12.24-14.35.16:279][228]LogModuleManager: Shutting down and abandoning module DirectoryWatcher (146)
[2017.12.24-14.35.16:280][228]LogModuleManager: Shutting down and abandoning module DerivedDataCache (144)
[2017.12.24-14.35.16:460][228]LogDerivedDataCache: Shutdown
[2017.12.24-14.35.16:460][228]LogModuleManager: Shutting down and abandoning module TargetPlatform (142)
[2017.12.24-14.35.16:460][228]LogModuleManager: Shutting down and abandoning module VulkanShaderFormat (141)
[2017.12.24-14.35.16:460][228]LogModuleManager: Shutting down and abandoning module ShaderFormatVectorVM (139)
[2017.12.24-14.35.16:477][228]LogModuleManager: Shutting down and abandoning module ShaderFormatOpenGL (137)
[2017.12.24-14.35.16:485][228]LogModuleManager: Shutting down and abandoning module ShaderFormatD3D (135)
[2017.12.24-14.35.16:485][228]LogModuleManager: Shutting down and abandoning module MetalShaderFormat (133)
[2017.12.24-14.35.16:499][228]LogModuleManager: Shutting down and abandoning module TextureFormatUncompressed (131)
[2017.12.24-14.35.16:499][228]LogModuleManager: Shutting down and abandoning module TextureFormatPVR (129)
[2017.12.24-14.35.16:499][228]LogModuleManager: Shutting down and abandoning module TextureFormatDXT (127)
[2017.12.24-14.35.16:499][228]LogModuleManager: Shutting down and abandoning module TextureFormatIntelISPCTexComp (125)
[2017.12.24-14.35.16:499][228]LogModuleManager: Shutting down and abandoning module TextureFormatASTC (123)
[2017.12.24-14.35.16:499][228]LogModuleManager: Shutting down and abandoning module ImageWrapper (122)
[2017.12.24-14.35.16:499][228]LogModuleManager: Shutting down and abandoning module TextureFormatAndroid (119)
[2017.12.24-14.35.16:499][228]LogModuleManager: Shutting down and abandoning module AudioFormatOpus (117)
[2017.12.24-14.35.16:499][228]LogModuleManager: Shutting down and abandoning module AudioFormatOgg (115)
[2017.12.24-14.35.16:499][228]LogModuleManager: Shutting down and abandoning module AudioFormatADPCM (113)
[2017.12.24-14.35.16:499][228]LogModuleManager: Shutting down and abandoning module LinuxTargetPlatform (111)
[2017.12.24-14.35.16:500][228]LogModuleManager: Shutting down and abandoning module LinuxServerTargetPlatform (109)
[2017.12.24-14.35.16:500][228]LogModuleManager: Shutting down and abandoning module LinuxNoEditorTargetPlatform (107)
[2017.12.24-14.35.16:500][228]LogModuleManager: Shutting down and abandoning module LinuxClientTargetPlatform (105)
[2017.12.24-14.35.16:500][228]LogModuleManager: Shutting down and abandoning module TVOSTargetPlatform (103)
[2017.12.24-14.35.16:500][228]LogModuleManager: Shutting down and abandoning module Messaging (101)
[2017.12.24-14.35.16:500][228]LogModuleManager: Shutting down and abandoning module IOSTargetPlatform (99)
[2017.12.24-14.35.16:500][228]LogModuleManager: Shutting down and abandoning module HTML5TargetPlatform (97)
[2017.12.24-14.35.16:500][228]LogModuleManager: Shutting down and abandoning module Android_PVRTCTargetPlatform (95)
[2017.12.24-14.35.16:500][228]LogModuleManager: Shutting down and abandoning module Android_MultiTargetPlatform (93)
[2017.12.24-14.35.16:500][228]LogModuleManager: Shutting down and abandoning module Android_ETC2TargetPlatform (91)
[2017.12.24-14.35.16:500][228]LogModuleManager: Shutting down and abandoning module Android_ETC1TargetPlatform (89)
[2017.12.24-14.35.16:500][228]LogModuleManager: Shutting down and abandoning module Android_DXTTargetPlatform (87)
[2017.12.24-14.35.16:500][228]LogModuleManager: Shutting down and abandoning module Android_ATCTargetPlatform (85)
[2017.12.24-14.35.16:500][228]LogModuleManager: Shutting down and abandoning module Android_ASTCTargetPlatform (83)
[2017.12.24-14.35.16:500][228]LogModuleManager: Shutting down and abandoning module AndroidTargetPlatform (81)
[2017.12.24-14.35.16:500][228]LogModuleManager: Shutting down and abandoning module WindowsTargetPlatform (79)
[2017.12.24-14.35.16:500][228]LogModuleManager: Shutting down and abandoning module WindowsServerTargetPlatform (77)
[2017.12.24-14.35.16:500][228]LogModuleManager: Shutting down and abandoning module WindowsNoEditorTargetPlatform (75)
[2017.12.24-14.35.16:500][228]LogModuleManager: Shutting down and abandoning module WindowsClientTargetPlatform (73)
[2017.12.24-14.35.16:500][228]LogModuleManager: Shutting down and abandoning module MacTargetPlatform (71)
[2017.12.24-14.35.16:500][228]LogModuleManager: Shutting down and abandoning module MacServerTargetPlatform (69)
[2017.12.24-14.35.16:500][228]LogModuleManager: Shutting down and abandoning module MacNoEditorTargetPlatform (67)
[2017.12.24-14.35.16:500][228]LogModuleManager: Shutting down and abandoning module MacClientTargetPlatform (65)
[2017.12.24-14.35.16:500][228]LogModuleManager: Shutting down and abandoning module AllDesktopTargetPlatform (63)
[2017.12.24-14.35.16:500][228]LogModuleManager: Shutting down and abandoning module InputCore (60)
[2017.12.24-14.35.16:500][228]LogModuleManager: Shutting down and abandoning module Settings (58)
[2017.12.24-14.35.16:500][228]LogModuleManager: Shutting down and abandoning module PhysXCooking (56)
[2017.12.24-14.35.16:500][228]LogModuleManager: Shutting down and abandoning module SteamVR (54)
[2017.12.24-14.35.16:500][228]LogModuleManager: Shutting down and abandoning module OculusHMD (52)
[2017.12.24-14.35.16:500][228]LogModuleManager: Shutting down and abandoning module ExampleDeviceProfileSelector (50)
[2017.12.24-14.35.16:500][228]LogModuleManager: Shutting down and abandoning module OnlineBlueprintSupport (48)
[2017.12.24-14.35.16:500][228]LogModuleManager: Shutting down and abandoning module OnlineSubsystem (44)
[2017.12.24-14.35.16:500][228]LogOnline: Display: Unloading online subsystem: NULL
[2017.12.24-14.35.16:526][228]LogModuleManager: Shutting down and abandoning module XMPP (43)
[2017.12.24-14.35.16:539][228]LogModuleManager: Shutting down and abandoning module HTTP (41)
[2017.12.24-14.35.16:539][228]LogHttp: Display: Http module shutting down, but needs to wait on 1 outstanding Http requests:
[2017.12.24-14.35.16:539][228]LogHttp: Display: 	verb=[POST] url=[https://datarouter.ol.epicgames.com/datarouter/api/v1/public/data?SessionID=%7B18FD94DA-487F-643B-2E2E-1287866C393D%7D&AppID=UEEditor.Rocket.Release&AppVersion=4.17.2-3658906%2B%2B%2BUE4%2BRelease-4.17&UserID=5cde6ccc4fb09c6d73111caa055dc576%7C5bb8e659a3b04af58e9be744484ba1bb%7C6d5e134b-dfe8-4624-b5f6-8250ce68f9d0&AppEnvironment=datacollector-binary&UploadType=eteventstream] status=Processing
[2017.12.24-14.35.16:575][228]LogModuleManager: Shutting down and abandoning module SSL (40)
[2017.12.24-14.35.16:577][228]LogModuleManager: Shutting down and abandoning module AnimationModifiers (36)
[2017.12.24-14.35.16:577][228]LogModuleManager: Shutting down and abandoning module PropertyEditor (35)
[2017.12.24-14.35.16:577][228]LogModuleManager: Shutting down and abandoning module AudioEditor (32)
[2017.12.24-14.35.16:588][228]LogModuleManager: Shutting down and abandoning module TextureCompressor (30)
[2017.12.24-14.35.16:588][228]LogModuleManager: Shutting down and abandoning module ShaderCore (28)
[2017.12.24-14.35.16:588][228]LogModuleManager: Shutting down and abandoning module Landscape (26)
[2017.12.24-14.35.16:588][228]LogModuleManager: Shutting down and abandoning module SlateRHIRenderer (24)
[2017.12.24-14.35.16:596][228]LogModuleManager: Shutting down and abandoning module OpenGLDrv (22)
[2017.12.24-14.35.16:609][228]LogModuleManager: Shutting down and abandoning module D3D11RHI (20)
[2017.12.24-14.35.16:609][228]LogModuleManager: Shutting down and abandoning module AnimGraphRuntime (18)
[2017.12.24-14.35.16:609][228]LogModuleManager: Shutting down and abandoning module Renderer (16)
[2017.12.24-14.35.16:609][228]LogModuleManager: Shutting down and abandoning module Engine (14)
[2017.12.24-14.35.16:609][228]LogModuleManager: Shutting down and abandoning module CoreUObject (12)
[2017.12.24-14.35.16:609][228]LogModuleManager: Shutting down and abandoning module NetworkFile (10)
[2017.12.24-14.35.16:609][228]LogModuleManager: Shutting down and abandoning module CookedIterativeFile (8)
[2017.12.24-14.35.16:609][228]LogModuleManager: Shutting down and abandoning module StreamingFile (6)
[2017.12.24-14.35.16:609][228]LogModuleManager: Shutting down and abandoning module SandboxFile (4)
[2017.12.24-14.35.16:609][228]LogModuleManager: Shutting down and abandoning module PakFile (2)
[2017.12.24-14.35.16:612][228]LogExit: Exiting.
[2017.12.24-14.35.16:642][228]Log file closed, 12/24/17 09:35:16
