Log file open, 11/25/22 13:45:53
LogWindows: Failed to load 'aqProf.dll' (GetLastError=126)
LogWindows: File 'aqProf.dll' does not exist
LogWindows: Failed to load 'VtuneApi.dll' (GetLastError=126)
LogWindows: File 'VtuneApi.dll' does not exist
LogWindows: Failed to load 'VtuneApi32e.dll' (GetLastError=126)
LogWindows: File 'VtuneApi32e.dll' does not exist
LogConsoleResponse: Display: Failed to find resolution value strings in scalability ini. Falling back to default.
LogConsoleResponse: Display: Failed to find resolution value strings in scalability ini. Falling back to default.
LogInit: Display: Running engine for game: SideScroller_V422_Fall2019
LogPlatformFile: Not using cached read wrapper
LogTaskGraph: Started task graph with 5 named threads and 59 total threads with 3 sets of task threads.
LogStats: Stats thread started at 0.215548
LogICUInternationalization: ICU TimeZone Detection - Raw Offset: -5:00, Platform Override: ''
LogInit: Display: Loading text-based GConfig....
LogPluginManager: Mounting plugin MeshPainting
LogPluginManager: Mounting plugin XGEController
LogPluginManager: Mounting plugin Paper2D
LogPluginManager: Mounting plugin LiveLink
LogPluginManager: Mounting plugin AISupport
LogPluginManager: Mounting plugin LightPropagationVolume
LogPluginManager: Mounting plugin EnvironmentQueryEditor
LogPluginManager: Mounting plugin OodleData
LogPluginManager: Mounting plugin CameraShakePreviewer
LogPluginManager: Mounting plugin GitSourceControl
LogPluginManager: Mounting plugin CLionSourceCodeAccess
LogPluginManager: Mounting plugin CodeLiteSourceCodeAccess
LogPluginManager: Mounting plugin GameplayCameras
LogPluginManager: Mounting plugin OodleNetwork
LogPluginManager: Mounting plugin AnimationSharing
LogPluginManager: Mounting plugin NullSourceCodeAccess
LogPluginManager: Mounting plugin KDevelopSourceCodeAccess
LogPluginManager: Mounting plugin PluginUtils
LogPluginManager: Mounting plugin RiderSourceCodeAccess
LogPluginManager: Mounting plugin PlasticSourceControl
LogPluginManager: Mounting plugin PixWinPlugin
LogPluginManager: Mounting plugin PerforceSourceControl
LogPluginManager: Mounting plugin PropertyAccessNode
LogPluginManager: Mounting plugin TextureFormatOodle
LogPluginManager: Mounting plugin SubversionSourceControl
LogPluginManager: Mounting plugin UObjectPlugin
LogPluginManager: Mounting plugin XCodeSourceCodeAccess
LogPluginManager: Mounting plugin VisualStudioSourceCodeAccess
LogPluginManager: Mounting plugin DatasmithContent
LogPluginManager: Mounting plugin CryptoKeys
LogPluginManager: Mounting plugin CurveEditorTools
LogPluginManager: Mounting plugin AssetManagerEditor
LogPluginManager: Mounting plugin VariantManagerContent
LogPluginManager: Mounting plugin DataValidation
LogPluginManager: Mounting plugin FacialAnimation
LogPluginManager: Mounting plugin GameplayTagsEditor
LogPluginManager: Mounting plugin VisualStudioCodeSourceCodeAccess
LogPluginManager: Mounting plugin MacGraphicsSwitching
LogPluginManager: Mounting plugin MaterialAnalyzer
LogPluginManager: Mounting plugin PluginBrowser
LogPluginManager: Mounting plugin SpeedTreeImporter
LogPluginManager: Mounting plugin LuminPlatformFeatures
LogPluginManager: Mounting plugin MobileLauncherProfileWizard
LogPluginManager: Mounting plugin MagicLeap
LogPluginManager: Mounting plugin GeometryMode
LogPluginManager: Mounting plugin MagicLeapMedia
LogPluginManager: Mounting plugin MagicLeapPassableWorld
LogPluginManager: Mounting plugin MLSDK
LogPluginManager: Mounting plugin AndroidMedia
LogPluginManager: Mounting plugin MagicLeapLightEstimation
LogPluginManager: Mounting plugin Niagara
LogPluginManager: Mounting plugin AvfMedia
LogPluginManager: Mounting plugin ImgMedia
LogPluginManager: Mounting plugin MediaCompositing
LogPluginManager: Mounting plugin WebMMedia
LogPluginManager: Mounting plugin MediaPlayerEditor
LogPluginManager: Mounting plugin WmfMedia
LogPluginManager: Mounting plugin LevelSequenceEditor
LogPluginManager: Mounting plugin ActorSequence
LogPluginManager: Mounting plugin TemplateSequence
LogPluginManager: Mounting plugin AlembicImporter
LogPluginManager: Mounting plugin MatineeToLevelSequence
LogPluginManager: Mounting plugin ChaosCloth
LogPluginManager: Mounting plugin ChaosClothEditor
LogPluginManager: Mounting plugin BackChannel
LogPluginManager: Mounting plugin AutomationUtils
LogPluginManager: Mounting plugin ChaosSolverPlugin
LogPluginManager: Mounting plugin ChaosEditor
LogPluginManager: Mounting plugin ChaosNiagara
LogPluginManager: Mounting plugin CharacterAI
LogPluginManager: Mounting plugin TcpMessaging
LogPluginManager: Mounting plugin LauncherChunkInstaller
LogPluginManager: Mounting plugin GeometryCache
LogPluginManager: Mounting plugin GeometryProcessing
LogPluginManager: Mounting plugin GeometryCollectionPlugin
LogPluginManager: Mounting plugin UdpMessaging
LogPluginManager: Mounting plugin MotoSynth
LogPluginManager: Mounting plugin ProxyLODPlugin
LogPluginManager: Mounting plugin PlatformCrypto
LogPluginManager: Mounting plugin OpenImageDenoise
LogPluginManager: Mounting plugin PlanarCut
LogPluginManager: Mounting plugin PythonScriptPlugin
LogPluginManager: Mounting plugin OnlineSubsystem
LogPluginManager: Mounting plugin OnlineSubsystemNull
LogPluginManager: Mounting plugin OnlineSubsystemUtils
LogPluginManager: Mounting plugin ScreenshotTools
LogPluginManager: Mounting plugin ActorLayerUtilities
LogPluginManager: Mounting plugin SkeletalReduction
LogPluginManager: Mounting plugin AndroidMoviePlayer
LogPluginManager: Mounting plugin ApexDestruction
LogPluginManager: Mounting plugin AppleImageUtils
LogPluginManager: Mounting plugin AssetTags
LogPluginManager: Mounting plugin ArchVisCharacter
LogPluginManager: Mounting plugin AndroidDeviceProfileSelector
LogPluginManager: Mounting plugin AndroidPermission
LogPluginManager: Mounting plugin AppleMoviePlayer
LogPluginManager: Mounting plugin AudioCapture
LogPluginManager: Mounting plugin CableComponent
LogPluginManager: Mounting plugin CustomMeshComponent
LogPluginManager: Mounting plugin AudioSynesthesia
LogPluginManager: Mounting plugin EditableMesh
LogPluginManager: Mounting plugin ChunkDownloader
LogPluginManager: Mounting plugin ExampleDeviceProfileSelector
LogPluginManager: Mounting plugin GoogleCloudMessaging
LogPluginManager: Mounting plugin GooglePAD
LogPluginManager: Mounting plugin IOSDeviceProfileSelector
LogPluginManager: Mounting plugin LocationServicesBPLibrary
LogPluginManager: Mounting plugin LinuxDeviceProfileSelector
LogPluginManager: Mounting plugin MobilePatchingUtils
LogPluginManager: Mounting plugin OpenXR
LogPluginManager: Mounting plugin OpenXREyeTracker
LogPluginManager: Mounting plugin OpenXRHandTracking
LogPluginManager: Mounting plugin PhysXVehicles
LogPluginManager: Mounting plugin PropertyAccessEditor
LogPluginManager: Mounting plugin ProceduralMeshComponent
LogPluginManager: Mounting plugin PostSplashScreen
LogPluginManager: Mounting plugin SignificanceManager
LogPluginManager: Mounting plugin RuntimePhysXCooking
LogPluginManager: Mounting plugin Synthesis
LogPluginManager: Mounting plugin SoundFields
LogPluginManager: Mounting plugin WebMMoviePlayer
LogPluginManager: Mounting plugin WindowsMoviePlayer
LogPluginManager: Mounting plugin Takes
LogPluginManager: Mounting plugin ContentBrowserAssetDataSource
LogPluginManager: Mounting plugin ContentBrowserFileDataSource
LogPluginManager: Mounting plugin ContentBrowserClassDataSource
LogPluginManager: Mounting plugin OnlineSubsystemGooglePlay
LogPluginManager: Mounting plugin OnlineSubsystemIOS
LogPluginManager: Mounting plugin OculusVR
LogPluginManager: Mounting plugin SteamVR
PixWinPlugin: PIX capture plugin failed to initialize! Check that the process is launched from PIX.
LogInit: Using libcurl 7.55.1-DEV
LogInit:  - built for x86_64-pc-win32
LogInit:  - supports SSL with OpenSSL/1.1.1
LogInit:  - supports HTTP deflate (compression) using libz 1.2.8
LogInit:  - other features:
LogInit:      CURL_VERSION_SSL
LogInit:      CURL_VERSION_LIBZ
LogInit:      CURL_VERSION_IPV6
LogInit:      CURL_VERSION_ASYNCHDNS
LogInit:      CURL_VERSION_LARGEFILE
LogInit:      CURL_VERSION_IDN
LogInit:  CurlRequestOptions (configurable via config and command line):
LogInit:  - bVerifyPeer = true  - Libcurl will verify peer certificate
LogInit:  - bUseHttpProxy = false  - Libcurl will NOT use HTTP proxy
LogInit:  - bDontReuseConnections = false  - Libcurl will reuse connections
LogInit:  - MaxHostConnections = 16  - Libcurl will limit the number of connections to a host
LogInit:  - LocalHostAddr = Default
LogInit:  - BufferSize = 65536
LogOnline: OSS: Creating online subsystem instance for: NULL
LogInit: WinSock: version 1.1 (2.2), MaxSocks=32767, MaxUdp=65467
LogOnline: OSS: TryLoadSubsystemAndSetDefault: Loaded subsystem for module [NULL]
LogOculusPluginWrapper: OculusPlugin initialized successfully
LogHMD: Failed initializing OVRPlugin 1.59.0
LogInit: Build: ++UE4+Release-4.27-CL-18319896
LogInit: Engine Version: 4.27.2-18319896+++UE4+Release-4.27
LogInit: Compatible Engine Version: 4.27.0-17155196+++UE4+Release-4.27
LogInit: Net CL: 17155196
LogInit: OS: Windows 10 (Release 2009) (), CPU: 12th Gen Intel(R) Core(TM) i9-12900H, GPU: Intel(R) Iris(R) Xe Graphics
LogInit: Compiled (64-bit): Nov 30 2021 07:12:08
LogInit: Compiled with Visual C++: 19.24.28315.00
LogInit: Build Configuration: Development
LogInit: Branch Name: ++UE4+Release-4.27
LogInit: Command Line:  /Game/SideScrollerBP/Maps/SideScrollerExampleMap -game -PIEVIACONSOLE -Multiprocess GameUserSettingsINI=C:/Users/gizem/Downloads/SideScroller_V422/SideScroller_V422/SideScroller_V422/Saved/Config/Windows/PIEGameUserSettings0.ini -MultiprocessSaveConfig -forcepassthrough -messaging -SessionName="Play in Standalone Game" -windowed -WinX=315 -WinY=179 SAVEWINPOS=1 -ResX=1280 -ResY=720
LogInit: Base Directory: C:/Program Files/Epic Games/UE_4.27/Engine/Binaries/Win64/
LogInit: Allocator: TBB
LogInit: Installed Engine Build: 1
LogDevObjectVersion: Number of dev versions registered: 29
LogDevObjectVersion:   Dev-Blueprints (B0D832E4-1F89-4F0D-ACCF-7EB736FD4AA2): 10
LogDevObjectVersion:   Dev-Build (E1C64328-A22C-4D53-A36C-8E866417BD8C): 0
LogDevObjectVersion:   Dev-Core (375EC13C-06E4-48FB-B500-84F0262A717E): 4
LogDevObjectVersion:   Dev-Editor (E4B068ED-F494-42E9-A231-DA0B2E46BB41): 40
LogDevObjectVersion:   Dev-Framework (CFFC743F-43B0-4480-9391-14DF171D2073): 37
LogDevObjectVersion:   Dev-Mobile (B02B49B5-BB20-44E9-A304-32B752E40360): 3
LogDevObjectVersion:   Dev-Networking (A4E4105C-59A1-49B5-A7C5-40C4547EDFEE): 0
LogDevObjectVersion:   Dev-Online (39C831C9-5AE6-47DC-9A44-9C173E1C8E7C): 0
LogDevObjectVersion:   Dev-Physics (78F01B33-EBEA-4F98-B9B4-84EACCB95AA2): 14
LogDevObjectVersion:   Dev-Platform (6631380F-2D4D-43E0-8009-CF276956A95A): 0
LogDevObjectVersion:   Dev-Rendering (12F88B9F-8875-4AFC-A67C-D90C383ABD29): 45
LogDevObjectVersion:   Dev-Sequencer (7B5AE74C-D270-4C10-A958-57980B212A5A): 13
LogDevObjectVersion:   Dev-VR (D7296918-1DD6-4BDD-9DE2-64A83CC13884): 3
LogDevObjectVersion:   Dev-LoadTimes (C2A15278-BFE7-4AFE-6C17-90FF531DF755): 1
LogDevObjectVersion:   Private-Geometry (6EACA3D4-40EC-4CC1-B786-8BED09428FC5): 3
LogDevObjectVersion:   Dev-AnimPhys (29E575DD-E0A3-4627-9D10-D276232CDCEA): 17
LogDevObjectVersion:   Dev-Anim (AF43A65D-7FD3-4947-9873-3E8ED9C1BB05): 15
LogDevObjectVersion:   Dev-ReflectionCapture (6B266CEC-1EC7-4B8F-A30B-E4D90942FC07): 1
LogDevObjectVersion:   Dev-Automation (0DF73D61-A23F-47EA-B727-89E90C41499A): 1
LogDevObjectVersion:   FortniteMain (601D1886-AC64-4F84-AA16-D3DE0DEAC7D6): 47
LogDevObjectVersion:   FortniteRelease (E7086368-6B23-4C58-8439-1B7016265E91): 1
LogDevObjectVersion:   Dev-Enterprise (9DFFBCD6-494F-0158-E221-12823C92A888): 10
LogDevObjectVersion:   Dev-Niagara (F2AED0AC-9AFE-416F-8664-AA7FFA26D6FC): 1
LogDevObjectVersion:   Dev-Destruction (174F1F0B-B4C6-45A5-B13F-2EE8D0FB917D): 10
LogDevObjectVersion:   Dev-Physics-Ext (35F94A83-E258-406C-A318-09F59610247C): 41
LogDevObjectVersion:   Dev-PhysicsMaterial-Chaos (B68FC16E-8B1B-42E2-B453-215C058844FE): 1
LogDevObjectVersion:   Dev-CineCamera (B2E18506-4273-CFC2-A54E-F4BB758BBA07): 1
LogDevObjectVersion:   Dev-VirtualProduction (64F58936-FD1B-42BA-BA96-7289D5D0FA4E): 1
LogDevObjectVersion:   Dev-MediaFramework (6F0ED827-A609-4895-9C91-998D90180EA4): 2
LogInit: Presizing for max 25165824 objects, including 0 objects not considered by GC, pre-allocating 0 bytes for permanent pool.
LogConfig: Applying CVar settings from Section [/Script/Engine.StreamingSettings] File [C:/Users/gizem/Downloads/SideScroller_V422/SideScroller_V422/SideScroller_V422/Saved/Config/Windows/Engine.ini]
LogConfig: Setting CVar [[s.MinBulkDataSizeForAsyncLoading:131072]]
LogConfig: Setting CVar [[s.AsyncLoadingThreadEnabled:0]]
LogConfig: Setting CVar [[s.EventDrivenLoaderEnabled:1]]
LogConfig: Setting CVar [[s.WarnIfTimeLimitExceeded:0]]
LogConfig: Setting CVar [[s.TimeLimitExceededMultiplier:1.5]]
LogConfig: Setting CVar [[s.TimeLimitExceededMinTime:0.005]]
LogConfig: Setting CVar [[s.UseBackgroundLevelStreaming:1]]
LogConfig: Setting CVar [[s.PriorityAsyncLoadingExtraTime:15.0]]
LogConfig: Setting CVar [[s.LevelStreamingActorsUpdateTimeLimit:5.0]]
LogConfig: Setting CVar [[s.PriorityLevelStreamingActorsUpdateExtraTime:5.0]]
LogConfig: Setting CVar [[s.LevelStreamingComponentsRegistrationGranularity:10]]
LogConfig: Setting CVar [[s.UnregisterComponentsTimeLimit:1.0]]
LogConfig: Setting CVar [[s.LevelStreamingComponentsUnregistrationGranularity:5]]
LogConfig: Setting CVar [[s.FlushStreamingOnExit:1]]
LogInit: Object subsystem initialized
LogConfig: Setting CVar [[con.DebugEarlyDefault:1]]
LogConfig: Setting CVar [[r.setres:1280x720]]
[2022.11.25-18.45.53:936][  0]LogConfig: Setting CVar [[con.DebugEarlyDefault:1]]
[2022.11.25-18.45.53:936][  0]LogConfig: Setting CVar [[r.setres:1280x720]]
[2022.11.25-18.45.53:937][  0]LogConfig: Applying CVar settings from Section [/Script/Engine.RendererSettings] File [C:/Users/gizem/Downloads/SideScroller_V422/SideScroller_V422/SideScroller_V422/Saved/Config/Windows/Engine.ini]
[2022.11.25-18.45.53:937][  0]LogConfig: Setting CVar [[r.GPUCrashDebugging:0]]
[2022.11.25-18.45.53:937][  0]LogConfig: Applying CVar settings from Section [/Script/Engine.RendererOverrideSettings] File [C:/Users/gizem/Downloads/SideScroller_V422/SideScroller_V422/SideScroller_V422/Saved/Config/Windows/Engine.ini]
[2022.11.25-18.45.53:937][  0]LogConfig: Applying CVar settings from Section [/Script/Engine.StreamingSettings] File [C:/Users/gizem/Downloads/SideScroller_V422/SideScroller_V422/SideScroller_V422/Saved/Config/Windows/Engine.ini]
[2022.11.25-18.45.53:937][  0]LogConfig: Setting CVar [[s.MinBulkDataSizeForAsyncLoading:131072]]
[2022.11.25-18.45.53:937][  0]LogConfig: Setting CVar [[s.AsyncLoadingThreadEnabled:0]]
[2022.11.25-18.45.53:937][  0]LogConfig: Setting CVar [[s.EventDrivenLoaderEnabled:1]]
[2022.11.25-18.45.53:937][  0]LogConfig: Setting CVar [[s.WarnIfTimeLimitExceeded:0]]
[2022.11.25-18.45.53:937][  0]LogConfig: Setting CVar [[s.TimeLimitExceededMultiplier:1.5]]
[2022.11.25-18.45.53:937][  0]LogConfig: Setting CVar [[s.TimeLimitExceededMinTime:0.005]]
[2022.11.25-18.45.53:937][  0]LogConfig: Setting CVar [[s.UseBackgroundLevelStreaming:1]]
[2022.11.25-18.45.53:937][  0]LogConfig: Setting CVar [[s.PriorityAsyncLoadingExtraTime:15.0]]
[2022.11.25-18.45.53:937][  0]LogConfig: Setting CVar [[s.LevelStreamingActorsUpdateTimeLimit:5.0]]
[2022.11.25-18.45.53:937][  0]LogConfig: Setting CVar [[s.PriorityLevelStreamingActorsUpdateExtraTime:5.0]]
[2022.11.25-18.45.53:937][  0]LogConfig: Setting CVar [[s.LevelStreamingComponentsRegistrationGranularity:10]]
[2022.11.25-18.45.53:937][  0]LogConfig: Setting CVar [[s.UnregisterComponentsTimeLimit:1.0]]
[2022.11.25-18.45.53:937][  0]LogConfig: Setting CVar [[s.LevelStreamingComponentsUnregistrationGranularity:5]]
[2022.11.25-18.45.53:937][  0]LogConfig: Setting CVar [[s.FlushStreamingOnExit:1]]
[2022.11.25-18.45.53:937][  0]LogConfig: Applying CVar settings from Section [/Script/Engine.GarbageCollectionSettings] File [C:/Users/gizem/Downloads/SideScroller_V422/SideScroller_V422/SideScroller_V422/Saved/Config/Windows/Engine.ini]
[2022.11.25-18.45.53:937][  0]LogConfig: Setting CVar [[gc.MaxObjectsNotConsideredByGC:1]]
[2022.11.25-18.45.53:937][  0]LogConfig: Setting CVar [[gc.SizeOfPermanentObjectPool:0]]
[2022.11.25-18.45.53:937][  0]LogConfig: Setting CVar [[gc.FlushStreamingOnGC:0]]
[2022.11.25-18.45.53:937][  0]LogConfig: Setting CVar [[gc.NumRetriesBeforeForcingGC:10]]
[2022.11.25-18.45.53:937][  0]LogConfig: Setting CVar [[gc.AllowParallelGC:1]]
[2022.11.25-18.45.53:937][  0]LogConfig: Setting CVar [[gc.TimeBetweenPurgingPendingKillObjects:61.1]]
[2022.11.25-18.45.53:937][  0]LogConfig: Setting CVar [[gc.MaxObjectsInEditor:25165824]]
[2022.11.25-18.45.53:937][  0]LogConfig: Setting CVar [[gc.IncrementalBeginDestroyEnabled:1]]
[2022.11.25-18.45.53:937][  0]LogConfig: Setting CVar [[gc.CreateGCClusters:1]]
[2022.11.25-18.45.53:937][  0]LogConfig: Setting CVar [[gc.MinGCClusterSize:5]]
[2022.11.25-18.45.53:937][  0]LogConfig: Setting CVar [[gc.ActorClusteringEnabled:0]]
[2022.11.25-18.45.53:937][  0]LogConfig: Setting CVar [[gc.BlueprintClusteringEnabled:0]]
[2022.11.25-18.45.53:937][  0]LogConfig: Setting CVar [[gc.UseDisregardForGCOnDedicatedServers:0]]
[2022.11.25-18.45.53:937][  0]LogConfig: Setting CVar [[gc.MultithreadedDestructionEnabled:1]]
[2022.11.25-18.45.53:937][  0]LogConfig: Applying CVar settings from Section [/Script/Engine.NetworkSettings] File [C:/Users/gizem/Downloads/SideScroller_V422/SideScroller_V422/SideScroller_V422/Saved/Config/Windows/Engine.ini]
[2022.11.25-18.45.53:937][  0]LogConfig: Applying CVar settings from Section [/Script/UnrealEd.CookerSettings] File [C:/Users/gizem/Downloads/SideScroller_V422/SideScroller_V422/SideScroller_V422/Saved/Config/Windows/Engine.ini]
[2022.11.25-18.45.53:948][  0]LogConfig: Applying CVar settings from Section [ViewDistanceQuality@3] File [C:/Users/gizem/Downloads/SideScroller_V422/SideScroller_V422/SideScroller_V422/Saved/Config/Windows/Scalability.ini]
[2022.11.25-18.45.53:948][  0]LogConfig: Setting CVar [[r.SkeletalMeshLODBias:0]]
[2022.11.25-18.45.53:948][  0]LogConfig: Setting CVar [[r.ViewDistanceScale:1.0]]
[2022.11.25-18.45.53:948][  0]LogConfig: Applying CVar settings from Section [AntiAliasingQuality@3] File [C:/Users/gizem/Downloads/SideScroller_V422/SideScroller_V422/SideScroller_V422/Saved/Config/Windows/Scalability.ini]
[2022.11.25-18.45.53:948][  0]LogConfig: Setting CVar [[r.PostProcessAAQuality:4]]
[2022.11.25-18.45.53:948][  0]LogConfig: Applying CVar settings from Section [ShadowQuality@3] File [C:/Users/gizem/Downloads/SideScroller_V422/SideScroller_V422/SideScroller_V422/Saved/Config/Windows/Scalability.ini]
[2022.11.25-18.45.53:948][  0]LogConfig: Setting CVar [[r.LightFunctionQuality:1]]
[2022.11.25-18.45.53:948][  0]LogConfig: Setting CVar [[r.ShadowQuality:5]]
[2022.11.25-18.45.53:948][  0]LogConfig: Setting CVar [[r.Shadow.CSM.MaxCascades:10]]
[2022.11.25-18.45.53:948][  0]LogConfig: Setting CVar [[r.Shadow.MaxResolution:2048]]
[2022.11.25-18.45.53:948][  0]LogConfig: Setting CVar [[r.Shadow.MaxCSMResolution:2048]]
[2022.11.25-18.45.53:948][  0]LogConfig: Setting CVar [[r.Shadow.RadiusThreshold:0.01]]
[2022.11.25-18.45.53:948][  0]LogConfig: Setting CVar [[r.Shadow.DistanceScale:1.0]]
[2022.11.25-18.45.53:948][  0]LogConfig: Setting CVar [[r.Shadow.CSM.TransitionScale:1.0]]
[2022.11.25-18.45.53:948][  0]LogConfig: Setting CVar [[r.Shadow.PreShadowResolutionFactor:1.0]]
[2022.11.25-18.45.53:948][  0]LogConfig: Setting CVar [[r.DistanceFieldShadowing:1]]
[2022.11.25-18.45.53:948][  0]LogConfig: Setting CVar [[r.DistanceFieldAO:1]]
[2022.11.25-18.45.53:948][  0]LogConfig: Setting CVar [[r.AOQuality:2]]
[2022.11.25-18.45.53:948][  0]LogConfig: Setting CVar [[r.VolumetricFog:1]]
[2022.11.25-18.45.53:948][  0]LogConfig: Setting CVar [[r.VolumetricFog.GridPixelSize:8]]
[2022.11.25-18.45.53:948][  0]LogConfig: Setting CVar [[r.VolumetricFog.GridSizeZ:128]]
[2022.11.25-18.45.53:948][  0]LogConfig: Setting CVar [[r.VolumetricFog.HistoryMissSupersampleCount:4]]
[2022.11.25-18.45.53:948][  0]LogConfig: Setting CVar [[r.LightMaxDrawDistanceScale:1]]
[2022.11.25-18.45.53:948][  0]LogConfig: Setting CVar [[r.CapsuleShadows:1]]
[2022.11.25-18.45.53:948][  0]LogConfig: Applying CVar settings from Section [PostProcessQuality@3] File [C:/Users/gizem/Downloads/SideScroller_V422/SideScroller_V422/SideScroller_V422/Saved/Config/Windows/Scalability.ini]
[2022.11.25-18.45.53:948][  0]LogConfig: Setting CVar [[r.MotionBlurQuality:4]]
[2022.11.25-18.45.53:948][  0]LogConfig: Setting CVar [[r.AmbientOcclusionMipLevelFactor:0.4]]
[2022.11.25-18.45.53:948][  0]LogConfig: Setting CVar [[r.AmbientOcclusionMaxQuality:100]]
[2022.11.25-18.45.53:948][  0]LogConfig: Setting CVar [[r.AmbientOcclusionLevels:-1]]
[2022.11.25-18.45.53:948][  0]LogConfig: Setting CVar [[r.AmbientOcclusionRadiusScale:1.0]]
[2022.11.25-18.45.53:948][  0]LogConfig: Setting CVar [[r.DepthOfFieldQuality:2]]
[2022.11.25-18.45.53:948][  0]LogConfig: Setting CVar [[r.RenderTargetPoolMin:400]]
[2022.11.25-18.45.53:948][  0]LogConfig: Setting CVar [[r.LensFlareQuality:2]]
[2022.11.25-18.45.53:949][  0]LogConfig: Setting CVar [[r.SceneColorFringeQuality:1]]
[2022.11.25-18.45.53:949][  0]LogConfig: Setting CVar [[r.EyeAdaptationQuality:2]]
[2022.11.25-18.45.53:949][  0]LogConfig: Setting CVar [[r.BloomQuality:5]]
[2022.11.25-18.45.53:949][  0]LogConfig: Setting CVar [[r.FastBlurThreshold:100]]
[2022.11.25-18.45.53:949][  0]LogConfig: Setting CVar [[r.Upscale.Quality:3]]
[2022.11.25-18.45.53:949][  0]LogConfig: Setting CVar [[r.Tonemapper.GrainQuantization:1]]
[2022.11.25-18.45.53:949][  0]LogConfig: Setting CVar [[r.LightShaftQuality:1]]
[2022.11.25-18.45.53:949][  0]LogConfig: Setting CVar [[r.Filter.SizeScale:1]]
[2022.11.25-18.45.53:949][  0]LogConfig: Setting CVar [[r.Tonemapper.Quality:5]]
[2022.11.25-18.45.53:949][  0]LogConfig: Setting CVar [[r.DOF.Gather.AccumulatorQuality:1        ; higher gathering accumulator quality]]
[2022.11.25-18.45.53:949][  0]LogConfig: Setting CVar [[r.DOF.Gather.PostfilterMethod:1          ; Median3x3 postfilering method]]
[2022.11.25-18.45.53:949][  0]LogConfig: Setting CVar [[r.DOF.Gather.EnableBokehSettings:0       ; no bokeh simulation when gathering]]
[2022.11.25-18.45.53:949][  0]LogConfig: Setting CVar [[r.DOF.Gather.RingCount:4                 ; medium number of samples when gathering]]
[2022.11.25-18.45.53:949][  0]LogConfig: Setting CVar [[r.DOF.Scatter.ForegroundCompositing:1    ; additive foreground scattering]]
[2022.11.25-18.45.53:949][  0]LogConfig: Setting CVar [[r.DOF.Scatter.BackgroundCompositing:2    ; additive background scattering]]
[2022.11.25-18.45.53:949][  0]LogConfig: Setting CVar [[r.DOF.Scatter.EnableBokehSettings:1      ; bokeh simulation when scattering]]
[2022.11.25-18.45.53:949][  0]LogConfig: Setting CVar [[r.DOF.Scatter.MaxSpriteRatio:0.1         ; only a maximum of 10% of scattered bokeh]]
[2022.11.25-18.45.53:949][  0]LogConfig: Setting CVar [[r.DOF.Recombine.Quality:1                ; cheap slight out of focus]]
[2022.11.25-18.45.53:949][  0]LogConfig: Setting CVar [[r.DOF.Recombine.EnableBokehSettings:0    ; no bokeh simulation on slight out of focus]]
[2022.11.25-18.45.53:949][  0]LogConfig: Setting CVar [[r.DOF.TemporalAAQuality:1                ; more stable temporal accumulation]]
[2022.11.25-18.45.53:949][  0]LogConfig: Setting CVar [[r.DOF.Kernel.MaxForegroundRadius:0.025]]
[2022.11.25-18.45.53:949][  0]LogConfig: Setting CVar [[r.DOF.Kernel.MaxBackgroundRadius:0.025]]
[2022.11.25-18.45.53:949][  0]LogConfig: Applying CVar settings from Section [TextureQuality@3] File [C:/Users/gizem/Downloads/SideScroller_V422/SideScroller_V422/SideScroller_V422/Saved/Config/Windows/Scalability.ini]
[2022.11.25-18.45.53:949][  0]LogConfig: Setting CVar [[r.Streaming.MipBias:0]]
[2022.11.25-18.45.53:949][  0]LogConfig: Setting CVar [[r.Streaming.AmortizeCPUToGPUCopy:0]]
[2022.11.25-18.45.53:949][  0]LogConfig: Setting CVar [[r.Streaming.MaxNumTexturesToStreamPerFrame:0]]
[2022.11.25-18.45.53:949][  0]LogConfig: Setting CVar [[r.Streaming.Boost:1]]
[2022.11.25-18.45.53:949][  0]LogConfig: Setting CVar [[r.MaxAnisotropy:8]]
[2022.11.25-18.45.53:949][  0]LogConfig: Setting CVar [[r.VT.MaxAnisotropy:8]]
[2022.11.25-18.45.53:949][  0]LogConfig: Setting CVar [[r.Streaming.LimitPoolSizeToVRAM:0]]
[2022.11.25-18.45.53:949][  0]LogConfig: Setting CVar [[r.Streaming.PoolSize:1000]]
[2022.11.25-18.45.53:949][  0]LogConfig: Setting CVar [[r.Streaming.MaxEffectiveScreenSize:0]]
[2022.11.25-18.45.53:949][  0]LogConfig: Applying CVar settings from Section [EffectsQuality@3] File [C:/Users/gizem/Downloads/SideScroller_V422/SideScroller_V422/SideScroller_V422/Saved/Config/Windows/Scalability.ini]
[2022.11.25-18.45.53:949][  0]LogConfig: Setting CVar [[r.TranslucencyLightingVolumeDim:64]]
[2022.11.25-18.45.53:949][  0]LogConfig: Setting CVar [[r.RefractionQuality:2]]
[2022.11.25-18.45.53:949][  0]LogConfig: Setting CVar [[r.SSR.Quality:3]]
[2022.11.25-18.45.53:949][  0]LogConfig: Setting CVar [[r.SSR.HalfResSceneColor:0]]
[2022.11.25-18.45.53:949][  0]LogConfig: Setting CVar [[r.SceneColorFormat:4]]
[2022.11.25-18.45.53:949][  0]LogConfig: Setting CVar [[r.DetailMode:2]]
[2022.11.25-18.45.53:949][  0]LogConfig: Setting CVar [[r.TranslucencyVolumeBlur:1]]
[2022.11.25-18.45.53:949][  0]LogConfig: Setting CVar [[r.MaterialQualityLevel:1 ; High quality]]
[2022.11.25-18.45.53:949][  0]LogConfig: Setting CVar [[r.AnisotropicMaterials:1]]
[2022.11.25-18.45.53:949][  0]LogConfig: Setting CVar [[r.SSS.Scale:1]]
[2022.11.25-18.45.53:949][  0]LogConfig: Setting CVar [[r.SSS.SampleSet:2]]
[2022.11.25-18.45.53:949][  0]LogConfig: Setting CVar [[r.SSS.Quality:1]]
[2022.11.25-18.45.53:949][  0]LogConfig: Setting CVar [[r.SSS.HalfRes:0]]
[2022.11.25-18.45.53:949][  0]LogConfig: Setting CVar [[r.SSGI.Quality:3]]
[2022.11.25-18.45.53:949][  0]LogConfig: Setting CVar [[r.EmitterSpawnRateScale:1.0]]
[2022.11.25-18.45.53:949][  0]LogConfig: Setting CVar [[r.ParticleLightQuality:2]]
[2022.11.25-18.45.53:949][  0]LogConfig: Setting CVar [[r.SkyAtmosphere.AerialPerspectiveLUT.FastApplyOnOpaque:1 ; Always have FastSkyLUT 1 in this case to avoid wrong sky]]
[2022.11.25-18.45.53:949][  0]LogConfig: Setting CVar [[r.SkyAtmosphere.AerialPerspectiveLUT.SampleCountMaxPerSlice:4]]
[2022.11.25-18.45.53:949][  0]LogConfig: Setting CVar [[r.SkyAtmosphere.AerialPerspectiveLUT.DepthResolution:16.0]]
[2022.11.25-18.45.53:949][  0]LogConfig: Setting CVar [[r.SkyAtmosphere.FastSkyLUT:1]]
[2022.11.25-18.45.53:949][  0]LogConfig: Setting CVar [[r.SkyAtmosphere.FastSkyLUT.SampleCountMin:4.0]]
[2022.11.25-18.45.53:949][  0]LogConfig: Setting CVar [[r.SkyAtmosphere.FastSkyLUT.SampleCountMax:128.0]]
[2022.11.25-18.45.53:949][  0]LogConfig: Setting CVar [[r.SkyAtmosphere.SampleCountMin:4.0]]
[2022.11.25-18.45.53:949][  0]LogConfig: Setting CVar [[r.SkyAtmosphere.SampleCountMax:128.0]]
[2022.11.25-18.45.53:949][  0]LogConfig: Setting CVar [[r.SkyAtmosphere.TransmittanceLUT.UseSmallFormat:0]]
[2022.11.25-18.45.53:949][  0]LogConfig: Setting CVar [[r.SkyAtmosphere.TransmittanceLUT.SampleCount:10.0]]
[2022.11.25-18.45.53:949][  0]LogConfig: Setting CVar [[r.SkyAtmosphere.MultiScatteringLUT.SampleCount:15.0]]
[2022.11.25-18.45.53:949][  0]LogConfig: Setting CVar [[r.SkyLight.RealTimeReflectionCapture:1]]
[2022.11.25-18.45.53:949][  0]LogConfig: Applying CVar settings from Section [FoliageQuality@3] File [C:/Users/gizem/Downloads/SideScroller_V422/SideScroller_V422/SideScroller_V422/Saved/Config/Windows/Scalability.ini]
[2022.11.25-18.45.53:949][  0]LogConfig: Setting CVar [[foliage.DensityScale:1.0]]
[2022.11.25-18.45.53:949][  0]LogConfig: Setting CVar [[grass.DensityScale:1.0]]
[2022.11.25-18.45.53:949][  0]LogConfig: Applying CVar settings from Section [ShadingQuality@3] File [C:/Users/gizem/Downloads/SideScroller_V422/SideScroller_V422/SideScroller_V422/Saved/Config/Windows/Scalability.ini]
[2022.11.25-18.45.53:949][  0]LogConfig: Setting CVar [[r.HairStrands.SkyLighting.IntegrationType:2]]
[2022.11.25-18.45.53:949][  0]LogConfig: Setting CVar [[r.HairStrands.SkyAO.SampleCount:4]]
[2022.11.25-18.45.53:949][  0]LogConfig: Setting CVar [[r.HairStrands.Visibility.MSAA.SamplePerPixel:4]]
[2022.11.25-18.45.53:949][  0]LogInit: Selected Device Profile: [Windows]
[2022.11.25-18.45.53:949][  0]LogInit: Applying CVar settings loaded from the selected device profile: [Windows]
[2022.11.25-18.45.53:949][  0]LogHAL: Display: Platform has ~ 32 GB [34050162688 / 34359738368 / 32], which maps to Largest [LargestMinGB=32, LargerMinGB=12, DefaultMinGB=8, SmallerMinGB=6, SmallestMinGB=0)
[2022.11.25-18.45.53:949][  0]LogInit: Going up to parent DeviceProfile []
[2022.11.25-18.45.53:949][  0]LogConfig: Applying CVar settings from Section [ViewDistanceQuality@3] File [C:/Users/gizem/Downloads/SideScroller_V422/SideScroller_V422/SideScroller_V422/Saved/Config/Windows/Scalability.ini]
[2022.11.25-18.45.53:949][  0]LogConfig: Setting CVar [[r.SkeletalMeshLODBias:0]]
[2022.11.25-18.45.53:949][  0]LogConfig: Setting CVar [[r.ViewDistanceScale:1.0]]
[2022.11.25-18.45.53:949][  0]LogConfig: Applying CVar settings from Section [AntiAliasingQuality@3] File [C:/Users/gizem/Downloads/SideScroller_V422/SideScroller_V422/SideScroller_V422/Saved/Config/Windows/Scalability.ini]
[2022.11.25-18.45.53:949][  0]LogConfig: Setting CVar [[r.PostProcessAAQuality:4]]
[2022.11.25-18.45.53:949][  0]LogConfig: Applying CVar settings from Section [ShadowQuality@3] File [C:/Users/gizem/Downloads/SideScroller_V422/SideScroller_V422/SideScroller_V422/Saved/Config/Windows/Scalability.ini]
[2022.11.25-18.45.53:949][  0]LogConfig: Setting CVar [[r.LightFunctionQuality:1]]
[2022.11.25-18.45.53:949][  0]LogConfig: Setting CVar [[r.ShadowQuality:5]]
[2022.11.25-18.45.53:949][  0]LogConfig: Setting CVar [[r.Shadow.CSM.MaxCascades:10]]
[2022.11.25-18.45.53:949][  0]LogConfig: Setting CVar [[r.Shadow.MaxResolution:2048]]
[2022.11.25-18.45.53:949][  0]LogConfig: Setting CVar [[r.Shadow.MaxCSMResolution:2048]]
[2022.11.25-18.45.53:949][  0]LogConfig: Setting CVar [[r.Shadow.RadiusThreshold:0.01]]
[2022.11.25-18.45.53:949][  0]LogConfig: Setting CVar [[r.Shadow.DistanceScale:1.0]]
[2022.11.25-18.45.53:949][  0]LogConfig: Setting CVar [[r.Shadow.CSM.TransitionScale:1.0]]
[2022.11.25-18.45.53:949][  0]LogConfig: Setting CVar [[r.Shadow.PreShadowResolutionFactor:1.0]]
[2022.11.25-18.45.53:949][  0]LogConfig: Setting CVar [[r.DistanceFieldShadowing:1]]
[2022.11.25-18.45.53:949][  0]LogConfig: Setting CVar [[r.DistanceFieldAO:1]]
[2022.11.25-18.45.53:949][  0]LogConfig: Setting CVar [[r.AOQuality:2]]
[2022.11.25-18.45.53:949][  0]LogConfig: Setting CVar [[r.VolumetricFog:1]]
[2022.11.25-18.45.53:949][  0]LogConfig: Setting CVar [[r.VolumetricFog.GridPixelSize:8]]
[2022.11.25-18.45.53:949][  0]LogConfig: Setting CVar [[r.VolumetricFog.GridSizeZ:128]]
[2022.11.25-18.45.53:949][  0]LogConfig: Setting CVar [[r.VolumetricFog.HistoryMissSupersampleCount:4]]
[2022.11.25-18.45.53:949][  0]LogConfig: Setting CVar [[r.LightMaxDrawDistanceScale:1]]
[2022.11.25-18.45.53:949][  0]LogConfig: Setting CVar [[r.CapsuleShadows:1]]
[2022.11.25-18.45.53:949][  0]LogConfig: Applying CVar settings from Section [PostProcessQuality@3] File [C:/Users/gizem/Downloads/SideScroller_V422/SideScroller_V422/SideScroller_V422/Saved/Config/Windows/Scalability.ini]
[2022.11.25-18.45.53:949][  0]LogConfig: Setting CVar [[r.MotionBlurQuality:4]]
[2022.11.25-18.45.53:949][  0]LogConfig: Setting CVar [[r.AmbientOcclusionMipLevelFactor:0.4]]
[2022.11.25-18.45.53:949][  0]LogConfig: Setting CVar [[r.AmbientOcclusionMaxQuality:100]]
[2022.11.25-18.45.53:949][  0]LogConfig: Setting CVar [[r.AmbientOcclusionLevels:-1]]
[2022.11.25-18.45.53:949][  0]LogConfig: Setting CVar [[r.AmbientOcclusionRadiusScale:1.0]]
[2022.11.25-18.45.53:949][  0]LogConfig: Setting CVar [[r.DepthOfFieldQuality:2]]
[2022.11.25-18.45.53:949][  0]LogConfig: Setting CVar [[r.RenderTargetPoolMin:400]]
[2022.11.25-18.45.53:949][  0]LogConfig: Setting CVar [[r.LensFlareQuality:2]]
[2022.11.25-18.45.53:949][  0]LogConfig: Setting CVar [[r.SceneColorFringeQuality:1]]
[2022.11.25-18.45.53:949][  0]LogConfig: Setting CVar [[r.EyeAdaptationQuality:2]]
[2022.11.25-18.45.53:949][  0]LogConfig: Setting CVar [[r.BloomQuality:5]]
[2022.11.25-18.45.53:949][  0]LogConfig: Setting CVar [[r.FastBlurThreshold:100]]
[2022.11.25-18.45.53:949][  0]LogConfig: Setting CVar [[r.Upscale.Quality:3]]
[2022.11.25-18.45.53:950][  0]LogConfig: Setting CVar [[r.Tonemapper.GrainQuantization:1]]
[2022.11.25-18.45.53:950][  0]LogConfig: Setting CVar [[r.LightShaftQuality:1]]
[2022.11.25-18.45.53:950][  0]LogConfig: Setting CVar [[r.Filter.SizeScale:1]]
[2022.11.25-18.45.53:950][  0]LogConfig: Setting CVar [[r.Tonemapper.Quality:5]]
[2022.11.25-18.45.53:950][  0]LogConfig: Setting CVar [[r.DOF.Gather.AccumulatorQuality:1        ; higher gathering accumulator quality]]
[2022.11.25-18.45.53:950][  0]LogConfig: Setting CVar [[r.DOF.Gather.PostfilterMethod:1          ; Median3x3 postfilering method]]
[2022.11.25-18.45.53:950][  0]LogConfig: Setting CVar [[r.DOF.Gather.EnableBokehSettings:0       ; no bokeh simulation when gathering]]
[2022.11.25-18.45.53:950][  0]LogConfig: Setting CVar [[r.DOF.Gather.RingCount:4                 ; medium number of samples when gathering]]
[2022.11.25-18.45.53:950][  0]LogConfig: Setting CVar [[r.DOF.Scatter.ForegroundCompositing:1    ; additive foreground scattering]]
[2022.11.25-18.45.53:950][  0]LogConfig: Setting CVar [[r.DOF.Scatter.BackgroundCompositing:2    ; additive background scattering]]
[2022.11.25-18.45.53:950][  0]LogConfig: Setting CVar [[r.DOF.Scatter.EnableBokehSettings:1      ; bokeh simulation when scattering]]
[2022.11.25-18.45.53:950][  0]LogConfig: Setting CVar [[r.DOF.Scatter.MaxSpriteRatio:0.1         ; only a maximum of 10% of scattered bokeh]]
[2022.11.25-18.45.53:950][  0]LogConfig: Setting CVar [[r.DOF.Recombine.Quality:1                ; cheap slight out of focus]]
[2022.11.25-18.45.53:950][  0]LogConfig: Setting CVar [[r.DOF.Recombine.EnableBokehSettings:0    ; no bokeh simulation on slight out of focus]]
[2022.11.25-18.45.53:950][  0]LogConfig: Setting CVar [[r.DOF.TemporalAAQuality:1                ; more stable temporal accumulation]]
[2022.11.25-18.45.53:950][  0]LogConfig: Setting CVar [[r.DOF.Kernel.MaxForegroundRadius:0.025]]
[2022.11.25-18.45.53:950][  0]LogConfig: Setting CVar [[r.DOF.Kernel.MaxBackgroundRadius:0.025]]
[2022.11.25-18.45.53:950][  0]LogConfig: Applying CVar settings from Section [TextureQuality@3] File [C:/Users/gizem/Downloads/SideScroller_V422/SideScroller_V422/SideScroller_V422/Saved/Config/Windows/Scalability.ini]
[2022.11.25-18.45.53:950][  0]LogConfig: Setting CVar [[r.Streaming.MipBias:0]]
[2022.11.25-18.45.53:950][  0]LogConfig: Setting CVar [[r.Streaming.AmortizeCPUToGPUCopy:0]]
[2022.11.25-18.45.53:950][  0]LogConfig: Setting CVar [[r.Streaming.MaxNumTexturesToStreamPerFrame:0]]
[2022.11.25-18.45.53:950][  0]LogConfig: Setting CVar [[r.Streaming.Boost:1]]
[2022.11.25-18.45.53:950][  0]LogConfig: Setting CVar [[r.MaxAnisotropy:8]]
[2022.11.25-18.45.53:950][  0]LogConfig: Setting CVar [[r.VT.MaxAnisotropy:8]]
[2022.11.25-18.45.53:950][  0]LogConfig: Setting CVar [[r.Streaming.LimitPoolSizeToVRAM:0]]
[2022.11.25-18.45.53:950][  0]LogConfig: Setting CVar [[r.Streaming.PoolSize:1000]]
[2022.11.25-18.45.53:950][  0]LogConfig: Setting CVar [[r.Streaming.MaxEffectiveScreenSize:0]]
[2022.11.25-18.45.53:950][  0]LogConfig: Applying CVar settings from Section [EffectsQuality@3] File [C:/Users/gizem/Downloads/SideScroller_V422/SideScroller_V422/SideScroller_V422/Saved/Config/Windows/Scalability.ini]
[2022.11.25-18.45.53:950][  0]LogConfig: Setting CVar [[r.TranslucencyLightingVolumeDim:64]]
[2022.11.25-18.45.53:950][  0]LogConfig: Setting CVar [[r.RefractionQuality:2]]
[2022.11.25-18.45.53:950][  0]LogConfig: Setting CVar [[r.SSR.Quality:3]]
[2022.11.25-18.45.53:950][  0]LogConfig: Setting CVar [[r.SSR.HalfResSceneColor:0]]
[2022.11.25-18.45.53:950][  0]LogConfig: Setting CVar [[r.SceneColorFormat:4]]
[2022.11.25-18.45.53:950][  0]LogConfig: Setting CVar [[r.DetailMode:2]]
[2022.11.25-18.45.53:950][  0]LogConfig: Setting CVar [[r.TranslucencyVolumeBlur:1]]
[2022.11.25-18.45.53:950][  0]LogConfig: Setting CVar [[r.MaterialQualityLevel:1 ; High quality]]
[2022.11.25-18.45.53:950][  0]LogConfig: Setting CVar [[r.AnisotropicMaterials:1]]
[2022.11.25-18.45.53:950][  0]LogConfig: Setting CVar [[r.SSS.Scale:1]]
[2022.11.25-18.45.53:950][  0]LogConfig: Setting CVar [[r.SSS.SampleSet:2]]
[2022.11.25-18.45.53:950][  0]LogConfig: Setting CVar [[r.SSS.Quality:1]]
[2022.11.25-18.45.53:950][  0]LogConfig: Setting CVar [[r.SSS.HalfRes:0]]
[2022.11.25-18.45.53:950][  0]LogConfig: Setting CVar [[r.SSGI.Quality:3]]
[2022.11.25-18.45.53:950][  0]LogConfig: Setting CVar [[r.EmitterSpawnRateScale:1.0]]
[2022.11.25-18.45.53:950][  0]LogConfig: Setting CVar [[r.ParticleLightQuality:2]]
[2022.11.25-18.45.53:950][  0]LogConfig: Setting CVar [[r.SkyAtmosphere.AerialPerspectiveLUT.FastApplyOnOpaque:1 ; Always have FastSkyLUT 1 in this case to avoid wrong sky]]
[2022.11.25-18.45.53:950][  0]LogConfig: Setting CVar [[r.SkyAtmosphere.AerialPerspectiveLUT.SampleCountMaxPerSlice:4]]
[2022.11.25-18.45.53:950][  0]LogConfig: Setting CVar [[r.SkyAtmosphere.AerialPerspectiveLUT.DepthResolution:16.0]]
[2022.11.25-18.45.53:950][  0]LogConfig: Setting CVar [[r.SkyAtmosphere.FastSkyLUT:1]]
[2022.11.25-18.45.53:950][  0]LogConfig: Setting CVar [[r.SkyAtmosphere.FastSkyLUT.SampleCountMin:4.0]]
[2022.11.25-18.45.53:950][  0]LogConfig: Setting CVar [[r.SkyAtmosphere.FastSkyLUT.SampleCountMax:128.0]]
[2022.11.25-18.45.53:950][  0]LogConfig: Setting CVar [[r.SkyAtmosphere.SampleCountMin:4.0]]
[2022.11.25-18.45.53:950][  0]LogConfig: Setting CVar [[r.SkyAtmosphere.SampleCountMax:128.0]]
[2022.11.25-18.45.53:950][  0]LogConfig: Setting CVar [[r.SkyAtmosphere.TransmittanceLUT.UseSmallFormat:0]]
[2022.11.25-18.45.53:950][  0]LogConfig: Setting CVar [[r.SkyAtmosphere.TransmittanceLUT.SampleCount:10.0]]
[2022.11.25-18.45.53:950][  0]LogConfig: Setting CVar [[r.SkyAtmosphere.MultiScatteringLUT.SampleCount:15.0]]
[2022.11.25-18.45.53:950][  0]LogConfig: Setting CVar [[r.SkyLight.RealTimeReflectionCapture:1]]
[2022.11.25-18.45.53:950][  0]LogConfig: Applying CVar settings from Section [FoliageQuality@3] File [C:/Users/gizem/Downloads/SideScroller_V422/SideScroller_V422/SideScroller_V422/Saved/Config/Windows/Scalability.ini]
[2022.11.25-18.45.53:950][  0]LogConfig: Setting CVar [[foliage.DensityScale:1.0]]
[2022.11.25-18.45.53:950][  0]LogConfig: Setting CVar [[grass.DensityScale:1.0]]
[2022.11.25-18.45.53:950][  0]LogConfig: Applying CVar settings from Section [ShadingQuality@3] File [C:/Users/gizem/Downloads/SideScroller_V422/SideScroller_V422/SideScroller_V422/Saved/Config/Windows/Scalability.ini]
[2022.11.25-18.45.53:950][  0]LogConfig: Setting CVar [[r.HairStrands.SkyLighting.IntegrationType:2]]
[2022.11.25-18.45.53:950][  0]LogConfig: Setting CVar [[r.HairStrands.SkyAO.SampleCount:4]]
[2022.11.25-18.45.53:950][  0]LogConfig: Setting CVar [[r.HairStrands.Visibility.MSAA.SamplePerPixel:4]]
[2022.11.25-18.45.53:950][  0]LogConfig: Applying CVar settings from Section [Startup] File [../../../Engine/Config/ConsoleVariables.ini]
[2022.11.25-18.45.53:950][  0]LogConfig: Setting CVar [[net.UseAdaptiveNetUpdateFrequency:0]]
[2022.11.25-18.45.53:950][  0]LogConfig: Setting CVar [[p.chaos.AllowCreatePhysxBodies:1]]
[2022.11.25-18.45.53:950][  0]LogConfig: Setting CVar [[fx.SkipVectorVMBackendOptimizations:1]]
[2022.11.25-18.45.53:950][  0]LogConfig: Applying CVar settings from Section [ConsoleVariables] File [C:/Users/gizem/Downloads/SideScroller_V422/SideScroller_V422/SideScroller_V422/Saved/Config/Windows/Engine.ini]
[2022.11.25-18.45.53:950][  0]LogConfig: Applying CVar settings from Section [ConsoleVariables] File [C:/Users/gizem/Downloads/SideScroller_V422/SideScroller_V422/SideScroller_V422/Saved/Config/Windows/Editor.ini]
[2022.11.25-18.45.53:950][  0]LogInit: Computer: MSI
[2022.11.25-18.45.53:950][  0]LogInit: User: gizem
[2022.11.25-18.45.53:950][  0]LogInit: CPU Page size=4096, Cores=14
[2022.11.25-18.45.53:950][  0]LogInit: High frequency timer resolution =10.000000 MHz
[2022.11.25-18.45.53:950][  0]LogMemory: Memory total: Physical=31.7GB (32GB approx)
[2022.11.25-18.45.53:950][  0]LogMemory: Platform Memory Stats for Windows
[2022.11.25-18.45.53:950][  0]LogMemory: Process Physical Memory: 151.19 MB used, 151.19 MB peak
[2022.11.25-18.45.53:950][  0]LogMemory: Process Virtual Memory: 126.87 MB used, 126.87 MB peak
[2022.11.25-18.45.53:950][  0]LogMemory: Physical Memory: 13539.21 MB used,  18933.55 MB free, 32472.77 MB total
[2022.11.25-18.45.53:950][  0]LogMemory: Virtual Memory: 134199480.00 MB used,  18248.95 MB free, 134217728.00 MB total
[2022.11.25-18.45.53:977][  0]LogWindows: WindowsPlatformFeatures enabled
[2022.11.25-18.45.54:005][  0]LogInit: Physics initialised using underlying interface: PhysX
[2022.11.25-18.45.54:005][  0]LogInit: Using OS detected language (en-US).
[2022.11.25-18.45.54:005][  0]LogInit: Using OS detected locale (en-CA).
[2022.11.25-18.45.54:007][  0]LogTextLocalizationManager: No specific localization for 'en-US' exists, so the 'en' localization will be used.
[2022.11.25-18.45.54:156][  0]LogWindowsTextInputMethodSystem: Display: IME system deactivated.
[2022.11.25-18.45.54:181][  0]LogSlate: New Slate User Created.  User Index 0, Is Virtual User: 0
[2022.11.25-18.45.54:181][  0]LogSlate: Slate User Registered.  User Index 0, Is Virtual User: 0
[2022.11.25-18.45.54:196][  0]LogD3D11RHI: Loaded GFSDK_Aftermath_Lib.x64.dll
[2022.11.25-18.45.54:225][  0]LogHMD: Failed to initialize OpenVR with code 110
[2022.11.25-18.45.54:225][  0]LogD3D11RHI: D3D11 min allowed feature level: 11_0
[2022.11.25-18.45.54:225][  0]LogD3D11RHI: D3D11 max allowed feature level: 11_0
[2022.11.25-18.45.54:225][  0]LogD3D11RHI: D3D11 adapters:
[2022.11.25-18.45.54:289][  0]LogD3D11RHI:    0. 'NVIDIA GeForce RTX 3070 Laptop GPU' (Feature Level 11_0)
[2022.11.25-18.45.54:289][  0]LogD3D11RHI:       8044/0/16236 MB DedicatedVideo/DedicatedSystem/SharedSystem, Outputs:1, VendorId:0x10de
[2022.11.25-18.45.54:330][  0]LogD3D11RHI:    1. 'Intel(R) Iris(R) Xe Graphics' (Feature Level 11_0)
[2022.11.25-18.45.54:330][  0]LogD3D11RHI:       128/0/16236 MB DedicatedVideo/DedicatedSystem/SharedSystem, Outputs:0, VendorId:0x8086
[2022.11.25-18.45.54:332][  0]LogD3D11RHI:    2. 'Microsoft Basic Render Driver' (Feature Level 11_0)
[2022.11.25-18.45.54:332][  0]LogD3D11RHI:       0/0/16236 MB DedicatedVideo/DedicatedSystem/SharedSystem, Outputs:0, VendorId:0x1414
[2022.11.25-18.45.54:332][  0]LogD3D11RHI: Chosen D3D11 Adapter:
[2022.11.25-18.45.54:332][  0]LogD3D11RHI:     Description : NVIDIA GeForce RTX 3070 Laptop GPU
[2022.11.25-18.45.54:332][  0]LogD3D11RHI:     VendorId    : 10de
[2022.11.25-18.45.54:332][  0]LogD3D11RHI:     DeviceId    : 249d
[2022.11.25-18.45.54:332][  0]LogD3D11RHI:     SubSysId    : 13331462
[2022.11.25-18.45.54:332][  0]LogD3D11RHI:     Revision    : 00a1
[2022.11.25-18.45.54:332][  0]LogD3D11RHI:     DedicatedVideoMemory : 8434745344 bytes
[2022.11.25-18.45.54:332][  0]LogD3D11RHI:     DedicatedSystemMemory : 0 bytes
[2022.11.25-18.45.54:332][  0]LogD3D11RHI:     SharedSystemMemory : 17025081344 bytes
[2022.11.25-18.45.54:332][  0]LogD3D11RHI:     AdapterLuid : 0 68013
[2022.11.25-18.45.54:337][  0]LogD3D11RHI: Creating new Direct3DDevice
[2022.11.25-18.45.54:337][  0]LogD3D11RHI:     GPU DeviceId: 0x249d (for the marketing name, search the web for "GPU Device Id")
[2022.11.25-18.45.54:337][  0]LogWindows: EnumDisplayDevices:
[2022.11.25-18.45.54:338][  0]LogWindows:    0. 'Intel(R) Iris(R) Xe Graphics' (P:1 D:1)
[2022.11.25-18.45.54:338][  0]LogWindows:    1. 'Intel(R) Iris(R) Xe Graphics' (P:0 D:0)
[2022.11.25-18.45.54:338][  0]LogWindows:    2. 'Intel(R) Iris(R) Xe Graphics' (P:0 D:0)
[2022.11.25-18.45.54:338][  0]LogWindows:    3. 'NVIDIA GeForce RTX 3070 Laptop GPU' (P:0 D:0)
[2022.11.25-18.45.54:338][  0]LogWindows: DebugString: PrimaryIsNotTheChoosenAdapter PrimaryIsNotTheChoosenAdapter PrimaryIsNotTheChoosenAdapter 
[2022.11.25-18.45.54:338][  0]LogD3D11RHI:     Adapter Name: NVIDIA GeForce RTX 3070 Laptop GPU
[2022.11.25-18.45.54:338][  0]LogD3D11RHI:   Driver Version: 517.48 (internal:31.0.15.1748, unified:517.48)
[2022.11.25-18.45.54:338][  0]LogD3D11RHI:      Driver Date: 9-21-2022
[2022.11.25-18.45.54:338][  0]LogRHI: Texture pool is 5630 MB (70% of 8044 MB)
[2022.11.25-18.45.54:338][  0]LogD3D11RHI: Creating D3DDevice using adapter:
[2022.11.25-18.45.54:338][  0]LogD3D11RHI:     Description : NVIDIA GeForce RTX 3070 Laptop GPU
[2022.11.25-18.45.54:338][  0]LogD3D11RHI:     VendorId    : 10de
[2022.11.25-18.45.54:338][  0]LogD3D11RHI:     DeviceId    : 249d
[2022.11.25-18.45.54:338][  0]LogD3D11RHI:     SubSysId    : 13331462
[2022.11.25-18.45.54:338][  0]LogD3D11RHI:     Revision    : 00a1
[2022.11.25-18.45.54:338][  0]LogD3D11RHI:     DedicatedVideoMemory : 8434745344 bytes
[2022.11.25-18.45.54:338][  0]LogD3D11RHI:     DedicatedSystemMemory : 0 bytes
[2022.11.25-18.45.54:338][  0]LogD3D11RHI:     SharedSystemMemory : 17025081344 bytes
[2022.11.25-18.45.54:338][  0]LogD3D11RHI:     AdapterLuid : 0 68013
[2022.11.25-18.45.54:384][  0]LogD3D11RHI: RHI has support for 64 bit atomics
[2022.11.25-18.45.54:384][  0]LogD3D11RHI: Async texture creation enabled
[2022.11.25-18.45.54:384][  0]LogD3D11RHI: Array index from any shader is supported
[2022.11.25-18.45.54:396][  0]LogD3D11RHI: GPU Timing Frequency: 1000.000000 (Debug: 2 1)
[2022.11.25-18.45.54:413][  0]LogRHI: GeForceNow SDK initialized: 1
[2022.11.25-18.45.54:631][  0]LogTargetPlatformManager: Display: Loaded TargetPlatform 'WindowsNoEditor'
[2022.11.25-18.45.54:634][  0]LogTargetPlatformManager: Display: Loaded TargetPlatform 'Windows'
[2022.11.25-18.45.54:637][  0]LogTargetPlatformManager: Display: Loaded TargetPlatform 'WindowsClient'
[2022.11.25-18.45.54:639][  0]LogTargetPlatformManager: Display: Loaded TargetPlatform 'WindowsServer'
[2022.11.25-18.45.54:639][  0]LogTargetPlatformManager: Display: Building Assets For Windows
[2022.11.25-18.45.54:645][  0]LogAudioDebug: Display: Lib vorbis DLL was dynamically loaded.
[2022.11.25-18.45.54:664][  0]LogTextureFormatOodle: Display: Oodle Texture 2.9.0 init RDO Off
[2022.11.25-18.45.54:685][  0]LogRendererCore: Ray tracing is disabled. Reason: r.RayTracing=0.
[2022.11.25-18.45.54:685][  0]LogShaderCompilers: Guid format shader working directory is -48 characters bigger than the processId version (../../../../../../Users/gizem/Downloads/SideScroller_V422/SideScroller_V422/SideScroller_V422/Intermediate/Shaders/WorkingDirectory/58172/).
[2022.11.25-18.45.54:685][  0]LogShaderCompilers: Cleaned the shader compiler working directory 'C:/Users/gizem/AppData/Local/Temp/UnrealShaderWorkingDir/A35ADBE348EBD59CDD2D29B6220BDB48/'.
[2022.11.25-18.45.54:685][  0]LogXGEController: Cannot use XGE Controller as Incredibuild is not installed on this machine.
[2022.11.25-18.45.54:685][  0]LogShaderCompilers: Cannot use XGE Shader Compiler as Incredibuild is not installed on this machine.
[2022.11.25-18.45.54:685][  0]LogShaderCompilers: Display: Using Local Shader Compiler.
[2022.11.25-18.45.55:200][  0]LogDerivedDataCache: Display: Max Cache Size: 512 MB
[2022.11.25-18.45.55:244][  0]LogDerivedDataCache: Loaded boot cache 0.04s 94MB C:/Users/gizem/AppData/Local/UnrealEngine/4.27/DerivedDataCache/Boot.ddc.
[2022.11.25-18.45.55:244][  0]LogDerivedDataCache: Display: Loaded Boot cache: C:/Users/gizem/AppData/Local/UnrealEngine/4.27/DerivedDataCache/Boot.ddc
[2022.11.25-18.45.55:244][  0]LogDerivedDataCache: FDerivedDataBackendGraph:  Pak pak cache file ../../../../../../Users/gizem/Downloads/SideScroller_V422/SideScroller_V422/SideScroller_V422/DerivedDataCache/DDC.ddp not found, will not use a pak cache.
[2022.11.25-18.45.55:244][  0]LogDerivedDataCache: Unable to find inner node Pak for hierarchical cache Hierarchy.
[2022.11.25-18.45.55:244][  0]LogDerivedDataCache: FDerivedDataBackendGraph:  CompressedPak pak cache file ../../../../../../Users/gizem/Downloads/SideScroller_V422/SideScroller_V422/SideScroller_V422/DerivedDataCache/Compressed.ddp not found, will not use a pak cache.
[2022.11.25-18.45.55:244][  0]LogDerivedDataCache: Unable to find inner node CompressedPak for hierarchical cache Hierarchy.
[2022.11.25-18.45.55:255][  0]LogDerivedDataCache: Display: Pak cache opened for reading ../../../Engine/DerivedDataCache/Compressed.ddp.
[2022.11.25-18.45.55:255][  0]LogDerivedDataCache: FDerivedDataBackendGraph:  EnterprisePak pak cache file ../../../Enterprise/DerivedDataCache/Compressed.ddp not found, will not use a pak cache.
[2022.11.25-18.45.55:255][  0]LogDerivedDataCache: Unable to find inner node EnterprisePak for hierarchical cache Hierarchy.
[2022.11.25-18.45.55:264][  0]LogDerivedDataCache: Speed tests for C:/Users/gizem/AppData/Local/UnrealEngine/Common/DerivedDataCache took 0.01 seconds
[2022.11.25-18.45.55:264][  0]LogDerivedDataCache: Display: Performance to C:/Users/gizem/AppData/Local/UnrealEngine/Common/DerivedDataCache: Latency=0.01ms. RandomReadSpeed=2482.48MBs, RandomWriteSpeed=107.42MBs. Assigned SpeedClass 'Local'
[2022.11.25-18.45.55:265][  0]LogDerivedDataCache: Using Local data cache path C:/Users/gizem/AppData/Local/UnrealEngine/Common/DerivedDataCache: Writable
[2022.11.25-18.45.55:265][  0]LogDerivedDataCache: Shared data cache path not found in *engine.ini, will not use an Shared cache.
[2022.11.25-18.45.55:265][  0]LogDerivedDataCache: Unable to find inner node Shared for hierarchical cache Hierarchy.
[2022.11.25-18.45.55:286][  0]LogSlate: Using FreeType 2.10.0
[2022.11.25-18.45.55:286][  0]LogSlate: SlateFontServices - WITH_FREETYPE: 1, WITH_HARFBUZZ: 1
[2022.11.25-18.45.55:368][  0]LogInit: Using OS detected language (en-US).
[2022.11.25-18.45.55:368][  0]LogInit: Using OS detected locale (en-CA).
[2022.11.25-18.45.55:368][  0]LogTextLocalizationManager: No localization for 'en-US' exists, so 'en' will be used for the language.
[2022.11.25-18.45.55:368][  0]LogTextLocalizationManager: No localization for 'en-CA' exists, so 'en' will be used for the locale.
[2022.11.25-18.45.55:368][  0]LogSlate: FontCache flush requested. Reason: Culture for localization was changed
[2022.11.25-18.45.55:368][  0]LogSlate: FontCache flush requested. Reason: Culture for localization was changed
[2022.11.25-18.45.55:371][  0]LogTextLocalizationManager: Compacting localization data took   0.00ms
[2022.11.25-18.45.55:371][  0]LogAssetRegistry: FAssetRegistry took 0.0013 seconds to start up
[2022.11.25-18.45.55:498][  0]LogPackageLocalizationCache: Processed 27 localized package path(s) for 1 prioritized culture(s) in 0.000612 seconds
[2022.11.25-18.45.55:539][  0]LogInit: Selected Device Profile: [Windows]
[2022.11.25-18.45.55:539][  0]LogInit: Active device profile: [000001DE0ABC9300][000001DE7B6ED4C0 49] Windows
[2022.11.25-18.45.55:539][  0]LogInit: Profiles: [000001DE0ABC9300][000001DE7B6ED4C0 49] Windows, [000001DE0AB8EF00][000001DE7B6F5780 49] WindowsNoEditor, [000001DE0ABCA500][000001DE7B6F1A00 49] WindowsServer, [000001DE0AB8FD00][000001DE7B6F8100 49] WindowsClient, [000001DE0ABCB200][000001DE7B7003C0 49] IOS, [000001DE0AB8D300][000001DE7B704680 49] iPadAir, [000001DE0ABCA900][000001DE7B708940 49] iPadAir2, [000001DE0AB41C00][000001DE7B71CE80 49] IPadPro, [000001DE0AB41D00][000001DE7B70CEC0 49] iPadAir3, [000001DE0AB8D800][000001DE7B715180 49] iPadAir4, [000001DE0AB42C00][000001DE7B711440 49] iPadMini2, [000001DE0AB8DE00][000001DE7B719700 49] iPadMini3, [000001DE0AB40B00][000001DE7B7219C0 49] iPadMini4, [000001DE0AB8F300][000001DE7B6FC0C0 49] iPadMini5, [000001DE0AB69300][000001DE7F6D45C0 49] iPhone6, [000001DE0AB69400][000001DE7B724600 49] iPodTouch6, [000001DE0ABC9600][000001DE7F6DCB40 49] iPhone7, [000001DE0ABCAB00][000001DE7F6CCB80 49] iPodTouch7, [000001DE0AB43A00][000001DE7F6D0E40 49] iPhone5S, [000001DE0ABC9800][000001DE7B72D100 49] iPhone6Plus, [000001DE0AB43000][000001DE7F6D93C0 49] iPhone6S, [000001DE0ABCA800][000001DE7F6E1680 49] iPhone6SPlus, [000001DE0AB41400][000001DE7F6E5940 49] iPhone7Plus, [000001DE0ABC8100][000001DE7F6E9C00 49] iPhoneSE, [000001DE0ABC8B00][000001DE7B728300 49] iPhone8, [000001DE0AB68800][000001DE7F6EC580 49] iPhone8Plus, [000001DE0ABC9500][000001DE7F6F4840 49] iPhoneX, [000001DE0AB68F00][000001DE7F6F8B00 49] iPhoneXS, [000001DE0ABCB700][000001DE7F6FCDC0 49] iPhoneXSMax, [000001DE0AB6B200][000001DE7F701080 49] iPhoneXR, [000001DE0ABCB800][000001DE7F705340 49] iPhone11, [000001DE0AB6BD00][000001DE7F709600 49] iPhone11Pro, [000001DE0AB42600][000001DE7F70D8C0 49] iPhone11ProMax, [000001DE0AB68600][000001DE7F711B80 49] iPhoneSE2, [000001DE0AB42000][000001DE7F7142C0 49] iPhone12Mini, [000001DE0AB6B800][000001DE7F6F0540 49] iPhone12, [000001DE0AB41B00][000001DE7F7187C0 49] iPhone12Pro, [000001DE0AB69E00][000001DE7F720A80 49] iPhone12ProMax, [000001DE0AB43F00][000001DE7F724D40 49] iPadPro105, [000001DE0AB6B300][000001DE7F729000 49] iPadPro129, [000001DE0AB43700][000001DE7F72D2C0 49] iPadPro97, [000001DE0AB6A200][000001DE7F731580 49] iPadPro2_129, [000001DE0AB42F00][000001DE7F735840 49] iPad5, [000001DE0AB68C00][000001DE7F739B00 49] iPad6, [000001DE0AB42500][000001DE7F73C240 49] iPad7, [000001DE0AB6AB00][000001DE7F740500 49] iPad8, [000001DE0AB41300][000001DE7F71C780 49] iPadPro11, [000001DE0AB6BE00][000001DE7F748A40 49] iPadPro2_11, [000001DE0AB42100][000001DE7F74CD00 49] iPadPro3_129, [000001DE0AB68500][000001DE7F750FC0 49] iPadPro4_129, [000001DE0AB43100][000001DE7F755280 49] AppleTV, [000001DE0AB6BA00][000001DE7F759540 49] AppleTV4K, [000001DE0AB41900][000001DE7F75D800 49] TVOS, [000001DE0AB68400][000001DE7F761AC0 49] Mac, [000001DE0AB43C00][000001DE7F764200 49] MacClient, [000001DE0AB6A500][000001DE7F7684C0 49] MacNoEditor, [000001DE0AB41800][000001DE7F744740 49] MacServer, [000001DE0AB6BC00][000001DE7F76C9C0 49] Linux, [000001DE0AB41000][000001DE7F774C80 49] LinuxAArch64, [000001DE0AB69F00][000001DE7F778F40 49] LinuxNoEditor, [000001DE0AB43B00][000001DE7F77D200 49] LinuxAArch64NoEditor, [000001DE0AB68100][000001DE7F7814C0 49] LinuxClient, [000001DE0AB40A00][000001DE7F785780 49] LinuxAArch64Client, [000001DE0AB69D00][000001DE7F789A40 49] LinuxServer, [000001DE0AB40200][000001DE7F78C180 49] LinuxAArch64Server, [000001DE0AB69000][000001DE7F790440 49] Android, [000001DE0AB42B00][000001DE7F794700 49] Android_Low, [000001DE0AB6A100][000001DE7F770980 49] Android_Mid, [000001DE0AB40100][000001DE7F798C00 49] Android_High, [000001DE0AB69900][000001DE7F7A0EC0 49] Android_Default, [000001DE0AB40800][000001DE7F7A5180 49] Android_Adreno4xx, [000001DE0AB69500][000001DE7F7A9440 49] Android_Adreno5xx_Low, [000001DE0AB40E00][000001DE7F7AD700 49] Android_Adreno5xx, [000001DE0AB6A000][000001DE7F7B19C0 49] Android_Adreno6xx, [000001DE0AB40600][000001DE7F7B4100 49] Android_Adreno6xx_Vulkan, [000001DE0AB68900][000001DE7F7B83C0 49] Android_Mali_T6xx, [000001DE0AB40D00][000001DE7F7BC680 49] Android_Mali_T7xx, [000001DE0AB6B100][000001DE7F7C0940 49] Android_Mali_T8xx, [000001DE0AB41600][000001DE7F79CBC0 49] Android_Mali_G71, [000001DE0AB6AA00][000001DE7F7C4E40 49] Android_Mali_G72, [000001DE0AB40400][000001DE7F7CD100 49] Android_Mali_G72_Vulkan, [000001DE0AB6AC00][000001DE7F7D13C0 49] Android_Mali_G76, [000001DE0AB43800][000001DE7F7D5680 49] Android_Mali_G76_Vulkan, [000001DE0ABC8300][000001DE7F7D9940 49] Android_Mali_G77, [000001DE0AB8F600][000001DE7F7DDC00 49] Android_Mali_G77_Vulkan, [000001DE0ABCA300][000001DE7F7E0340 49] Android_Mali_G78, [000001DE0AB8D100][000001DE7F7E4600 49] Android_Mali_G78_Vulkan, [000001DE0ABCB400][000001DE7F7E88C0 49] Android_Mali_G710, [000001DE0AB8ED00][000001DE7F7ECB80 49] Android_Mali_G710_Vulkan, [000001DE0ABC8800][000001DE7F7C8E00 49] Android_Vulkan_SM5, [000001DE0AB8FA00][000001DE7F7F1080 49] Android_PowerVR_G6xxx, [000001DE0ABCAD00][000001DE7F7F9340 49] Android_PowerVR_GT7xxx, [000001DE0AB8DA00][000001DE7F7FD600 49] Android_PowerVR_GE8xxx, [000001DE0ABCAC00][000001DE7F8018C0 49] Android_PowerVR_GM9xxx, [000001DE0AB8F100][000001DE7F805B80 49] Android_PowerVR_GM9xxx_Vulkan, [000001DE0ABC8700][000001DE7F8082C0 49] Android_TegraK1, [000001DE0AB8D000][000001DE7F80C580 49] Android_Unknown_Vulkan, [000001DE0ABCBD00][000001DE7F810840 49] Lumin, [000001DE0AB8D600][000001DE7F814B00 49] Lumin_Desktop, [000001DE0ABC9C00][000001DE7F818DC0 49] HoloLens, 
[2022.11.25-18.45.55:569][  0]LogMeshReduction: Using QuadricMeshReduction for automatic static mesh reduction
[2022.11.25-18.45.55:569][  0]LogMeshReduction: Using SimplygonMeshReduction for automatic skeletal mesh reduction
[2022.11.25-18.45.55:569][  0]LogMeshReduction: Using ProxyLODMeshReduction for automatic mesh merging
[2022.11.25-18.45.55:569][  0]LogMeshReduction: No distributed automatic mesh merging module available
[2022.11.25-18.45.55:569][  0]LogMeshMerging: No distributed automatic mesh merging module available
[2022.11.25-18.45.55:643][  0]LogNetVersion: SideScroller_V422_Fall2019 1.0.0, NetCL: 17155196, EngineNetVer: 17, GameNetVer: 0 (Checksum: 1441273239)
[2022.11.25-18.45.55:790][  0]LogTexture: Default maximum texture size for cubemaps generated from long-lat sources has been changed from 512 to unlimited. In order to preserve old behaiour for '/Engine/MapTemplates/Sky/DaylightAmbientCubemap.DaylightAmbientCubemap', its maximum texture size has been explicitly set to 512.
[2022.11.25-18.45.55:826][  0]LogHMD: PokeAHoleMaterial loaded successfully
[2022.11.25-18.45.55:892][  0]LogMoviePlayer: Initializing movie player
[2022.11.25-18.45.56:035][  0]LogNiagaraDebuggerClient: Niagara Debugger Client Initialized | Session: 11279837431CD8479AD3C3B89EBA8E17 | Instance: AC00028A46215B297AB74AAAD97DACB9 (MSI-58172).
[2022.11.25-18.45.56:049][  0]LogCollectionManager: Loaded 0 collections in 0.001286 seconds
[2022.11.25-18.45.56:051][  0]LogFileCache: Scanning file cache for directory 'C:/Users/gizem/Downloads/SideScroller_V422/SideScroller_V422/SideScroller_V422/Saved/Collections/' took 0.00s
[2022.11.25-18.45.56:051][  0]LogFileCache: Scanning file cache for directory 'C:/Users/gizem/Downloads/SideScroller_V422/SideScroller_V422/SideScroller_V422/Content/Developers/gizem/Collections/' took 0.00s
[2022.11.25-18.45.56:051][  0]LogFileCache: Scanning file cache for directory 'C:/Users/gizem/Downloads/SideScroller_V422/SideScroller_V422/SideScroller_V422/Content/Collections/' took 0.00s
[2022.11.25-18.45.56:051][  0]LogCollectionManager: Fixed up redirectors for 0 collections in 0.000002 seconds (updated 0 objects)
[2022.11.25-18.45.56:067][  0]LogTcpMessaging: Initializing TcpMessaging bridge
[2022.11.25-18.45.56:070][  0]LogUdpMessaging: Initializing bridge on interface 0.0.0.0:0 to multicast group 230.0.0.1:6666.
[2022.11.25-18.45.56:077][  0]LogPython: Using Python 3.7.7
[2022.11.25-18.45.56:399][  0]SourceControl: Source control is disabled
[2022.11.25-18.45.56:399][  0]SourceControl: Source control is disabled
[2022.11.25-18.45.56:400][  0]SourceControl: Source control is disabled
[2022.11.25-18.45.56:406][  0]LogUProjectInfo: Found projects:
[2022.11.25-18.45.56:472][  0]LogOpenImageDenoise: OIDN starting up
[2022.11.25-18.45.56:485][  0]LogAndroidPermission: UAndroidPermissionCallbackProxy::GetInstance
[2022.11.25-18.45.56:490][  0]LogAudioCaptureCore: Display: No Audio Capture implementations found. Audio input will be silent.
[2022.11.25-18.45.56:490][  0]LogAudioCaptureCore: Display: No Audio Capture implementations found. Audio input will be silent.
[2022.11.25-18.45.56:533][  0]LogOcInput: OculusInput pre-init called
[2022.11.25-18.45.56:539][  0]LogUObjectArray: 22163 objects as part of root set at end of initial load.
[2022.11.25-18.45.56:539][  0]LogUObjectAllocator: 5993712 out of 0 bytes used by permanent object pool.
[2022.11.25-18.45.56:539][  0]LogUObjectArray: CloseDisregardForGC: 0/0 objects in disregard for GC pool
[2022.11.25-18.45.56:576][  0]LogEngine: Initializing Engine...
[2022.11.25-18.45.56:578][  0]LogHMD: Failed to enumerate extensions. Please check that you have a valid OpenXR runtime installed.
[2022.11.25-18.45.56:578][  0]LogHMD: Failed to initialize OpenVR with code 110
[2022.11.25-18.45.56:578][  0]LogMagicLeap: Warning: VR disabled because ZI is not enabled.  To enable, in the editor, Edit -> Project Settings -> Plugins -> Magic Leap Plugin -> Enable Zero Iteration
[2022.11.25-18.45.56:580][  0]LogStats: UGameplayTagsManager::InitializeManager -  0.000 s
[2022.11.25-18.45.56:637][  0]LogInit: Initializing FReadOnlyCVARCache
[2022.11.25-18.45.56:637][  0]LogAudio: Display: Initializing Audio Device Manager...
[2022.11.25-18.45.56:640][  0]LogAudio: Display: Loading Default Audio Settings Objects...
[2022.11.25-18.45.56:640][  0]LogAudio: Display: No default SoundConcurrencyObject specified (or failed to load).
[2022.11.25-18.45.56:640][  0]LogAudio: Display: Audio Device Manager Initialized
[2022.11.25-18.45.56:640][  0]LogAudio: Display: Creating Audio Device:                 Id: 1, Scope: Shared, Realtime: True
[2022.11.25-18.45.56:640][  0]LogAudioMixer: Display: Audio Mixer Platform Settings:
[2022.11.25-18.45.56:640][  0]LogAudioMixer: Display: 	Sample Rate:						  48000
[2022.11.25-18.45.56:640][  0]LogAudioMixer: Display: 	Callback Buffer Frame Size Requested: 1024
[2022.11.25-18.45.56:640][  0]LogAudioMixer: Display: 	Callback Buffer Frame Size To Use:	  1024
[2022.11.25-18.45.56:640][  0]LogAudioMixer: Display: 	Number of buffers to queue:			  2
[2022.11.25-18.45.56:640][  0]LogAudioMixer: Display: 	Max Channels (voices):				  32
[2022.11.25-18.45.56:640][  0]LogAudioMixer: Display: 	Number of Async Source Workers:		  0
[2022.11.25-18.45.56:640][  0]LogAudio: Display: AudioDevice MaxSources: 32
[2022.11.25-18.45.56:640][  0]LogAudio: Display: Audio Spatialization Plugin: None (built-in).
[2022.11.25-18.45.56:640][  0]LogAudio: Display: Audio Reverb Plugin: None (built-in).
[2022.11.25-18.45.56:640][  0]LogAudio: Display: Audio Occlusion Plugin: None (built-in).
[2022.11.25-18.45.56:640][  0]LogAudioMixer: Display: Initializing audio mixer.
[2022.11.25-18.45.56:672][  0]LogAudioMixer: Display: 0: FrontLeft
[2022.11.25-18.45.56:672][  0]LogAudioMixer: Display: 1: FrontRight
[2022.11.25-18.45.56:749][  0]LogAudioMixer: Display: Using Audio Device Headphones (Realtek(R) Audio)
[2022.11.25-18.45.56:752][  0]LogAudioMixer: Display: Initializing Sound Submixes...
[2022.11.25-18.45.56:753][  0]LogAudioMixer: Display: Creating Master Submix 'MasterSubmixDefault'
[2022.11.25-18.45.56:753][  0]LogAudioMixer: Display: Creating Master Submix 'MasterReverbSubmixDefault'
[2022.11.25-18.45.56:754][  0]LogAudioMixer: Display: Creating Master Submix 'MasterEQSubmixDefault'
[2022.11.25-18.45.56:754][  0]LogAudioMixer: FMixerPlatformXAudio2::StartAudioStream() called
[2022.11.25-18.45.56:754][  0]LogAudioMixer: Display: Output buffers initialized: Frames=1024, Channels=2, Samples=2048
[2022.11.25-18.45.56:754][  0]LogAudioMixer: Display: Starting AudioMixerPlatformInterface::RunInternal()
[2022.11.25-18.45.56:754][  0]LogAudioMixer: Display: FMixerPlatformXAudio2::SubmitBuffer() called for the first time
[2022.11.25-18.45.56:754][  0]LogInit: FAudioDevice initialized.
[2022.11.25-18.45.56:755][  0]LogNetVersion: Set ProjectVersion to 1.0.0.0. Version Checksum will be recalculated on next use.
[2022.11.25-18.45.56:756][  0]LogInit: Texture streaming: Enabled
[2022.11.25-18.45.56:796][  0]LogAudio: Display: Audio Device (ID: 1) registered with world 'Untitled'.
[2022.11.25-18.45.56:796][  0]LogSlate: Updating window title bar state: overlay mode, drag disabled, window buttons hidden, title bar hidden
[2022.11.25-18.45.56:797][  0]LogInit: Display: Game Engine Initialized.
[2022.11.25-18.45.56:797][  0]LogNiagaraEditor: GEditor isn't valid! Particle reset commands will not work for Niagara components!
[2022.11.25-18.45.56:875][  0]LogInit: Display: Starting Game.
[2022.11.25-18.45.56:875][  0]LogNet: Browse: /Game/SideScrollerBP/Maps/SideScrollerExampleMap?Name=Player
[2022.11.25-18.45.56:875][  0]LogLoad: LoadMap: /Game/SideScrollerBP/Maps/SideScrollerExampleMap?Name=Player
[2022.11.25-18.45.56:875][  0]LogWorld: BeginTearingDown for /Temp/Untitled_0
[2022.11.25-18.45.56:876][  0]LogWorld: UWorld::CleanupWorld for Untitled, bSessionEnded=true, bCleanupResources=true
[2022.11.25-18.45.56:876][  0]LogSlate: InvalidateAllWidgets triggered.  All widgets were invalidated
[2022.11.25-18.45.56:879][  0]LogAudio: Display: Audio Device unregistered from world 'None'.
[2022.11.25-18.45.56:881][  0]LogUObjectHash: Compacting FUObjectHashTables data took   0.50ms
[2022.11.25-18.45.56:969][  0]LogBlueprint: Warning: [AssetLog] C:\Users\gizem\Downloads\SideScroller_V422\SideScroller_V422\SideScroller_V422\Content\Custom_Blueprints\Puzzle_Elements\Sphere_Door.uasset: [Compiler] OnComponentBeginOverlap (Box)  does not have a valid matching component!
[2022.11.25-18.45.57:445][  0]LogSkeletalMesh: Display: [AssetLog] C:\Users\gizem\Downloads\SideScroller_V422\SideScroller_V422\SideScroller_V422\Content\Custom_Assets\Utility\Flag\Flag.uasset: Find and fix some bad tangent! please re-import this skeletal mesh asset to fix the issue. The shading of the skeletal mesh will be bad and faceted.
[2022.11.25-18.45.57:447][  0]LogSkeletalMesh: Display: [AssetLog] C:\Users\gizem\Downloads\SideScroller_V422\SideScroller_V422\SideScroller_V422\Content\Custom_Assets\Hazards\Bat\Model\Bat_Enemy.uasset: Find and fix some bad tangent! please re-import this skeletal mesh asset to fix the issue. The shading of the skeletal mesh will be bad and faceted.
[2022.11.25-18.45.57:484][  0]LogAudio: Display: Audio Device (ID: 1) registered with world 'SideScrollerExampleMap'.
[2022.11.25-18.45.57:490][  0]LogAIModule: Creating AISystem for world SideScrollerExampleMap
[2022.11.25-18.45.57:492][  0]LogLoad: Game class is 'SideScrollerGameMode_C'
[2022.11.25-18.45.57:513][  0]LogWorld: Bringing World /Game/SideScrollerBP/Maps/SideScrollerExampleMap.SideScrollerExampleMap up for play (max tick rate 0) at 2022.11.25-13.45.57
[2022.11.25-18.45.57:516][  0]LogWorld: Bringing up level for play took: 0.024269
[2022.11.25-18.45.57:520][  0]LogLoad: Took 0.644428 seconds to LoadMap(/Game/SideScrollerBP/Maps/SideScrollerExampleMap)
[2022.11.25-18.45.57:572][  0]LogSlate: Took 0.000162 seconds to synchronously load lazily loaded font '../../../Engine/Content/Slate/Fonts/Roboto-Regular.ttf' (155K)
[2022.11.25-18.45.57:600][  0]LogRenderer: Reallocating scene render targets to support 1280x720 Format 10 NumSamples 1 (Frame:1).
[2022.11.25-18.45.57:600][  0]LogInit: Display: Engine is initialized. Leaving FEngineLoop::Init()
[2022.11.25-18.45.57:600][  0]LogLoad: (Engine Initialization) Total time: 4.52 seconds
[2022.11.25-18.45.57:600][  0]LogLoad: (Engine Initialization) Total Blueprint compile time: 0.00 seconds
[2022.11.25-18.45.57:609][  0]LogContentStreaming: Texture pool size now 1000 MB
[2022.11.25-18.45.57:612][  0]LogSlate: InvalidateAllWidgets triggered.  All widgets were invalidated
[2022.11.25-18.45.57:652][  0]LogRenderer: Reallocating scene render targets to support 128x128 Format 10 NumSamples 1 (Frame:1).
[2022.11.25-18.45.57:670][  0]LogRenderer: Reallocating scene render targets to support 1280x720 Format 10 NumSamples 1 (Frame:2).
[2022.11.25-18.45.57:680][  1]LogSlate: Took 0.000114 seconds to synchronously load lazily loaded font '../../../Engine/Content/Slate/Fonts/Roboto-Regular.ttf' (155K)
[2022.11.25-18.46.39:929][768]LogBlueprintUserMessages: [Locked_Door2] This door is locked.  You will need to find a key!
[2022.11.25-18.47.07:923][120]LogBlueprintUserMessages: [Locked_Door2] This door is locked.  You will need to find a key!
[2022.11.25-18.48.14:529][801]LogScript: Warning: Accessed None trying to read property Teleport_Point
	Teleport_Pad_C /Game/SideScrollerBP/Maps/SideScrollerExampleMap.SideScrollerExampleMap:PersistentLevel.Teleport_Pad_2
	Function /Game/Custom_Blueprints/Utility/Teleport_Pad.Teleport_Pad_C:ExecuteUbergraph_Teleport_Pad:001E
[2022.11.25-18.48.14:529][801]LogScript: Warning: Script call stack:
	Function /Game/Custom_Blueprints/Utility/Teleport_Pad.Teleport_Pad_C:Timeline_0__FinishedFunc
	Function /Game/Custom_Blueprints/Utility/Teleport_Pad.Teleport_Pad_C:ExecuteUbergraph_Teleport_Pad

[2022.11.25-18.48.14:529][801]LogScript: Warning: Accessed None trying to read property CallFunc_K2_GetRootComponent_ReturnValue
	Teleport_Pad_C /Game/SideScrollerBP/Maps/SideScrollerExampleMap.SideScrollerExampleMap:PersistentLevel.Teleport_Pad_2
	Function /Game/Custom_Blueprints/Utility/Teleport_Pad.Teleport_Pad_C:ExecuteUbergraph_Teleport_Pad:0050
[2022.11.25-18.48.14:529][801]LogScript: Warning: Script call stack:
	Function /Game/Custom_Blueprints/Utility/Teleport_Pad.Teleport_Pad_C:Timeline_0__FinishedFunc
	Function /Game/Custom_Blueprints/Utility/Teleport_Pad.Teleport_Pad_C:ExecuteUbergraph_Teleport_Pad

[2022.11.25-18.48.16:703][354]LogScript: Warning: Accessed None trying to read property Teleport_Point
	Teleport_Pad_C /Game/SideScrollerBP/Maps/SideScrollerExampleMap.SideScrollerExampleMap:PersistentLevel.Teleport_Pad_2
	Function /Game/Custom_Blueprints/Utility/Teleport_Pad.Teleport_Pad_C:ExecuteUbergraph_Teleport_Pad:001E
[2022.11.25-18.48.16:703][354]LogScript: Warning: Script call stack:
	Function /Game/Custom_Blueprints/Utility/Teleport_Pad.Teleport_Pad_C:Timeline_0__FinishedFunc
	Function /Game/Custom_Blueprints/Utility/Teleport_Pad.Teleport_Pad_C:ExecuteUbergraph_Teleport_Pad

[2022.11.25-18.48.16:703][354]LogScript: Warning: Accessed None trying to read property CallFunc_K2_GetRootComponent_ReturnValue
	Teleport_Pad_C /Game/SideScrollerBP/Maps/SideScrollerExampleMap.SideScrollerExampleMap:PersistentLevel.Teleport_Pad_2
	Function /Game/Custom_Blueprints/Utility/Teleport_Pad.Teleport_Pad_C:ExecuteUbergraph_Teleport_Pad:0050
[2022.11.25-18.48.16:703][354]LogScript: Warning: Script call stack:
	Function /Game/Custom_Blueprints/Utility/Teleport_Pad.Teleport_Pad_C:Timeline_0__FinishedFunc
	Function /Game/Custom_Blueprints/Utility/Teleport_Pad.Teleport_Pad_C:ExecuteUbergraph_Teleport_Pad

[2022.11.25-18.48.18:305][776]LogScript: Warning: Accessed None trying to read property Teleport_Point
	Teleport_Pad_C /Game/SideScrollerBP/Maps/SideScrollerExampleMap.SideScrollerExampleMap:PersistentLevel.Teleport_Pad_2
	Function /Game/Custom_Blueprints/Utility/Teleport_Pad.Teleport_Pad_C:ExecuteUbergraph_Teleport_Pad:001E
[2022.11.25-18.48.18:305][776]LogScript: Warning: Script call stack:
	Function /Game/Custom_Blueprints/Utility/Teleport_Pad.Teleport_Pad_C:Timeline_0__FinishedFunc
	Function /Game/Custom_Blueprints/Utility/Teleport_Pad.Teleport_Pad_C:ExecuteUbergraph_Teleport_Pad

[2022.11.25-18.48.18:305][776]LogScript: Warning: Accessed None trying to read property CallFunc_K2_GetRootComponent_ReturnValue
	Teleport_Pad_C /Game/SideScrollerBP/Maps/SideScrollerExampleMap.SideScrollerExampleMap:PersistentLevel.Teleport_Pad_2
	Function /Game/Custom_Blueprints/Utility/Teleport_Pad.Teleport_Pad_C:ExecuteUbergraph_Teleport_Pad:0050
[2022.11.25-18.48.18:305][776]LogScript: Warning: Script call stack:
	Function /Game/Custom_Blueprints/Utility/Teleport_Pad.Teleport_Pad_C:Timeline_0__FinishedFunc
	Function /Game/Custom_Blueprints/Utility/Teleport_Pad.Teleport_Pad_C:ExecuteUbergraph_Teleport_Pad

[2022.11.25-18.48.29:390][523]LogScript: Warning: Accessed None trying to read property Teleport_Point
	Teleport_Pad_C /Game/SideScrollerBP/Maps/SideScrollerExampleMap.SideScrollerExampleMap:PersistentLevel.Teleport_Pad2_5
	Function /Game/Custom_Blueprints/Utility/Teleport_Pad.Teleport_Pad_C:ExecuteUbergraph_Teleport_Pad:001E
[2022.11.25-18.48.29:390][523]LogScript: Warning: Script call stack:
	Function /Game/Custom_Blueprints/Utility/Teleport_Pad.Teleport_Pad_C:Timeline_0__FinishedFunc
	Function /Game/Custom_Blueprints/Utility/Teleport_Pad.Teleport_Pad_C:ExecuteUbergraph_Teleport_Pad

[2022.11.25-18.48.29:390][523]LogScript: Warning: Accessed None trying to read property CallFunc_K2_GetRootComponent_ReturnValue
	Teleport_Pad_C /Game/SideScrollerBP/Maps/SideScrollerExampleMap.SideScrollerExampleMap:PersistentLevel.Teleport_Pad2_5
	Function /Game/Custom_Blueprints/Utility/Teleport_Pad.Teleport_Pad_C:ExecuteUbergraph_Teleport_Pad:0050
[2022.11.25-18.48.29:390][523]LogScript: Warning: Script call stack:
	Function /Game/Custom_Blueprints/Utility/Teleport_Pad.Teleport_Pad_C:Timeline_0__FinishedFunc
	Function /Game/Custom_Blueprints/Utility/Teleport_Pad.Teleport_Pad_C:ExecuteUbergraph_Teleport_Pad

[2022.11.25-18.48.38:250][ 56]LogCharacterMovement: SideScrollerCharacter_78 is stuck and failed to move! Velocity: X=0.00 Y=-15.03 Z=0.00 Location: X=1200.00 Y=-18471.41 Z=242.47 Normal: X=0.02 Y=-0.12 Z=0.99 PenetrationDepth:14.745 Actor:Enemy_Bat_Wave_6 Component:SkeletalMeshComponent0 BoneName:MarineRibcage001 (0 other events since notify)
