Log file open, 11/25/22 11:50:36
LogWindows: Failed to load 'aqProf.dll' (GetLastError=126)
LogWindows: File 'aqProf.dll' does not exist
LogWindows: Failed to load 'VtuneApi.dll' (GetLastError=126)
LogWindows: File 'VtuneApi.dll' does not exist
LogWindows: Failed to load 'VtuneApi32e.dll' (GetLastError=126)
LogWindows: File 'VtuneApi32e.dll' does not exist
LogConsoleResponse: Display: Failed to find resolution value strings in scalability ini. Falling back to default.
LogConsoleResponse: Display: Failed to find resolution value strings in scalability ini. Falling back to default.
LogInit: Display: Running engine for game: SideScroller_V422_Fall2019
LogPlatformFile: Not using cached read wrapper
LogTaskGraph: Started task graph with 5 named threads and 59 total threads with 3 sets of task threads.
LogStats: Stats thread started at 0.264169
LogICUInternationalization: ICU TimeZone Detection - Raw Offset: -5:00, Platform Override: ''
LogInit: Display: Loading text-based GConfig....
LogPluginManager: Mounting plugin MeshPainting
LogPluginManager: Mounting plugin XGEController
LogPluginManager: Mounting plugin Paper2D
LogPluginManager: Mounting plugin EnvironmentQueryEditor
LogPluginManager: Mounting plugin AISupport
LogPluginManager: Mounting plugin LiveLink
LogPluginManager: Mounting plugin LightPropagationVolume
LogPluginManager: Mounting plugin OodleNetwork
LogPluginManager: Mounting plugin OodleData
LogPluginManager: Mounting plugin DatasmithContent
LogPluginManager: Mounting plugin VariantManagerContent
LogPluginManager: Mounting plugin AlembicImporter
LogPluginManager: Mounting plugin AutomationUtils
LogPluginManager: Mounting plugin BackChannel
LogPluginManager: Mounting plugin ChaosCloth
LogPluginManager: Mounting plugin ChaosClothEditor
LogPluginManager: Mounting plugin ChaosEditor
LogPluginManager: Mounting plugin ChaosNiagara
LogPluginManager: Mounting plugin CharacterAI
LogPluginManager: Mounting plugin ChaosSolverPlugin
LogPluginManager: Mounting plugin GeometryCache
LogPluginManager: Mounting plugin AssetManagerEditor
LogPluginManager: Mounting plugin GeometryProcessing
LogPluginManager: Mounting plugin GeometryCollectionPlugin
LogPluginManager: Mounting plugin MotoSynth
LogPluginManager: Mounting plugin OpenImageDenoise
LogPluginManager: Mounting plugin PlanarCut
LogPluginManager: Mounting plugin PlatformCrypto
LogPluginManager: Mounting plugin ProxyLODPlugin
LogPluginManager: Mounting plugin PythonScriptPlugin
LogPluginManager: Mounting plugin CryptoKeys
LogPluginManager: Mounting plugin DataValidation
LogPluginManager: Mounting plugin FacialAnimation
LogPluginManager: Mounting plugin CurveEditorTools
LogPluginManager: Mounting plugin GeometryMode
LogPluginManager: Mounting plugin GameplayTagsEditor
LogPluginManager: Mounting plugin MacGraphicsSwitching
LogPluginManager: Mounting plugin MobileLauncherProfileWizard
LogPluginManager: Mounting plugin PluginBrowser
LogPluginManager: Mounting plugin SpeedTreeImporter
LogPluginManager: Mounting plugin SkeletalReduction
LogPluginManager: Mounting plugin MaterialAnalyzer
LogPluginManager: Mounting plugin AndroidMedia
LogPluginManager: Mounting plugin ImgMedia
LogPluginManager: Mounting plugin MediaCompositing
LogPluginManager: Mounting plugin MediaPlayerEditor
LogPluginManager: Mounting plugin WebMMedia
LogPluginManager: Mounting plugin WmfMedia
LogPluginManager: Mounting plugin TcpMessaging
LogPluginManager: Mounting plugin UdpMessaging
LogPluginManager: Mounting plugin LuminPlatformFeatures
LogPluginManager: Mounting plugin MagicLeap
LogPluginManager: Mounting plugin MagicLeapLightEstimation
LogPluginManager: Mounting plugin MagicLeapMedia
LogPluginManager: Mounting plugin MagicLeapPassableWorld
LogPluginManager: Mounting plugin MLSDK
LogPluginManager: Mounting plugin OnlineSubsystem
LogPluginManager: Mounting plugin OnlineSubsystemNull
LogPluginManager: Mounting plugin OnlineSubsystemUtils
LogPluginManager: Mounting plugin ActorSequence
LogPluginManager: Mounting plugin LevelSequenceEditor
LogPluginManager: Mounting plugin MatineeToLevelSequence
LogPluginManager: Mounting plugin TemplateSequence
LogPluginManager: Mounting plugin LauncherChunkInstaller
LogPluginManager: Mounting plugin AvfMedia
LogPluginManager: Mounting plugin ActorLayerUtilities
LogPluginManager: Mounting plugin ScreenshotTools
LogPluginManager: Mounting plugin AndroidMoviePlayer
LogPluginManager: Mounting plugin AndroidPermission
LogPluginManager: Mounting plugin AppleImageUtils
LogPluginManager: Mounting plugin AppleMoviePlayer
LogPluginManager: Mounting plugin ApexDestruction
LogPluginManager: Mounting plugin ArchVisCharacter
LogPluginManager: Mounting plugin AssetTags
LogPluginManager: Mounting plugin AudioCapture
LogPluginManager: Mounting plugin AudioSynesthesia
LogPluginManager: Mounting plugin CableComponent
LogPluginManager: Mounting plugin ChunkDownloader
LogPluginManager: Mounting plugin CustomMeshComponent
LogPluginManager: Mounting plugin EditableMesh
LogPluginManager: Mounting plugin ExampleDeviceProfileSelector
LogPluginManager: Mounting plugin AndroidDeviceProfileSelector
LogPluginManager: Mounting plugin GoogleCloudMessaging
LogPluginManager: Mounting plugin GooglePAD
LogPluginManager: Mounting plugin IOSDeviceProfileSelector
LogPluginManager: Mounting plugin LinuxDeviceProfileSelector
LogPluginManager: Mounting plugin LocationServicesBPLibrary
LogPluginManager: Mounting plugin MobilePatchingUtils
LogPluginManager: Mounting plugin OpenXREyeTracker
LogPluginManager: Mounting plugin OpenXR
LogPluginManager: Mounting plugin OpenXRHandTracking
LogPluginManager: Mounting plugin PhysXVehicles
LogPluginManager: Mounting plugin PostSplashScreen
LogPluginManager: Mounting plugin ProceduralMeshComponent
LogPluginManager: Mounting plugin PropertyAccessEditor
LogPluginManager: Mounting plugin RuntimePhysXCooking
LogPluginManager: Mounting plugin SignificanceManager
LogPluginManager: Mounting plugin Synthesis
LogPluginManager: Mounting plugin WebMMoviePlayer
LogPluginManager: Mounting plugin SoundFields
LogPluginManager: Mounting plugin AnimationSharing
LogPluginManager: Mounting plugin CLionSourceCodeAccess
LogPluginManager: Mounting plugin CodeLiteSourceCodeAccess
LogPluginManager: Mounting plugin GitSourceControl
LogPluginManager: Mounting plugin KDevelopSourceCodeAccess
LogPluginManager: Mounting plugin NullSourceCodeAccess
LogPluginManager: Mounting plugin PerforceSourceControl
LogPluginManager: Mounting plugin PixWinPlugin
LogPluginManager: Mounting plugin PlasticSourceControl
LogPluginManager: Mounting plugin PluginUtils
LogPluginManager: Mounting plugin RiderSourceCodeAccess
LogPluginManager: Mounting plugin PropertyAccessNode
LogPluginManager: Mounting plugin TextureFormatOodle
LogPluginManager: Mounting plugin SubversionSourceControl
LogPluginManager: Mounting plugin UObjectPlugin
LogPluginManager: Mounting plugin XCodeSourceCodeAccess
LogPluginManager: Mounting plugin VisualStudioSourceCodeAccess
LogPluginManager: Mounting plugin VisualStudioCodeSourceCodeAccess
LogPluginManager: Mounting plugin CameraShakePreviewer
LogPluginManager: Mounting plugin Niagara
LogPluginManager: Mounting plugin GameplayCameras
LogPluginManager: Mounting plugin WindowsMoviePlayer
LogPluginManager: Mounting plugin Takes
LogPluginManager: Mounting plugin ContentBrowserAssetDataSource
LogPluginManager: Mounting plugin ContentBrowserClassDataSource
LogPluginManager: Mounting plugin ContentBrowserFileDataSource
LogPluginManager: Mounting plugin OnlineSubsystemGooglePlay
LogPluginManager: Mounting plugin OnlineSubsystemIOS
LogPluginManager: Mounting plugin OculusVR
LogPluginManager: Mounting plugin SteamVR
LogInit: Using libcurl 7.55.1-DEV
LogInit:  - built for x86_64-pc-win32
LogInit:  - supports SSL with OpenSSL/1.1.1
LogInit:  - supports HTTP deflate (compression) using libz 1.2.8
LogInit:  - other features:
LogInit:      CURL_VERSION_SSL
LogInit:      CURL_VERSION_LIBZ
LogInit:      CURL_VERSION_IPV6
LogInit:      CURL_VERSION_ASYNCHDNS
LogInit:      CURL_VERSION_LARGEFILE
LogInit:      CURL_VERSION_IDN
LogInit:  CurlRequestOptions (configurable via config and command line):
LogInit:  - bVerifyPeer = true  - Libcurl will verify peer certificate
LogInit:  - bUseHttpProxy = false  - Libcurl will NOT use HTTP proxy
LogInit:  - bDontReuseConnections = false  - Libcurl will reuse connections
LogInit:  - MaxHostConnections = 16  - Libcurl will limit the number of connections to a host
LogInit:  - LocalHostAddr = Default
LogInit:  - BufferSize = 65536
LogOnline: OSS: Creating online subsystem instance for: NULL
LogInit: WinSock: version 1.1 (2.2), MaxSocks=32767, MaxUdp=65467
LogOnline: OSS: TryLoadSubsystemAndSetDefault: Loaded subsystem for module [NULL]
PixWinPlugin: PIX capture plugin failed to initialize! Check that the process is launched from PIX.
LogOculusPluginWrapper: OculusPlugin initialized successfully
LogHMD: Failed initializing OVRPlugin 1.59.0
LogInit: Build: ++UE4+Release-4.27-CL-18319896
LogInit: Engine Version: 4.27.2-18319896+++UE4+Release-4.27
LogInit: Compatible Engine Version: 4.27.0-17155196+++UE4+Release-4.27
LogInit: Net CL: 17155196
LogInit: OS: Windows 10 (Release 2009) (), CPU: 12th Gen Intel(R) Core(TM) i9-12900H, GPU: Intel(R) Iris(R) Xe Graphics
LogInit: Compiled (64-bit): Nov 30 2021 07:12:08
LogInit: Compiled with Visual C++: 19.24.28315.00
LogInit: Build Configuration: Development
LogInit: Branch Name: ++UE4+Release-4.27
LogInit: Command Line:  /Game/SideScrollerBP/Maps/SideScrollerExampleMap -game -PIEVIACONSOLE -Multiprocess GameUserSettingsINI=C:/Users/gizem/Downloads/SideScroller_V422/SideScroller_V422/SideScroller_V422/Saved/Config/Windows/PIEGameUserSettings0.ini -MultiprocessSaveConfig -forcepassthrough -messaging -SessionName="Play in Standalone Game" -windowed -WinX=315 -WinY=179 SAVEWINPOS=1 -ResX=1280 -ResY=720
LogInit: Base Directory: C:/Program Files/Epic Games/UE_4.27/Engine/Binaries/Win64/
LogInit: Allocator: TBB
LogInit: Installed Engine Build: 1
LogDevObjectVersion: Number of dev versions registered: 29
LogDevObjectVersion:   Dev-Blueprints (B0D832E4-1F89-4F0D-ACCF-7EB736FD4AA2): 10
LogDevObjectVersion:   Dev-Build (E1C64328-A22C-4D53-A36C-8E866417BD8C): 0
LogDevObjectVersion:   Dev-Core (375EC13C-06E4-48FB-B500-84F0262A717E): 4
LogDevObjectVersion:   Dev-Editor (E4B068ED-F494-42E9-A231-DA0B2E46BB41): 40
LogDevObjectVersion:   Dev-Framework (CFFC743F-43B0-4480-9391-14DF171D2073): 37
LogDevObjectVersion:   Dev-Mobile (B02B49B5-BB20-44E9-A304-32B752E40360): 3
LogDevObjectVersion:   Dev-Networking (A4E4105C-59A1-49B5-A7C5-40C4547EDFEE): 0
LogDevObjectVersion:   Dev-Online (39C831C9-5AE6-47DC-9A44-9C173E1C8E7C): 0
LogDevObjectVersion:   Dev-Physics (78F01B33-EBEA-4F98-B9B4-84EACCB95AA2): 14
LogDevObjectVersion:   Dev-Platform (6631380F-2D4D-43E0-8009-CF276956A95A): 0
LogDevObjectVersion:   Dev-Rendering (12F88B9F-8875-4AFC-A67C-D90C383ABD29): 45
LogDevObjectVersion:   Dev-Sequencer (7B5AE74C-D270-4C10-A958-57980B212A5A): 13
LogDevObjectVersion:   Dev-VR (D7296918-1DD6-4BDD-9DE2-64A83CC13884): 3
LogDevObjectVersion:   Dev-LoadTimes (C2A15278-BFE7-4AFE-6C17-90FF531DF755): 1
LogDevObjectVersion:   Private-Geometry (6EACA3D4-40EC-4CC1-B786-8BED09428FC5): 3
LogDevObjectVersion:   Dev-AnimPhys (29E575DD-E0A3-4627-9D10-D276232CDCEA): 17
LogDevObjectVersion:   Dev-Anim (AF43A65D-7FD3-4947-9873-3E8ED9C1BB05): 15
LogDevObjectVersion:   Dev-ReflectionCapture (6B266CEC-1EC7-4B8F-A30B-E4D90942FC07): 1
LogDevObjectVersion:   Dev-Automation (0DF73D61-A23F-47EA-B727-89E90C41499A): 1
LogDevObjectVersion:   FortniteMain (601D1886-AC64-4F84-AA16-D3DE0DEAC7D6): 47
LogDevObjectVersion:   FortniteRelease (E7086368-6B23-4C58-8439-1B7016265E91): 1
LogDevObjectVersion:   Dev-Enterprise (9DFFBCD6-494F-0158-E221-12823C92A888): 10
LogDevObjectVersion:   Dev-Niagara (F2AED0AC-9AFE-416F-8664-AA7FFA26D6FC): 1
LogDevObjectVersion:   Dev-Destruction (174F1F0B-B4C6-45A5-B13F-2EE8D0FB917D): 10
LogDevObjectVersion:   Dev-Physics-Ext (35F94A83-E258-406C-A318-09F59610247C): 41
LogDevObjectVersion:   Dev-PhysicsMaterial-Chaos (B68FC16E-8B1B-42E2-B453-215C058844FE): 1
LogDevObjectVersion:   Dev-CineCamera (B2E18506-4273-CFC2-A54E-F4BB758BBA07): 1
LogDevObjectVersion:   Dev-VirtualProduction (64F58936-FD1B-42BA-BA96-7289D5D0FA4E): 1
LogDevObjectVersion:   Dev-MediaFramework (6F0ED827-A609-4895-9C91-998D90180EA4): 2
LogInit: Presizing for max 25165824 objects, including 0 objects not considered by GC, pre-allocating 0 bytes for permanent pool.
LogConfig: Applying CVar settings from Section [/Script/Engine.StreamingSettings] File [C:/Users/gizem/Downloads/SideScroller_V422/SideScroller_V422/SideScroller_V422/Saved/Config/Windows/Engine.ini]
LogConfig: Setting CVar [[s.MinBulkDataSizeForAsyncLoading:131072]]
LogConfig: Setting CVar [[s.AsyncLoadingThreadEnabled:0]]
LogConfig: Setting CVar [[s.EventDrivenLoaderEnabled:1]]
LogConfig: Setting CVar [[s.WarnIfTimeLimitExceeded:0]]
LogConfig: Setting CVar [[s.TimeLimitExceededMultiplier:1.5]]
LogConfig: Setting CVar [[s.TimeLimitExceededMinTime:0.005]]
LogConfig: Setting CVar [[s.UseBackgroundLevelStreaming:1]]
LogConfig: Setting CVar [[s.PriorityAsyncLoadingExtraTime:15.0]]
LogConfig: Setting CVar [[s.LevelStreamingActorsUpdateTimeLimit:5.0]]
LogConfig: Setting CVar [[s.PriorityLevelStreamingActorsUpdateExtraTime:5.0]]
LogConfig: Setting CVar [[s.LevelStreamingComponentsRegistrationGranularity:10]]
LogConfig: Setting CVar [[s.UnregisterComponentsTimeLimit:1.0]]
LogConfig: Setting CVar [[s.LevelStreamingComponentsUnregistrationGranularity:5]]
LogConfig: Setting CVar [[s.FlushStreamingOnExit:1]]
LogInit: Object subsystem initialized
LogConfig: Setting CVar [[con.DebugEarlyDefault:1]]
LogConfig: Setting CVar [[r.setres:1280x720]]
[2022.11.25-16.50.37:404][  0]LogConfig: Setting CVar [[con.DebugEarlyDefault:1]]
[2022.11.25-16.50.37:404][  0]LogConfig: Setting CVar [[r.setres:1280x720]]
[2022.11.25-16.50.37:404][  0]LogConfig: Applying CVar settings from Section [/Script/Engine.RendererSettings] File [C:/Users/gizem/Downloads/SideScroller_V422/SideScroller_V422/SideScroller_V422/Saved/Config/Windows/Engine.ini]
[2022.11.25-16.50.37:404][  0]LogConfig: Setting CVar [[r.GPUCrashDebugging:0]]
[2022.11.25-16.50.37:404][  0]LogConfig: Applying CVar settings from Section [/Script/Engine.RendererOverrideSettings] File [C:/Users/gizem/Downloads/SideScroller_V422/SideScroller_V422/SideScroller_V422/Saved/Config/Windows/Engine.ini]
[2022.11.25-16.50.37:404][  0]LogConfig: Applying CVar settings from Section [/Script/Engine.StreamingSettings] File [C:/Users/gizem/Downloads/SideScroller_V422/SideScroller_V422/SideScroller_V422/Saved/Config/Windows/Engine.ini]
[2022.11.25-16.50.37:404][  0]LogConfig: Setting CVar [[s.MinBulkDataSizeForAsyncLoading:131072]]
[2022.11.25-16.50.37:404][  0]LogConfig: Setting CVar [[s.AsyncLoadingThreadEnabled:0]]
[2022.11.25-16.50.37:404][  0]LogConfig: Setting CVar [[s.EventDrivenLoaderEnabled:1]]
[2022.11.25-16.50.37:404][  0]LogConfig: Setting CVar [[s.WarnIfTimeLimitExceeded:0]]
[2022.11.25-16.50.37:404][  0]LogConfig: Setting CVar [[s.TimeLimitExceededMultiplier:1.5]]
[2022.11.25-16.50.37:404][  0]LogConfig: Setting CVar [[s.TimeLimitExceededMinTime:0.005]]
[2022.11.25-16.50.37:404][  0]LogConfig: Setting CVar [[s.UseBackgroundLevelStreaming:1]]
[2022.11.25-16.50.37:404][  0]LogConfig: Setting CVar [[s.PriorityAsyncLoadingExtraTime:15.0]]
[2022.11.25-16.50.37:404][  0]LogConfig: Setting CVar [[s.LevelStreamingActorsUpdateTimeLimit:5.0]]
[2022.11.25-16.50.37:404][  0]LogConfig: Setting CVar [[s.PriorityLevelStreamingActorsUpdateExtraTime:5.0]]
[2022.11.25-16.50.37:404][  0]LogConfig: Setting CVar [[s.LevelStreamingComponentsRegistrationGranularity:10]]
[2022.11.25-16.50.37:404][  0]LogConfig: Setting CVar [[s.UnregisterComponentsTimeLimit:1.0]]
[2022.11.25-16.50.37:404][  0]LogConfig: Setting CVar [[s.LevelStreamingComponentsUnregistrationGranularity:5]]
[2022.11.25-16.50.37:404][  0]LogConfig: Setting CVar [[s.FlushStreamingOnExit:1]]
[2022.11.25-16.50.37:404][  0]LogConfig: Applying CVar settings from Section [/Script/Engine.GarbageCollectionSettings] File [C:/Users/gizem/Downloads/SideScroller_V422/SideScroller_V422/SideScroller_V422/Saved/Config/Windows/Engine.ini]
[2022.11.25-16.50.37:404][  0]LogConfig: Setting CVar [[gc.MaxObjectsNotConsideredByGC:1]]
[2022.11.25-16.50.37:404][  0]LogConfig: Setting CVar [[gc.SizeOfPermanentObjectPool:0]]
[2022.11.25-16.50.37:404][  0]LogConfig: Setting CVar [[gc.FlushStreamingOnGC:0]]
[2022.11.25-16.50.37:404][  0]LogConfig: Setting CVar [[gc.NumRetriesBeforeForcingGC:10]]
[2022.11.25-16.50.37:404][  0]LogConfig: Setting CVar [[gc.AllowParallelGC:1]]
[2022.11.25-16.50.37:404][  0]LogConfig: Setting CVar [[gc.TimeBetweenPurgingPendingKillObjects:61.1]]
[2022.11.25-16.50.37:404][  0]LogConfig: Setting CVar [[gc.MaxObjectsInEditor:25165824]]
[2022.11.25-16.50.37:404][  0]LogConfig: Setting CVar [[gc.IncrementalBeginDestroyEnabled:1]]
[2022.11.25-16.50.37:404][  0]LogConfig: Setting CVar [[gc.CreateGCClusters:1]]
[2022.11.25-16.50.37:404][  0]LogConfig: Setting CVar [[gc.MinGCClusterSize:5]]
[2022.11.25-16.50.37:404][  0]LogConfig: Setting CVar [[gc.ActorClusteringEnabled:0]]
[2022.11.25-16.50.37:404][  0]LogConfig: Setting CVar [[gc.BlueprintClusteringEnabled:0]]
[2022.11.25-16.50.37:404][  0]LogConfig: Setting CVar [[gc.UseDisregardForGCOnDedicatedServers:0]]
[2022.11.25-16.50.37:404][  0]LogConfig: Setting CVar [[gc.MultithreadedDestructionEnabled:1]]
[2022.11.25-16.50.37:404][  0]LogConfig: Applying CVar settings from Section [/Script/Engine.NetworkSettings] File [C:/Users/gizem/Downloads/SideScroller_V422/SideScroller_V422/SideScroller_V422/Saved/Config/Windows/Engine.ini]
[2022.11.25-16.50.37:404][  0]LogConfig: Applying CVar settings from Section [/Script/UnrealEd.CookerSettings] File [C:/Users/gizem/Downloads/SideScroller_V422/SideScroller_V422/SideScroller_V422/Saved/Config/Windows/Engine.ini]
[2022.11.25-16.50.37:416][  0]LogConfig: Applying CVar settings from Section [ViewDistanceQuality@3] File [C:/Users/gizem/Downloads/SideScroller_V422/SideScroller_V422/SideScroller_V422/Saved/Config/Windows/Scalability.ini]
[2022.11.25-16.50.37:416][  0]LogConfig: Setting CVar [[r.SkeletalMeshLODBias:0]]
[2022.11.25-16.50.37:416][  0]LogConfig: Setting CVar [[r.ViewDistanceScale:1.0]]
[2022.11.25-16.50.37:416][  0]LogConfig: Applying CVar settings from Section [AntiAliasingQuality@3] File [C:/Users/gizem/Downloads/SideScroller_V422/SideScroller_V422/SideScroller_V422/Saved/Config/Windows/Scalability.ini]
[2022.11.25-16.50.37:416][  0]LogConfig: Setting CVar [[r.PostProcessAAQuality:4]]
[2022.11.25-16.50.37:416][  0]LogConfig: Applying CVar settings from Section [ShadowQuality@3] File [C:/Users/gizem/Downloads/SideScroller_V422/SideScroller_V422/SideScroller_V422/Saved/Config/Windows/Scalability.ini]
[2022.11.25-16.50.37:416][  0]LogConfig: Setting CVar [[r.LightFunctionQuality:1]]
[2022.11.25-16.50.37:416][  0]LogConfig: Setting CVar [[r.ShadowQuality:5]]
[2022.11.25-16.50.37:416][  0]LogConfig: Setting CVar [[r.Shadow.CSM.MaxCascades:10]]
[2022.11.25-16.50.37:416][  0]LogConfig: Setting CVar [[r.Shadow.MaxResolution:2048]]
[2022.11.25-16.50.37:416][  0]LogConfig: Setting CVar [[r.Shadow.MaxCSMResolution:2048]]
[2022.11.25-16.50.37:416][  0]LogConfig: Setting CVar [[r.Shadow.RadiusThreshold:0.01]]
[2022.11.25-16.50.37:416][  0]LogConfig: Setting CVar [[r.Shadow.DistanceScale:1.0]]
[2022.11.25-16.50.37:416][  0]LogConfig: Setting CVar [[r.Shadow.CSM.TransitionScale:1.0]]
[2022.11.25-16.50.37:416][  0]LogConfig: Setting CVar [[r.Shadow.PreShadowResolutionFactor:1.0]]
[2022.11.25-16.50.37:416][  0]LogConfig: Setting CVar [[r.DistanceFieldShadowing:1]]
[2022.11.25-16.50.37:416][  0]LogConfig: Setting CVar [[r.DistanceFieldAO:1]]
[2022.11.25-16.50.37:416][  0]LogConfig: Setting CVar [[r.AOQuality:2]]
[2022.11.25-16.50.37:416][  0]LogConfig: Setting CVar [[r.VolumetricFog:1]]
[2022.11.25-16.50.37:416][  0]LogConfig: Setting CVar [[r.VolumetricFog.GridPixelSize:8]]
[2022.11.25-16.50.37:416][  0]LogConfig: Setting CVar [[r.VolumetricFog.GridSizeZ:128]]
[2022.11.25-16.50.37:417][  0]LogConfig: Setting CVar [[r.VolumetricFog.HistoryMissSupersampleCount:4]]
[2022.11.25-16.50.37:417][  0]LogConfig: Setting CVar [[r.LightMaxDrawDistanceScale:1]]
[2022.11.25-16.50.37:417][  0]LogConfig: Setting CVar [[r.CapsuleShadows:1]]
[2022.11.25-16.50.37:417][  0]LogConfig: Applying CVar settings from Section [PostProcessQuality@3] File [C:/Users/gizem/Downloads/SideScroller_V422/SideScroller_V422/SideScroller_V422/Saved/Config/Windows/Scalability.ini]
[2022.11.25-16.50.37:417][  0]LogConfig: Setting CVar [[r.MotionBlurQuality:4]]
[2022.11.25-16.50.37:417][  0]LogConfig: Setting CVar [[r.AmbientOcclusionMipLevelFactor:0.4]]
[2022.11.25-16.50.37:417][  0]LogConfig: Setting CVar [[r.AmbientOcclusionMaxQuality:100]]
[2022.11.25-16.50.37:417][  0]LogConfig: Setting CVar [[r.AmbientOcclusionLevels:-1]]
[2022.11.25-16.50.37:417][  0]LogConfig: Setting CVar [[r.AmbientOcclusionRadiusScale:1.0]]
[2022.11.25-16.50.37:417][  0]LogConfig: Setting CVar [[r.DepthOfFieldQuality:2]]
[2022.11.25-16.50.37:417][  0]LogConfig: Setting CVar [[r.RenderTargetPoolMin:400]]
[2022.11.25-16.50.37:417][  0]LogConfig: Setting CVar [[r.LensFlareQuality:2]]
[2022.11.25-16.50.37:417][  0]LogConfig: Setting CVar [[r.SceneColorFringeQuality:1]]
[2022.11.25-16.50.37:417][  0]LogConfig: Setting CVar [[r.EyeAdaptationQuality:2]]
[2022.11.25-16.50.37:417][  0]LogConfig: Setting CVar [[r.BloomQuality:5]]
[2022.11.25-16.50.37:417][  0]LogConfig: Setting CVar [[r.FastBlurThreshold:100]]
[2022.11.25-16.50.37:417][  0]LogConfig: Setting CVar [[r.Upscale.Quality:3]]
[2022.11.25-16.50.37:417][  0]LogConfig: Setting CVar [[r.Tonemapper.GrainQuantization:1]]
[2022.11.25-16.50.37:417][  0]LogConfig: Setting CVar [[r.LightShaftQuality:1]]
[2022.11.25-16.50.37:417][  0]LogConfig: Setting CVar [[r.Filter.SizeScale:1]]
[2022.11.25-16.50.37:417][  0]LogConfig: Setting CVar [[r.Tonemapper.Quality:5]]
[2022.11.25-16.50.37:417][  0]LogConfig: Setting CVar [[r.DOF.Gather.AccumulatorQuality:1        ; higher gathering accumulator quality]]
[2022.11.25-16.50.37:417][  0]LogConfig: Setting CVar [[r.DOF.Gather.PostfilterMethod:1          ; Median3x3 postfilering method]]
[2022.11.25-16.50.37:417][  0]LogConfig: Setting CVar [[r.DOF.Gather.EnableBokehSettings:0       ; no bokeh simulation when gathering]]
[2022.11.25-16.50.37:417][  0]LogConfig: Setting CVar [[r.DOF.Gather.RingCount:4                 ; medium number of samples when gathering]]
[2022.11.25-16.50.37:417][  0]LogConfig: Setting CVar [[r.DOF.Scatter.ForegroundCompositing:1    ; additive foreground scattering]]
[2022.11.25-16.50.37:417][  0]LogConfig: Setting CVar [[r.DOF.Scatter.BackgroundCompositing:2    ; additive background scattering]]
[2022.11.25-16.50.37:417][  0]LogConfig: Setting CVar [[r.DOF.Scatter.EnableBokehSettings:1      ; bokeh simulation when scattering]]
[2022.11.25-16.50.37:417][  0]LogConfig: Setting CVar [[r.DOF.Scatter.MaxSpriteRatio:0.1         ; only a maximum of 10% of scattered bokeh]]
[2022.11.25-16.50.37:417][  0]LogConfig: Setting CVar [[r.DOF.Recombine.Quality:1                ; cheap slight out of focus]]
[2022.11.25-16.50.37:417][  0]LogConfig: Setting CVar [[r.DOF.Recombine.EnableBokehSettings:0    ; no bokeh simulation on slight out of focus]]
[2022.11.25-16.50.37:417][  0]LogConfig: Setting CVar [[r.DOF.TemporalAAQuality:1                ; more stable temporal accumulation]]
[2022.11.25-16.50.37:417][  0]LogConfig: Setting CVar [[r.DOF.Kernel.MaxForegroundRadius:0.025]]
[2022.11.25-16.50.37:417][  0]LogConfig: Setting CVar [[r.DOF.Kernel.MaxBackgroundRadius:0.025]]
[2022.11.25-16.50.37:417][  0]LogConfig: Applying CVar settings from Section [TextureQuality@3] File [C:/Users/gizem/Downloads/SideScroller_V422/SideScroller_V422/SideScroller_V422/Saved/Config/Windows/Scalability.ini]
[2022.11.25-16.50.37:417][  0]LogConfig: Setting CVar [[r.Streaming.MipBias:0]]
[2022.11.25-16.50.37:417][  0]LogConfig: Setting CVar [[r.Streaming.AmortizeCPUToGPUCopy:0]]
[2022.11.25-16.50.37:417][  0]LogConfig: Setting CVar [[r.Streaming.MaxNumTexturesToStreamPerFrame:0]]
[2022.11.25-16.50.37:417][  0]LogConfig: Setting CVar [[r.Streaming.Boost:1]]
[2022.11.25-16.50.37:417][  0]LogConfig: Setting CVar [[r.MaxAnisotropy:8]]
[2022.11.25-16.50.37:417][  0]LogConfig: Setting CVar [[r.VT.MaxAnisotropy:8]]
[2022.11.25-16.50.37:417][  0]LogConfig: Setting CVar [[r.Streaming.LimitPoolSizeToVRAM:0]]
[2022.11.25-16.50.37:417][  0]LogConfig: Setting CVar [[r.Streaming.PoolSize:1000]]
[2022.11.25-16.50.37:417][  0]LogConfig: Setting CVar [[r.Streaming.MaxEffectiveScreenSize:0]]
[2022.11.25-16.50.37:417][  0]LogConfig: Applying CVar settings from Section [EffectsQuality@3] File [C:/Users/gizem/Downloads/SideScroller_V422/SideScroller_V422/SideScroller_V422/Saved/Config/Windows/Scalability.ini]
[2022.11.25-16.50.37:417][  0]LogConfig: Setting CVar [[r.TranslucencyLightingVolumeDim:64]]
[2022.11.25-16.50.37:417][  0]LogConfig: Setting CVar [[r.RefractionQuality:2]]
[2022.11.25-16.50.37:417][  0]LogConfig: Setting CVar [[r.SSR.Quality:3]]
[2022.11.25-16.50.37:417][  0]LogConfig: Setting CVar [[r.SSR.HalfResSceneColor:0]]
[2022.11.25-16.50.37:417][  0]LogConfig: Setting CVar [[r.SceneColorFormat:4]]
[2022.11.25-16.50.37:417][  0]LogConfig: Setting CVar [[r.DetailMode:2]]
[2022.11.25-16.50.37:417][  0]LogConfig: Setting CVar [[r.TranslucencyVolumeBlur:1]]
[2022.11.25-16.50.37:417][  0]LogConfig: Setting CVar [[r.MaterialQualityLevel:1 ; High quality]]
[2022.11.25-16.50.37:417][  0]LogConfig: Setting CVar [[r.AnisotropicMaterials:1]]
[2022.11.25-16.50.37:417][  0]LogConfig: Setting CVar [[r.SSS.Scale:1]]
[2022.11.25-16.50.37:417][  0]LogConfig: Setting CVar [[r.SSS.SampleSet:2]]
[2022.11.25-16.50.37:417][  0]LogConfig: Setting CVar [[r.SSS.Quality:1]]
[2022.11.25-16.50.37:417][  0]LogConfig: Setting CVar [[r.SSS.HalfRes:0]]
[2022.11.25-16.50.37:417][  0]LogConfig: Setting CVar [[r.SSGI.Quality:3]]
[2022.11.25-16.50.37:417][  0]LogConfig: Setting CVar [[r.EmitterSpawnRateScale:1.0]]
[2022.11.25-16.50.37:417][  0]LogConfig: Setting CVar [[r.ParticleLightQuality:2]]
[2022.11.25-16.50.37:417][  0]LogConfig: Setting CVar [[r.SkyAtmosphere.AerialPerspectiveLUT.FastApplyOnOpaque:1 ; Always have FastSkyLUT 1 in this case to avoid wrong sky]]
[2022.11.25-16.50.37:417][  0]LogConfig: Setting CVar [[r.SkyAtmosphere.AerialPerspectiveLUT.SampleCountMaxPerSlice:4]]
[2022.11.25-16.50.37:417][  0]LogConfig: Setting CVar [[r.SkyAtmosphere.AerialPerspectiveLUT.DepthResolution:16.0]]
[2022.11.25-16.50.37:417][  0]LogConfig: Setting CVar [[r.SkyAtmosphere.FastSkyLUT:1]]
[2022.11.25-16.50.37:417][  0]LogConfig: Setting CVar [[r.SkyAtmosphere.FastSkyLUT.SampleCountMin:4.0]]
[2022.11.25-16.50.37:417][  0]LogConfig: Setting CVar [[r.SkyAtmosphere.FastSkyLUT.SampleCountMax:128.0]]
[2022.11.25-16.50.37:417][  0]LogConfig: Setting CVar [[r.SkyAtmosphere.SampleCountMin:4.0]]
[2022.11.25-16.50.37:417][  0]LogConfig: Setting CVar [[r.SkyAtmosphere.SampleCountMax:128.0]]
[2022.11.25-16.50.37:417][  0]LogConfig: Setting CVar [[r.SkyAtmosphere.TransmittanceLUT.UseSmallFormat:0]]
[2022.11.25-16.50.37:417][  0]LogConfig: Setting CVar [[r.SkyAtmosphere.TransmittanceLUT.SampleCount:10.0]]
[2022.11.25-16.50.37:417][  0]LogConfig: Setting CVar [[r.SkyAtmosphere.MultiScatteringLUT.SampleCount:15.0]]
[2022.11.25-16.50.37:417][  0]LogConfig: Setting CVar [[r.SkyLight.RealTimeReflectionCapture:1]]
[2022.11.25-16.50.37:417][  0]LogConfig: Applying CVar settings from Section [FoliageQuality@3] File [C:/Users/gizem/Downloads/SideScroller_V422/SideScroller_V422/SideScroller_V422/Saved/Config/Windows/Scalability.ini]
[2022.11.25-16.50.37:417][  0]LogConfig: Setting CVar [[foliage.DensityScale:1.0]]
[2022.11.25-16.50.37:417][  0]LogConfig: Setting CVar [[grass.DensityScale:1.0]]
[2022.11.25-16.50.37:417][  0]LogConfig: Applying CVar settings from Section [ShadingQuality@3] File [C:/Users/gizem/Downloads/SideScroller_V422/SideScroller_V422/SideScroller_V422/Saved/Config/Windows/Scalability.ini]
[2022.11.25-16.50.37:417][  0]LogConfig: Setting CVar [[r.HairStrands.SkyLighting.IntegrationType:2]]
[2022.11.25-16.50.37:417][  0]LogConfig: Setting CVar [[r.HairStrands.SkyAO.SampleCount:4]]
[2022.11.25-16.50.37:417][  0]LogConfig: Setting CVar [[r.HairStrands.Visibility.MSAA.SamplePerPixel:4]]
[2022.11.25-16.50.37:417][  0]LogInit: Selected Device Profile: [Windows]
[2022.11.25-16.50.37:417][  0]LogInit: Applying CVar settings loaded from the selected device profile: [Windows]
[2022.11.25-16.50.37:417][  0]LogHAL: Display: Platform has ~ 32 GB [34050162688 / 34359738368 / 32], which maps to Largest [LargestMinGB=32, LargerMinGB=12, DefaultMinGB=8, SmallerMinGB=6, SmallestMinGB=0)
[2022.11.25-16.50.37:417][  0]LogInit: Going up to parent DeviceProfile []
[2022.11.25-16.50.37:417][  0]LogConfig: Applying CVar settings from Section [ViewDistanceQuality@3] File [C:/Users/gizem/Downloads/SideScroller_V422/SideScroller_V422/SideScroller_V422/Saved/Config/Windows/Scalability.ini]
[2022.11.25-16.50.37:417][  0]LogConfig: Setting CVar [[r.SkeletalMeshLODBias:0]]
[2022.11.25-16.50.37:417][  0]LogConfig: Setting CVar [[r.ViewDistanceScale:1.0]]
[2022.11.25-16.50.37:417][  0]LogConfig: Applying CVar settings from Section [AntiAliasingQuality@3] File [C:/Users/gizem/Downloads/SideScroller_V422/SideScroller_V422/SideScroller_V422/Saved/Config/Windows/Scalability.ini]
[2022.11.25-16.50.37:417][  0]LogConfig: Setting CVar [[r.PostProcessAAQuality:4]]
[2022.11.25-16.50.37:417][  0]LogConfig: Applying CVar settings from Section [ShadowQuality@3] File [C:/Users/gizem/Downloads/SideScroller_V422/SideScroller_V422/SideScroller_V422/Saved/Config/Windows/Scalability.ini]
[2022.11.25-16.50.37:417][  0]LogConfig: Setting CVar [[r.LightFunctionQuality:1]]
[2022.11.25-16.50.37:417][  0]LogConfig: Setting CVar [[r.ShadowQuality:5]]
[2022.11.25-16.50.37:417][  0]LogConfig: Setting CVar [[r.Shadow.CSM.MaxCascades:10]]
[2022.11.25-16.50.37:417][  0]LogConfig: Setting CVar [[r.Shadow.MaxResolution:2048]]
[2022.11.25-16.50.37:417][  0]LogConfig: Setting CVar [[r.Shadow.MaxCSMResolution:2048]]
[2022.11.25-16.50.37:417][  0]LogConfig: Setting CVar [[r.Shadow.RadiusThreshold:0.01]]
[2022.11.25-16.50.37:417][  0]LogConfig: Setting CVar [[r.Shadow.DistanceScale:1.0]]
[2022.11.25-16.50.37:417][  0]LogConfig: Setting CVar [[r.Shadow.CSM.TransitionScale:1.0]]
[2022.11.25-16.50.37:417][  0]LogConfig: Setting CVar [[r.Shadow.PreShadowResolutionFactor:1.0]]
[2022.11.25-16.50.37:417][  0]LogConfig: Setting CVar [[r.DistanceFieldShadowing:1]]
[2022.11.25-16.50.37:417][  0]LogConfig: Setting CVar [[r.DistanceFieldAO:1]]
[2022.11.25-16.50.37:417][  0]LogConfig: Setting CVar [[r.AOQuality:2]]
[2022.11.25-16.50.37:417][  0]LogConfig: Setting CVar [[r.VolumetricFog:1]]
[2022.11.25-16.50.37:417][  0]LogConfig: Setting CVar [[r.VolumetricFog.GridPixelSize:8]]
[2022.11.25-16.50.37:417][  0]LogConfig: Setting CVar [[r.VolumetricFog.GridSizeZ:128]]
[2022.11.25-16.50.37:417][  0]LogConfig: Setting CVar [[r.VolumetricFog.HistoryMissSupersampleCount:4]]
[2022.11.25-16.50.37:417][  0]LogConfig: Setting CVar [[r.LightMaxDrawDistanceScale:1]]
[2022.11.25-16.50.37:417][  0]LogConfig: Setting CVar [[r.CapsuleShadows:1]]
[2022.11.25-16.50.37:417][  0]LogConfig: Applying CVar settings from Section [PostProcessQuality@3] File [C:/Users/gizem/Downloads/SideScroller_V422/SideScroller_V422/SideScroller_V422/Saved/Config/Windows/Scalability.ini]
[2022.11.25-16.50.37:417][  0]LogConfig: Setting CVar [[r.MotionBlurQuality:4]]
[2022.11.25-16.50.37:417][  0]LogConfig: Setting CVar [[r.AmbientOcclusionMipLevelFactor:0.4]]
[2022.11.25-16.50.37:417][  0]LogConfig: Setting CVar [[r.AmbientOcclusionMaxQuality:100]]
[2022.11.25-16.50.37:417][  0]LogConfig: Setting CVar [[r.AmbientOcclusionLevels:-1]]
[2022.11.25-16.50.37:417][  0]LogConfig: Setting CVar [[r.AmbientOcclusionRadiusScale:1.0]]
[2022.11.25-16.50.37:417][  0]LogConfig: Setting CVar [[r.DepthOfFieldQuality:2]]
[2022.11.25-16.50.37:417][  0]LogConfig: Setting CVar [[r.RenderTargetPoolMin:400]]
[2022.11.25-16.50.37:417][  0]LogConfig: Setting CVar [[r.LensFlareQuality:2]]
[2022.11.25-16.50.37:417][  0]LogConfig: Setting CVar [[r.SceneColorFringeQuality:1]]
[2022.11.25-16.50.37:417][  0]LogConfig: Setting CVar [[r.EyeAdaptationQuality:2]]
[2022.11.25-16.50.37:417][  0]LogConfig: Setting CVar [[r.BloomQuality:5]]
[2022.11.25-16.50.37:417][  0]LogConfig: Setting CVar [[r.FastBlurThreshold:100]]
[2022.11.25-16.50.37:417][  0]LogConfig: Setting CVar [[r.Upscale.Quality:3]]
[2022.11.25-16.50.37:417][  0]LogConfig: Setting CVar [[r.Tonemapper.GrainQuantization:1]]
[2022.11.25-16.50.37:417][  0]LogConfig: Setting CVar [[r.LightShaftQuality:1]]
[2022.11.25-16.50.37:417][  0]LogConfig: Setting CVar [[r.Filter.SizeScale:1]]
[2022.11.25-16.50.37:417][  0]LogConfig: Setting CVar [[r.Tonemapper.Quality:5]]
[2022.11.25-16.50.37:417][  0]LogConfig: Setting CVar [[r.DOF.Gather.AccumulatorQuality:1        ; higher gathering accumulator quality]]
[2022.11.25-16.50.37:417][  0]LogConfig: Setting CVar [[r.DOF.Gather.PostfilterMethod:1          ; Median3x3 postfilering method]]
[2022.11.25-16.50.37:417][  0]LogConfig: Setting CVar [[r.DOF.Gather.EnableBokehSettings:0       ; no bokeh simulation when gathering]]
[2022.11.25-16.50.37:417][  0]LogConfig: Setting CVar [[r.DOF.Gather.RingCount:4                 ; medium number of samples when gathering]]
[2022.11.25-16.50.37:417][  0]LogConfig: Setting CVar [[r.DOF.Scatter.ForegroundCompositing:1    ; additive foreground scattering]]
[2022.11.25-16.50.37:417][  0]LogConfig: Setting CVar [[r.DOF.Scatter.BackgroundCompositing:2    ; additive background scattering]]
[2022.11.25-16.50.37:417][  0]LogConfig: Setting CVar [[r.DOF.Scatter.EnableBokehSettings:1      ; bokeh simulation when scattering]]
[2022.11.25-16.50.37:417][  0]LogConfig: Setting CVar [[r.DOF.Scatter.MaxSpriteRatio:0.1         ; only a maximum of 10% of scattered bokeh]]
[2022.11.25-16.50.37:417][  0]LogConfig: Setting CVar [[r.DOF.Recombine.Quality:1                ; cheap slight out of focus]]
[2022.11.25-16.50.37:417][  0]LogConfig: Setting CVar [[r.DOF.Recombine.EnableBokehSettings:0    ; no bokeh simulation on slight out of focus]]
[2022.11.25-16.50.37:417][  0]LogConfig: Setting CVar [[r.DOF.TemporalAAQuality:1                ; more stable temporal accumulation]]
[2022.11.25-16.50.37:417][  0]LogConfig: Setting CVar [[r.DOF.Kernel.MaxForegroundRadius:0.025]]
[2022.11.25-16.50.37:417][  0]LogConfig: Setting CVar [[r.DOF.Kernel.MaxBackgroundRadius:0.025]]
[2022.11.25-16.50.37:418][  0]LogConfig: Applying CVar settings from Section [TextureQuality@3] File [C:/Users/gizem/Downloads/SideScroller_V422/SideScroller_V422/SideScroller_V422/Saved/Config/Windows/Scalability.ini]
[2022.11.25-16.50.37:418][  0]LogConfig: Setting CVar [[r.Streaming.MipBias:0]]
[2022.11.25-16.50.37:418][  0]LogConfig: Setting CVar [[r.Streaming.AmortizeCPUToGPUCopy:0]]
[2022.11.25-16.50.37:418][  0]LogConfig: Setting CVar [[r.Streaming.MaxNumTexturesToStreamPerFrame:0]]
[2022.11.25-16.50.37:418][  0]LogConfig: Setting CVar [[r.Streaming.Boost:1]]
[2022.11.25-16.50.37:418][  0]LogConfig: Setting CVar [[r.MaxAnisotropy:8]]
[2022.11.25-16.50.37:418][  0]LogConfig: Setting CVar [[r.VT.MaxAnisotropy:8]]
[2022.11.25-16.50.37:418][  0]LogConfig: Setting CVar [[r.Streaming.LimitPoolSizeToVRAM:0]]
[2022.11.25-16.50.37:418][  0]LogConfig: Setting CVar [[r.Streaming.PoolSize:1000]]
[2022.11.25-16.50.37:418][  0]LogConfig: Setting CVar [[r.Streaming.MaxEffectiveScreenSize:0]]
[2022.11.25-16.50.37:418][  0]LogConfig: Applying CVar settings from Section [EffectsQuality@3] File [C:/Users/gizem/Downloads/SideScroller_V422/SideScroller_V422/SideScroller_V422/Saved/Config/Windows/Scalability.ini]
[2022.11.25-16.50.37:418][  0]LogConfig: Setting CVar [[r.TranslucencyLightingVolumeDim:64]]
[2022.11.25-16.50.37:418][  0]LogConfig: Setting CVar [[r.RefractionQuality:2]]
[2022.11.25-16.50.37:418][  0]LogConfig: Setting CVar [[r.SSR.Quality:3]]
[2022.11.25-16.50.37:418][  0]LogConfig: Setting CVar [[r.SSR.HalfResSceneColor:0]]
[2022.11.25-16.50.37:418][  0]LogConfig: Setting CVar [[r.SceneColorFormat:4]]
[2022.11.25-16.50.37:418][  0]LogConfig: Setting CVar [[r.DetailMode:2]]
[2022.11.25-16.50.37:418][  0]LogConfig: Setting CVar [[r.TranslucencyVolumeBlur:1]]
[2022.11.25-16.50.37:418][  0]LogConfig: Setting CVar [[r.MaterialQualityLevel:1 ; High quality]]
[2022.11.25-16.50.37:418][  0]LogConfig: Setting CVar [[r.AnisotropicMaterials:1]]
[2022.11.25-16.50.37:418][  0]LogConfig: Setting CVar [[r.SSS.Scale:1]]
[2022.11.25-16.50.37:418][  0]LogConfig: Setting CVar [[r.SSS.SampleSet:2]]
[2022.11.25-16.50.37:418][  0]LogConfig: Setting CVar [[r.SSS.Quality:1]]
[2022.11.25-16.50.37:418][  0]LogConfig: Setting CVar [[r.SSS.HalfRes:0]]
[2022.11.25-16.50.37:418][  0]LogConfig: Setting CVar [[r.SSGI.Quality:3]]
[2022.11.25-16.50.37:418][  0]LogConfig: Setting CVar [[r.EmitterSpawnRateScale:1.0]]
[2022.11.25-16.50.37:418][  0]LogConfig: Setting CVar [[r.ParticleLightQuality:2]]
[2022.11.25-16.50.37:418][  0]LogConfig: Setting CVar [[r.SkyAtmosphere.AerialPerspectiveLUT.FastApplyOnOpaque:1 ; Always have FastSkyLUT 1 in this case to avoid wrong sky]]
[2022.11.25-16.50.37:418][  0]LogConfig: Setting CVar [[r.SkyAtmosphere.AerialPerspectiveLUT.SampleCountMaxPerSlice:4]]
[2022.11.25-16.50.37:418][  0]LogConfig: Setting CVar [[r.SkyAtmosphere.AerialPerspectiveLUT.DepthResolution:16.0]]
[2022.11.25-16.50.37:418][  0]LogConfig: Setting CVar [[r.SkyAtmosphere.FastSkyLUT:1]]
[2022.11.25-16.50.37:418][  0]LogConfig: Setting CVar [[r.SkyAtmosphere.FastSkyLUT.SampleCountMin:4.0]]
[2022.11.25-16.50.37:418][  0]LogConfig: Setting CVar [[r.SkyAtmosphere.FastSkyLUT.SampleCountMax:128.0]]
[2022.11.25-16.50.37:418][  0]LogConfig: Setting CVar [[r.SkyAtmosphere.SampleCountMin:4.0]]
[2022.11.25-16.50.37:418][  0]LogConfig: Setting CVar [[r.SkyAtmosphere.SampleCountMax:128.0]]
[2022.11.25-16.50.37:418][  0]LogConfig: Setting CVar [[r.SkyAtmosphere.TransmittanceLUT.UseSmallFormat:0]]
[2022.11.25-16.50.37:418][  0]LogConfig: Setting CVar [[r.SkyAtmosphere.TransmittanceLUT.SampleCount:10.0]]
[2022.11.25-16.50.37:418][  0]LogConfig: Setting CVar [[r.SkyAtmosphere.MultiScatteringLUT.SampleCount:15.0]]
[2022.11.25-16.50.37:418][  0]LogConfig: Setting CVar [[r.SkyLight.RealTimeReflectionCapture:1]]
[2022.11.25-16.50.37:418][  0]LogConfig: Applying CVar settings from Section [FoliageQuality@3] File [C:/Users/gizem/Downloads/SideScroller_V422/SideScroller_V422/SideScroller_V422/Saved/Config/Windows/Scalability.ini]
[2022.11.25-16.50.37:418][  0]LogConfig: Setting CVar [[foliage.DensityScale:1.0]]
[2022.11.25-16.50.37:418][  0]LogConfig: Setting CVar [[grass.DensityScale:1.0]]
[2022.11.25-16.50.37:418][  0]LogConfig: Applying CVar settings from Section [ShadingQuality@3] File [C:/Users/gizem/Downloads/SideScroller_V422/SideScroller_V422/SideScroller_V422/Saved/Config/Windows/Scalability.ini]
[2022.11.25-16.50.37:418][  0]LogConfig: Setting CVar [[r.HairStrands.SkyLighting.IntegrationType:2]]
[2022.11.25-16.50.37:418][  0]LogConfig: Setting CVar [[r.HairStrands.SkyAO.SampleCount:4]]
[2022.11.25-16.50.37:418][  0]LogConfig: Setting CVar [[r.HairStrands.Visibility.MSAA.SamplePerPixel:4]]
[2022.11.25-16.50.37:418][  0]LogConfig: Applying CVar settings from Section [Startup] File [../../../Engine/Config/ConsoleVariables.ini]
[2022.11.25-16.50.37:418][  0]LogConfig: Setting CVar [[net.UseAdaptiveNetUpdateFrequency:0]]
[2022.11.25-16.50.37:418][  0]LogConfig: Setting CVar [[p.chaos.AllowCreatePhysxBodies:1]]
[2022.11.25-16.50.37:418][  0]LogConfig: Setting CVar [[fx.SkipVectorVMBackendOptimizations:1]]
[2022.11.25-16.50.37:418][  0]LogConfig: Applying CVar settings from Section [ConsoleVariables] File [C:/Users/gizem/Downloads/SideScroller_V422/SideScroller_V422/SideScroller_V422/Saved/Config/Windows/Engine.ini]
[2022.11.25-16.50.37:418][  0]LogConfig: Applying CVar settings from Section [ConsoleVariables] File [C:/Users/gizem/Downloads/SideScroller_V422/SideScroller_V422/SideScroller_V422/Saved/Config/Windows/Editor.ini]
[2022.11.25-16.50.37:418][  0]LogInit: Computer: MSI
[2022.11.25-16.50.37:418][  0]LogInit: User: gizem
[2022.11.25-16.50.37:418][  0]LogInit: CPU Page size=4096, Cores=14
[2022.11.25-16.50.37:418][  0]LogInit: High frequency timer resolution =10.000000 MHz
[2022.11.25-16.50.37:418][  0]LogMemory: Memory total: Physical=31.7GB (32GB approx)
[2022.11.25-16.50.37:418][  0]LogMemory: Platform Memory Stats for Windows
[2022.11.25-16.50.37:418][  0]LogMemory: Process Physical Memory: 148.80 MB used, 148.80 MB peak
[2022.11.25-16.50.37:418][  0]LogMemory: Process Virtual Memory: 132.73 MB used, 132.73 MB peak
[2022.11.25-16.50.37:418][  0]LogMemory: Physical Memory: 15551.21 MB used,  16921.56 MB free, 32472.77 MB total
[2022.11.25-16.50.37:418][  0]LogMemory: Virtual Memory: 134203104.00 MB used,  14624.77 MB free, 134217728.00 MB total
[2022.11.25-16.50.37:454][  0]LogWindows: WindowsPlatformFeatures enabled
[2022.11.25-16.50.37:492][  0]LogInit: Physics initialised using underlying interface: PhysX
[2022.11.25-16.50.37:493][  0]LogInit: Using OS detected language (en-US).
[2022.11.25-16.50.37:493][  0]LogInit: Using OS detected locale (en-CA).
[2022.11.25-16.50.37:494][  0]LogTextLocalizationManager: No specific localization for 'en-US' exists, so the 'en' localization will be used.
[2022.11.25-16.50.37:734][  0]LogWindowsTextInputMethodSystem: Display: IME system deactivated.
[2022.11.25-16.50.37:759][  0]LogSlate: New Slate User Created.  User Index 0, Is Virtual User: 0
[2022.11.25-16.50.37:759][  0]LogSlate: Slate User Registered.  User Index 0, Is Virtual User: 0
[2022.11.25-16.50.37:774][  0]LogD3D11RHI: Loaded GFSDK_Aftermath_Lib.x64.dll
[2022.11.25-16.50.37:802][  0]LogHMD: Failed to initialize OpenVR with code 110
[2022.11.25-16.50.37:802][  0]LogD3D11RHI: D3D11 min allowed feature level: 11_0
[2022.11.25-16.50.37:802][  0]LogD3D11RHI: D3D11 max allowed feature level: 11_0
[2022.11.25-16.50.37:802][  0]LogD3D11RHI: D3D11 adapters:
[2022.11.25-16.50.37:886][  0]LogD3D11RHI:    0. 'NVIDIA GeForce RTX 3070 Laptop GPU' (Feature Level 11_0)
[2022.11.25-16.50.37:886][  0]LogD3D11RHI:       8044/0/16236 MB DedicatedVideo/DedicatedSystem/SharedSystem, Outputs:1, VendorId:0x10de
[2022.11.25-16.50.37:941][  0]LogD3D11RHI:    1. 'Intel(R) Iris(R) Xe Graphics' (Feature Level 11_0)
[2022.11.25-16.50.37:941][  0]LogD3D11RHI:       128/0/16236 MB DedicatedVideo/DedicatedSystem/SharedSystem, Outputs:0, VendorId:0x8086
[2022.11.25-16.50.37:943][  0]LogD3D11RHI:    2. 'Microsoft Basic Render Driver' (Feature Level 11_0)
[2022.11.25-16.50.37:943][  0]LogD3D11RHI:       0/0/16236 MB DedicatedVideo/DedicatedSystem/SharedSystem, Outputs:0, VendorId:0x1414
[2022.11.25-16.50.37:943][  0]LogD3D11RHI: Chosen D3D11 Adapter:
[2022.11.25-16.50.37:943][  0]LogD3D11RHI:     Description : NVIDIA GeForce RTX 3070 Laptop GPU
[2022.11.25-16.50.37:943][  0]LogD3D11RHI:     VendorId    : 10de
[2022.11.25-16.50.37:943][  0]LogD3D11RHI:     DeviceId    : 249d
[2022.11.25-16.50.37:943][  0]LogD3D11RHI:     SubSysId    : 13331462
[2022.11.25-16.50.37:943][  0]LogD3D11RHI:     Revision    : 00a1
[2022.11.25-16.50.37:943][  0]LogD3D11RHI:     DedicatedVideoMemory : 8434745344 bytes
[2022.11.25-16.50.37:943][  0]LogD3D11RHI:     DedicatedSystemMemory : 0 bytes
[2022.11.25-16.50.37:943][  0]LogD3D11RHI:     SharedSystemMemory : 17025081344 bytes
[2022.11.25-16.50.37:943][  0]LogD3D11RHI:     AdapterLuid : 0 68013
[2022.11.25-16.50.37:948][  0]LogD3D11RHI: Creating new Direct3DDevice
[2022.11.25-16.50.37:948][  0]LogD3D11RHI:     GPU DeviceId: 0x249d (for the marketing name, search the web for "GPU Device Id")
[2022.11.25-16.50.37:948][  0]LogWindows: EnumDisplayDevices:
[2022.11.25-16.50.37:948][  0]LogWindows:    0. 'Intel(R) Iris(R) Xe Graphics' (P:1 D:1)
[2022.11.25-16.50.37:949][  0]LogWindows:    1. 'Intel(R) Iris(R) Xe Graphics' (P:0 D:0)
[2022.11.25-16.50.37:949][  0]LogWindows:    2. 'Intel(R) Iris(R) Xe Graphics' (P:0 D:0)
[2022.11.25-16.50.37:949][  0]LogWindows:    3. 'NVIDIA GeForce RTX 3070 Laptop GPU' (P:0 D:0)
[2022.11.25-16.50.37:949][  0]LogWindows: DebugString: PrimaryIsNotTheChoosenAdapter PrimaryIsNotTheChoosenAdapter PrimaryIsNotTheChoosenAdapter 
[2022.11.25-16.50.37:949][  0]LogD3D11RHI:     Adapter Name: NVIDIA GeForce RTX 3070 Laptop GPU
[2022.11.25-16.50.37:949][  0]LogD3D11RHI:   Driver Version: 517.48 (internal:31.0.15.1748, unified:517.48)
[2022.11.25-16.50.37:949][  0]LogD3D11RHI:      Driver Date: 9-21-2022
[2022.11.25-16.50.37:949][  0]LogRHI: Texture pool is 5630 MB (70% of 8044 MB)
[2022.11.25-16.50.37:949][  0]LogD3D11RHI: Creating D3DDevice using adapter:
[2022.11.25-16.50.37:949][  0]LogD3D11RHI:     Description : NVIDIA GeForce RTX 3070 Laptop GPU
[2022.11.25-16.50.37:949][  0]LogD3D11RHI:     VendorId    : 10de
[2022.11.25-16.50.37:949][  0]LogD3D11RHI:     DeviceId    : 249d
[2022.11.25-16.50.37:949][  0]LogD3D11RHI:     SubSysId    : 13331462
[2022.11.25-16.50.37:949][  0]LogD3D11RHI:     Revision    : 00a1
[2022.11.25-16.50.37:949][  0]LogD3D11RHI:     DedicatedVideoMemory : 8434745344 bytes
[2022.11.25-16.50.37:949][  0]LogD3D11RHI:     DedicatedSystemMemory : 0 bytes
[2022.11.25-16.50.37:949][  0]LogD3D11RHI:     SharedSystemMemory : 17025081344 bytes
[2022.11.25-16.50.37:949][  0]LogD3D11RHI:     AdapterLuid : 0 68013
[2022.11.25-16.50.38:003][  0]LogD3D11RHI: RHI has support for 64 bit atomics
[2022.11.25-16.50.38:003][  0]LogD3D11RHI: Async texture creation enabled
[2022.11.25-16.50.38:003][  0]LogD3D11RHI: Array index from any shader is supported
[2022.11.25-16.50.38:014][  0]LogD3D11RHI: GPU Timing Frequency: 1000.000000 (Debug: 2 1)
[2022.11.25-16.50.38:031][  0]LogRHI: GeForceNow SDK initialized: 1
[2022.11.25-16.50.38:273][  0]LogTargetPlatformManager: Display: Loaded TargetPlatform 'WindowsNoEditor'
[2022.11.25-16.50.38:276][  0]LogTargetPlatformManager: Display: Loaded TargetPlatform 'Windows'
[2022.11.25-16.50.38:279][  0]LogTargetPlatformManager: Display: Loaded TargetPlatform 'WindowsClient'
[2022.11.25-16.50.38:280][  0]LogTargetPlatformManager: Display: Loaded TargetPlatform 'WindowsServer'
[2022.11.25-16.50.38:280][  0]LogTargetPlatformManager: Display: Building Assets For Windows
[2022.11.25-16.50.38:286][  0]LogAudioDebug: Display: Lib vorbis DLL was dynamically loaded.
[2022.11.25-16.50.38:306][  0]LogTextureFormatOodle: Display: Oodle Texture 2.9.0 init RDO Off
[2022.11.25-16.50.38:326][  0]LogRendererCore: Ray tracing is disabled. Reason: r.RayTracing=0.
[2022.11.25-16.50.38:326][  0]LogShaderCompilers: Guid format shader working directory is -48 characters bigger than the processId version (../../../../../../Users/gizem/Downloads/SideScroller_V422/SideScroller_V422/SideScroller_V422/Intermediate/Shaders/WorkingDirectory/35108/).
[2022.11.25-16.50.38:326][  0]LogShaderCompilers: Cleaned the shader compiler working directory 'C:/Users/gizem/AppData/Local/Temp/UnrealShaderWorkingDir/E2BF9EB645B4F5B5647C7F97CE32CAB3/'.
[2022.11.25-16.50.38:326][  0]LogXGEController: Cannot use XGE Controller as Incredibuild is not installed on this machine.
[2022.11.25-16.50.38:326][  0]LogShaderCompilers: Cannot use XGE Shader Compiler as Incredibuild is not installed on this machine.
[2022.11.25-16.50.38:326][  0]LogShaderCompilers: Display: Using Local Shader Compiler.
[2022.11.25-16.50.38:870][  0]LogDerivedDataCache: Display: Max Cache Size: 512 MB
[2022.11.25-16.50.38:916][  0]LogDerivedDataCache: Loaded boot cache 0.05s 94MB C:/Users/gizem/AppData/Local/UnrealEngine/4.27/DerivedDataCache/Boot.ddc.
[2022.11.25-16.50.38:916][  0]LogDerivedDataCache: Display: Loaded Boot cache: C:/Users/gizem/AppData/Local/UnrealEngine/4.27/DerivedDataCache/Boot.ddc
[2022.11.25-16.50.38:916][  0]LogDerivedDataCache: FDerivedDataBackendGraph:  Pak pak cache file ../../../../../../Users/gizem/Downloads/SideScroller_V422/SideScroller_V422/SideScroller_V422/DerivedDataCache/DDC.ddp not found, will not use a pak cache.
[2022.11.25-16.50.38:916][  0]LogDerivedDataCache: Unable to find inner node Pak for hierarchical cache Hierarchy.
[2022.11.25-16.50.38:916][  0]LogDerivedDataCache: FDerivedDataBackendGraph:  CompressedPak pak cache file ../../../../../../Users/gizem/Downloads/SideScroller_V422/SideScroller_V422/SideScroller_V422/DerivedDataCache/Compressed.ddp not found, will not use a pak cache.
[2022.11.25-16.50.38:916][  0]LogDerivedDataCache: Unable to find inner node CompressedPak for hierarchical cache Hierarchy.
[2022.11.25-16.50.38:928][  0]LogDerivedDataCache: Display: Pak cache opened for reading ../../../Engine/DerivedDataCache/Compressed.ddp.
[2022.11.25-16.50.38:928][  0]LogDerivedDataCache: FDerivedDataBackendGraph:  EnterprisePak pak cache file ../../../Enterprise/DerivedDataCache/Compressed.ddp not found, will not use a pak cache.
[2022.11.25-16.50.38:928][  0]LogDerivedDataCache: Unable to find inner node EnterprisePak for hierarchical cache Hierarchy.
[2022.11.25-16.50.38:938][  0]LogDerivedDataCache: Speed tests for C:/Users/gizem/AppData/Local/UnrealEngine/Common/DerivedDataCache took 0.01 seconds
[2022.11.25-16.50.38:938][  0]LogDerivedDataCache: Display: Performance to C:/Users/gizem/AppData/Local/UnrealEngine/Common/DerivedDataCache: Latency=0.02ms. RandomReadSpeed=2176.23MBs, RandomWriteSpeed=100.03MBs. Assigned SpeedClass 'Local'
[2022.11.25-16.50.38:939][  0]LogDerivedDataCache: Using Local data cache path C:/Users/gizem/AppData/Local/UnrealEngine/Common/DerivedDataCache: Writable
[2022.11.25-16.50.38:939][  0]LogDerivedDataCache: Shared data cache path not found in *engine.ini, will not use an Shared cache.
[2022.11.25-16.50.38:939][  0]LogDerivedDataCache: Unable to find inner node Shared for hierarchical cache Hierarchy.
[2022.11.25-16.50.38:961][  0]LogSlate: Using FreeType 2.10.0
[2022.11.25-16.50.38:961][  0]LogSlate: SlateFontServices - WITH_FREETYPE: 1, WITH_HARFBUZZ: 1
[2022.11.25-16.50.39:062][  0]LogInit: Using OS detected language (en-US).
[2022.11.25-16.50.39:062][  0]LogInit: Using OS detected locale (en-CA).
[2022.11.25-16.50.39:063][  0]LogTextLocalizationManager: No localization for 'en-US' exists, so 'en' will be used for the language.
[2022.11.25-16.50.39:063][  0]LogTextLocalizationManager: No localization for 'en-CA' exists, so 'en' will be used for the locale.
[2022.11.25-16.50.39:063][  0]LogSlate: FontCache flush requested. Reason: Culture for localization was changed
[2022.11.25-16.50.39:063][  0]LogSlate: FontCache flush requested. Reason: Culture for localization was changed
[2022.11.25-16.50.39:066][  0]LogTextLocalizationManager: Compacting localization data took   0.00ms
[2022.11.25-16.50.39:066][  0]LogAssetRegistry: FAssetRegistry took 0.0019 seconds to start up
[2022.11.25-16.50.39:206][  0]LogPackageLocalizationCache: Processed 27 localized package path(s) for 1 prioritized culture(s) in 0.000776 seconds
[2022.11.25-16.50.39:250][  0]LogInit: Selected Device Profile: [Windows]
[2022.11.25-16.50.39:250][  0]LogInit: Active device profile: [000001FCA9DB9300][000001FC9CD7B940 49] Windows
[2022.11.25-16.50.39:250][  0]LogInit: Profiles: [000001FCA9DB9300][000001FC9CD7B940 49] Windows, [000001FCA9D82F00][000001FC9CD77BC0 49] WindowsNoEditor, [000001FCA9DBA500][000001FC9CD82300 49] WindowsServer, [000001FCA9D83D00][000001FC9CD865C0 49] WindowsClient, [000001FCA9DBB200][000001FC9CD8A880 49] IOS, [000001FCA9D81300][000001FCA844EB40 49] iPadAir, [000001FCA9DBA900][000001FCA8452E00 49] iPadAir2, [000001FCA9D31C00][000001FCA8467340 49] IPadPro, [000001FCA9D31D00][000001FCA8457380 49] iPadAir3, [000001FCA9D81800][000001FCA845F640 49] iPadAir4, [000001FCA9D32C00][000001FCA845B900 49] iPadMini2, [000001FCA9D81E00][000001FC9CD7FB80 49] iPadMini3, [000001FCA9D30B00][000001FCA8462280 49] iPadMini4, [000001FCA9D83300][000001FCA846E540 49] iPadMini5, [000001FCA9D55300][000001FCA8482A80 49] iPhone6, [000001FCA9D55400][000001FCA8472AC0 49] iPodTouch6, [000001FCA9DB9600][000001FCA848B000 49] iPhone7, [000001FCA9DBAB00][000001FCA847B040 49] iPodTouch7, [000001FCA9D33A00][000001FCA847F300 49] iPhone5S, [000001FCA9DB9800][000001FCA84775C0 49] iPhone6Plus, [000001FCA9D33000][000001FCA8487880 49] iPhone6S, [000001FCA9DBA800][000001FCA848FB40 49] iPhone6SPlus, [000001FCA9D31400][000001FCA846A240 49] iPhone7Plus, [000001FCA9DB8100][000001FCA84924C0 49] iPhoneSE, [000001FCA9DB8B00][000001FCA849A780 49] iPhone8, [000001FCA9D54800][000001FCA849EA40 49] iPhone8Plus, [000001FCA9DB9500][000001FCA84A2D00 49] iPhoneX, [000001FCA9D54F00][000001FCA84A6FC0 49] iPhoneXS, [000001FCA9DBB700][000001FCA84AB280 49] iPhoneXSMax, [000001FCA9D57200][000001FCA84AF540 49] iPhoneXR, [000001FCA9DBB800][000001FCA84B3800 49] iPhone11, [000001FCA9D57D00][000001FCA84B7AC0 49] iPhone11Pro, [000001FCA9D32600][000001FCA84BA200 49] iPhone11ProMax, [000001FCA9D54600][000001FCA8496480 49] iPhoneSE2, [000001FCA9D32000][000001FCA84BE700 49] iPhone12Mini, [000001FCA9D57800][000001FCA84C69C0 49] iPhone12, [000001FCA9D31B00][000001FCA84CAC80 49] iPhone12Pro, [000001FCA9D55E00][000001FCA84CEF40 49] iPhone12ProMax, [000001FCA9D33F00][000001FCA84D3200 49] iPadPro105, [000001FCA9D57300][000001FCA84D74C0 49] iPadPro129, [000001FCA9D33700][000001FCA84DB780 49] iPadPro97, [000001FCA9D56200][000001FCA84DFA40 49] iPadPro2_129, [000001FCA9D32F00][000001FCA84E2180 49] iPad5, [000001FCA9D54C00][000001FCA84E6440 49] iPad6, [000001FCA9D32500][000001FCA84C26C0 49] iPad7, [000001FCA9D56B00][000001FCA84EA940 49] iPad8, [000001FCA9D31300][000001FCA84F2C00 49] iPadPro11, [000001FCA9D57E00][000001FCA84F6EC0 49] iPadPro2_11, [000001FCA9D32100][000001FCA84FB180 49] iPadPro3_129, [000001FCA9D54500][000001FCA84FF440 49] iPadPro4_129, [000001FCA9D33100][000001FCA8503700 49] AppleTV, [000001FCA9D57A00][000001FCA85079C0 49] AppleTV4K, [000001FCA9D31900][000001FCA850A100 49] TVOS, [000001FCA9D54400][000001FCA850E3C0 49] Mac, [000001FCA9D33C00][000001FCA8512680 49] MacClient, [000001FCA9D56500][000001FCA84EE900 49] MacNoEditor, [000001FCA9D31800][000001FCA8516B80 49] MacServer, [000001FCA9D57C00][000001FCA851EE40 49] Linux, [000001FCA9D31000][000001FCA8523100 49] LinuxAArch64, [000001FCA9D55F00][000001FCA85273C0 49] LinuxNoEditor, [000001FCA9D33B00][000001FCA852B680 49] LinuxAArch64NoEditor, [000001FCA9D54100][000001FCA852F940 49] LinuxClient, [000001FCA9D30A00][000001FCA8533C00 49] LinuxAArch64Client, [000001FCA9D55D00][000001FCA8536340 49] LinuxServer, [000001FCA9D30200][000001FCA853A600 49] LinuxAArch64Server, [000001FCA9D55000][000001FCA853E8C0 49] Android, [000001FCA9D32B00][000001FCA851AB40 49] Android_Low, [000001FCA9D56100][000001FCA8542DC0 49] Android_Mid, [000001FCA9D30100][000001FCA854B080 49] Android_High, [000001FCA9D55900][000001FC9C4A5340 49] Android_Default, [000001FCA9D30800][000001FC9C4A9600 49] Android_Adreno4xx, [000001FCA9D55500][000001FC9C4AD8C0 49] Android_Adreno5xx_Low, [000001FCA9D30E00][000001FC9C4B1B80 49] Android_Adreno5xx, [000001FCA9D56000][000001FC9C4B42C0 49] Android_Adreno6xx, [000001FCA9D30600][000001FC9C4B8580 49] Android_Adreno6xx_Vulkan, [000001FCA9D54900][000001FC9C4BC840 49] Android_Mali_T6xx, [000001FCA9D30D00][000001FC9C4C0B00 49] Android_Mali_T7xx, [000001FCA9D57100][000001FCA8546D80 49] Android_Mali_T8xx, [000001FCA9D31600][000001FC9C4C9040 49] Android_Mali_G71, [000001FCA9D56A00][000001FC9C4CD300 49] Android_Mali_G72, [000001FCA9D30400][000001FC9C4D15C0 49] Android_Mali_G72_Vulkan, [000001FCA9D56C00][000001FC9C4D5880 49] Android_Mali_G76, [000001FCA9D33800][000001FC9C4D9B40 49] Android_Mali_G76_Vulkan, [000001FCA9DB8300][000001FC9C4DC280 49] Android_Mali_G77, [000001FCA9D83600][000001FC9C4E0540 49] Android_Mali_G77_Vulkan, [000001FCA9DBA300][000001FC9C4E4800 49] Android_Mali_G78, [000001FCA9D81100][000001FC9C4E8AC0 49] Android_Mali_G78_Vulkan, [000001FCA9DBB400][000001FC9C4C4D40 49] Android_Mali_G710, [000001FCA9D82D00][000001FC9C4ECFC0 49] Android_Mali_G710_Vulkan, [000001FCA9DB8800][000001FC9C4F5280 49] Android_Vulkan_SM5, [000001FCA9D83A00][000001FC9C4F9540 49] Android_PowerVR_G6xxx, [000001FCA9DBAD00][000001FC9C4FD800 49] Android_PowerVR_GT7xxx, [000001FCA9D81A00][000001FC9C501AC0 49] Android_PowerVR_GE8xxx, [000001FCA9DBAC00][000001FC9C504200 49] Android_PowerVR_GM9xxx, [000001FCA9D83100][000001FC9C5084C0 49] Android_PowerVR_GM9xxx_Vulkan, [000001FCA9DB8700][000001FC9C50C780 49] Android_TegraK1, [000001FCA9D81000][000001FC9C510A40 49] Android_Unknown_Vulkan, [000001FCA9DBBD00][000001FC9C514D00 49] Lumin, [000001FCA9D81600][000001FC9C4F0F80 49] Lumin_Desktop, [000001FCA9DB9C00][000001FC9C519200 49] HoloLens, 
[2022.11.25-16.50.39:283][  0]LogMeshReduction: Using QuadricMeshReduction for automatic static mesh reduction
[2022.11.25-16.50.39:283][  0]LogMeshReduction: Using SimplygonMeshReduction for automatic skeletal mesh reduction
[2022.11.25-16.50.39:283][  0]LogMeshReduction: Using ProxyLODMeshReduction for automatic mesh merging
[2022.11.25-16.50.39:283][  0]LogMeshReduction: No distributed automatic mesh merging module available
[2022.11.25-16.50.39:283][  0]LogMeshMerging: No distributed automatic mesh merging module available
[2022.11.25-16.50.39:367][  0]LogNetVersion: SideScroller_V422_Fall2019 1.0.0, NetCL: 17155196, EngineNetVer: 17, GameNetVer: 0 (Checksum: 1441273239)
[2022.11.25-16.50.39:539][  0]LogTexture: Default maximum texture size for cubemaps generated from long-lat sources has been changed from 512 to unlimited. In order to preserve old behaiour for '/Engine/MapTemplates/Sky/DaylightAmbientCubemap.DaylightAmbientCubemap', its maximum texture size has been explicitly set to 512.
[2022.11.25-16.50.39:578][  0]LogHMD: PokeAHoleMaterial loaded successfully
[2022.11.25-16.50.39:647][  0]LogMoviePlayer: Initializing movie player
[2022.11.25-16.50.39:714][  0]LogPython: Using Python 3.7.7
[2022.11.25-16.50.39:992][  0]LogTcpMessaging: Initializing TcpMessaging bridge
[2022.11.25-16.50.39:995][  0]LogUdpMessaging: Initializing bridge on interface 0.0.0.0:0 to multicast group 230.0.0.1:6666.
[2022.11.25-16.50.40:073][  0]LogCollectionManager: Loaded 0 collections in 0.001496 seconds
[2022.11.25-16.50.40:077][  0]LogFileCache: Scanning file cache for directory 'C:/Users/gizem/Downloads/SideScroller_V422/SideScroller_V422/SideScroller_V422/Saved/Collections/' took 0.00s
[2022.11.25-16.50.40:077][  0]LogFileCache: Scanning file cache for directory 'C:/Users/gizem/Downloads/SideScroller_V422/SideScroller_V422/SideScroller_V422/Content/Developers/gizem/Collections/' took 0.00s
[2022.11.25-16.50.40:077][  0]LogFileCache: Scanning file cache for directory 'C:/Users/gizem/Downloads/SideScroller_V422/SideScroller_V422/SideScroller_V422/Content/Collections/' took 0.00s
[2022.11.25-16.50.40:077][  0]LogCollectionManager: Fixed up redirectors for 0 collections in 0.000001 seconds (updated 0 objects)
[2022.11.25-16.50.40:122][  0]LogNiagaraDebuggerClient: Niagara Debugger Client Initialized | Session: 187A6F1549B82613CD11EBB5421C3AE8 | Instance: 4510FAB046D5EACA8ED8DFA4B34C4271 (MSI-35108).
[2022.11.25-16.50.40:225][  0]LogOpenImageDenoise: OIDN starting up
[2022.11.25-16.50.40:249][  0]LogAndroidPermission: UAndroidPermissionCallbackProxy::GetInstance
[2022.11.25-16.50.40:262][  0]LogAudioCaptureCore: Display: No Audio Capture implementations found. Audio input will be silent.
[2022.11.25-16.50.40:262][  0]LogAudioCaptureCore: Display: No Audio Capture implementations found. Audio input will be silent.
[2022.11.25-16.50.40:301][  0]SourceControl: Source control is disabled
[2022.11.25-16.50.40:301][  0]SourceControl: Source control is disabled
[2022.11.25-16.50.40:303][  0]SourceControl: Source control is disabled
[2022.11.25-16.50.40:309][  0]LogUProjectInfo: Found projects:
[2022.11.25-16.50.40:346][  0]LogOcInput: OculusInput pre-init called
[2022.11.25-16.50.40:351][  0]LogUObjectArray: 22163 objects as part of root set at end of initial load.
[2022.11.25-16.50.40:351][  0]LogUObjectAllocator: 5993712 out of 0 bytes used by permanent object pool.
[2022.11.25-16.50.40:351][  0]LogUObjectArray: CloseDisregardForGC: 0/0 objects in disregard for GC pool
[2022.11.25-16.50.40:387][  0]LogEngine: Initializing Engine...
[2022.11.25-16.50.40:391][  0]LogHMD: Failed to enumerate extensions. Please check that you have a valid OpenXR runtime installed.
[2022.11.25-16.50.40:391][  0]LogHMD: Failed to initialize OpenVR with code 110
[2022.11.25-16.50.40:391][  0]LogMagicLeap: Warning: VR disabled because ZI is not enabled.  To enable, in the editor, Edit -> Project Settings -> Plugins -> Magic Leap Plugin -> Enable Zero Iteration
[2022.11.25-16.50.40:391][  0]LogStats: UGameplayTagsManager::InitializeManager -  0.000 s
[2022.11.25-16.50.40:457][  0]LogInit: Initializing FReadOnlyCVARCache
[2022.11.25-16.50.40:457][  0]LogAudio: Display: Initializing Audio Device Manager...
[2022.11.25-16.50.40:460][  0]LogAudio: Display: Loading Default Audio Settings Objects...
[2022.11.25-16.50.40:460][  0]LogAudio: Display: No default SoundConcurrencyObject specified (or failed to load).
[2022.11.25-16.50.40:460][  0]LogAudio: Display: Audio Device Manager Initialized
[2022.11.25-16.50.40:460][  0]LogAudio: Display: Creating Audio Device:                 Id: 1, Scope: Shared, Realtime: True
[2022.11.25-16.50.40:460][  0]LogAudioMixer: Display: Audio Mixer Platform Settings:
[2022.11.25-16.50.40:460][  0]LogAudioMixer: Display: 	Sample Rate:						  48000
[2022.11.25-16.50.40:460][  0]LogAudioMixer: Display: 	Callback Buffer Frame Size Requested: 1024
[2022.11.25-16.50.40:460][  0]LogAudioMixer: Display: 	Callback Buffer Frame Size To Use:	  1024
[2022.11.25-16.50.40:460][  0]LogAudioMixer: Display: 	Number of buffers to queue:			  2
[2022.11.25-16.50.40:460][  0]LogAudioMixer: Display: 	Max Channels (voices):				  32
[2022.11.25-16.50.40:461][  0]LogAudioMixer: Display: 	Number of Async Source Workers:		  0
[2022.11.25-16.50.40:461][  0]LogAudio: Display: AudioDevice MaxSources: 32
[2022.11.25-16.50.40:461][  0]LogAudio: Display: Audio Spatialization Plugin: None (built-in).
[2022.11.25-16.50.40:461][  0]LogAudio: Display: Audio Reverb Plugin: None (built-in).
[2022.11.25-16.50.40:461][  0]LogAudio: Display: Audio Occlusion Plugin: None (built-in).
[2022.11.25-16.50.40:461][  0]LogAudioMixer: Display: Initializing audio mixer.
[2022.11.25-16.50.40:494][  0]LogAudioMixer: Display: 0: FrontLeft
[2022.11.25-16.50.40:494][  0]LogAudioMixer: Display: 1: FrontRight
[2022.11.25-16.50.40:578][  0]LogAudioMixer: Display: Using Audio Device Headphones (Realtek(R) Audio)
[2022.11.25-16.50.40:580][  0]LogAudioMixer: Display: Initializing Sound Submixes...
[2022.11.25-16.50.40:581][  0]LogAudioMixer: Display: Creating Master Submix 'MasterSubmixDefault'
[2022.11.25-16.50.40:581][  0]LogAudioMixer: Display: Creating Master Submix 'MasterReverbSubmixDefault'
[2022.11.25-16.50.40:582][  0]LogAudioMixer: Display: Creating Master Submix 'MasterEQSubmixDefault'
[2022.11.25-16.50.40:582][  0]LogAudioMixer: FMixerPlatformXAudio2::StartAudioStream() called
[2022.11.25-16.50.40:582][  0]LogAudioMixer: Display: Output buffers initialized: Frames=1024, Channels=2, Samples=2048
[2022.11.25-16.50.40:583][  0]LogAudioMixer: Display: Starting AudioMixerPlatformInterface::RunInternal()
[2022.11.25-16.50.40:583][  0]LogAudioMixer: Display: FMixerPlatformXAudio2::SubmitBuffer() called for the first time
[2022.11.25-16.50.40:583][  0]LogInit: FAudioDevice initialized.
[2022.11.25-16.50.40:584][  0]LogNetVersion: Set ProjectVersion to 1.0.0.0. Version Checksum will be recalculated on next use.
[2022.11.25-16.50.40:585][  0]LogInit: Texture streaming: Enabled
[2022.11.25-16.50.40:628][  0]LogAudio: Display: Audio Device (ID: 1) registered with world 'Untitled'.
[2022.11.25-16.50.40:629][  0]LogSlate: Updating window title bar state: overlay mode, drag disabled, window buttons hidden, title bar hidden
[2022.11.25-16.50.40:630][  0]LogInit: Display: Game Engine Initialized.
[2022.11.25-16.50.40:630][  0]LogNiagaraEditor: GEditor isn't valid! Particle reset commands will not work for Niagara components!
[2022.11.25-16.50.40:714][  0]LogInit: Display: Starting Game.
[2022.11.25-16.50.40:714][  0]LogNet: Browse: /Game/SideScrollerBP/Maps/SideScrollerExampleMap?Name=Player
[2022.11.25-16.50.40:715][  0]LogLoad: LoadMap: /Game/SideScrollerBP/Maps/SideScrollerExampleMap?Name=Player
[2022.11.25-16.50.40:715][  0]LogWorld: BeginTearingDown for /Temp/Untitled_0
[2022.11.25-16.50.40:716][  0]LogWorld: UWorld::CleanupWorld for Untitled, bSessionEnded=true, bCleanupResources=true
[2022.11.25-16.50.40:716][  0]LogSlate: InvalidateAllWidgets triggered.  All widgets were invalidated
[2022.11.25-16.50.40:724][  0]LogAudio: Display: Audio Device unregistered from world 'None'.
[2022.11.25-16.50.40:726][  0]LogUObjectHash: Compacting FUObjectHashTables data took   0.44ms
[2022.11.25-16.50.40:807][  0]LogBlueprint: Warning: [AssetLog] C:\Users\gizem\Downloads\SideScroller_V422\SideScroller_V422\SideScroller_V422\Content\Custom_Blueprints\Puzzle_Elements\Sphere_Door.uasset: [Compiler] OnComponentBeginOverlap (Box)  does not have a valid matching component!
[2022.11.25-16.50.41:258][  0]LogSkeletalMesh: Display: [AssetLog] C:\Users\gizem\Downloads\SideScroller_V422\SideScroller_V422\SideScroller_V422\Content\Custom_Assets\Hazards\Bat\Model\Bat_Enemy.uasset: Find and fix some bad tangent! please re-import this skeletal mesh asset to fix the issue. The shading of the skeletal mesh will be bad and faceted.
[2022.11.25-16.50.41:310][  0]LogSkeletalMesh: Display: [AssetLog] C:\Users\gizem\Downloads\SideScroller_V422\SideScroller_V422\SideScroller_V422\Content\Custom_Assets\Utility\Flag\Flag.uasset: Find and fix some bad tangent! please re-import this skeletal mesh asset to fix the issue. The shading of the skeletal mesh will be bad and faceted.
[2022.11.25-16.50.41:348][  0]LogAudio: Display: Audio Device (ID: 1) registered with world 'SideScrollerExampleMap'.
[2022.11.25-16.50.41:356][  0]LogAIModule: Creating AISystem for world SideScrollerExampleMap
[2022.11.25-16.50.41:358][  0]LogLoad: Game class is 'SideScrollerGameMode_C'
[2022.11.25-16.50.41:378][  0]LogWorld: Bringing World /Game/SideScrollerBP/Maps/SideScrollerExampleMap.SideScrollerExampleMap up for play (max tick rate 0) at 2022.11.25-11.50.41
[2022.11.25-16.50.41:382][  0]LogWorld: Bringing up level for play took: 0.022393
[2022.11.25-16.50.41:385][  0]LogLoad: Took 0.669859 seconds to LoadMap(/Game/SideScrollerBP/Maps/SideScrollerExampleMap)
[2022.11.25-16.50.41:441][  0]LogSlate: Took 0.000309 seconds to synchronously load lazily loaded font '../../../Engine/Content/Slate/Fonts/Roboto-Regular.ttf' (155K)
[2022.11.25-16.50.41:470][  0]LogRenderer: Reallocating scene render targets to support 1280x720 Format 10 NumSamples 1 (Frame:1).
[2022.11.25-16.50.41:470][  0]LogInit: Display: Engine is initialized. Leaving FEngineLoop::Init()
[2022.11.25-16.50.41:471][  0]LogLoad: (Engine Initialization) Total time: 5.06 seconds
[2022.11.25-16.50.41:471][  0]LogLoad: (Engine Initialization) Total Blueprint compile time: 0.00 seconds
[2022.11.25-16.50.41:482][  0]LogContentStreaming: Texture pool size now 1000 MB
[2022.11.25-16.50.41:485][  0]LogSlate: InvalidateAllWidgets triggered.  All widgets were invalidated
[2022.11.25-16.50.41:522][  0]LogRenderer: Reallocating scene render targets to support 128x128 Format 10 NumSamples 1 (Frame:1).
[2022.11.25-16.50.41:558][  0]LogRenderer: Reallocating scene render targets to support 1280x720 Format 10 NumSamples 1 (Frame:2).
[2022.11.25-16.50.41:575][  1]LogSlate: Took 0.000177 seconds to synchronously load lazily loaded font '../../../Engine/Content/Slate/Fonts/Roboto-Regular.ttf' (155K)
[2022.11.25-16.52.37:078][239]LogCharacterMovement: SideScrollerCharacter_78 is stuck and failed to move! Velocity: X=0.00 Y=-600.00 Z=0.00 Location: X=1200.00 Y=-9169.24 Z=588.15 Normal: X=-0.05 Y=1.00 Z=0.00 PenetrationDepth:2.505 Actor:Enemy_Bat_Wave2 Component:SkeletalMeshComponent0 BoneName:MarineRibcage001 (0 other events since notify)
[2022.11.25-16.52.38:165][697]LogCharacterMovement: SideScrollerCharacter_78 is stuck and failed to move! Velocity: X=0.00 Y=-181.85 Z=0.00 Location: X=1200.00 Y=-9106.63 Z=586.09 Normal: X=-0.01 Y=0.89 Z=-0.45 PenetrationDepth:1.398 Actor:Enemy_Bat_Wave2 Component:SkeletalMeshComponent0 BoneName:MarinePelvis (7 other events since notify)
[2022.11.25-16.54.29:422][701]LogBlueprintUserMessages: [SideScrollerCharacter_78] true
[2022.11.25-16.56.07:393][954]LogCharacterMovement: SideScrollerCharacter_78 is stuck and failed to move! Velocity: X=0.00 Y=-459.77 Z=0.00 Location: X=1200.00 Y=-9427.36 Z=588.15 Normal: X=-0.05 Y=1.00 Z=0.00 PenetrationDepth:2.494 Actor:Enemy_Bat_Wave2 Component:SkeletalMeshComponent0 BoneName:MarineRibcage001 (9 other events since notify)
[2022.11.25-16.56.36:796][313]LogCharacterMovement: SideScrollerCharacter_78 is stuck and failed to move! Velocity: X=0.00 Y=379.01 Z=0.00 Location: X=1200.00 Y=-17300.91 Z=207.39 Normal: X=0.01 Y=0.92 Z=-0.40 PenetrationDepth:3.474 Actor:Enemy_Bat_Wave3 Component:SkeletalMeshComponent0 BoneName:MarinePelvis (5 other events since notify)
[2022.11.25-16.57.46:365][363]LogBlueprintUserMessages: [SideScrollerCharacter_78] true
[2022.11.25-16.57.46:365][363]PIE: Warning: Mobility of /Game/SideScrollerBP/Maps/SideScrollerExampleMap.SideScrollerExampleMap:PersistentLevel.Ladder_2 : StaticMeshComponent0 has to be 'Movable' if you'd like to move. 
[2022.11.25-16.57.46:365][363]PIE: Warning: AttachTo: '/Game/SideScrollerBP/Maps/SideScrollerExampleMap.SideScrollerExampleMap:PersistentLevel.SideScrollerCharacter_78.ItemHold' is not static  (in blueprint "SideScrollerCharacter"), cannot attach '/Game/SideScrollerBP/Maps/SideScrollerExampleMap.SideScrollerExampleMap:PersistentLevel.Ladder_2.StaticMeshComponent0' which is static to it. Aborting.
