Log file open, 11/25/22 15:34:43
LogWindows: Failed to load 'aqProf.dll' (GetLastError=126)
LogWindows: File 'aqProf.dll' does not exist
LogWindows: Failed to load 'VtuneApi.dll' (GetLastError=126)
LogWindows: File 'VtuneApi.dll' does not exist
LogWindows: Failed to load 'VtuneApi32e.dll' (GetLastError=126)
LogWindows: File 'VtuneApi32e.dll' does not exist
LogConsoleResponse: Display: Failed to find resolution value strings in scalability ini. Falling back to default.
LogConsoleResponse: Display: Failed to find resolution value strings in scalability ini. Falling back to default.
LogInit: Display: Running engine for game: SideScroller_V422_Fall2019
LogPlatformFile: Not using cached read wrapper
LogTaskGraph: Started task graph with 5 named threads and 59 total threads with 3 sets of task threads.
LogStats: Stats thread started at 0.234800
LogICUInternationalization: ICU TimeZone Detection - Raw Offset: -5:00, Platform Override: ''
LogInit: Display: Loading text-based GConfig....
LogPluginManager: Mounting plugin MeshPainting
LogPluginManager: Mounting plugin XGEController
LogPluginManager: Mounting plugin Paper2D
LogPluginManager: Mounting plugin LiveLink
LogPluginManager: Mounting plugin AISupport
LogPluginManager: Mounting plugin LightPropagationVolume
LogPluginManager: Mounting plugin EnvironmentQueryEditor
LogPluginManager: Mounting plugin CameraShakePreviewer
LogPluginManager: Mounting plugin OodleData
LogPluginManager: Mounting plugin GameplayCameras
LogPluginManager: Mounting plugin CodeLiteSourceCodeAccess
LogPluginManager: Mounting plugin AnimationSharing
LogPluginManager: Mounting plugin CLionSourceCodeAccess
LogPluginManager: Mounting plugin KDevelopSourceCodeAccess
LogPluginManager: Mounting plugin NullSourceCodeAccess
LogPluginManager: Mounting plugin OodleNetwork
LogPluginManager: Mounting plugin PerforceSourceControl
LogPluginManager: Mounting plugin PixWinPlugin
LogPluginManager: Mounting plugin PluginUtils
LogPluginManager: Mounting plugin PlasticSourceControl
LogPluginManager: Mounting plugin GitSourceControl
LogPluginManager: Mounting plugin PropertyAccessNode
LogPluginManager: Mounting plugin DatasmithContent
LogPluginManager: Mounting plugin VariantManagerContent
LogPluginManager: Mounting plugin RiderSourceCodeAccess
LogPluginManager: Mounting plugin TextureFormatOodle
LogPluginManager: Mounting plugin SubversionSourceControl
LogPluginManager: Mounting plugin UObjectPlugin
LogPluginManager: Mounting plugin VisualStudioCodeSourceCodeAccess
LogPluginManager: Mounting plugin VisualStudioSourceCodeAccess
LogPluginManager: Mounting plugin XCodeSourceCodeAccess
LogPluginManager: Mounting plugin AssetManagerEditor
LogPluginManager: Mounting plugin CryptoKeys
LogPluginManager: Mounting plugin CurveEditorTools
LogPluginManager: Mounting plugin DataValidation
LogPluginManager: Mounting plugin FacialAnimation
LogPluginManager: Mounting plugin GameplayTagsEditor
LogPluginManager: Mounting plugin GeometryMode
LogPluginManager: Mounting plugin SpeedTreeImporter
LogPluginManager: Mounting plugin MacGraphicsSwitching
LogPluginManager: Mounting plugin PluginBrowser
LogPluginManager: Mounting plugin AutomationUtils
LogPluginManager: Mounting plugin MobileLauncherProfileWizard
LogPluginManager: Mounting plugin AlembicImporter
LogPluginManager: Mounting plugin MaterialAnalyzer
LogPluginManager: Mounting plugin ChaosCloth
LogPluginManager: Mounting plugin ChaosNiagara
LogPluginManager: Mounting plugin ChaosEditor
LogPluginManager: Mounting plugin ChaosSolverPlugin
LogPluginManager: Mounting plugin BackChannel
LogPluginManager: Mounting plugin ChaosClothEditor
LogPluginManager: Mounting plugin CharacterAI
LogPluginManager: Mounting plugin Niagara
LogPluginManager: Mounting plugin GeometryCache
LogPluginManager: Mounting plugin GeometryCollectionPlugin
LogPluginManager: Mounting plugin GeometryProcessing
LogPluginManager: Mounting plugin MotoSynth
LogPluginManager: Mounting plugin OpenImageDenoise
LogPluginManager: Mounting plugin PlanarCut
LogPluginManager: Mounting plugin PlatformCrypto
LogPluginManager: Mounting plugin ProxyLODPlugin
LogPluginManager: Mounting plugin PythonScriptPlugin
LogPluginManager: Mounting plugin SkeletalReduction
LogPluginManager: Mounting plugin LuminPlatformFeatures
LogPluginManager: Mounting plugin MagicLeap
LogPluginManager: Mounting plugin MagicLeapLightEstimation
LogPluginManager: Mounting plugin MagicLeapMedia
LogPluginManager: Mounting plugin MagicLeapPassableWorld
LogPluginManager: Mounting plugin MLSDK
LogPluginManager: Mounting plugin UdpMessaging
LogPluginManager: Mounting plugin OnlineSubsystemNull
LogPluginManager: Mounting plugin TcpMessaging
LogPluginManager: Mounting plugin OnlineSubsystem
LogPluginManager: Mounting plugin OnlineSubsystemUtils
LogPluginManager: Mounting plugin AndroidMedia
LogPluginManager: Mounting plugin AvfMedia
LogPluginManager: Mounting plugin ImgMedia
LogPluginManager: Mounting plugin MediaCompositing
LogPluginManager: Mounting plugin WebMMedia
LogPluginManager: Mounting plugin WmfMedia
LogPluginManager: Mounting plugin ActorLayerUtilities
LogPluginManager: Mounting plugin AndroidPermission
LogPluginManager: Mounting plugin AndroidMoviePlayer
LogPluginManager: Mounting plugin ApexDestruction
LogPluginManager: Mounting plugin ArchVisCharacter
LogPluginManager: Mounting plugin AppleMoviePlayer
LogPluginManager: Mounting plugin AndroidDeviceProfileSelector
LogPluginManager: Mounting plugin MediaPlayerEditor
LogPluginManager: Mounting plugin CableComponent
LogPluginManager: Mounting plugin ChunkDownloader
LogPluginManager: Mounting plugin AppleImageUtils
LogPluginManager: Mounting plugin CustomMeshComponent
LogPluginManager: Mounting plugin AudioSynesthesia
LogPluginManager: Mounting plugin EditableMesh
LogPluginManager: Mounting plugin ExampleDeviceProfileSelector
LogPluginManager: Mounting plugin AssetTags
LogPluginManager: Mounting plugin LevelSequenceEditor
LogPluginManager: Mounting plugin MatineeToLevelSequence
LogPluginManager: Mounting plugin LauncherChunkInstaller
LogPluginManager: Mounting plugin ActorSequence
LogPluginManager: Mounting plugin AudioCapture
LogPluginManager: Mounting plugin TemplateSequence
LogPluginManager: Mounting plugin Takes
LogPluginManager: Mounting plugin ScreenshotTools
LogPluginManager: Mounting plugin GoogleCloudMessaging
LogPluginManager: Mounting plugin LocationServicesBPLibrary
LogPluginManager: Mounting plugin IOSDeviceProfileSelector
LogPluginManager: Mounting plugin LinuxDeviceProfileSelector
LogPluginManager: Mounting plugin GooglePAD
LogPluginManager: Mounting plugin OpenXREyeTracker
LogPluginManager: Mounting plugin MobilePatchingUtils
LogPluginManager: Mounting plugin OpenXR
LogPluginManager: Mounting plugin PostSplashScreen
LogPluginManager: Mounting plugin ProceduralMeshComponent
LogPluginManager: Mounting plugin RuntimePhysXCooking
LogPluginManager: Mounting plugin PropertyAccessEditor
LogPluginManager: Mounting plugin SignificanceManager
LogPluginManager: Mounting plugin SoundFields
LogPluginManager: Mounting plugin PhysXVehicles
LogPluginManager: Mounting plugin OpenXRHandTracking
LogPluginManager: Mounting plugin WebMMoviePlayer
LogPluginManager: Mounting plugin Synthesis
LogPluginManager: Mounting plugin WindowsMoviePlayer
LogPluginManager: Mounting plugin ContentBrowserClassDataSource
LogPluginManager: Mounting plugin ContentBrowserAssetDataSource
LogPluginManager: Mounting plugin ContentBrowserFileDataSource
LogPluginManager: Mounting plugin OnlineSubsystemGooglePlay
LogPluginManager: Mounting plugin OnlineSubsystemIOS
LogPluginManager: Mounting plugin OculusVR
LogPluginManager: Mounting plugin SteamVR
PixWinPlugin: PIX capture plugin failed to initialize! Check that the process is launched from PIX.
LogInit: Using libcurl 7.55.1-DEV
LogInit:  - built for x86_64-pc-win32
LogInit:  - supports SSL with OpenSSL/1.1.1
LogInit:  - supports HTTP deflate (compression) using libz 1.2.8
LogInit:  - other features:
LogInit:      CURL_VERSION_SSL
LogInit:      CURL_VERSION_LIBZ
LogInit:      CURL_VERSION_IPV6
LogInit:      CURL_VERSION_ASYNCHDNS
LogInit:      CURL_VERSION_LARGEFILE
LogInit:      CURL_VERSION_IDN
LogInit:  CurlRequestOptions (configurable via config and command line):
LogInit:  - bVerifyPeer = true  - Libcurl will verify peer certificate
LogInit:  - bUseHttpProxy = false  - Libcurl will NOT use HTTP proxy
LogInit:  - bDontReuseConnections = false  - Libcurl will reuse connections
LogInit:  - MaxHostConnections = 16  - Libcurl will limit the number of connections to a host
LogInit:  - LocalHostAddr = Default
LogInit:  - BufferSize = 65536
LogOnline: OSS: Creating online subsystem instance for: NULL
LogInit: WinSock: version 1.1 (2.2), MaxSocks=32767, MaxUdp=65467
LogOnline: OSS: TryLoadSubsystemAndSetDefault: Loaded subsystem for module [NULL]
LogOculusPluginWrapper: OculusPlugin initialized successfully
LogHMD: Failed initializing OVRPlugin 1.59.0
LogInit: Build: ++UE4+Release-4.27-CL-18319896
LogInit: Engine Version: 4.27.2-18319896+++UE4+Release-4.27
LogInit: Compatible Engine Version: 4.27.0-17155196+++UE4+Release-4.27
LogInit: Net CL: 17155196
LogInit: OS: Windows 10 (Release 2009) (), CPU: 12th Gen Intel(R) Core(TM) i9-12900H, GPU: Intel(R) Iris(R) Xe Graphics
LogInit: Compiled (64-bit): Nov 30 2021 07:12:08
LogInit: Compiled with Visual C++: 19.24.28315.00
LogInit: Build Configuration: Development
LogInit: Branch Name: ++UE4+Release-4.27
LogInit: Command Line:  /Game/SideScrollerBP/Maps/SideScrollerExampleMap -game -PIEVIACONSOLE -Multiprocess GameUserSettingsINI=C:/Users/gizem/Downloads/SideScroller_V422/SideScroller_V422/SideScroller_V422/Saved/Config/Windows/PIEGameUserSettings0.ini -MultiprocessSaveConfig -forcepassthrough -messaging -SessionName="Play in Standalone Game" -windowed -WinX=315 -WinY=179 SAVEWINPOS=1 -ResX=1280 -ResY=720
LogInit: Base Directory: C:/Program Files/Epic Games/UE_4.27/Engine/Binaries/Win64/
LogInit: Allocator: TBB
LogInit: Installed Engine Build: 1
LogDevObjectVersion: Number of dev versions registered: 29
LogDevObjectVersion:   Dev-Blueprints (B0D832E4-1F89-4F0D-ACCF-7EB736FD4AA2): 10
LogDevObjectVersion:   Dev-Build (E1C64328-A22C-4D53-A36C-8E866417BD8C): 0
LogDevObjectVersion:   Dev-Core (375EC13C-06E4-48FB-B500-84F0262A717E): 4
LogDevObjectVersion:   Dev-Editor (E4B068ED-F494-42E9-A231-DA0B2E46BB41): 40
LogDevObjectVersion:   Dev-Framework (CFFC743F-43B0-4480-9391-14DF171D2073): 37
LogDevObjectVersion:   Dev-Mobile (B02B49B5-BB20-44E9-A304-32B752E40360): 3
LogDevObjectVersion:   Dev-Networking (A4E4105C-59A1-49B5-A7C5-40C4547EDFEE): 0
LogDevObjectVersion:   Dev-Online (39C831C9-5AE6-47DC-9A44-9C173E1C8E7C): 0
LogDevObjectVersion:   Dev-Physics (78F01B33-EBEA-4F98-B9B4-84EACCB95AA2): 14
LogDevObjectVersion:   Dev-Platform (6631380F-2D4D-43E0-8009-CF276956A95A): 0
LogDevObjectVersion:   Dev-Rendering (12F88B9F-8875-4AFC-A67C-D90C383ABD29): 45
LogDevObjectVersion:   Dev-Sequencer (7B5AE74C-D270-4C10-A958-57980B212A5A): 13
LogDevObjectVersion:   Dev-VR (D7296918-1DD6-4BDD-9DE2-64A83CC13884): 3
LogDevObjectVersion:   Dev-LoadTimes (C2A15278-BFE7-4AFE-6C17-90FF531DF755): 1
LogDevObjectVersion:   Private-Geometry (6EACA3D4-40EC-4CC1-B786-8BED09428FC5): 3
LogDevObjectVersion:   Dev-AnimPhys (29E575DD-E0A3-4627-9D10-D276232CDCEA): 17
LogDevObjectVersion:   Dev-Anim (AF43A65D-7FD3-4947-9873-3E8ED9C1BB05): 15
LogDevObjectVersion:   Dev-ReflectionCapture (6B266CEC-1EC7-4B8F-A30B-E4D90942FC07): 1
LogDevObjectVersion:   Dev-Automation (0DF73D61-A23F-47EA-B727-89E90C41499A): 1
LogDevObjectVersion:   FortniteMain (601D1886-AC64-4F84-AA16-D3DE0DEAC7D6): 47
LogDevObjectVersion:   FortniteRelease (E7086368-6B23-4C58-8439-1B7016265E91): 1
LogDevObjectVersion:   Dev-Enterprise (9DFFBCD6-494F-0158-E221-12823C92A888): 10
LogDevObjectVersion:   Dev-Niagara (F2AED0AC-9AFE-416F-8664-AA7FFA26D6FC): 1
LogDevObjectVersion:   Dev-Destruction (174F1F0B-B4C6-45A5-B13F-2EE8D0FB917D): 10
LogDevObjectVersion:   Dev-Physics-Ext (35F94A83-E258-406C-A318-09F59610247C): 41
LogDevObjectVersion:   Dev-PhysicsMaterial-Chaos (B68FC16E-8B1B-42E2-B453-215C058844FE): 1
LogDevObjectVersion:   Dev-CineCamera (B2E18506-4273-CFC2-A54E-F4BB758BBA07): 1
LogDevObjectVersion:   Dev-VirtualProduction (64F58936-FD1B-42BA-BA96-7289D5D0FA4E): 1
LogDevObjectVersion:   Dev-MediaFramework (6F0ED827-A609-4895-9C91-998D90180EA4): 2
LogInit: Presizing for max 25165824 objects, including 0 objects not considered by GC, pre-allocating 0 bytes for permanent pool.
LogConfig: Applying CVar settings from Section [/Script/Engine.StreamingSettings] File [C:/Users/gizem/Downloads/SideScroller_V422/SideScroller_V422/SideScroller_V422/Saved/Config/Windows/Engine.ini]
LogConfig: Setting CVar [[s.MinBulkDataSizeForAsyncLoading:131072]]
LogConfig: Setting CVar [[s.AsyncLoadingThreadEnabled:0]]
LogConfig: Setting CVar [[s.EventDrivenLoaderEnabled:1]]
LogConfig: Setting CVar [[s.WarnIfTimeLimitExceeded:0]]
LogConfig: Setting CVar [[s.TimeLimitExceededMultiplier:1.5]]
LogConfig: Setting CVar [[s.TimeLimitExceededMinTime:0.005]]
LogConfig: Setting CVar [[s.UseBackgroundLevelStreaming:1]]
LogConfig: Setting CVar [[s.PriorityAsyncLoadingExtraTime:15.0]]
LogConfig: Setting CVar [[s.LevelStreamingActorsUpdateTimeLimit:5.0]]
LogConfig: Setting CVar [[s.PriorityLevelStreamingActorsUpdateExtraTime:5.0]]
LogConfig: Setting CVar [[s.LevelStreamingComponentsRegistrationGranularity:10]]
LogConfig: Setting CVar [[s.UnregisterComponentsTimeLimit:1.0]]
LogConfig: Setting CVar [[s.LevelStreamingComponentsUnregistrationGranularity:5]]
LogConfig: Setting CVar [[s.FlushStreamingOnExit:1]]
LogInit: Object subsystem initialized
LogConfig: Setting CVar [[con.DebugEarlyDefault:1]]
LogConfig: Setting CVar [[r.setres:1280x720]]
[2022.11.25-20.34.43:589][  0]LogConfig: Setting CVar [[con.DebugEarlyDefault:1]]
[2022.11.25-20.34.43:589][  0]LogConfig: Setting CVar [[r.setres:1280x720]]
[2022.11.25-20.34.43:589][  0]LogConfig: Applying CVar settings from Section [/Script/Engine.RendererSettings] File [C:/Users/gizem/Downloads/SideScroller_V422/SideScroller_V422/SideScroller_V422/Saved/Config/Windows/Engine.ini]
[2022.11.25-20.34.43:589][  0]LogConfig: Setting CVar [[r.GPUCrashDebugging:0]]
[2022.11.25-20.34.43:589][  0]LogConfig: Applying CVar settings from Section [/Script/Engine.RendererOverrideSettings] File [C:/Users/gizem/Downloads/SideScroller_V422/SideScroller_V422/SideScroller_V422/Saved/Config/Windows/Engine.ini]
[2022.11.25-20.34.43:589][  0]LogConfig: Applying CVar settings from Section [/Script/Engine.StreamingSettings] File [C:/Users/gizem/Downloads/SideScroller_V422/SideScroller_V422/SideScroller_V422/Saved/Config/Windows/Engine.ini]
[2022.11.25-20.34.43:589][  0]LogConfig: Setting CVar [[s.MinBulkDataSizeForAsyncLoading:131072]]
[2022.11.25-20.34.43:589][  0]LogConfig: Setting CVar [[s.AsyncLoadingThreadEnabled:0]]
[2022.11.25-20.34.43:589][  0]LogConfig: Setting CVar [[s.EventDrivenLoaderEnabled:1]]
[2022.11.25-20.34.43:589][  0]LogConfig: Setting CVar [[s.WarnIfTimeLimitExceeded:0]]
[2022.11.25-20.34.43:589][  0]LogConfig: Setting CVar [[s.TimeLimitExceededMultiplier:1.5]]
[2022.11.25-20.34.43:589][  0]LogConfig: Setting CVar [[s.TimeLimitExceededMinTime:0.005]]
[2022.11.25-20.34.43:589][  0]LogConfig: Setting CVar [[s.UseBackgroundLevelStreaming:1]]
[2022.11.25-20.34.43:589][  0]LogConfig: Setting CVar [[s.PriorityAsyncLoadingExtraTime:15.0]]
[2022.11.25-20.34.43:589][  0]LogConfig: Setting CVar [[s.LevelStreamingActorsUpdateTimeLimit:5.0]]
[2022.11.25-20.34.43:589][  0]LogConfig: Setting CVar [[s.PriorityLevelStreamingActorsUpdateExtraTime:5.0]]
[2022.11.25-20.34.43:589][  0]LogConfig: Setting CVar [[s.LevelStreamingComponentsRegistrationGranularity:10]]
[2022.11.25-20.34.43:589][  0]LogConfig: Setting CVar [[s.UnregisterComponentsTimeLimit:1.0]]
[2022.11.25-20.34.43:589][  0]LogConfig: Setting CVar [[s.LevelStreamingComponentsUnregistrationGranularity:5]]
[2022.11.25-20.34.43:589][  0]LogConfig: Setting CVar [[s.FlushStreamingOnExit:1]]
[2022.11.25-20.34.43:589][  0]LogConfig: Applying CVar settings from Section [/Script/Engine.GarbageCollectionSettings] File [C:/Users/gizem/Downloads/SideScroller_V422/SideScroller_V422/SideScroller_V422/Saved/Config/Windows/Engine.ini]
[2022.11.25-20.34.43:589][  0]LogConfig: Setting CVar [[gc.MaxObjectsNotConsideredByGC:1]]
[2022.11.25-20.34.43:589][  0]LogConfig: Setting CVar [[gc.SizeOfPermanentObjectPool:0]]
[2022.11.25-20.34.43:589][  0]LogConfig: Setting CVar [[gc.FlushStreamingOnGC:0]]
[2022.11.25-20.34.43:589][  0]LogConfig: Setting CVar [[gc.NumRetriesBeforeForcingGC:10]]
[2022.11.25-20.34.43:589][  0]LogConfig: Setting CVar [[gc.AllowParallelGC:1]]
[2022.11.25-20.34.43:589][  0]LogConfig: Setting CVar [[gc.TimeBetweenPurgingPendingKillObjects:61.1]]
[2022.11.25-20.34.43:589][  0]LogConfig: Setting CVar [[gc.MaxObjectsInEditor:25165824]]
[2022.11.25-20.34.43:589][  0]LogConfig: Setting CVar [[gc.IncrementalBeginDestroyEnabled:1]]
[2022.11.25-20.34.43:589][  0]LogConfig: Setting CVar [[gc.CreateGCClusters:1]]
[2022.11.25-20.34.43:589][  0]LogConfig: Setting CVar [[gc.MinGCClusterSize:5]]
[2022.11.25-20.34.43:589][  0]LogConfig: Setting CVar [[gc.ActorClusteringEnabled:0]]
[2022.11.25-20.34.43:589][  0]LogConfig: Setting CVar [[gc.BlueprintClusteringEnabled:0]]
[2022.11.25-20.34.43:589][  0]LogConfig: Setting CVar [[gc.UseDisregardForGCOnDedicatedServers:0]]
[2022.11.25-20.34.43:589][  0]LogConfig: Setting CVar [[gc.MultithreadedDestructionEnabled:1]]
[2022.11.25-20.34.43:589][  0]LogConfig: Applying CVar settings from Section [/Script/Engine.NetworkSettings] File [C:/Users/gizem/Downloads/SideScroller_V422/SideScroller_V422/SideScroller_V422/Saved/Config/Windows/Engine.ini]
[2022.11.25-20.34.43:589][  0]LogConfig: Applying CVar settings from Section [/Script/UnrealEd.CookerSettings] File [C:/Users/gizem/Downloads/SideScroller_V422/SideScroller_V422/SideScroller_V422/Saved/Config/Windows/Engine.ini]
[2022.11.25-20.34.43:601][  0]LogConfig: Applying CVar settings from Section [ViewDistanceQuality@3] File [C:/Users/gizem/Downloads/SideScroller_V422/SideScroller_V422/SideScroller_V422/Saved/Config/Windows/Scalability.ini]
[2022.11.25-20.34.43:601][  0]LogConfig: Setting CVar [[r.SkeletalMeshLODBias:0]]
[2022.11.25-20.34.43:601][  0]LogConfig: Setting CVar [[r.ViewDistanceScale:1.0]]
[2022.11.25-20.34.43:601][  0]LogConfig: Applying CVar settings from Section [AntiAliasingQuality@3] File [C:/Users/gizem/Downloads/SideScroller_V422/SideScroller_V422/SideScroller_V422/Saved/Config/Windows/Scalability.ini]
[2022.11.25-20.34.43:601][  0]LogConfig: Setting CVar [[r.PostProcessAAQuality:4]]
[2022.11.25-20.34.43:601][  0]LogConfig: Applying CVar settings from Section [ShadowQuality@3] File [C:/Users/gizem/Downloads/SideScroller_V422/SideScroller_V422/SideScroller_V422/Saved/Config/Windows/Scalability.ini]
[2022.11.25-20.34.43:601][  0]LogConfig: Setting CVar [[r.LightFunctionQuality:1]]
[2022.11.25-20.34.43:601][  0]LogConfig: Setting CVar [[r.ShadowQuality:5]]
[2022.11.25-20.34.43:601][  0]LogConfig: Setting CVar [[r.Shadow.CSM.MaxCascades:10]]
[2022.11.25-20.34.43:601][  0]LogConfig: Setting CVar [[r.Shadow.MaxResolution:2048]]
[2022.11.25-20.34.43:601][  0]LogConfig: Setting CVar [[r.Shadow.MaxCSMResolution:2048]]
[2022.11.25-20.34.43:601][  0]LogConfig: Setting CVar [[r.Shadow.RadiusThreshold:0.01]]
[2022.11.25-20.34.43:601][  0]LogConfig: Setting CVar [[r.Shadow.DistanceScale:1.0]]
[2022.11.25-20.34.43:601][  0]LogConfig: Setting CVar [[r.Shadow.CSM.TransitionScale:1.0]]
[2022.11.25-20.34.43:601][  0]LogConfig: Setting CVar [[r.Shadow.PreShadowResolutionFactor:1.0]]
[2022.11.25-20.34.43:601][  0]LogConfig: Setting CVar [[r.DistanceFieldShadowing:1]]
[2022.11.25-20.34.43:601][  0]LogConfig: Setting CVar [[r.DistanceFieldAO:1]]
[2022.11.25-20.34.43:601][  0]LogConfig: Setting CVar [[r.AOQuality:2]]
[2022.11.25-20.34.43:601][  0]LogConfig: Setting CVar [[r.VolumetricFog:1]]
[2022.11.25-20.34.43:601][  0]LogConfig: Setting CVar [[r.VolumetricFog.GridPixelSize:8]]
[2022.11.25-20.34.43:601][  0]LogConfig: Setting CVar [[r.VolumetricFog.GridSizeZ:128]]
[2022.11.25-20.34.43:601][  0]LogConfig: Setting CVar [[r.VolumetricFog.HistoryMissSupersampleCount:4]]
[2022.11.25-20.34.43:601][  0]LogConfig: Setting CVar [[r.LightMaxDrawDistanceScale:1]]
[2022.11.25-20.34.43:601][  0]LogConfig: Setting CVar [[r.CapsuleShadows:1]]
[2022.11.25-20.34.43:601][  0]LogConfig: Applying CVar settings from Section [PostProcessQuality@3] File [C:/Users/gizem/Downloads/SideScroller_V422/SideScroller_V422/SideScroller_V422/Saved/Config/Windows/Scalability.ini]
[2022.11.25-20.34.43:601][  0]LogConfig: Setting CVar [[r.MotionBlurQuality:4]]
[2022.11.25-20.34.43:601][  0]LogConfig: Setting CVar [[r.AmbientOcclusionMipLevelFactor:0.4]]
[2022.11.25-20.34.43:601][  0]LogConfig: Setting CVar [[r.AmbientOcclusionMaxQuality:100]]
[2022.11.25-20.34.43:601][  0]LogConfig: Setting CVar [[r.AmbientOcclusionLevels:-1]]
[2022.11.25-20.34.43:601][  0]LogConfig: Setting CVar [[r.AmbientOcclusionRadiusScale:1.0]]
[2022.11.25-20.34.43:601][  0]LogConfig: Setting CVar [[r.DepthOfFieldQuality:2]]
[2022.11.25-20.34.43:601][  0]LogConfig: Setting CVar [[r.RenderTargetPoolMin:400]]
[2022.11.25-20.34.43:601][  0]LogConfig: Setting CVar [[r.LensFlareQuality:2]]
[2022.11.25-20.34.43:601][  0]LogConfig: Setting CVar [[r.SceneColorFringeQuality:1]]
[2022.11.25-20.34.43:601][  0]LogConfig: Setting CVar [[r.EyeAdaptationQuality:2]]
[2022.11.25-20.34.43:601][  0]LogConfig: Setting CVar [[r.BloomQuality:5]]
[2022.11.25-20.34.43:601][  0]LogConfig: Setting CVar [[r.FastBlurThreshold:100]]
[2022.11.25-20.34.43:601][  0]LogConfig: Setting CVar [[r.Upscale.Quality:3]]
[2022.11.25-20.34.43:601][  0]LogConfig: Setting CVar [[r.Tonemapper.GrainQuantization:1]]
[2022.11.25-20.34.43:601][  0]LogConfig: Setting CVar [[r.LightShaftQuality:1]]
[2022.11.25-20.34.43:601][  0]LogConfig: Setting CVar [[r.Filter.SizeScale:1]]
[2022.11.25-20.34.43:601][  0]LogConfig: Setting CVar [[r.Tonemapper.Quality:5]]
[2022.11.25-20.34.43:601][  0]LogConfig: Setting CVar [[r.DOF.Gather.AccumulatorQuality:1        ; higher gathering accumulator quality]]
[2022.11.25-20.34.43:602][  0]LogConfig: Setting CVar [[r.DOF.Gather.PostfilterMethod:1          ; Median3x3 postfilering method]]
[2022.11.25-20.34.43:602][  0]LogConfig: Setting CVar [[r.DOF.Gather.EnableBokehSettings:0       ; no bokeh simulation when gathering]]
[2022.11.25-20.34.43:602][  0]LogConfig: Setting CVar [[r.DOF.Gather.RingCount:4                 ; medium number of samples when gathering]]
[2022.11.25-20.34.43:602][  0]LogConfig: Setting CVar [[r.DOF.Scatter.ForegroundCompositing:1    ; additive foreground scattering]]
[2022.11.25-20.34.43:602][  0]LogConfig: Setting CVar [[r.DOF.Scatter.BackgroundCompositing:2    ; additive background scattering]]
[2022.11.25-20.34.43:602][  0]LogConfig: Setting CVar [[r.DOF.Scatter.EnableBokehSettings:1      ; bokeh simulation when scattering]]
[2022.11.25-20.34.43:602][  0]LogConfig: Setting CVar [[r.DOF.Scatter.MaxSpriteRatio:0.1         ; only a maximum of 10% of scattered bokeh]]
[2022.11.25-20.34.43:602][  0]LogConfig: Setting CVar [[r.DOF.Recombine.Quality:1                ; cheap slight out of focus]]
[2022.11.25-20.34.43:602][  0]LogConfig: Setting CVar [[r.DOF.Recombine.EnableBokehSettings:0    ; no bokeh simulation on slight out of focus]]
[2022.11.25-20.34.43:602][  0]LogConfig: Setting CVar [[r.DOF.TemporalAAQuality:1                ; more stable temporal accumulation]]
[2022.11.25-20.34.43:602][  0]LogConfig: Setting CVar [[r.DOF.Kernel.MaxForegroundRadius:0.025]]
[2022.11.25-20.34.43:602][  0]LogConfig: Setting CVar [[r.DOF.Kernel.MaxBackgroundRadius:0.025]]
[2022.11.25-20.34.43:602][  0]LogConfig: Applying CVar settings from Section [TextureQuality@3] File [C:/Users/gizem/Downloads/SideScroller_V422/SideScroller_V422/SideScroller_V422/Saved/Config/Windows/Scalability.ini]
[2022.11.25-20.34.43:602][  0]LogConfig: Setting CVar [[r.Streaming.MipBias:0]]
[2022.11.25-20.34.43:602][  0]LogConfig: Setting CVar [[r.Streaming.AmortizeCPUToGPUCopy:0]]
[2022.11.25-20.34.43:602][  0]LogConfig: Setting CVar [[r.Streaming.MaxNumTexturesToStreamPerFrame:0]]
[2022.11.25-20.34.43:602][  0]LogConfig: Setting CVar [[r.Streaming.Boost:1]]
[2022.11.25-20.34.43:602][  0]LogConfig: Setting CVar [[r.MaxAnisotropy:8]]
[2022.11.25-20.34.43:602][  0]LogConfig: Setting CVar [[r.VT.MaxAnisotropy:8]]
[2022.11.25-20.34.43:602][  0]LogConfig: Setting CVar [[r.Streaming.LimitPoolSizeToVRAM:0]]
[2022.11.25-20.34.43:602][  0]LogConfig: Setting CVar [[r.Streaming.PoolSize:1000]]
[2022.11.25-20.34.43:602][  0]LogConfig: Setting CVar [[r.Streaming.MaxEffectiveScreenSize:0]]
[2022.11.25-20.34.43:602][  0]LogConfig: Applying CVar settings from Section [EffectsQuality@3] File [C:/Users/gizem/Downloads/SideScroller_V422/SideScroller_V422/SideScroller_V422/Saved/Config/Windows/Scalability.ini]
[2022.11.25-20.34.43:602][  0]LogConfig: Setting CVar [[r.TranslucencyLightingVolumeDim:64]]
[2022.11.25-20.34.43:602][  0]LogConfig: Setting CVar [[r.RefractionQuality:2]]
[2022.11.25-20.34.43:602][  0]LogConfig: Setting CVar [[r.SSR.Quality:3]]
[2022.11.25-20.34.43:602][  0]LogConfig: Setting CVar [[r.SSR.HalfResSceneColor:0]]
[2022.11.25-20.34.43:602][  0]LogConfig: Setting CVar [[r.SceneColorFormat:4]]
[2022.11.25-20.34.43:602][  0]LogConfig: Setting CVar [[r.DetailMode:2]]
[2022.11.25-20.34.43:602][  0]LogConfig: Setting CVar [[r.TranslucencyVolumeBlur:1]]
[2022.11.25-20.34.43:602][  0]LogConfig: Setting CVar [[r.MaterialQualityLevel:1 ; High quality]]
[2022.11.25-20.34.43:602][  0]LogConfig: Setting CVar [[r.AnisotropicMaterials:1]]
[2022.11.25-20.34.43:602][  0]LogConfig: Setting CVar [[r.SSS.Scale:1]]
[2022.11.25-20.34.43:602][  0]LogConfig: Setting CVar [[r.SSS.SampleSet:2]]
[2022.11.25-20.34.43:602][  0]LogConfig: Setting CVar [[r.SSS.Quality:1]]
[2022.11.25-20.34.43:602][  0]LogConfig: Setting CVar [[r.SSS.HalfRes:0]]
[2022.11.25-20.34.43:602][  0]LogConfig: Setting CVar [[r.SSGI.Quality:3]]
[2022.11.25-20.34.43:602][  0]LogConfig: Setting CVar [[r.EmitterSpawnRateScale:1.0]]
[2022.11.25-20.34.43:602][  0]LogConfig: Setting CVar [[r.ParticleLightQuality:2]]
[2022.11.25-20.34.43:602][  0]LogConfig: Setting CVar [[r.SkyAtmosphere.AerialPerspectiveLUT.FastApplyOnOpaque:1 ; Always have FastSkyLUT 1 in this case to avoid wrong sky]]
[2022.11.25-20.34.43:602][  0]LogConfig: Setting CVar [[r.SkyAtmosphere.AerialPerspectiveLUT.SampleCountMaxPerSlice:4]]
[2022.11.25-20.34.43:602][  0]LogConfig: Setting CVar [[r.SkyAtmosphere.AerialPerspectiveLUT.DepthResolution:16.0]]
[2022.11.25-20.34.43:602][  0]LogConfig: Setting CVar [[r.SkyAtmosphere.FastSkyLUT:1]]
[2022.11.25-20.34.43:602][  0]LogConfig: Setting CVar [[r.SkyAtmosphere.FastSkyLUT.SampleCountMin:4.0]]
[2022.11.25-20.34.43:602][  0]LogConfig: Setting CVar [[r.SkyAtmosphere.FastSkyLUT.SampleCountMax:128.0]]
[2022.11.25-20.34.43:602][  0]LogConfig: Setting CVar [[r.SkyAtmosphere.SampleCountMin:4.0]]
[2022.11.25-20.34.43:602][  0]LogConfig: Setting CVar [[r.SkyAtmosphere.SampleCountMax:128.0]]
[2022.11.25-20.34.43:602][  0]LogConfig: Setting CVar [[r.SkyAtmosphere.TransmittanceLUT.UseSmallFormat:0]]
[2022.11.25-20.34.43:602][  0]LogConfig: Setting CVar [[r.SkyAtmosphere.TransmittanceLUT.SampleCount:10.0]]
[2022.11.25-20.34.43:602][  0]LogConfig: Setting CVar [[r.SkyAtmosphere.MultiScatteringLUT.SampleCount:15.0]]
[2022.11.25-20.34.43:602][  0]LogConfig: Setting CVar [[r.SkyLight.RealTimeReflectionCapture:1]]
[2022.11.25-20.34.43:602][  0]LogConfig: Applying CVar settings from Section [FoliageQuality@3] File [C:/Users/gizem/Downloads/SideScroller_V422/SideScroller_V422/SideScroller_V422/Saved/Config/Windows/Scalability.ini]
[2022.11.25-20.34.43:602][  0]LogConfig: Setting CVar [[foliage.DensityScale:1.0]]
[2022.11.25-20.34.43:602][  0]LogConfig: Setting CVar [[grass.DensityScale:1.0]]
[2022.11.25-20.34.43:602][  0]LogConfig: Applying CVar settings from Section [ShadingQuality@3] File [C:/Users/gizem/Downloads/SideScroller_V422/SideScroller_V422/SideScroller_V422/Saved/Config/Windows/Scalability.ini]
[2022.11.25-20.34.43:602][  0]LogConfig: Setting CVar [[r.HairStrands.SkyLighting.IntegrationType:2]]
[2022.11.25-20.34.43:602][  0]LogConfig: Setting CVar [[r.HairStrands.SkyAO.SampleCount:4]]
[2022.11.25-20.34.43:602][  0]LogConfig: Setting CVar [[r.HairStrands.Visibility.MSAA.SamplePerPixel:4]]
[2022.11.25-20.34.43:602][  0]LogInit: Selected Device Profile: [Windows]
[2022.11.25-20.34.43:602][  0]LogInit: Applying CVar settings loaded from the selected device profile: [Windows]
[2022.11.25-20.34.43:602][  0]LogHAL: Display: Platform has ~ 32 GB [34050162688 / 34359738368 / 32], which maps to Largest [LargestMinGB=32, LargerMinGB=12, DefaultMinGB=8, SmallerMinGB=6, SmallestMinGB=0)
[2022.11.25-20.34.43:602][  0]LogInit: Going up to parent DeviceProfile []
[2022.11.25-20.34.43:602][  0]LogConfig: Applying CVar settings from Section [ViewDistanceQuality@3] File [C:/Users/gizem/Downloads/SideScroller_V422/SideScroller_V422/SideScroller_V422/Saved/Config/Windows/Scalability.ini]
[2022.11.25-20.34.43:602][  0]LogConfig: Setting CVar [[r.SkeletalMeshLODBias:0]]
[2022.11.25-20.34.43:602][  0]LogConfig: Setting CVar [[r.ViewDistanceScale:1.0]]
[2022.11.25-20.34.43:602][  0]LogConfig: Applying CVar settings from Section [AntiAliasingQuality@3] File [C:/Users/gizem/Downloads/SideScroller_V422/SideScroller_V422/SideScroller_V422/Saved/Config/Windows/Scalability.ini]
[2022.11.25-20.34.43:602][  0]LogConfig: Setting CVar [[r.PostProcessAAQuality:4]]
[2022.11.25-20.34.43:602][  0]LogConfig: Applying CVar settings from Section [ShadowQuality@3] File [C:/Users/gizem/Downloads/SideScroller_V422/SideScroller_V422/SideScroller_V422/Saved/Config/Windows/Scalability.ini]
[2022.11.25-20.34.43:602][  0]LogConfig: Setting CVar [[r.LightFunctionQuality:1]]
[2022.11.25-20.34.43:602][  0]LogConfig: Setting CVar [[r.ShadowQuality:5]]
[2022.11.25-20.34.43:602][  0]LogConfig: Setting CVar [[r.Shadow.CSM.MaxCascades:10]]
[2022.11.25-20.34.43:602][  0]LogConfig: Setting CVar [[r.Shadow.MaxResolution:2048]]
[2022.11.25-20.34.43:602][  0]LogConfig: Setting CVar [[r.Shadow.MaxCSMResolution:2048]]
[2022.11.25-20.34.43:602][  0]LogConfig: Setting CVar [[r.Shadow.RadiusThreshold:0.01]]
[2022.11.25-20.34.43:602][  0]LogConfig: Setting CVar [[r.Shadow.DistanceScale:1.0]]
[2022.11.25-20.34.43:602][  0]LogConfig: Setting CVar [[r.Shadow.CSM.TransitionScale:1.0]]
[2022.11.25-20.34.43:602][  0]LogConfig: Setting CVar [[r.Shadow.PreShadowResolutionFactor:1.0]]
[2022.11.25-20.34.43:602][  0]LogConfig: Setting CVar [[r.DistanceFieldShadowing:1]]
[2022.11.25-20.34.43:602][  0]LogConfig: Setting CVar [[r.DistanceFieldAO:1]]
[2022.11.25-20.34.43:602][  0]LogConfig: Setting CVar [[r.AOQuality:2]]
[2022.11.25-20.34.43:602][  0]LogConfig: Setting CVar [[r.VolumetricFog:1]]
[2022.11.25-20.34.43:602][  0]LogConfig: Setting CVar [[r.VolumetricFog.GridPixelSize:8]]
[2022.11.25-20.34.43:602][  0]LogConfig: Setting CVar [[r.VolumetricFog.GridSizeZ:128]]
[2022.11.25-20.34.43:602][  0]LogConfig: Setting CVar [[r.VolumetricFog.HistoryMissSupersampleCount:4]]
[2022.11.25-20.34.43:602][  0]LogConfig: Setting CVar [[r.LightMaxDrawDistanceScale:1]]
[2022.11.25-20.34.43:602][  0]LogConfig: Setting CVar [[r.CapsuleShadows:1]]
[2022.11.25-20.34.43:602][  0]LogConfig: Applying CVar settings from Section [PostProcessQuality@3] File [C:/Users/gizem/Downloads/SideScroller_V422/SideScroller_V422/SideScroller_V422/Saved/Config/Windows/Scalability.ini]
[2022.11.25-20.34.43:602][  0]LogConfig: Setting CVar [[r.MotionBlurQuality:4]]
[2022.11.25-20.34.43:602][  0]LogConfig: Setting CVar [[r.AmbientOcclusionMipLevelFactor:0.4]]
[2022.11.25-20.34.43:602][  0]LogConfig: Setting CVar [[r.AmbientOcclusionMaxQuality:100]]
[2022.11.25-20.34.43:602][  0]LogConfig: Setting CVar [[r.AmbientOcclusionLevels:-1]]
[2022.11.25-20.34.43:602][  0]LogConfig: Setting CVar [[r.AmbientOcclusionRadiusScale:1.0]]
[2022.11.25-20.34.43:602][  0]LogConfig: Setting CVar [[r.DepthOfFieldQuality:2]]
[2022.11.25-20.34.43:602][  0]LogConfig: Setting CVar [[r.RenderTargetPoolMin:400]]
[2022.11.25-20.34.43:602][  0]LogConfig: Setting CVar [[r.LensFlareQuality:2]]
[2022.11.25-20.34.43:602][  0]LogConfig: Setting CVar [[r.SceneColorFringeQuality:1]]
[2022.11.25-20.34.43:602][  0]LogConfig: Setting CVar [[r.EyeAdaptationQuality:2]]
[2022.11.25-20.34.43:602][  0]LogConfig: Setting CVar [[r.BloomQuality:5]]
[2022.11.25-20.34.43:602][  0]LogConfig: Setting CVar [[r.FastBlurThreshold:100]]
[2022.11.25-20.34.43:602][  0]LogConfig: Setting CVar [[r.Upscale.Quality:3]]
[2022.11.25-20.34.43:602][  0]LogConfig: Setting CVar [[r.Tonemapper.GrainQuantization:1]]
[2022.11.25-20.34.43:602][  0]LogConfig: Setting CVar [[r.LightShaftQuality:1]]
[2022.11.25-20.34.43:602][  0]LogConfig: Setting CVar [[r.Filter.SizeScale:1]]
[2022.11.25-20.34.43:602][  0]LogConfig: Setting CVar [[r.Tonemapper.Quality:5]]
[2022.11.25-20.34.43:602][  0]LogConfig: Setting CVar [[r.DOF.Gather.AccumulatorQuality:1        ; higher gathering accumulator quality]]
[2022.11.25-20.34.43:602][  0]LogConfig: Setting CVar [[r.DOF.Gather.PostfilterMethod:1          ; Median3x3 postfilering method]]
[2022.11.25-20.34.43:602][  0]LogConfig: Setting CVar [[r.DOF.Gather.EnableBokehSettings:0       ; no bokeh simulation when gathering]]
[2022.11.25-20.34.43:602][  0]LogConfig: Setting CVar [[r.DOF.Gather.RingCount:4                 ; medium number of samples when gathering]]
[2022.11.25-20.34.43:602][  0]LogConfig: Setting CVar [[r.DOF.Scatter.ForegroundCompositing:1    ; additive foreground scattering]]
[2022.11.25-20.34.43:602][  0]LogConfig: Setting CVar [[r.DOF.Scatter.BackgroundCompositing:2    ; additive background scattering]]
[2022.11.25-20.34.43:602][  0]LogConfig: Setting CVar [[r.DOF.Scatter.EnableBokehSettings:1      ; bokeh simulation when scattering]]
[2022.11.25-20.34.43:602][  0]LogConfig: Setting CVar [[r.DOF.Scatter.MaxSpriteRatio:0.1         ; only a maximum of 10% of scattered bokeh]]
[2022.11.25-20.34.43:602][  0]LogConfig: Setting CVar [[r.DOF.Recombine.Quality:1                ; cheap slight out of focus]]
[2022.11.25-20.34.43:602][  0]LogConfig: Setting CVar [[r.DOF.Recombine.EnableBokehSettings:0    ; no bokeh simulation on slight out of focus]]
[2022.11.25-20.34.43:602][  0]LogConfig: Setting CVar [[r.DOF.TemporalAAQuality:1                ; more stable temporal accumulation]]
[2022.11.25-20.34.43:602][  0]LogConfig: Setting CVar [[r.DOF.Kernel.MaxForegroundRadius:0.025]]
[2022.11.25-20.34.43:602][  0]LogConfig: Setting CVar [[r.DOF.Kernel.MaxBackgroundRadius:0.025]]
[2022.11.25-20.34.43:602][  0]LogConfig: Applying CVar settings from Section [TextureQuality@3] File [C:/Users/gizem/Downloads/SideScroller_V422/SideScroller_V422/SideScroller_V422/Saved/Config/Windows/Scalability.ini]
[2022.11.25-20.34.43:602][  0]LogConfig: Setting CVar [[r.Streaming.MipBias:0]]
[2022.11.25-20.34.43:602][  0]LogConfig: Setting CVar [[r.Streaming.AmortizeCPUToGPUCopy:0]]
[2022.11.25-20.34.43:602][  0]LogConfig: Setting CVar [[r.Streaming.MaxNumTexturesToStreamPerFrame:0]]
[2022.11.25-20.34.43:602][  0]LogConfig: Setting CVar [[r.Streaming.Boost:1]]
[2022.11.25-20.34.43:602][  0]LogConfig: Setting CVar [[r.MaxAnisotropy:8]]
[2022.11.25-20.34.43:602][  0]LogConfig: Setting CVar [[r.VT.MaxAnisotropy:8]]
[2022.11.25-20.34.43:602][  0]LogConfig: Setting CVar [[r.Streaming.LimitPoolSizeToVRAM:0]]
[2022.11.25-20.34.43:602][  0]LogConfig: Setting CVar [[r.Streaming.PoolSize:1000]]
[2022.11.25-20.34.43:602][  0]LogConfig: Setting CVar [[r.Streaming.MaxEffectiveScreenSize:0]]
[2022.11.25-20.34.43:602][  0]LogConfig: Applying CVar settings from Section [EffectsQuality@3] File [C:/Users/gizem/Downloads/SideScroller_V422/SideScroller_V422/SideScroller_V422/Saved/Config/Windows/Scalability.ini]
[2022.11.25-20.34.43:602][  0]LogConfig: Setting CVar [[r.TranslucencyLightingVolumeDim:64]]
[2022.11.25-20.34.43:602][  0]LogConfig: Setting CVar [[r.RefractionQuality:2]]
[2022.11.25-20.34.43:602][  0]LogConfig: Setting CVar [[r.SSR.Quality:3]]
[2022.11.25-20.34.43:602][  0]LogConfig: Setting CVar [[r.SSR.HalfResSceneColor:0]]
[2022.11.25-20.34.43:602][  0]LogConfig: Setting CVar [[r.SceneColorFormat:4]]
[2022.11.25-20.34.43:602][  0]LogConfig: Setting CVar [[r.DetailMode:2]]
[2022.11.25-20.34.43:602][  0]LogConfig: Setting CVar [[r.TranslucencyVolumeBlur:1]]
[2022.11.25-20.34.43:602][  0]LogConfig: Setting CVar [[r.MaterialQualityLevel:1 ; High quality]]
[2022.11.25-20.34.43:602][  0]LogConfig: Setting CVar [[r.AnisotropicMaterials:1]]
[2022.11.25-20.34.43:602][  0]LogConfig: Setting CVar [[r.SSS.Scale:1]]
[2022.11.25-20.34.43:602][  0]LogConfig: Setting CVar [[r.SSS.SampleSet:2]]
[2022.11.25-20.34.43:602][  0]LogConfig: Setting CVar [[r.SSS.Quality:1]]
[2022.11.25-20.34.43:602][  0]LogConfig: Setting CVar [[r.SSS.HalfRes:0]]
[2022.11.25-20.34.43:602][  0]LogConfig: Setting CVar [[r.SSGI.Quality:3]]
[2022.11.25-20.34.43:602][  0]LogConfig: Setting CVar [[r.EmitterSpawnRateScale:1.0]]
[2022.11.25-20.34.43:602][  0]LogConfig: Setting CVar [[r.ParticleLightQuality:2]]
[2022.11.25-20.34.43:602][  0]LogConfig: Setting CVar [[r.SkyAtmosphere.AerialPerspectiveLUT.FastApplyOnOpaque:1 ; Always have FastSkyLUT 1 in this case to avoid wrong sky]]
[2022.11.25-20.34.43:602][  0]LogConfig: Setting CVar [[r.SkyAtmosphere.AerialPerspectiveLUT.SampleCountMaxPerSlice:4]]
[2022.11.25-20.34.43:602][  0]LogConfig: Setting CVar [[r.SkyAtmosphere.AerialPerspectiveLUT.DepthResolution:16.0]]
[2022.11.25-20.34.43:602][  0]LogConfig: Setting CVar [[r.SkyAtmosphere.FastSkyLUT:1]]
[2022.11.25-20.34.43:602][  0]LogConfig: Setting CVar [[r.SkyAtmosphere.FastSkyLUT.SampleCountMin:4.0]]
[2022.11.25-20.34.43:602][  0]LogConfig: Setting CVar [[r.SkyAtmosphere.FastSkyLUT.SampleCountMax:128.0]]
[2022.11.25-20.34.43:602][  0]LogConfig: Setting CVar [[r.SkyAtmosphere.SampleCountMin:4.0]]
[2022.11.25-20.34.43:602][  0]LogConfig: Setting CVar [[r.SkyAtmosphere.SampleCountMax:128.0]]
[2022.11.25-20.34.43:603][  0]LogConfig: Setting CVar [[r.SkyAtmosphere.TransmittanceLUT.UseSmallFormat:0]]
[2022.11.25-20.34.43:603][  0]LogConfig: Setting CVar [[r.SkyAtmosphere.TransmittanceLUT.SampleCount:10.0]]
[2022.11.25-20.34.43:603][  0]LogConfig: Setting CVar [[r.SkyAtmosphere.MultiScatteringLUT.SampleCount:15.0]]
[2022.11.25-20.34.43:603][  0]LogConfig: Setting CVar [[r.SkyLight.RealTimeReflectionCapture:1]]
[2022.11.25-20.34.43:603][  0]LogConfig: Applying CVar settings from Section [FoliageQuality@3] File [C:/Users/gizem/Downloads/SideScroller_V422/SideScroller_V422/SideScroller_V422/Saved/Config/Windows/Scalability.ini]
[2022.11.25-20.34.43:603][  0]LogConfig: Setting CVar [[foliage.DensityScale:1.0]]
[2022.11.25-20.34.43:603][  0]LogConfig: Setting CVar [[grass.DensityScale:1.0]]
[2022.11.25-20.34.43:603][  0]LogConfig: Applying CVar settings from Section [ShadingQuality@3] File [C:/Users/gizem/Downloads/SideScroller_V422/SideScroller_V422/SideScroller_V422/Saved/Config/Windows/Scalability.ini]
[2022.11.25-20.34.43:603][  0]LogConfig: Setting CVar [[r.HairStrands.SkyLighting.IntegrationType:2]]
[2022.11.25-20.34.43:603][  0]LogConfig: Setting CVar [[r.HairStrands.SkyAO.SampleCount:4]]
[2022.11.25-20.34.43:603][  0]LogConfig: Setting CVar [[r.HairStrands.Visibility.MSAA.SamplePerPixel:4]]
[2022.11.25-20.34.43:603][  0]LogConfig: Applying CVar settings from Section [Startup] File [../../../Engine/Config/ConsoleVariables.ini]
[2022.11.25-20.34.43:603][  0]LogConfig: Setting CVar [[net.UseAdaptiveNetUpdateFrequency:0]]
[2022.11.25-20.34.43:603][  0]LogConfig: Setting CVar [[p.chaos.AllowCreatePhysxBodies:1]]
[2022.11.25-20.34.43:603][  0]LogConfig: Setting CVar [[fx.SkipVectorVMBackendOptimizations:1]]
[2022.11.25-20.34.43:603][  0]LogConfig: Applying CVar settings from Section [ConsoleVariables] File [C:/Users/gizem/Downloads/SideScroller_V422/SideScroller_V422/SideScroller_V422/Saved/Config/Windows/Engine.ini]
[2022.11.25-20.34.43:603][  0]LogConfig: Applying CVar settings from Section [ConsoleVariables] File [C:/Users/gizem/Downloads/SideScroller_V422/SideScroller_V422/SideScroller_V422/Saved/Config/Windows/Editor.ini]
[2022.11.25-20.34.43:603][  0]LogInit: Computer: MSI
[2022.11.25-20.34.43:603][  0]LogInit: User: gizem
[2022.11.25-20.34.43:603][  0]LogInit: CPU Page size=4096, Cores=14
[2022.11.25-20.34.43:603][  0]LogInit: High frequency timer resolution =10.000000 MHz
[2022.11.25-20.34.43:603][  0]LogMemory: Memory total: Physical=31.7GB (32GB approx)
[2022.11.25-20.34.43:603][  0]LogMemory: Platform Memory Stats for Windows
[2022.11.25-20.34.43:603][  0]LogMemory: Process Physical Memory: 149.50 MB used, 149.50 MB peak
[2022.11.25-20.34.43:603][  0]LogMemory: Process Virtual Memory: 125.05 MB used, 125.05 MB peak
[2022.11.25-20.34.43:603][  0]LogMemory: Physical Memory: 13335.32 MB used,  19137.45 MB free, 32472.77 MB total
[2022.11.25-20.34.43:603][  0]LogMemory: Virtual Memory: 134202720.00 MB used,  15009.25 MB free, 134217728.00 MB total
[2022.11.25-20.34.43:632][  0]LogWindows: WindowsPlatformFeatures enabled
[2022.11.25-20.34.43:661][  0]LogInit: Physics initialised using underlying interface: PhysX
[2022.11.25-20.34.43:661][  0]LogInit: Using OS detected language (en-US).
[2022.11.25-20.34.43:661][  0]LogInit: Using OS detected locale (en-CA).
[2022.11.25-20.34.43:663][  0]LogTextLocalizationManager: No specific localization for 'en-US' exists, so the 'en' localization will be used.
[2022.11.25-20.34.43:816][  0]LogWindowsTextInputMethodSystem: Display: IME system deactivated.
[2022.11.25-20.34.43:841][  0]LogSlate: New Slate User Created.  User Index 0, Is Virtual User: 0
[2022.11.25-20.34.43:841][  0]LogSlate: Slate User Registered.  User Index 0, Is Virtual User: 0
[2022.11.25-20.34.43:857][  0]LogD3D11RHI: Loaded GFSDK_Aftermath_Lib.x64.dll
[2022.11.25-20.34.43:888][  0]LogHMD: Failed to initialize OpenVR with code 110
[2022.11.25-20.34.43:888][  0]LogD3D11RHI: D3D11 min allowed feature level: 11_0
[2022.11.25-20.34.43:888][  0]LogD3D11RHI: D3D11 max allowed feature level: 11_0
[2022.11.25-20.34.43:888][  0]LogD3D11RHI: D3D11 adapters:
[2022.11.25-20.34.43:965][  0]LogD3D11RHI:    0. 'NVIDIA GeForce RTX 3070 Laptop GPU' (Feature Level 11_0)
[2022.11.25-20.34.43:965][  0]LogD3D11RHI:       8044/0/16236 MB DedicatedVideo/DedicatedSystem/SharedSystem, Outputs:1, VendorId:0x10de
[2022.11.25-20.34.44:006][  0]LogD3D11RHI:    1. 'Intel(R) Iris(R) Xe Graphics' (Feature Level 11_0)
[2022.11.25-20.34.44:006][  0]LogD3D11RHI:       128/0/16236 MB DedicatedVideo/DedicatedSystem/SharedSystem, Outputs:0, VendorId:0x8086
[2022.11.25-20.34.44:008][  0]LogD3D11RHI:    2. 'Microsoft Basic Render Driver' (Feature Level 11_0)
[2022.11.25-20.34.44:008][  0]LogD3D11RHI:       0/0/16236 MB DedicatedVideo/DedicatedSystem/SharedSystem, Outputs:0, VendorId:0x1414
[2022.11.25-20.34.44:008][  0]LogD3D11RHI: Chosen D3D11 Adapter:
[2022.11.25-20.34.44:008][  0]LogD3D11RHI:     Description : NVIDIA GeForce RTX 3070 Laptop GPU
[2022.11.25-20.34.44:008][  0]LogD3D11RHI:     VendorId    : 10de
[2022.11.25-20.34.44:008][  0]LogD3D11RHI:     DeviceId    : 249d
[2022.11.25-20.34.44:008][  0]LogD3D11RHI:     SubSysId    : 13331462
[2022.11.25-20.34.44:008][  0]LogD3D11RHI:     Revision    : 00a1
[2022.11.25-20.34.44:008][  0]LogD3D11RHI:     DedicatedVideoMemory : 8434745344 bytes
[2022.11.25-20.34.44:008][  0]LogD3D11RHI:     DedicatedSystemMemory : 0 bytes
[2022.11.25-20.34.44:008][  0]LogD3D11RHI:     SharedSystemMemory : 17025081344 bytes
[2022.11.25-20.34.44:008][  0]LogD3D11RHI:     AdapterLuid : 0 68013
[2022.11.25-20.34.44:014][  0]LogD3D11RHI: Creating new Direct3DDevice
[2022.11.25-20.34.44:014][  0]LogD3D11RHI:     GPU DeviceId: 0x249d (for the marketing name, search the web for "GPU Device Id")
[2022.11.25-20.34.44:014][  0]LogWindows: EnumDisplayDevices:
[2022.11.25-20.34.44:014][  0]LogWindows:    0. 'Intel(R) Iris(R) Xe Graphics' (P:1 D:1)
[2022.11.25-20.34.44:014][  0]LogWindows:    1. 'Intel(R) Iris(R) Xe Graphics' (P:0 D:0)
[2022.11.25-20.34.44:014][  0]LogWindows:    2. 'Intel(R) Iris(R) Xe Graphics' (P:0 D:0)
[2022.11.25-20.34.44:015][  0]LogWindows:    3. 'NVIDIA GeForce RTX 3070 Laptop GPU' (P:0 D:0)
[2022.11.25-20.34.44:015][  0]LogWindows: DebugString: PrimaryIsNotTheChoosenAdapter PrimaryIsNotTheChoosenAdapter PrimaryIsNotTheChoosenAdapter 
[2022.11.25-20.34.44:015][  0]LogD3D11RHI:     Adapter Name: NVIDIA GeForce RTX 3070 Laptop GPU
[2022.11.25-20.34.44:015][  0]LogD3D11RHI:   Driver Version: 517.48 (internal:31.0.15.1748, unified:517.48)
[2022.11.25-20.34.44:015][  0]LogD3D11RHI:      Driver Date: 9-21-2022
[2022.11.25-20.34.44:015][  0]LogRHI: Texture pool is 5630 MB (70% of 8044 MB)
[2022.11.25-20.34.44:015][  0]LogD3D11RHI: Creating D3DDevice using adapter:
[2022.11.25-20.34.44:015][  0]LogD3D11RHI:     Description : NVIDIA GeForce RTX 3070 Laptop GPU
[2022.11.25-20.34.44:015][  0]LogD3D11RHI:     VendorId    : 10de
[2022.11.25-20.34.44:015][  0]LogD3D11RHI:     DeviceId    : 249d
[2022.11.25-20.34.44:015][  0]LogD3D11RHI:     SubSysId    : 13331462
[2022.11.25-20.34.44:015][  0]LogD3D11RHI:     Revision    : 00a1
[2022.11.25-20.34.44:015][  0]LogD3D11RHI:     DedicatedVideoMemory : 8434745344 bytes
[2022.11.25-20.34.44:015][  0]LogD3D11RHI:     DedicatedSystemMemory : 0 bytes
[2022.11.25-20.34.44:015][  0]LogD3D11RHI:     SharedSystemMemory : 17025081344 bytes
[2022.11.25-20.34.44:015][  0]LogD3D11RHI:     AdapterLuid : 0 68013
[2022.11.25-20.34.44:059][  0]LogD3D11RHI: RHI has support for 64 bit atomics
[2022.11.25-20.34.44:059][  0]LogD3D11RHI: Async texture creation enabled
[2022.11.25-20.34.44:059][  0]LogD3D11RHI: Array index from any shader is supported
[2022.11.25-20.34.44:070][  0]LogD3D11RHI: GPU Timing Frequency: 1000.000000 (Debug: 2 1)
[2022.11.25-20.34.44:087][  0]LogRHI: GeForceNow SDK initialized: 1
[2022.11.25-20.34.44:316][  0]LogTargetPlatformManager: Display: Loaded TargetPlatform 'WindowsNoEditor'
[2022.11.25-20.34.44:319][  0]LogTargetPlatformManager: Display: Loaded TargetPlatform 'Windows'
[2022.11.25-20.34.44:322][  0]LogTargetPlatformManager: Display: Loaded TargetPlatform 'WindowsClient'
[2022.11.25-20.34.44:325][  0]LogTargetPlatformManager: Display: Loaded TargetPlatform 'WindowsServer'
[2022.11.25-20.34.44:325][  0]LogTargetPlatformManager: Display: Building Assets For Windows
[2022.11.25-20.34.44:330][  0]LogAudioDebug: Display: Lib vorbis DLL was dynamically loaded.
[2022.11.25-20.34.44:350][  0]LogTextureFormatOodle: Display: Oodle Texture 2.9.0 init RDO Off
[2022.11.25-20.34.44:371][  0]LogRendererCore: Ray tracing is disabled. Reason: r.RayTracing=0.
[2022.11.25-20.34.44:371][  0]LogShaderCompilers: Guid format shader working directory is -48 characters bigger than the processId version (../../../../../../Users/gizem/Downloads/SideScroller_V422/SideScroller_V422/SideScroller_V422/Intermediate/Shaders/WorkingDirectory/15704/).
[2022.11.25-20.34.44:371][  0]LogShaderCompilers: Cleaned the shader compiler working directory 'C:/Users/gizem/AppData/Local/Temp/UnrealShaderWorkingDir/9B5B5EB0471F659B273776A77FD6FE27/'.
[2022.11.25-20.34.44:371][  0]LogXGEController: Cannot use XGE Controller as Incredibuild is not installed on this machine.
[2022.11.25-20.34.44:371][  0]LogShaderCompilers: Cannot use XGE Shader Compiler as Incredibuild is not installed on this machine.
[2022.11.25-20.34.44:371][  0]LogShaderCompilers: Display: Using Local Shader Compiler.
[2022.11.25-20.34.44:894][  0]LogDerivedDataCache: Display: Max Cache Size: 512 MB
[2022.11.25-20.34.44:943][  0]LogDerivedDataCache: Loaded boot cache 0.05s 94MB C:/Users/gizem/AppData/Local/UnrealEngine/4.27/DerivedDataCache/Boot.ddc.
[2022.11.25-20.34.44:943][  0]LogDerivedDataCache: Display: Loaded Boot cache: C:/Users/gizem/AppData/Local/UnrealEngine/4.27/DerivedDataCache/Boot.ddc
[2022.11.25-20.34.44:943][  0]LogDerivedDataCache: FDerivedDataBackendGraph:  Pak pak cache file ../../../../../../Users/gizem/Downloads/SideScroller_V422/SideScroller_V422/SideScroller_V422/DerivedDataCache/DDC.ddp not found, will not use a pak cache.
[2022.11.25-20.34.44:943][  0]LogDerivedDataCache: Unable to find inner node Pak for hierarchical cache Hierarchy.
[2022.11.25-20.34.44:943][  0]LogDerivedDataCache: FDerivedDataBackendGraph:  CompressedPak pak cache file ../../../../../../Users/gizem/Downloads/SideScroller_V422/SideScroller_V422/SideScroller_V422/DerivedDataCache/Compressed.ddp not found, will not use a pak cache.
[2022.11.25-20.34.44:943][  0]LogDerivedDataCache: Unable to find inner node CompressedPak for hierarchical cache Hierarchy.
[2022.11.25-20.34.44:954][  0]LogDerivedDataCache: Display: Pak cache opened for reading ../../../Engine/DerivedDataCache/Compressed.ddp.
[2022.11.25-20.34.44:954][  0]LogDerivedDataCache: FDerivedDataBackendGraph:  EnterprisePak pak cache file ../../../Enterprise/DerivedDataCache/Compressed.ddp not found, will not use a pak cache.
[2022.11.25-20.34.44:954][  0]LogDerivedDataCache: Unable to find inner node EnterprisePak for hierarchical cache Hierarchy.
[2022.11.25-20.34.44:964][  0]LogDerivedDataCache: Speed tests for C:/Users/gizem/AppData/Local/UnrealEngine/Common/DerivedDataCache took 0.01 seconds
[2022.11.25-20.34.44:964][  0]LogDerivedDataCache: Display: Performance to C:/Users/gizem/AppData/Local/UnrealEngine/Common/DerivedDataCache: Latency=0.01ms. RandomReadSpeed=1974.70MBs, RandomWriteSpeed=110.06MBs. Assigned SpeedClass 'Local'
[2022.11.25-20.34.44:964][  0]LogDerivedDataCache: Using Local data cache path C:/Users/gizem/AppData/Local/UnrealEngine/Common/DerivedDataCache: Writable
[2022.11.25-20.34.44:964][  0]LogDerivedDataCache: Shared data cache path not found in *engine.ini, will not use an Shared cache.
[2022.11.25-20.34.44:964][  0]LogDerivedDataCache: Unable to find inner node Shared for hierarchical cache Hierarchy.
[2022.11.25-20.34.44:986][  0]LogSlate: Using FreeType 2.10.0
[2022.11.25-20.34.44:986][  0]LogSlate: SlateFontServices - WITH_FREETYPE: 1, WITH_HARFBUZZ: 1
[2022.11.25-20.34.45:074][  0]LogInit: Using OS detected language (en-US).
[2022.11.25-20.34.45:075][  0]LogInit: Using OS detected locale (en-CA).
[2022.11.25-20.34.45:075][  0]LogTextLocalizationManager: No localization for 'en-US' exists, so 'en' will be used for the language.
[2022.11.25-20.34.45:075][  0]LogTextLocalizationManager: No localization for 'en-CA' exists, so 'en' will be used for the locale.
[2022.11.25-20.34.45:075][  0]LogSlate: FontCache flush requested. Reason: Culture for localization was changed
[2022.11.25-20.34.45:075][  0]LogSlate: FontCache flush requested. Reason: Culture for localization was changed
[2022.11.25-20.34.45:077][  0]LogTextLocalizationManager: Compacting localization data took   0.01ms
[2022.11.25-20.34.45:077][  0]LogAssetRegistry: FAssetRegistry took 0.0019 seconds to start up
[2022.11.25-20.34.45:195][  0]LogPackageLocalizationCache: Processed 27 localized package path(s) for 1 prioritized culture(s) in 0.000587 seconds
[2022.11.25-20.34.45:235][  0]LogInit: Selected Device Profile: [Windows]
[2022.11.25-20.34.45:235][  0]LogInit: Active device profile: [00000208CABFD300][00000208BBE4CF80 49] Windows
[2022.11.25-20.34.45:235][  0]LogInit: Profiles: [00000208CABFD300][00000208BBE4CF80 49] Windows, [00000208CABDAF00][00000208BBE55240 49] WindowsNoEditor, [00000208CABFE500][00000208BBE59500 49] WindowsServer, [00000208CABDBD00][00000208BBE5D7C0 49] WindowsClient, [00000208CABFF200][00000208BBE51A40 49] IOS, [00000208CABD9300][00000208BBE60140 49] iPadAir, [00000208CABFE900][00000208BBE68400 49] iPadAir2, [00000208CBB6DC00][00000208BBE7C940 49] IPadPro, [00000208CBB6DD00][00000208BBE6C980 49] iPadAir3, [00000208CABD9800][00000208BBE74C40 49] iPadAir4, [00000208CBB6EC00][00000208BBE70F00 49] iPadMini2, [00000208CABD9E00][00000208BBE791C0 49] iPadMini3, [00000208CBB6CB00][00000208BBE81480 49] iPadMini4, [00000208CABDB300][00000208BD27D740 49] iPadMini5, [00000208CBB9D300][00000208BD28C0C0 49] iPhone6, [00000208CBB9D400][00000208BD280100 49] iPodTouch6, [00000208CABFD600][00000208BD298600 49] iPhone7, [00000208CABFEB00][00000208BBE64640 49] iPodTouch7, [00000208CBB6FA00][00000208BD290900 49] iPhone5S, [00000208CABFD800][00000208BD284BC0 49] iPhone6Plus, [00000208CBB6F000][00000208BD294E80 49] iPhone6S, [00000208CABFE800][00000208BD29D140 49] iPhone6SPlus, [00000208CBB6D400][00000208BD2A1400 49] iPhone7Plus, [00000208CABFC100][00000208BD2A56C0 49] iPhoneSE, [00000208CABFCB00][00000208BD2A9980 49] iPhone8, [00000208CBB9C800][00000208BD2AC0C0 49] iPhone8Plus, [00000208CABFD500][00000208BD288340 49] iPhoneX, [00000208CBB9CF00][00000208BD2B05C0 49] iPhoneXS, [00000208CABFF700][00000208BD2B8880 49] iPhoneXSMax, [00000208CBB9F200][00000208BD2BCB40 49] iPhoneXR, [00000208CABFF800][00000208BD2C0E00 49] iPhone11, [00000208CBB9FD00][00000208BD2C50C0 49] iPhone11Pro, [00000208CBB6E600][00000208BD2C9380 49] iPhone11ProMax, [00000208CBB9C600][00000208BD2CD640 49] iPhoneSE2, [00000208CBB6E000][00000208BD2D1900 49] iPhone12Mini, [00000208CBB9F800][00000208BD2D5BC0 49] iPhone12, [00000208CBB6DB00][00000208BD2D8300 49] iPhone12Pro, [00000208CBB9DE00][00000208BD2B4580 49] iPhone12ProMax, [00000208CBB6FF00][00000208BD2E0840 49] iPadPro105, [00000208CBB9F300][00000208BD2E4B00 49] iPadPro129, [00000208CBB6F700][00000208BD2E8DC0 49] iPadPro97, [00000208CBB9E200][00000208BD2ED080 49] iPadPro2_129, [00000208CBB6EF00][00000208BD2F1340 49] iPad5, [00000208CBB9CC00][00000208BD2F5600 49] iPad6, [00000208CBB6E500][00000208BD2F98C0 49] iPad7, [00000208CBB9EB00][00000208BD2FDB80 49] iPad8, [00000208CBB6D300][00000208BD3002C0 49] iPadPro11, [00000208CBB9FE00][00000208BD2DC540 49] iPadPro2_11, [00000208CBB6E100][00000208BD3047C0 49] iPadPro3_129, [00000208CBB9C500][00000208BD30CA80 49] iPadPro4_129, [00000208CBB6F100][00000208BD310D40 49] AppleTV, [00000208CBB9FA00][00000208BD315000 49] AppleTV4K, [00000208CBB6D900][00000208BD3192C0 49] TVOS, [00000208CBB9C400][00000208BD31D580 49] Mac, [00000208CBB6FC00][00000208BD321840 49] MacClient, [00000208CBB9E500][00000208BD325B00 49] MacNoEditor, [00000208CBB6D800][00000208BD328240 49] MacServer, [00000208CBB9FC00][00000208BD32C500 49] Linux, [00000208CBB6D000][00000208BD308780 49] LinuxAArch64, [00000208CBB9DF00][00000208BD330A00 49] LinuxNoEditor, [00000208CBB6FB00][00000208BD338CC0 49] LinuxAArch64NoEditor, [00000208CBB9C100][00000208BD33CF80 49] LinuxClient, [00000208CBB6CA00][00000208BC0F3240 49] LinuxAArch64Client, [00000208CBB9DD00][00000208BC0F7500 49] LinuxServer, [00000208CBB6C200][00000208BC0FB7C0 49] LinuxAArch64Server, [00000208CBB9D000][00000208BC0FFA80 49] Android, [00000208CBB6EB00][00000208BC1021C0 49] Android_Low, [00000208CBB9E100][00000208BC106480 49] Android_Mid, [00000208CBB6C100][00000208BC10A740 49] Android_High, [00000208CBB9D900][00000208BD3349C0 49] Android_Default, [00000208CBB6C800][00000208BC10EC40 49] Android_Adreno4xx, [00000208CBB9D500][00000208BC116F00 49] Android_Adreno5xx_Low, [00000208CBB6CE00][00000208BC11B1C0 49] Android_Adreno5xx, [00000208CBB9E000][00000208BC11F480 49] Android_Adreno6xx, [00000208CBB6C600][00000208BC123740 49] Android_Adreno6xx_Vulkan, [00000208CBB9C900][00000208BC127A00 49] Android_Mali_T6xx, [00000208CBB6CD00][00000208BC12A140 49] Android_Mali_T7xx, [00000208CBB9F100][00000208BC12E400 49] Android_Mali_T8xx, [00000208CBB6D600][00000208BC1326C0 49] Android_Mali_G71, [00000208CBB9EA00][00000208BC136980 49] Android_Mali_G72, [00000208CBB6C400][00000208BC112C00 49] Android_Mali_G72_Vulkan, [00000208CBB9EC00][00000208BC13AE80 49] Android_Mali_G76, [00000208CBB6F800][00000208BC143140 49] Android_Mali_G76_Vulkan, [00000208CABFC300][00000208BC147400 49] Android_Mali_G77, [00000208CABDB600][00000208BC14B6C0 49] Android_Mali_G77_Vulkan, [00000208CABFE300][00000208BC14F980 49] Android_Mali_G78, [00000208CABD9100][00000208BC1520C0 49] Android_Mali_G78_Vulkan, [00000208CABFF400][00000208BC156380 49] Android_Mali_G710, [00000208CABDAD00][00000208BC15A640 49] Android_Mali_G710_Vulkan, [00000208CABFC800][00000208BC15E900 49] Android_Vulkan_SM5, [00000208CABDBA00][00000208BC162BC0 49] Android_PowerVR_G6xxx, [00000208CABFED00][00000208BC13EE40 49] Android_PowerVR_GT7xxx, [00000208CABD9A00][00000208BC1670C0 49] Android_PowerVR_GE8xxx, [00000208CABFEC00][00000208BC16F380 49] Android_PowerVR_GM9xxx, [00000208CABDB100][00000208BC173640 49] Android_PowerVR_GM9xxx_Vulkan, [00000208CABFC700][00000208BC177900 49] Android_TegraK1, [00000208CABD9000][00000208BC17BBC0 49] Android_Unknown_Vulkan, [00000208CABFFD00][00000208BC17E300 49] Lumin, [00000208CABD9600][00000208BC1825C0 49] Lumin_Desktop, [00000208CABFDC00][00000208BC186880 49] HoloLens, 
[2022.11.25-20.34.45:318][  0]LogMeshReduction: Using QuadricMeshReduction for automatic static mesh reduction
[2022.11.25-20.34.45:318][  0]LogMeshReduction: Using SimplygonMeshReduction for automatic skeletal mesh reduction
[2022.11.25-20.34.45:318][  0]LogMeshReduction: Using ProxyLODMeshReduction for automatic mesh merging
[2022.11.25-20.34.45:318][  0]LogMeshReduction: No distributed automatic mesh merging module available
[2022.11.25-20.34.45:318][  0]LogMeshMerging: No distributed automatic mesh merging module available
[2022.11.25-20.34.45:339][  0]LogNetVersion: SideScroller_V422_Fall2019 1.0.0, NetCL: 17155196, EngineNetVer: 17, GameNetVer: 0 (Checksum: 1441273239)
[2022.11.25-20.34.45:499][  0]LogTexture: Default maximum texture size for cubemaps generated from long-lat sources has been changed from 512 to unlimited. In order to preserve old behaiour for '/Engine/MapTemplates/Sky/DaylightAmbientCubemap.DaylightAmbientCubemap', its maximum texture size has been explicitly set to 512.
[2022.11.25-20.34.45:535][  0]LogHMD: PokeAHoleMaterial loaded successfully
[2022.11.25-20.34.45:599][  0]LogMoviePlayer: Initializing movie player
[2022.11.25-20.34.45:683][  0]LogNiagaraDebuggerClient: Niagara Debugger Client Initialized | Session: FF3D63FE41F5CDE1E22C539C73148ECB | Instance: 111376FF4E8A11055A68FC8EAB2FAF5C (MSI-15704).
[2022.11.25-20.34.45:697][  0]LogCollectionManager: Loaded 0 collections in 0.001200 seconds
[2022.11.25-20.34.45:699][  0]LogFileCache: Scanning file cache for directory 'C:/Users/gizem/Downloads/SideScroller_V422/SideScroller_V422/SideScroller_V422/Saved/Collections/' took 0.00s
[2022.11.25-20.34.45:699][  0]LogFileCache: Scanning file cache for directory 'C:/Users/gizem/Downloads/SideScroller_V422/SideScroller_V422/SideScroller_V422/Content/Developers/gizem/Collections/' took 0.00s
[2022.11.25-20.34.45:699][  0]LogCollectionManager: Fixed up redirectors for 0 collections in 0.000002 seconds (updated 0 objects)
[2022.11.25-20.34.45:711][  0]LogFileCache: Scanning file cache for directory 'C:/Users/gizem/Downloads/SideScroller_V422/SideScroller_V422/SideScroller_V422/Content/Collections/' took 0.00s
[2022.11.25-20.34.45:711][  0]LogPython: Using Python 3.7.7
[2022.11.25-20.34.46:033][  0]LogUdpMessaging: Initializing bridge on interface 0.0.0.0:0 to multicast group 230.0.0.1:6666.
[2022.11.25-20.34.46:038][  0]LogTcpMessaging: Initializing TcpMessaging bridge
[2022.11.25-20.34.46:108][  0]SourceControl: Source control is disabled
[2022.11.25-20.34.46:108][  0]SourceControl: Source control is disabled
[2022.11.25-20.34.46:110][  0]SourceControl: Source control is disabled
[2022.11.25-20.34.46:113][  0]LogUProjectInfo: Found projects:
[2022.11.25-20.34.46:169][  0]LogOpenImageDenoise: OIDN starting up
[2022.11.25-20.34.46:191][  0]LogAndroidPermission: UAndroidPermissionCallbackProxy::GetInstance
[2022.11.25-20.34.46:217][  0]LogAudioCaptureCore: Display: No Audio Capture implementations found. Audio input will be silent.
[2022.11.25-20.34.46:217][  0]LogAudioCaptureCore: Display: No Audio Capture implementations found. Audio input will be silent.
[2022.11.25-20.34.46:249][  0]LogOcInput: OculusInput pre-init called
[2022.11.25-20.34.46:255][  0]LogUObjectArray: 22163 objects as part of root set at end of initial load.
[2022.11.25-20.34.46:255][  0]LogUObjectAllocator: 5993712 out of 0 bytes used by permanent object pool.
[2022.11.25-20.34.46:255][  0]LogUObjectArray: CloseDisregardForGC: 0/0 objects in disregard for GC pool
[2022.11.25-20.34.46:291][  0]LogEngine: Initializing Engine...
[2022.11.25-20.34.46:293][  0]LogHMD: Failed to enumerate extensions. Please check that you have a valid OpenXR runtime installed.
[2022.11.25-20.34.46:293][  0]LogHMD: Failed to initialize OpenVR with code 110
[2022.11.25-20.34.46:293][  0]LogMagicLeap: Warning: VR disabled because ZI is not enabled.  To enable, in the editor, Edit -> Project Settings -> Plugins -> Magic Leap Plugin -> Enable Zero Iteration
[2022.11.25-20.34.46:294][  0]LogStats: UGameplayTagsManager::InitializeManager -  0.000 s
[2022.11.25-20.34.46:357][  0]LogInit: Initializing FReadOnlyCVARCache
[2022.11.25-20.34.46:357][  0]LogAudio: Display: Initializing Audio Device Manager...
[2022.11.25-20.34.46:360][  0]LogAudio: Display: Loading Default Audio Settings Objects...
[2022.11.25-20.34.46:360][  0]LogAudio: Display: No default SoundConcurrencyObject specified (or failed to load).
[2022.11.25-20.34.46:361][  0]LogAudio: Display: Audio Device Manager Initialized
[2022.11.25-20.34.46:361][  0]LogAudio: Display: Creating Audio Device:                 Id: 1, Scope: Shared, Realtime: True
[2022.11.25-20.34.46:361][  0]LogAudioMixer: Display: Audio Mixer Platform Settings:
[2022.11.25-20.34.46:361][  0]LogAudioMixer: Display: 	Sample Rate:						  48000
[2022.11.25-20.34.46:361][  0]LogAudioMixer: Display: 	Callback Buffer Frame Size Requested: 1024
[2022.11.25-20.34.46:361][  0]LogAudioMixer: Display: 	Callback Buffer Frame Size To Use:	  1024
[2022.11.25-20.34.46:361][  0]LogAudioMixer: Display: 	Number of buffers to queue:			  2
[2022.11.25-20.34.46:361][  0]LogAudioMixer: Display: 	Max Channels (voices):				  32
[2022.11.25-20.34.46:361][  0]LogAudioMixer: Display: 	Number of Async Source Workers:		  0
[2022.11.25-20.34.46:361][  0]LogAudio: Display: AudioDevice MaxSources: 32
[2022.11.25-20.34.46:361][  0]LogAudio: Display: Audio Spatialization Plugin: None (built-in).
[2022.11.25-20.34.46:361][  0]LogAudio: Display: Audio Reverb Plugin: None (built-in).
[2022.11.25-20.34.46:361][  0]LogAudio: Display: Audio Occlusion Plugin: None (built-in).
[2022.11.25-20.34.46:361][  0]LogAudioMixer: Display: Initializing audio mixer.
[2022.11.25-20.34.46:392][  0]LogAudioMixer: Display: 0: FrontLeft
[2022.11.25-20.34.46:392][  0]LogAudioMixer: Display: 1: FrontRight
[2022.11.25-20.34.46:476][  0]LogAudioMixer: Display: Using Audio Device Headphones (Realtek(R) Audio)
[2022.11.25-20.34.46:478][  0]LogAudioMixer: Display: Initializing Sound Submixes...
[2022.11.25-20.34.46:479][  0]LogAudioMixer: Display: Creating Master Submix 'MasterSubmixDefault'
[2022.11.25-20.34.46:479][  0]LogAudioMixer: Display: Creating Master Submix 'MasterReverbSubmixDefault'
[2022.11.25-20.34.46:480][  0]LogAudioMixer: Display: Creating Master Submix 'MasterEQSubmixDefault'
[2022.11.25-20.34.46:480][  0]LogAudioMixer: FMixerPlatformXAudio2::StartAudioStream() called
[2022.11.25-20.34.46:480][  0]LogAudioMixer: Display: Output buffers initialized: Frames=1024, Channels=2, Samples=2048
[2022.11.25-20.34.46:481][  0]LogAudioMixer: Display: Starting AudioMixerPlatformInterface::RunInternal()
[2022.11.25-20.34.46:481][  0]LogAudioMixer: Display: FMixerPlatformXAudio2::SubmitBuffer() called for the first time
[2022.11.25-20.34.46:481][  0]LogInit: FAudioDevice initialized.
[2022.11.25-20.34.46:482][  0]LogNetVersion: Set ProjectVersion to 1.0.0.0. Version Checksum will be recalculated on next use.
[2022.11.25-20.34.46:484][  0]LogInit: Texture streaming: Enabled
[2022.11.25-20.34.46:526][  0]LogAudio: Display: Audio Device (ID: 1) registered with world 'Untitled'.
[2022.11.25-20.34.46:526][  0]LogSlate: Updating window title bar state: overlay mode, drag disabled, window buttons hidden, title bar hidden
[2022.11.25-20.34.46:527][  0]LogInit: Display: Game Engine Initialized.
[2022.11.25-20.34.46:527][  0]LogNiagaraEditor: GEditor isn't valid! Particle reset commands will not work for Niagara components!
[2022.11.25-20.34.46:600][  0]LogInit: Display: Starting Game.
[2022.11.25-20.34.46:601][  0]LogNet: Browse: /Game/SideScrollerBP/Maps/SideScrollerExampleMap?Name=Player
[2022.11.25-20.34.46:601][  0]LogLoad: LoadMap: /Game/SideScrollerBP/Maps/SideScrollerExampleMap?Name=Player
[2022.11.25-20.34.46:601][  0]LogWorld: BeginTearingDown for /Temp/Untitled_0
[2022.11.25-20.34.46:601][  0]LogWorld: UWorld::CleanupWorld for Untitled, bSessionEnded=true, bCleanupResources=true
[2022.11.25-20.34.46:601][  0]LogSlate: InvalidateAllWidgets triggered.  All widgets were invalidated
[2022.11.25-20.34.46:605][  0]LogAudio: Display: Audio Device unregistered from world 'None'.
[2022.11.25-20.34.46:607][  0]LogUObjectHash: Compacting FUObjectHashTables data took   0.52ms
[2022.11.25-20.34.46:681][  0]LogBlueprint: Warning: [AssetLog] C:\Users\gizem\Downloads\SideScroller_V422\SideScroller_V422\SideScroller_V422\Content\Custom_Blueprints\Puzzle_Elements\Sphere_Door.uasset: [Compiler] OnComponentBeginOverlap (Box)  does not have a valid matching component!
[2022.11.25-20.34.47:186][  0]LogSkeletalMesh: Display: [AssetLog] C:\Users\gizem\Downloads\SideScroller_V422\SideScroller_V422\SideScroller_V422\Content\Custom_Assets\Hazards\Bat\Model\Bat_Enemy.uasset: Find and fix some bad tangent! please re-import this skeletal mesh asset to fix the issue. The shading of the skeletal mesh will be bad and faceted.
[2022.11.25-20.34.47:190][  0]LogSkeletalMesh: Display: [AssetLog] C:\Users\gizem\Downloads\SideScroller_V422\SideScroller_V422\SideScroller_V422\Content\Custom_Assets\Utility\Flag\Flag.uasset: Find and fix some bad tangent! please re-import this skeletal mesh asset to fix the issue. The shading of the skeletal mesh will be bad and faceted.
[2022.11.25-20.34.47:212][  0]LogAudio: Display: Audio Device (ID: 1) registered with world 'SideScrollerExampleMap'.
[2022.11.25-20.34.47:218][  0]LogAIModule: Creating AISystem for world SideScrollerExampleMap
[2022.11.25-20.34.47:220][  0]LogLoad: Game class is 'SideScrollerGameMode_C'
[2022.11.25-20.34.47:255][  0]LogWorld: Bringing World /Game/SideScrollerBP/Maps/SideScrollerExampleMap.SideScrollerExampleMap up for play (max tick rate 0) at 2022.11.25-15.34.47
[2022.11.25-20.34.47:259][  0]LogWorld: Bringing up level for play took: 0.038514
[2022.11.25-20.34.47:263][  0]LogLoad: Took 0.662110 seconds to LoadMap(/Game/SideScrollerBP/Maps/SideScrollerExampleMap)
[2022.11.25-20.34.47:315][  0]LogSlate: Took 0.000176 seconds to synchronously load lazily loaded font '../../../Engine/Content/Slate/Fonts/Roboto-Regular.ttf' (155K)
[2022.11.25-20.34.47:345][  0]LogRenderer: Reallocating scene render targets to support 1280x720 Format 10 NumSamples 1 (Frame:1).
[2022.11.25-20.34.47:345][  0]LogInit: Display: Engine is initialized. Leaving FEngineLoop::Init()
[2022.11.25-20.34.47:345][  0]LogLoad: (Engine Initialization) Total time: 4.90 seconds
[2022.11.25-20.34.47:345][  0]LogLoad: (Engine Initialization) Total Blueprint compile time: 0.00 seconds
[2022.11.25-20.34.47:361][  0]LogContentStreaming: Texture pool size now 1000 MB
[2022.11.25-20.34.47:364][  0]LogSlate: InvalidateAllWidgets triggered.  All widgets were invalidated
[2022.11.25-20.34.47:421][  0]LogRenderer: Reallocating scene render targets to support 128x128 Format 10 NumSamples 1 (Frame:1).
[2022.11.25-20.34.47:442][  0]LogRenderer: Reallocating scene render targets to support 1280x720 Format 10 NumSamples 1 (Frame:2).
[2022.11.25-20.34.47:467][  1]LogSlate: Took 0.000172 seconds to synchronously load lazily loaded font '../../../Engine/Content/Slate/Fonts/Roboto-Regular.ttf' (155K)
[2022.11.25-20.35.19:235][742]LogCharacterMovement: SideScrollerCharacter_78 is stuck and failed to move! Velocity: X=0.00 Y=-25.83 Z=0.00 Location: X=1200.00 Y=774.77 Z=208.15 Normal: X=-0.00 Y=1.00 Z=0.00 PenetrationDepth:0.585 Actor:Bomb4 Component:StaticMeshComponent0 BoneName:None (0 other events since notify)
[2022.11.25-20.35.20:355][114]LogCharacterMovement: SideScrollerCharacter_78 is stuck and failed to move! Velocity: X=0.00 Y=-67.50 Z=0.00 Location: X=1200.00 Y=777.77 Z=208.15 Normal: X=-0.01 Y=1.00 Z=0.00 PenetrationDepth:0.453 Actor:Bomb4 Component:StaticMeshComponent0 BoneName:None (33 other events since notify)
[2022.11.25-20.37.02:356][115]LogCharacterMovement: SideScrollerCharacter_78 is stuck and failed to move! Velocity: X=0.00 Y=-28.59 Z=0.00 Location: X=1200.00 Y=-11558.12 Z=796.64 Normal: X=0.00 Y=1.00 Z=0.00 PenetrationDepth:0.354 Actor:Moving_Platform_Horizontal2_5 Component:StaticMeshComponent0 BoneName:None (10 other events since notify)
[2022.11.25-20.37.22:396][626]LogCharacterMovement: SideScrollerCharacter_78 is stuck and failed to move! Velocity: X=0.00 Y=-600.00 Z=0.00 Location: X=1200.00 Y=-19064.48 Z=160.07 Normal: X=-0.78 Y=0.63 Z=-0.00 PenetrationDepth:0.895 Actor:Rockface_Jumper2_5 Component:SkeletalMeshComponent0 BoneName:CATRigAnkleBone001L (1 other events since notify)
[2022.11.25-20.37.25:645][905]LogCharacterMovement: SideScrollerCharacter_78 is stuck and failed to move! Velocity: X=0.00 Y=-117.76 Z=0.00 Location: X=1200.00 Y=-20278.30 Z=158.07 Normal: X=-0.02 Y=0.70 Z=-0.72 PenetrationDepth:0.155 Actor:Enemy_Bat_Stationary11_15 Component:SkeletalMeshComponent0 BoneName:MarinePelvis (58 other events since notify)
[2022.11.25-20.37.27:101][515]LogCharacterMovement: SideScrollerCharacter_78 is stuck and failed to move! Velocity: X=0.00 Y=-4.50 Z=0.00 Location: X=1200.00 Y=-20543.40 Z=207.04 Normal: X=0.00 Y=1.00 Z=0.00 PenetrationDepth:41.165 Actor:Rockface_Jumper3 Component:SkeletalMeshComponent0 BoneName:CATRigSpine (80 other events since notify)
[2022.11.25-20.37.34:586][986]LogCharacterMovement: SideScrollerCharacter_78 is stuck and failed to move! Velocity: X=0.00 Y=-333.01 Z=0.00 Location: X=1200.00 Y=-23746.94 Z=206.12 Normal: X=1.00 Y=0.00 Z=0.00 PenetrationDepth:4.532 Actor:Locked_Door3 Component:Box1 BoneName:None (27 other events since notify)
[2022.11.25-20.37.35:586][446]LogCharacterMovement: SideScrollerCharacter_78 is stuck and failed to move! Velocity: X=0.00 Y=-66.96 Z=0.00 Location: X=1200.00 Y=-23729.63 Z=208.15 Normal: X=1.00 Y=0.00 Z=0.00 PenetrationDepth:4.532 Actor:Locked_Door3 Component:Box1 BoneName:None (354 other events since notify)
[2022.11.25-20.37.36:587][905]LogCharacterMovement: SideScrollerCharacter_78 is stuck and failed to move! Velocity: X=0.00 Y=36.97 Z=0.00 Location: X=1200.00 Y=-23729.63 Z=208.15 Normal: X=1.00 Y=0.00 Z=0.00 PenetrationDepth:4.532 Actor:Locked_Door3 Component:Box1 BoneName:None (458 other events since notify)
[2022.11.25-20.37.42:734][941]LogScript: Warning: Attempted to access SideScrollerCharacter_78 via property My Character, but SideScrollerCharacter_78 is pending kill
	HUD_C /Engine/Transient.GameEngine_0:GameInstance_0.HUD_C_0
	Function /Game/Custom_Widgets/HUD.HUD_C:GetText_2:0025
[2022.11.25-20.37.42:734][941]LogScript: Warning: Script call stack:
	Function /Game/Custom_Widgets/HUD.HUD_C:GetText_2

[2022.11.25-20.37.42:734][941]LogScript: Warning: Attempted to access SideScrollerCharacter_78 via property My Character, but SideScrollerCharacter_78 is pending kill
	HUD_C /Engine/Transient.GameEngine_0:GameInstance_0.HUD_C_0
	Function /Game/Custom_Widgets/HUD.HUD_C:GetText_0:0025
[2022.11.25-20.37.42:734][941]LogScript: Warning: Script call stack:
	Function /Game/Custom_Widgets/HUD.HUD_C:GetText_0

[2022.11.25-20.37.42:734][941]LogScript: Warning: Attempted to access SideScrollerCharacter_78 via property My Character, but SideScrollerCharacter_78 is pending kill
	HUD_C /Engine/Transient.GameEngine_0:GameInstance_0.HUD_C_0
	Function /Game/Custom_Widgets/HUD.HUD_C:GetText_1:0025
[2022.11.25-20.37.42:734][941]LogScript: Warning: Script call stack:
	Function /Game/Custom_Widgets/HUD.HUD_C:GetText_1

[2022.11.25-20.37.42:734][941]LogScript: Warning: Attempted to access SideScrollerCharacter_78 via property My Character, but SideScrollerCharacter_78 is pending kill
	HUD_C /Engine/Transient.GameEngine_0:GameInstance_0.HUD_C_0
	Function /Game/Custom_Widgets/HUD.HUD_C:GetText_3:0025
[2022.11.25-20.37.42:734][941]LogScript: Warning: Script call stack:
	Function /Game/Custom_Widgets/HUD.HUD_C:GetText_3

[2022.11.25-20.37.42:734][941]LogScript: Warning: Attempted to access SideScrollerCharacter_78 via property My Character, but SideScrollerCharacter_78 is pending kill
	HUD_C /Engine/Transient.GameEngine_0:GameInstance_0.HUD_C_0
	Function /Game/Custom_Widgets/HUD.HUD_C:GetText_4:0025
[2022.11.25-20.37.42:734][941]LogScript: Warning: Script call stack:
	Function /Game/Custom_Widgets/HUD.HUD_C:GetText_4

[2022.11.25-20.37.42:736][942]LogScript: Warning: Attempted to access SideScrollerCharacter_78 via property My Character, but SideScrollerCharacter_78 is pending kill
	HUD_C /Engine/Transient.GameEngine_0:GameInstance_0.HUD_C_0
	Function /Game/Custom_Widgets/HUD.HUD_C:GetText_2:0025
[2022.11.25-20.37.42:736][942]LogScript: Warning: Script call stack:
	Function /Game/Custom_Widgets/HUD.HUD_C:GetText_2

[2022.11.25-20.37.42:736][942]LogScript: Warning: Attempted to access SideScrollerCharacter_78 via property My Character, but SideScrollerCharacter_78 is pending kill
	HUD_C /Engine/Transient.GameEngine_0:GameInstance_0.HUD_C_0
	Function /Game/Custom_Widgets/HUD.HUD_C:GetText_0:0025
[2022.11.25-20.37.42:736][942]LogScript: Warning: Script call stack:
	Function /Game/Custom_Widgets/HUD.HUD_C:GetText_0

[2022.11.25-20.37.42:736][942]LogScript: Warning: Attempted to access SideScrollerCharacter_78 via property My Character, but SideScrollerCharacter_78 is pending kill
	HUD_C /Engine/Transient.GameEngine_0:GameInstance_0.HUD_C_0
	Function /Game/Custom_Widgets/HUD.HUD_C:GetText_1:0025
[2022.11.25-20.37.42:736][942]LogScript: Warning: Script call stack:
	Function /Game/Custom_Widgets/HUD.HUD_C:GetText_1

[2022.11.25-20.37.42:736][942]LogScript: Warning: Attempted to access SideScrollerCharacter_78 via property My Character, but SideScrollerCharacter_78 is pending kill
	HUD_C /Engine/Transient.GameEngine_0:GameInstance_0.HUD_C_0
	Function /Game/Custom_Widgets/HUD.HUD_C:GetText_3:0025
[2022.11.25-20.37.42:736][942]LogScript: Warning: Script call stack:
	Function /Game/Custom_Widgets/HUD.HUD_C:GetText_3

[2022.11.25-20.37.42:736][942]LogScript: Warning: Attempted to access SideScrollerCharacter_78 via property My Character, but SideScrollerCharacter_78 is pending kill
	HUD_C /Engine/Transient.GameEngine_0:GameInstance_0.HUD_C_0
	Function /Game/Custom_Widgets/HUD.HUD_C:GetText_4:0025
[2022.11.25-20.37.42:736][942]LogScript: Warning: Script call stack:
	Function /Game/Custom_Widgets/HUD.HUD_C:GetText_4

[2022.11.25-20.37.42:739][943]LogScript: Warning: Attempted to access SideScrollerCharacter_78 via property My Character, but SideScrollerCharacter_78 is pending kill
	HUD_C /Engine/Transient.GameEngine_0:GameInstance_0.HUD_C_0
	Function /Game/Custom_Widgets/HUD.HUD_C:GetText_2:0025
[2022.11.25-20.37.42:739][943]LogScript: Warning: Script call stack:
	Function /Game/Custom_Widgets/HUD.HUD_C:GetText_2

[2022.11.25-20.37.42:739][943]LogScript: Warning: Attempted to access SideScrollerCharacter_78 via property My Character, but SideScrollerCharacter_78 is pending kill
	HUD_C /Engine/Transient.GameEngine_0:GameInstance_0.HUD_C_0
	Function /Game/Custom_Widgets/HUD.HUD_C:GetText_0:0025
[2022.11.25-20.37.42:739][943]LogScript: Warning: Script call stack:
	Function /Game/Custom_Widgets/HUD.HUD_C:GetText_0

[2022.11.25-20.37.42:739][943]LogScript: Warning: Attempted to access SideScrollerCharacter_78 via property My Character, but SideScrollerCharacter_78 is pending kill
	HUD_C /Engine/Transient.GameEngine_0:GameInstance_0.HUD_C_0
	Function /Game/Custom_Widgets/HUD.HUD_C:GetText_1:0025
[2022.11.25-20.37.42:739][943]LogScript: Warning: Script call stack:
	Function /Game/Custom_Widgets/HUD.HUD_C:GetText_1

[2022.11.25-20.37.42:739][943]LogScript: Warning: Attempted to access SideScrollerCharacter_78 via property My Character, but SideScrollerCharacter_78 is pending kill
	HUD_C /Engine/Transient.GameEngine_0:GameInstance_0.HUD_C_0
	Function /Game/Custom_Widgets/HUD.HUD_C:GetText_3:0025
[2022.11.25-20.37.42:739][943]LogScript: Warning: Script call stack:
	Function /Game/Custom_Widgets/HUD.HUD_C:GetText_3

[2022.11.25-20.37.42:739][943]LogScript: Warning: Attempted to access SideScrollerCharacter_78 via property My Character, but SideScrollerCharacter_78 is pending kill
	HUD_C /Engine/Transient.GameEngine_0:GameInstance_0.HUD_C_0
	Function /Game/Custom_Widgets/HUD.HUD_C:GetText_4:0025
[2022.11.25-20.37.42:739][943]LogScript: Warning: Script call stack:
	Function /Game/Custom_Widgets/HUD.HUD_C:GetText_4

[2022.11.25-20.37.42:741][944]LogScript: Warning: Attempted to access SideScrollerCharacter_78 via property My Character, but SideScrollerCharacter_78 is pending kill
	HUD_C /Engine/Transient.GameEngine_0:GameInstance_0.HUD_C_0
	Function /Game/Custom_Widgets/HUD.HUD_C:GetText_2:0025
[2022.11.25-20.37.42:741][944]LogScript: Warning: Script call stack:
	Function /Game/Custom_Widgets/HUD.HUD_C:GetText_2

[2022.11.25-20.38.00:326][341]LogSlate: Window 'SideScroller_V422_Fall2019 (64-bit Development PCD3D_SM5) ' being destroyed
[2022.11.25-20.38.00:328][341]LogWindowsTextInputMethodSystem: Display: IME system deactivated.
[2022.11.25-20.38.00:331][341]LogSlate: Updating window title bar state: overlay mode, drag disabled, window buttons hidden, title bar hidden
[2022.11.25-20.38.00:331][341]LogEngine: All Windows Closed
[2022.11.25-20.38.00:331][341]LogWindows: FPlatformMisc::RequestExit(0)
[2022.11.25-20.38.00:331][341]LogWindows: FPlatformMisc::RequestExitWithStatus(0, 0)
[2022.11.25-20.38.00:331][341]LogCore: Engine exit requested (reason: Win RequestExit)
[2022.11.25-20.38.00:331][342]LogCore: Engine exit requested (reason: EngineExit() was called; note: exit was already requested)
[2022.11.25-20.38.00:332][342]LogInit: Display: PreExit Game.
[2022.11.25-20.38.00:375][342]LogWorld: BeginTearingDown for /Game/SideScrollerBP/Maps/SideScrollerExampleMap
[2022.11.25-20.38.00:376][342]LogWorld: UWorld::CleanupWorld for SideScrollerExampleMap, bSessionEnded=true, bCleanupResources=true
[2022.11.25-20.38.00:378][342]LogSlate: InvalidateAllWidgets triggered.  All widgets were invalidated
[2022.11.25-20.38.00:394][342]LogAudio: Display: Beginning Audio Device Manager Shutdown (Module: AudioMixerXAudio2)...
[2022.11.25-20.38.00:394][342]LogAudio: Display: Destroying 1 Remaining Audio Device(s)...
[2022.11.25-20.38.00:394][342]LogAudio: Display: Audio Device unregistered from world 'SideScrollerExampleMap'.
[2022.11.25-20.38.00:427][342]LogAudioMixer: FMixerPlatformXAudio2::StopAudioStream() called
[2022.11.25-20.38.00:428][342]LogAudioMixer: FMixerPlatformXAudio2::StopAudioStream() called
[2022.11.25-20.38.00:440][342]LogAudio: Display: Audio Device Manager Shutdown
[2022.11.25-20.38.00:444][342]LogExit: Preparing to exit.
[2022.11.25-20.38.01:145][342]LogSlate: Updating window title bar state: overlay mode, drag disabled, window buttons hidden, title bar hidden
[2022.11.25-20.38.01:148][342]LogUObjectHash: Compacting FUObjectHashTables data took   1.51ms
[2022.11.25-20.38.01:168][342]LogMoviePlayer: Shutting down movie player
[2022.11.25-20.38.01:392][342]LogDemo: Cleaned up 0 splitscreen connections with owner deletion
[2022.11.25-20.38.01:395][342]LogExit: Game engine shut down
[2022.11.25-20.38.01:445][342]LogExit: Object subsystem successfully closed.
[2022.11.25-20.38.01:463][342]LogShaderCompilers: Display: === FShaderJobCache stats ===
[2022.11.25-20.38.01:463][342]LogShaderCompilers: Display: Total job queries 0, among them cache hits 0 (0.00%)
[2022.11.25-20.38.01:463][342]LogShaderCompilers: Display: Tracking 0 distinct input hashes that result in 0 distinct outputs (0.00%)
[2022.11.25-20.38.01:463][342]LogShaderCompilers: Display: RAM used: 0.00 MB (0.00 GB) of 1638.40 MB (1.60 GB) budget. Usage: 0.00%
[2022.11.25-20.38.01:463][342]LogShaderCompilers: Display: ================================================
[2022.11.25-20.38.01:474][342]LogShaderCompilers: Display: Shaders left to compile 0
[2022.11.25-20.38.01:493][342]LogModuleManager: Shutting down and abandoning module SequenceRecorderSections (564)
[2022.11.25-20.38.01:493][342]LogModuleManager: Shutting down and abandoning module SequenceRecorder (562)
[2022.11.25-20.38.01:493][342]LogModuleManager: Shutting down and abandoning module AutomationController (560)
[2022.11.25-20.38.01:493][342]LogModuleManager: Shutting down and abandoning module AutomationWorker (558)
[2022.11.25-20.38.01:493][342]LogModuleManager: Shutting down and abandoning module Voice (556)
[2022.11.25-20.38.01:493][342]LogModuleManager: Shutting down and abandoning module AIModule (554)
[2022.11.25-20.38.01:493][342]LogModuleManager: Shutting down and abandoning module GameplayDebugger (553)
[2022.11.25-20.38.01:493][342]LogModuleManager: Shutting down and abandoning module AITestSuite (551)
[2022.11.25-20.38.01:493][342]LogModuleManager: Shutting down and abandoning module NavigationSystem (549)
[2022.11.25-20.38.01:493][342]LogModuleManager: Shutting down and abandoning module AnimGraph (546)
[2022.11.25-20.38.01:493][342]LogModuleManager: Shutting down and abandoning module SteamVREditor (544)
[2022.11.25-20.38.01:493][342]LogModuleManager: Shutting down and abandoning module ToolMenus (543)
[2022.11.25-20.38.01:493][342]LogModuleManager: Shutting down and abandoning module OculusMR (540)
[2022.11.25-20.38.01:493][342]LogModuleManager: Shutting down and abandoning module OpenXRInput (538)
[2022.11.25-20.38.01:493][342]LogModuleManager: Shutting down and abandoning module TakeRecorderSources (536)
[2022.11.25-20.38.01:493][342]LogModuleManager: Shutting down and abandoning module TakeRecorder (535)
[2022.11.25-20.38.01:493][342]LogModuleManager: Shutting down and abandoning module TakeTrackRecorders (532)
[2022.11.25-20.38.01:493][342]LogModuleManager: Shutting down and abandoning module TakesCore (530)
[2022.11.25-20.38.01:493][342]LogModuleManager: Shutting down and abandoning module WmfMediaFactory (528)
[2022.11.25-20.38.01:493][342]LogModuleManager: Shutting down and abandoning module WebMMediaFactory (526)
[2022.11.25-20.38.01:493][342]LogModuleManager: Shutting down and abandoning module WebMMedia (524)
[2022.11.25-20.38.01:493][342]LogModuleManager: Shutting down and abandoning module OpenExrWrapper (522)
[2022.11.25-20.38.01:493][342]LogModuleManager: Shutting down and abandoning module ImgMediaFactory (520)
[2022.11.25-20.38.01:493][342]LogModuleManager: Shutting down and abandoning module AvfMediaFactory (518)
[2022.11.25-20.38.01:493][342]LogModuleManager: Shutting down and abandoning module MagicLeapMediaCodecFactory (516)
[2022.11.25-20.38.01:493][342]LogModuleManager: Shutting down and abandoning module MagicLeapMediaFactory (514)
[2022.11.25-20.38.01:493][342]LogModuleManager: Shutting down and abandoning module PlanarCut (512)
[2022.11.25-20.38.01:494][342]LogModuleManager: Shutting down and abandoning module CharacterAI (510)
[2022.11.25-20.38.01:494][342]LogModuleManager: Shutting down and abandoning module SessionServices (508)
[2022.11.25-20.38.01:494][342]LogModuleManager: Shutting down and abandoning module MovieSceneCapture (506)
[2022.11.25-20.38.01:494][342]LogModuleManager: Shutting down and abandoning module LiveCoding (504)
[2022.11.25-20.38.01:494][342]LogModuleManager: Shutting down and abandoning module LevelSequence (502)
[2022.11.25-20.38.01:494][342]LogModuleManager: Shutting down and abandoning module MovieSceneTracks (500)
[2022.11.25-20.38.01:494][342]LogModuleManager: Shutting down and abandoning module MovieScene (498)
[2022.11.25-20.38.01:494][342]LogModuleManager: Shutting down and abandoning module StreamingPauseRendering (496)
[2022.11.25-20.38.01:494][342]LogModuleManager: Shutting down and abandoning module PortalServices (494)
[2022.11.25-20.38.01:494][342]LogModuleManager: Shutting down and abandoning module PortalRpc (492)
[2022.11.25-20.38.01:494][342]LogModuleManager: Shutting down and abandoning module MessagingRpc (490)
[2022.11.25-20.38.01:494][342]LogModuleManager: Shutting down and abandoning module AudioMixerXAudio2 (488)
[2022.11.25-20.38.01:494][342]LogModuleManager: Shutting down and abandoning module AudioMixerCore (487)
[2022.11.25-20.38.01:494][342]LogModuleManager: Shutting down and abandoning module ImageWriteQueue (484)
[2022.11.25-20.38.01:500][342]LogModuleManager: Shutting down and abandoning module ProfilerService (482)
[2022.11.25-20.38.01:661][342]LogModuleManager: Shutting down and abandoning module TaskGraph (480)
[2022.11.25-20.38.01:661][342]LogModuleManager: Shutting down and abandoning module OculusInput (478)
[2022.11.25-20.38.01:661][342]LogModuleManager: Shutting down and abandoning module Synthesis (476)
[2022.11.25-20.38.01:662][342]LogModuleManager: Shutting down and abandoning module ProceduralMeshComponent (474)
[2022.11.25-20.38.01:662][342]LogModuleManager: Shutting down and abandoning module MobilePatchingUtils (472)
[2022.11.25-20.38.01:662][342]LogModuleManager: Shutting down and abandoning module GooglePAD (470)
[2022.11.25-20.38.01:662][342]LogModuleManager: Shutting down and abandoning module TakeMovieScene (468)
[2022.11.25-20.38.01:662][342]LogModuleManager: Shutting down and abandoning module TemplateSequence (466)
[2022.11.25-20.38.01:662][342]LogModuleManager: Shutting down and abandoning module AudioCapture (464)
[2022.11.25-20.38.01:662][342]LogModuleManager: Shutting down and abandoning module AudioCaptureRtAudio (463)
[2022.11.25-20.38.01:662][342]LogModuleManager: Shutting down and abandoning module AssetTags (460)
[2022.11.25-20.38.01:662][342]LogModuleManager: Shutting down and abandoning module EditableMesh (458)
[2022.11.25-20.38.01:662][342]LogModuleManager: Shutting down and abandoning module CustomMeshComponent (456)
[2022.11.25-20.38.01:662][342]LogModuleManager: Shutting down and abandoning module AppleImageUtilsBlueprintSupport (454)
[2022.11.25-20.38.01:662][342]LogModuleManager: Shutting down and abandoning module AppleImageUtils (452)
[2022.11.25-20.38.01:662][342]LogModuleManager: Shutting down and abandoning module CableComponent (450)
[2022.11.25-20.38.01:662][342]LogModuleManager: Shutting down and abandoning module ArchVisCharacter (448)
[2022.11.25-20.38.01:662][342]LogModuleManager: Shutting down and abandoning module AndroidPermission (446)
[2022.11.25-20.38.01:662][342]LogModuleManager: Shutting down and abandoning module ActorLayerUtilities (444)
[2022.11.25-20.38.01:662][342]LogModuleManager: Shutting down and abandoning module MediaCompositing (442)
[2022.11.25-20.38.01:662][342]LogModuleManager: Shutting down and abandoning module ImgMedia (440)
[2022.11.25-20.38.01:662][342]LogModuleManager: Shutting down and abandoning module MagicLeapSharedWorld (438)
[2022.11.25-20.38.01:662][342]LogModuleManager: Shutting down and abandoning module MagicLeapLightEstimation (436)
[2022.11.25-20.38.01:662][342]LogModuleManager: Shutting down and abandoning module MagicLeapHelperVulkan (434)
[2022.11.25-20.38.01:662][342]LogModuleManager: Shutting down and abandoning module MagicLeapHelperOpenGL (432)
[2022.11.25-20.38.01:662][342]LogModuleManager: Shutting down and abandoning module MagicLeapAudio (430)
[2022.11.25-20.38.01:662][342]LogModuleManager: Shutting down and abandoning module OpenImageDenoise (428)
[2022.11.25-20.38.01:662][342]LogOpenImageDenoise: OIDN shutting down
[2022.11.25-20.38.01:662][342]LogModuleManager: Shutting down and abandoning module MotoSynth (426)
[2022.11.25-20.38.01:662][342]LogModuleManager: Shutting down and abandoning module MeshConversion (424)
[2022.11.25-20.38.01:662][342]LogModuleManager: Shutting down and abandoning module DynamicMesh (422)
[2022.11.25-20.38.01:663][342]LogModuleManager: Shutting down and abandoning module GeometryAlgorithms (420)
[2022.11.25-20.38.01:663][342]LogModuleManager: Shutting down and abandoning module GeometricObjects (418)
[2022.11.25-20.38.01:664][342]LogModuleManager: Shutting down and abandoning module GeometryCollectionTracks (416)
[2022.11.25-20.38.01:664][342]LogModuleManager: Shutting down and abandoning module GeometryCollectionSequencer (415)
[2022.11.25-20.38.01:664][342]LogModuleManager: Shutting down and abandoning module GeometryCacheTracks (412)
[2022.11.25-20.38.01:664][342]LogModuleManager: Shutting down and abandoning module GeometryCacheSequencer (411)
[2022.11.25-20.38.01:664][342]LogModuleManager: Shutting down and abandoning module GeometryCache (408)
[2022.11.25-20.38.01:664][342]LogModuleManager: Shutting down and abandoning module GeometryCacheEd (407)
[2022.11.25-20.38.01:664][342]LogModuleManager: Shutting down and abandoning module BackChannel (404)
[2022.11.25-20.38.01:664][342]LogModuleManager: Shutting down and abandoning module ChaosNiagara (402)
[2022.11.25-20.38.01:664][342]LogModuleManager: Shutting down and abandoning module FieldSystemEngine (401)
[2022.11.25-20.38.01:664][342]LogModuleManager: Shutting down and abandoning module AutomationUtils (398)
[2022.11.25-20.38.01:664][342]LogModuleManager: Shutting down and abandoning module VisualStudioSourceCodeAccess (396)
[2022.11.25-20.38.01:664][342]LogModuleManager: Shutting down and abandoning module HotReload (395)
[2022.11.25-20.38.01:664][342]LogModuleManager: Shutting down and abandoning module VisualStudioCodeSourceCodeAccess (392)
[2022.11.25-20.38.01:664][342]LogModuleManager: Shutting down and abandoning module UObjectPlugin (390)
[2022.11.25-20.38.01:664][342]LogModuleManager: Shutting down and abandoning module SubversionSourceControl (388)
[2022.11.25-20.38.01:664][342]LogModuleManager: Shutting down and abandoning module PerforceSourceControl (386)
[2022.11.25-20.38.01:664][342]LogModuleManager: Shutting down and abandoning module SourceControl (385)
[2022.11.25-20.38.01:664][342]LogModuleManager: Shutting down and abandoning module OodleNetworkHandlerComponent (382)
[2022.11.25-20.38.01:664][342]LogModuleManager: Shutting down and abandoning module CLionSourceCodeAccess (380)
[2022.11.25-20.38.01:664][342]LogModuleManager: Shutting down and abandoning module LiveLinkSequencer (378)
[2022.11.25-20.38.01:664][342]LogModuleManager: Shutting down and abandoning module LiveLinkMovieScene (376)
[2022.11.25-20.38.01:664][342]LogModuleManager: Shutting down and abandoning module LiveLinkGraphNode (374)
[2022.11.25-20.38.01:664][342]LogModuleManager: Shutting down and abandoning module LiveLinkComponents (372)
[2022.11.25-20.38.01:664][342]LogModuleManager: Shutting down and abandoning module LiveLink (370)
[2022.11.25-20.38.02:182][342]LogModuleManager: Shutting down and abandoning module PhysXVehiclesEditor (368)
[2022.11.25-20.38.02:182][342]LogModuleManager: Shutting down and abandoning module SoundFields (364)
[2022.11.25-20.38.02:182][342]LogModuleManager: Shutting down and abandoning module SignificanceManager (362)
[2022.11.25-20.38.02:182][342]LogModuleManager: Shutting down and abandoning module PropertyAccessEditor (360)
[2022.11.25-20.38.02:182][342]LogModuleManager: Shutting down and abandoning module RuntimePhysXCooking (358)
[2022.11.25-20.38.02:182][342]LogModuleManager: Shutting down and abandoning module LocationServicesBPLibrary (356)
[2022.11.25-20.38.02:182][342]LogModuleManager: Shutting down and abandoning module ActorSequence (354)
[2022.11.25-20.38.02:182][342]LogModuleManager: Shutting down and abandoning module AudioSynesthesia (352)
[2022.11.25-20.38.02:182][342]LogModuleManager: Shutting down and abandoning module AudioSynesthesiaCore (350)
[2022.11.25-20.38.02:182][342]LogModuleManager: Shutting down and abandoning module ApexDestructionEditor (348)
[2022.11.25-20.38.02:182][342]LogModuleManager: Shutting down and abandoning module ApexDestruction (346)
[2022.11.25-20.38.02:182][342]LogModuleManager: Shutting down and abandoning module ImgMediaEngine (344)
[2022.11.25-20.38.02:182][342]LogModuleManager: Shutting down and abandoning module TcpMessaging (342)
