Log file open, 11/25/22 10:22:10
LogWindows: Failed to load 'aqProf.dll' (GetLastError=126)
LogWindows: File 'aqProf.dll' does not exist
LogWindows: Failed to load 'VtuneApi.dll' (GetLastError=126)
LogWindows: File 'VtuneApi.dll' does not exist
LogWindows: Failed to load 'VtuneApi32e.dll' (GetLastError=126)
LogWindows: File 'VtuneApi32e.dll' does not exist
LogConsoleResponse: Display: Failed to find resolution value strings in scalability ini. Falling back to default.
LogConsoleResponse: Display: Failed to find resolution value strings in scalability ini. Falling back to default.
LogInit: Display: Running engine for game: SideScroller_V422_Fall2019
LogPlatformFile: Not using cached read wrapper
LogTaskGraph: Started task graph with 5 named threads and 59 total threads with 3 sets of task threads.
LogStats: Stats thread started at 0.216422
LogICUInternationalization: ICU TimeZone Detection - Raw Offset: -5:00, Platform Override: ''
LogInit: Display: Loading text-based GConfig....
LogPluginManager: Mounting plugin MeshPainting
LogPluginManager: Mounting plugin XGEController
LogPluginManager: Mounting plugin Paper2D
LogPluginManager: Mounting plugin EnvironmentQueryEditor
LogPluginManager: Mounting plugin AISupport
LogPluginManager: Mounting plugin LiveLink
LogPluginManager: Mounting plugin LightPropagationVolume
LogPluginManager: Mounting plugin GameplayCameras
LogPluginManager: Mounting plugin AnimationSharing
LogPluginManager: Mounting plugin CodeLiteSourceCodeAccess
LogPluginManager: Mounting plugin GitSourceControl
LogPluginManager: Mounting plugin NullSourceCodeAccess
LogPluginManager: Mounting plugin KDevelopSourceCodeAccess
LogPluginManager: Mounting plugin PluginUtils
LogPluginManager: Mounting plugin RiderSourceCodeAccess
LogPluginManager: Mounting plugin PlasticSourceControl
LogPluginManager: Mounting plugin CameraShakePreviewer
LogPluginManager: Mounting plugin PixWinPlugin
LogPluginManager: Mounting plugin TextureFormatOodle
LogPluginManager: Mounting plugin UObjectPlugin
LogPluginManager: Mounting plugin PerforceSourceControl
LogPluginManager: Mounting plugin VisualStudioSourceCodeAccess
LogPluginManager: Mounting plugin VisualStudioCodeSourceCodeAccess
LogPluginManager: Mounting plugin CLionSourceCodeAccess
LogPluginManager: Mounting plugin PropertyAccessNode
LogPluginManager: Mounting plugin OodleData
LogPluginManager: Mounting plugin CryptoKeys
LogPluginManager: Mounting plugin DataValidation
LogPluginManager: Mounting plugin GameplayTagsEditor
LogPluginManager: Mounting plugin GeometryMode
LogPluginManager: Mounting plugin FacialAnimation
LogPluginManager: Mounting plugin MacGraphicsSwitching
LogPluginManager: Mounting plugin MobileLauncherProfileWizard
LogPluginManager: Mounting plugin PluginBrowser
LogPluginManager: Mounting plugin SpeedTreeImporter
LogPluginManager: Mounting plugin CurveEditorTools
LogPluginManager: Mounting plugin DatasmithContent
LogPluginManager: Mounting plugin VariantManagerContent
LogPluginManager: Mounting plugin Niagara
LogPluginManager: Mounting plugin OodleNetwork
LogPluginManager: Mounting plugin LuminPlatformFeatures
LogPluginManager: Mounting plugin MagicLeap
LogPluginManager: Mounting plugin MagicLeapLightEstimation
LogPluginManager: Mounting plugin MagicLeapMedia
LogPluginManager: Mounting plugin XCodeSourceCodeAccess
LogPluginManager: Mounting plugin MLSDK
LogPluginManager: Mounting plugin MagicLeapPassableWorld
LogPluginManager: Mounting plugin AndroidMedia
LogPluginManager: Mounting plugin AvfMedia
LogPluginManager: Mounting plugin ImgMedia
LogPluginManager: Mounting plugin MaterialAnalyzer
LogPluginManager: Mounting plugin MediaCompositing
LogPluginManager: Mounting plugin MediaPlayerEditor
LogPluginManager: Mounting plugin SubversionSourceControl
LogPluginManager: Mounting plugin AssetManagerEditor
LogPluginManager: Mounting plugin WmfMedia
LogPluginManager: Mounting plugin TcpMessaging
LogPluginManager: Mounting plugin UdpMessaging
LogPluginManager: Mounting plugin OnlineSubsystem
LogPluginManager: Mounting plugin OnlineSubsystemNull
LogPluginManager: Mounting plugin OnlineSubsystemUtils
LogPluginManager: Mounting plugin ActorSequence
LogPluginManager: Mounting plugin LevelSequenceEditor
LogPluginManager: Mounting plugin MatineeToLevelSequence
LogPluginManager: Mounting plugin WebMMedia
LogPluginManager: Mounting plugin TemplateSequence
LogPluginManager: Mounting plugin AlembicImporter
LogPluginManager: Mounting plugin BackChannel
LogPluginManager: Mounting plugin AutomationUtils
LogPluginManager: Mounting plugin ChaosNiagara
LogPluginManager: Mounting plugin ChaosSolverPlugin
LogPluginManager: Mounting plugin CharacterAI
LogPluginManager: Mounting plugin LauncherChunkInstaller
LogPluginManager: Mounting plugin ChaosCloth
LogPluginManager: Mounting plugin ChaosClothEditor
LogPluginManager: Mounting plugin AndroidDeviceProfileSelector
LogPluginManager: Mounting plugin GeometryCache
LogPluginManager: Mounting plugin ChaosEditor
LogPluginManager: Mounting plugin ActorLayerUtilities
LogPluginManager: Mounting plugin AndroidPermission
LogPluginManager: Mounting plugin GeometryProcessing
LogPluginManager: Mounting plugin AppleMoviePlayer
LogPluginManager: Mounting plugin ApexDestruction
LogPluginManager: Mounting plugin ArchVisCharacter
LogPluginManager: Mounting plugin GeometryCollectionPlugin
LogPluginManager: Mounting plugin AppleImageUtils
LogPluginManager: Mounting plugin OpenImageDenoise
LogPluginManager: Mounting plugin PlanarCut
LogPluginManager: Mounting plugin AssetTags
LogPluginManager: Mounting plugin AudioCapture
LogPluginManager: Mounting plugin MotoSynth
LogPluginManager: Mounting plugin ProxyLODPlugin
LogPluginManager: Mounting plugin PlatformCrypto
LogPluginManager: Mounting plugin AndroidMoviePlayer
LogPluginManager: Mounting plugin AudioSynesthesia
LogPluginManager: Mounting plugin ChunkDownloader
LogPluginManager: Mounting plugin CustomMeshComponent
LogPluginManager: Mounting plugin EditableMesh
LogPluginManager: Mounting plugin ExampleDeviceProfileSelector
LogPluginManager: Mounting plugin PythonScriptPlugin
LogPluginManager: Mounting plugin ScreenshotTools
LogPluginManager: Mounting plugin Takes
LogPluginManager: Mounting plugin GoogleCloudMessaging
LogPluginManager: Mounting plugin SkeletalReduction
LogPluginManager: Mounting plugin IOSDeviceProfileSelector
LogPluginManager: Mounting plugin LinuxDeviceProfileSelector
LogPluginManager: Mounting plugin LocationServicesBPLibrary
LogPluginManager: Mounting plugin MobilePatchingUtils
LogPluginManager: Mounting plugin OpenXR
LogPluginManager: Mounting plugin OpenXREyeTracker
LogPluginManager: Mounting plugin OpenXRHandTracking
LogPluginManager: Mounting plugin PostSplashScreen
LogPluginManager: Mounting plugin PhysXVehicles
LogPluginManager: Mounting plugin ProceduralMeshComponent
LogPluginManager: Mounting plugin PropertyAccessEditor
LogPluginManager: Mounting plugin RuntimePhysXCooking
LogPluginManager: Mounting plugin SoundFields
LogPluginManager: Mounting plugin SignificanceManager
LogPluginManager: Mounting plugin Synthesis
LogPluginManager: Mounting plugin CableComponent
LogPluginManager: Mounting plugin WindowsMoviePlayer
LogPluginManager: Mounting plugin WebMMoviePlayer
LogPluginManager: Mounting plugin GooglePAD
LogPluginManager: Mounting plugin ContentBrowserAssetDataSource
LogPluginManager: Mounting plugin ContentBrowserClassDataSource
LogPluginManager: Mounting plugin ContentBrowserFileDataSource
LogPluginManager: Mounting plugin OnlineSubsystemGooglePlay
LogPluginManager: Mounting plugin OnlineSubsystemIOS
LogPluginManager: Mounting plugin OculusVR
LogPluginManager: Mounting plugin SteamVR
PixWinPlugin: PIX capture plugin failed to initialize! Check that the process is launched from PIX.
LogInit: Using libcurl 7.55.1-DEV
LogInit:  - built for x86_64-pc-win32
LogInit:  - supports SSL with OpenSSL/1.1.1
LogInit:  - supports HTTP deflate (compression) using libz 1.2.8
LogInit:  - other features:
LogInit:      CURL_VERSION_SSL
LogInit:      CURL_VERSION_LIBZ
LogInit:      CURL_VERSION_IPV6
LogInit:      CURL_VERSION_ASYNCHDNS
LogInit:      CURL_VERSION_LARGEFILE
LogInit:      CURL_VERSION_IDN
LogInit:  CurlRequestOptions (configurable via config and command line):
LogInit:  - bVerifyPeer = true  - Libcurl will verify peer certificate
LogInit:  - bUseHttpProxy = false  - Libcurl will NOT use HTTP proxy
LogInit:  - bDontReuseConnections = false  - Libcurl will reuse connections
LogInit:  - MaxHostConnections = 16  - Libcurl will limit the number of connections to a host
LogInit:  - LocalHostAddr = Default
LogInit:  - BufferSize = 65536
LogOnline: OSS: Creating online subsystem instance for: NULL
LogInit: WinSock: version 1.1 (2.2), MaxSocks=32767, MaxUdp=65467
LogOnline: OSS: TryLoadSubsystemAndSetDefault: Loaded subsystem for module [NULL]
LogOculusPluginWrapper: OculusPlugin initialized successfully
LogHMD: Failed initializing OVRPlugin 1.59.0
LogInit: Build: ++UE4+Release-4.27-CL-18319896
LogInit: Engine Version: 4.27.2-18319896+++UE4+Release-4.27
LogInit: Compatible Engine Version: 4.27.0-17155196+++UE4+Release-4.27
LogInit: Net CL: 17155196
LogInit: OS: Windows 10 (Release 2009) (), CPU: 12th Gen Intel(R) Core(TM) i9-12900H, GPU: Intel(R) Iris(R) Xe Graphics
LogInit: Compiled (64-bit): Nov 30 2021 07:12:08
LogInit: Compiled with Visual C++: 19.24.28315.00
LogInit: Build Configuration: Development
LogInit: Branch Name: ++UE4+Release-4.27
LogInit: Command Line:  /Game/SideScrollerBP/Maps/SideScrollerExampleMap -game -PIEVIACONSOLE -Multiprocess GameUserSettingsINI=C:/Users/gizem/Downloads/SideScroller_V422/SideScroller_V422/SideScroller_V422/Saved/Config/Windows/PIEGameUserSettings0.ini -MultiprocessSaveConfig -forcepassthrough -messaging -SessionName="Play in Standalone Game" -windowed -WinX=315 -WinY=179 SAVEWINPOS=1 -ResX=1280 -ResY=720
LogInit: Base Directory: C:/Program Files/Epic Games/UE_4.27/Engine/Binaries/Win64/
LogInit: Allocator: TBB
LogInit: Installed Engine Build: 1
LogDevObjectVersion: Number of dev versions registered: 29
LogDevObjectVersion:   Dev-Blueprints (B0D832E4-1F89-4F0D-ACCF-7EB736FD4AA2): 10
LogDevObjectVersion:   Dev-Build (E1C64328-A22C-4D53-A36C-8E866417BD8C): 0
LogDevObjectVersion:   Dev-Core (375EC13C-06E4-48FB-B500-84F0262A717E): 4
LogDevObjectVersion:   Dev-Editor (E4B068ED-F494-42E9-A231-DA0B2E46BB41): 40
LogDevObjectVersion:   Dev-Framework (CFFC743F-43B0-4480-9391-14DF171D2073): 37
LogDevObjectVersion:   Dev-Mobile (B02B49B5-BB20-44E9-A304-32B752E40360): 3
LogDevObjectVersion:   Dev-Networking (A4E4105C-59A1-49B5-A7C5-40C4547EDFEE): 0
LogDevObjectVersion:   Dev-Online (39C831C9-5AE6-47DC-9A44-9C173E1C8E7C): 0
LogDevObjectVersion:   Dev-Physics (78F01B33-EBEA-4F98-B9B4-84EACCB95AA2): 14
LogDevObjectVersion:   Dev-Platform (6631380F-2D4D-43E0-8009-CF276956A95A): 0
LogDevObjectVersion:   Dev-Rendering (12F88B9F-8875-4AFC-A67C-D90C383ABD29): 45
LogDevObjectVersion:   Dev-Sequencer (7B5AE74C-D270-4C10-A958-57980B212A5A): 13
LogDevObjectVersion:   Dev-VR (D7296918-1DD6-4BDD-9DE2-64A83CC13884): 3
LogDevObjectVersion:   Dev-LoadTimes (C2A15278-BFE7-4AFE-6C17-90FF531DF755): 1
LogDevObjectVersion:   Private-Geometry (6EACA3D4-40EC-4CC1-B786-8BED09428FC5): 3
LogDevObjectVersion:   Dev-AnimPhys (29E575DD-E0A3-4627-9D10-D276232CDCEA): 17
LogDevObjectVersion:   Dev-Anim (AF43A65D-7FD3-4947-9873-3E8ED9C1BB05): 15
LogDevObjectVersion:   Dev-ReflectionCapture (6B266CEC-1EC7-4B8F-A30B-E4D90942FC07): 1
LogDevObjectVersion:   Dev-Automation (0DF73D61-A23F-47EA-B727-89E90C41499A): 1
LogDevObjectVersion:   FortniteMain (601D1886-AC64-4F84-AA16-D3DE0DEAC7D6): 47
LogDevObjectVersion:   FortniteRelease (E7086368-6B23-4C58-8439-1B7016265E91): 1
LogDevObjectVersion:   Dev-Enterprise (9DFFBCD6-494F-0158-E221-12823C92A888): 10
LogDevObjectVersion:   Dev-Niagara (F2AED0AC-9AFE-416F-8664-AA7FFA26D6FC): 1
LogDevObjectVersion:   Dev-Destruction (174F1F0B-B4C6-45A5-B13F-2EE8D0FB917D): 10
LogDevObjectVersion:   Dev-Physics-Ext (35F94A83-E258-406C-A318-09F59610247C): 41
LogDevObjectVersion:   Dev-PhysicsMaterial-Chaos (B68FC16E-8B1B-42E2-B453-215C058844FE): 1
LogDevObjectVersion:   Dev-CineCamera (B2E18506-4273-CFC2-A54E-F4BB758BBA07): 1
LogDevObjectVersion:   Dev-VirtualProduction (64F58936-FD1B-42BA-BA96-7289D5D0FA4E): 1
LogDevObjectVersion:   Dev-MediaFramework (6F0ED827-A609-4895-9C91-998D90180EA4): 2
LogInit: Presizing for max 25165824 objects, including 0 objects not considered by GC, pre-allocating 0 bytes for permanent pool.
LogConfig: Applying CVar settings from Section [/Script/Engine.StreamingSettings] File [C:/Users/gizem/Downloads/SideScroller_V422/SideScroller_V422/SideScroller_V422/Saved/Config/Windows/Engine.ini]
LogConfig: Setting CVar [[s.MinBulkDataSizeForAsyncLoading:131072]]
LogConfig: Setting CVar [[s.AsyncLoadingThreadEnabled:0]]
LogConfig: Setting CVar [[s.EventDrivenLoaderEnabled:1]]
LogConfig: Setting CVar [[s.WarnIfTimeLimitExceeded:0]]
LogConfig: Setting CVar [[s.TimeLimitExceededMultiplier:1.5]]
LogConfig: Setting CVar [[s.TimeLimitExceededMinTime:0.005]]
LogConfig: Setting CVar [[s.UseBackgroundLevelStreaming:1]]
LogConfig: Setting CVar [[s.PriorityAsyncLoadingExtraTime:15.0]]
LogConfig: Setting CVar [[s.LevelStreamingActorsUpdateTimeLimit:5.0]]
LogConfig: Setting CVar [[s.PriorityLevelStreamingActorsUpdateExtraTime:5.0]]
LogConfig: Setting CVar [[s.LevelStreamingComponentsRegistrationGranularity:10]]
LogConfig: Setting CVar [[s.UnregisterComponentsTimeLimit:1.0]]
LogConfig: Setting CVar [[s.LevelStreamingComponentsUnregistrationGranularity:5]]
LogConfig: Setting CVar [[s.FlushStreamingOnExit:1]]
LogInit: Object subsystem initialized
LogConfig: Setting CVar [[con.DebugEarlyDefault:1]]
LogConfig: Setting CVar [[r.setres:1280x720]]
[2022.11.25-15.22.10:893][  0]LogConfig: Setting CVar [[con.DebugEarlyDefault:1]]
[2022.11.25-15.22.10:893][  0]LogConfig: Setting CVar [[r.setres:1280x720]]
[2022.11.25-15.22.10:893][  0]LogConfig: Applying CVar settings from Section [/Script/Engine.RendererSettings] File [C:/Users/gizem/Downloads/SideScroller_V422/SideScroller_V422/SideScroller_V422/Saved/Config/Windows/Engine.ini]
[2022.11.25-15.22.10:893][  0]LogConfig: Setting CVar [[r.GPUCrashDebugging:0]]
[2022.11.25-15.22.10:893][  0]LogConfig: Applying CVar settings from Section [/Script/Engine.RendererOverrideSettings] File [C:/Users/gizem/Downloads/SideScroller_V422/SideScroller_V422/SideScroller_V422/Saved/Config/Windows/Engine.ini]
[2022.11.25-15.22.10:893][  0]LogConfig: Applying CVar settings from Section [/Script/Engine.StreamingSettings] File [C:/Users/gizem/Downloads/SideScroller_V422/SideScroller_V422/SideScroller_V422/Saved/Config/Windows/Engine.ini]
[2022.11.25-15.22.10:893][  0]LogConfig: Setting CVar [[s.MinBulkDataSizeForAsyncLoading:131072]]
[2022.11.25-15.22.10:893][  0]LogConfig: Setting CVar [[s.AsyncLoadingThreadEnabled:0]]
[2022.11.25-15.22.10:893][  0]LogConfig: Setting CVar [[s.EventDrivenLoaderEnabled:1]]
[2022.11.25-15.22.10:893][  0]LogConfig: Setting CVar [[s.WarnIfTimeLimitExceeded:0]]
[2022.11.25-15.22.10:893][  0]LogConfig: Setting CVar [[s.TimeLimitExceededMultiplier:1.5]]
[2022.11.25-15.22.10:893][  0]LogConfig: Setting CVar [[s.TimeLimitExceededMinTime:0.005]]
[2022.11.25-15.22.10:893][  0]LogConfig: Setting CVar [[s.UseBackgroundLevelStreaming:1]]
[2022.11.25-15.22.10:893][  0]LogConfig: Setting CVar [[s.PriorityAsyncLoadingExtraTime:15.0]]
[2022.11.25-15.22.10:893][  0]LogConfig: Setting CVar [[s.LevelStreamingActorsUpdateTimeLimit:5.0]]
[2022.11.25-15.22.10:893][  0]LogConfig: Setting CVar [[s.PriorityLevelStreamingActorsUpdateExtraTime:5.0]]
[2022.11.25-15.22.10:893][  0]LogConfig: Setting CVar [[s.LevelStreamingComponentsRegistrationGranularity:10]]
[2022.11.25-15.22.10:893][  0]LogConfig: Setting CVar [[s.UnregisterComponentsTimeLimit:1.0]]
[2022.11.25-15.22.10:893][  0]LogConfig: Setting CVar [[s.LevelStreamingComponentsUnregistrationGranularity:5]]
[2022.11.25-15.22.10:893][  0]LogConfig: Setting CVar [[s.FlushStreamingOnExit:1]]
[2022.11.25-15.22.10:893][  0]LogConfig: Applying CVar settings from Section [/Script/Engine.GarbageCollectionSettings] File [C:/Users/gizem/Downloads/SideScroller_V422/SideScroller_V422/SideScroller_V422/Saved/Config/Windows/Engine.ini]
[2022.11.25-15.22.10:893][  0]LogConfig: Setting CVar [[gc.MaxObjectsNotConsideredByGC:1]]
[2022.11.25-15.22.10:893][  0]LogConfig: Setting CVar [[gc.SizeOfPermanentObjectPool:0]]
[2022.11.25-15.22.10:893][  0]LogConfig: Setting CVar [[gc.FlushStreamingOnGC:0]]
[2022.11.25-15.22.10:893][  0]LogConfig: Setting CVar [[gc.NumRetriesBeforeForcingGC:10]]
[2022.11.25-15.22.10:893][  0]LogConfig: Setting CVar [[gc.AllowParallelGC:1]]
[2022.11.25-15.22.10:893][  0]LogConfig: Setting CVar [[gc.TimeBetweenPurgingPendingKillObjects:61.1]]
[2022.11.25-15.22.10:893][  0]LogConfig: Setting CVar [[gc.MaxObjectsInEditor:25165824]]
[2022.11.25-15.22.10:893][  0]LogConfig: Setting CVar [[gc.IncrementalBeginDestroyEnabled:1]]
[2022.11.25-15.22.10:893][  0]LogConfig: Setting CVar [[gc.CreateGCClusters:1]]
[2022.11.25-15.22.10:893][  0]LogConfig: Setting CVar [[gc.MinGCClusterSize:5]]
[2022.11.25-15.22.10:893][  0]LogConfig: Setting CVar [[gc.ActorClusteringEnabled:0]]
[2022.11.25-15.22.10:893][  0]LogConfig: Setting CVar [[gc.BlueprintClusteringEnabled:0]]
[2022.11.25-15.22.10:893][  0]LogConfig: Setting CVar [[gc.UseDisregardForGCOnDedicatedServers:0]]
[2022.11.25-15.22.10:893][  0]LogConfig: Setting CVar [[gc.MultithreadedDestructionEnabled:1]]
[2022.11.25-15.22.10:893][  0]LogConfig: Applying CVar settings from Section [/Script/Engine.NetworkSettings] File [C:/Users/gizem/Downloads/SideScroller_V422/SideScroller_V422/SideScroller_V422/Saved/Config/Windows/Engine.ini]
[2022.11.25-15.22.10:893][  0]LogConfig: Applying CVar settings from Section [/Script/UnrealEd.CookerSettings] File [C:/Users/gizem/Downloads/SideScroller_V422/SideScroller_V422/SideScroller_V422/Saved/Config/Windows/Engine.ini]
[2022.11.25-15.22.10:915][  0]LogConfig: Applying CVar settings from Section [ViewDistanceQuality@3] File [C:/Users/gizem/Downloads/SideScroller_V422/SideScroller_V422/SideScroller_V422/Saved/Config/Windows/Scalability.ini]
[2022.11.25-15.22.10:915][  0]LogConfig: Setting CVar [[r.SkeletalMeshLODBias:0]]
[2022.11.25-15.22.10:915][  0]LogConfig: Setting CVar [[r.ViewDistanceScale:1.0]]
[2022.11.25-15.22.10:915][  0]LogConfig: Applying CVar settings from Section [AntiAliasingQuality@3] File [C:/Users/gizem/Downloads/SideScroller_V422/SideScroller_V422/SideScroller_V422/Saved/Config/Windows/Scalability.ini]
[2022.11.25-15.22.10:915][  0]LogConfig: Setting CVar [[r.PostProcessAAQuality:4]]
[2022.11.25-15.22.10:915][  0]LogConfig: Applying CVar settings from Section [ShadowQuality@3] File [C:/Users/gizem/Downloads/SideScroller_V422/SideScroller_V422/SideScroller_V422/Saved/Config/Windows/Scalability.ini]
[2022.11.25-15.22.10:915][  0]LogConfig: Setting CVar [[r.LightFunctionQuality:1]]
[2022.11.25-15.22.10:915][  0]LogConfig: Setting CVar [[r.ShadowQuality:5]]
[2022.11.25-15.22.10:915][  0]LogConfig: Setting CVar [[r.Shadow.CSM.MaxCascades:10]]
[2022.11.25-15.22.10:915][  0]LogConfig: Setting CVar [[r.Shadow.MaxResolution:2048]]
[2022.11.25-15.22.10:915][  0]LogConfig: Setting CVar [[r.Shadow.MaxCSMResolution:2048]]
[2022.11.25-15.22.10:915][  0]LogConfig: Setting CVar [[r.Shadow.RadiusThreshold:0.01]]
[2022.11.25-15.22.10:915][  0]LogConfig: Setting CVar [[r.Shadow.DistanceScale:1.0]]
[2022.11.25-15.22.10:915][  0]LogConfig: Setting CVar [[r.Shadow.CSM.TransitionScale:1.0]]
[2022.11.25-15.22.10:915][  0]LogConfig: Setting CVar [[r.Shadow.PreShadowResolutionFactor:1.0]]
[2022.11.25-15.22.10:915][  0]LogConfig: Setting CVar [[r.DistanceFieldShadowing:1]]
[2022.11.25-15.22.10:915][  0]LogConfig: Setting CVar [[r.DistanceFieldAO:1]]
[2022.11.25-15.22.10:915][  0]LogConfig: Setting CVar [[r.AOQuality:2]]
[2022.11.25-15.22.10:915][  0]LogConfig: Setting CVar [[r.VolumetricFog:1]]
[2022.11.25-15.22.10:915][  0]LogConfig: Setting CVar [[r.VolumetricFog.GridPixelSize:8]]
[2022.11.25-15.22.10:915][  0]LogConfig: Setting CVar [[r.VolumetricFog.GridSizeZ:128]]
[2022.11.25-15.22.10:915][  0]LogConfig: Setting CVar [[r.VolumetricFog.HistoryMissSupersampleCount:4]]
[2022.11.25-15.22.10:915][  0]LogConfig: Setting CVar [[r.LightMaxDrawDistanceScale:1]]
[2022.11.25-15.22.10:915][  0]LogConfig: Setting CVar [[r.CapsuleShadows:1]]
[2022.11.25-15.22.10:915][  0]LogConfig: Applying CVar settings from Section [PostProcessQuality@3] File [C:/Users/gizem/Downloads/SideScroller_V422/SideScroller_V422/SideScroller_V422/Saved/Config/Windows/Scalability.ini]
[2022.11.25-15.22.10:915][  0]LogConfig: Setting CVar [[r.MotionBlurQuality:4]]
[2022.11.25-15.22.10:915][  0]LogConfig: Setting CVar [[r.AmbientOcclusionMipLevelFactor:0.4]]
[2022.11.25-15.22.10:915][  0]LogConfig: Setting CVar [[r.AmbientOcclusionMaxQuality:100]]
[2022.11.25-15.22.10:915][  0]LogConfig: Setting CVar [[r.AmbientOcclusionLevels:-1]]
[2022.11.25-15.22.10:915][  0]LogConfig: Setting CVar [[r.AmbientOcclusionRadiusScale:1.0]]
[2022.11.25-15.22.10:915][  0]LogConfig: Setting CVar [[r.DepthOfFieldQuality:2]]
[2022.11.25-15.22.10:915][  0]LogConfig: Setting CVar [[r.RenderTargetPoolMin:400]]
[2022.11.25-15.22.10:915][  0]LogConfig: Setting CVar [[r.LensFlareQuality:2]]
[2022.11.25-15.22.10:915][  0]LogConfig: Setting CVar [[r.SceneColorFringeQuality:1]]
[2022.11.25-15.22.10:915][  0]LogConfig: Setting CVar [[r.EyeAdaptationQuality:2]]
[2022.11.25-15.22.10:915][  0]LogConfig: Setting CVar [[r.BloomQuality:5]]
[2022.11.25-15.22.10:915][  0]LogConfig: Setting CVar [[r.FastBlurThreshold:100]]
[2022.11.25-15.22.10:915][  0]LogConfig: Setting CVar [[r.Upscale.Quality:3]]
[2022.11.25-15.22.10:915][  0]LogConfig: Setting CVar [[r.Tonemapper.GrainQuantization:1]]
[2022.11.25-15.22.10:915][  0]LogConfig: Setting CVar [[r.LightShaftQuality:1]]
[2022.11.25-15.22.10:915][  0]LogConfig: Setting CVar [[r.Filter.SizeScale:1]]
[2022.11.25-15.22.10:915][  0]LogConfig: Setting CVar [[r.Tonemapper.Quality:5]]
[2022.11.25-15.22.10:915][  0]LogConfig: Setting CVar [[r.DOF.Gather.AccumulatorQuality:1        ; higher gathering accumulator quality]]
[2022.11.25-15.22.10:915][  0]LogConfig: Setting CVar [[r.DOF.Gather.PostfilterMethod:1          ; Median3x3 postfilering method]]
[2022.11.25-15.22.10:915][  0]LogConfig: Setting CVar [[r.DOF.Gather.EnableBokehSettings:0       ; no bokeh simulation when gathering]]
[2022.11.25-15.22.10:915][  0]LogConfig: Setting CVar [[r.DOF.Gather.RingCount:4                 ; medium number of samples when gathering]]
[2022.11.25-15.22.10:915][  0]LogConfig: Setting CVar [[r.DOF.Scatter.ForegroundCompositing:1    ; additive foreground scattering]]
[2022.11.25-15.22.10:915][  0]LogConfig: Setting CVar [[r.DOF.Scatter.BackgroundCompositing:2    ; additive background scattering]]
[2022.11.25-15.22.10:915][  0]LogConfig: Setting CVar [[r.DOF.Scatter.EnableBokehSettings:1      ; bokeh simulation when scattering]]
[2022.11.25-15.22.10:915][  0]LogConfig: Setting CVar [[r.DOF.Scatter.MaxSpriteRatio:0.1         ; only a maximum of 10% of scattered bokeh]]
[2022.11.25-15.22.10:915][  0]LogConfig: Setting CVar [[r.DOF.Recombine.Quality:1                ; cheap slight out of focus]]
[2022.11.25-15.22.10:915][  0]LogConfig: Setting CVar [[r.DOF.Recombine.EnableBokehSettings:0    ; no bokeh simulation on slight out of focus]]
[2022.11.25-15.22.10:915][  0]LogConfig: Setting CVar [[r.DOF.TemporalAAQuality:1                ; more stable temporal accumulation]]
[2022.11.25-15.22.10:915][  0]LogConfig: Setting CVar [[r.DOF.Kernel.MaxForegroundRadius:0.025]]
[2022.11.25-15.22.10:915][  0]LogConfig: Setting CVar [[r.DOF.Kernel.MaxBackgroundRadius:0.025]]
[2022.11.25-15.22.10:915][  0]LogConfig: Applying CVar settings from Section [TextureQuality@3] File [C:/Users/gizem/Downloads/SideScroller_V422/SideScroller_V422/SideScroller_V422/Saved/Config/Windows/Scalability.ini]
[2022.11.25-15.22.10:915][  0]LogConfig: Setting CVar [[r.Streaming.MipBias:0]]
[2022.11.25-15.22.10:915][  0]LogConfig: Setting CVar [[r.Streaming.AmortizeCPUToGPUCopy:0]]
[2022.11.25-15.22.10:915][  0]LogConfig: Setting CVar [[r.Streaming.MaxNumTexturesToStreamPerFrame:0]]
[2022.11.25-15.22.10:915][  0]LogConfig: Setting CVar [[r.Streaming.Boost:1]]
[2022.11.25-15.22.10:915][  0]LogConfig: Setting CVar [[r.MaxAnisotropy:8]]
[2022.11.25-15.22.10:915][  0]LogConfig: Setting CVar [[r.VT.MaxAnisotropy:8]]
[2022.11.25-15.22.10:915][  0]LogConfig: Setting CVar [[r.Streaming.LimitPoolSizeToVRAM:0]]
[2022.11.25-15.22.10:915][  0]LogConfig: Setting CVar [[r.Streaming.PoolSize:1000]]
[2022.11.25-15.22.10:915][  0]LogConfig: Setting CVar [[r.Streaming.MaxEffectiveScreenSize:0]]
[2022.11.25-15.22.10:915][  0]LogConfig: Applying CVar settings from Section [EffectsQuality@3] File [C:/Users/gizem/Downloads/SideScroller_V422/SideScroller_V422/SideScroller_V422/Saved/Config/Windows/Scalability.ini]
[2022.11.25-15.22.10:915][  0]LogConfig: Setting CVar [[r.TranslucencyLightingVolumeDim:64]]
[2022.11.25-15.22.10:915][  0]LogConfig: Setting CVar [[r.RefractionQuality:2]]
[2022.11.25-15.22.10:915][  0]LogConfig: Setting CVar [[r.SSR.Quality:3]]
[2022.11.25-15.22.10:915][  0]LogConfig: Setting CVar [[r.SSR.HalfResSceneColor:0]]
[2022.11.25-15.22.10:915][  0]LogConfig: Setting CVar [[r.SceneColorFormat:4]]
[2022.11.25-15.22.10:915][  0]LogConfig: Setting CVar [[r.DetailMode:2]]
[2022.11.25-15.22.10:915][  0]LogConfig: Setting CVar [[r.TranslucencyVolumeBlur:1]]
[2022.11.25-15.22.10:915][  0]LogConfig: Setting CVar [[r.MaterialQualityLevel:1 ; High quality]]
[2022.11.25-15.22.10:915][  0]LogConfig: Setting CVar [[r.AnisotropicMaterials:1]]
[2022.11.25-15.22.10:915][  0]LogConfig: Setting CVar [[r.SSS.Scale:1]]
[2022.11.25-15.22.10:915][  0]LogConfig: Setting CVar [[r.SSS.SampleSet:2]]
[2022.11.25-15.22.10:915][  0]LogConfig: Setting CVar [[r.SSS.Quality:1]]
[2022.11.25-15.22.10:915][  0]LogConfig: Setting CVar [[r.SSS.HalfRes:0]]
[2022.11.25-15.22.10:915][  0]LogConfig: Setting CVar [[r.SSGI.Quality:3]]
[2022.11.25-15.22.10:915][  0]LogConfig: Setting CVar [[r.EmitterSpawnRateScale:1.0]]
[2022.11.25-15.22.10:915][  0]LogConfig: Setting CVar [[r.ParticleLightQuality:2]]
[2022.11.25-15.22.10:915][  0]LogConfig: Setting CVar [[r.SkyAtmosphere.AerialPerspectiveLUT.FastApplyOnOpaque:1 ; Always have FastSkyLUT 1 in this case to avoid wrong sky]]
[2022.11.25-15.22.10:915][  0]LogConfig: Setting CVar [[r.SkyAtmosphere.AerialPerspectiveLUT.SampleCountMaxPerSlice:4]]
[2022.11.25-15.22.10:915][  0]LogConfig: Setting CVar [[r.SkyAtmosphere.AerialPerspectiveLUT.DepthResolution:16.0]]
[2022.11.25-15.22.10:915][  0]LogConfig: Setting CVar [[r.SkyAtmosphere.FastSkyLUT:1]]
[2022.11.25-15.22.10:915][  0]LogConfig: Setting CVar [[r.SkyAtmosphere.FastSkyLUT.SampleCountMin:4.0]]
[2022.11.25-15.22.10:915][  0]LogConfig: Setting CVar [[r.SkyAtmosphere.FastSkyLUT.SampleCountMax:128.0]]
[2022.11.25-15.22.10:915][  0]LogConfig: Setting CVar [[r.SkyAtmosphere.SampleCountMin:4.0]]
[2022.11.25-15.22.10:915][  0]LogConfig: Setting CVar [[r.SkyAtmosphere.SampleCountMax:128.0]]
[2022.11.25-15.22.10:915][  0]LogConfig: Setting CVar [[r.SkyAtmosphere.TransmittanceLUT.UseSmallFormat:0]]
[2022.11.25-15.22.10:915][  0]LogConfig: Setting CVar [[r.SkyAtmosphere.TransmittanceLUT.SampleCount:10.0]]
[2022.11.25-15.22.10:915][  0]LogConfig: Setting CVar [[r.SkyAtmosphere.MultiScatteringLUT.SampleCount:15.0]]
[2022.11.25-15.22.10:915][  0]LogConfig: Setting CVar [[r.SkyLight.RealTimeReflectionCapture:1]]
[2022.11.25-15.22.10:915][  0]LogConfig: Applying CVar settings from Section [FoliageQuality@3] File [C:/Users/gizem/Downloads/SideScroller_V422/SideScroller_V422/SideScroller_V422/Saved/Config/Windows/Scalability.ini]
[2022.11.25-15.22.10:915][  0]LogConfig: Setting CVar [[foliage.DensityScale:1.0]]
[2022.11.25-15.22.10:915][  0]LogConfig: Setting CVar [[grass.DensityScale:1.0]]
[2022.11.25-15.22.10:915][  0]LogConfig: Applying CVar settings from Section [ShadingQuality@3] File [C:/Users/gizem/Downloads/SideScroller_V422/SideScroller_V422/SideScroller_V422/Saved/Config/Windows/Scalability.ini]
[2022.11.25-15.22.10:915][  0]LogConfig: Setting CVar [[r.HairStrands.SkyLighting.IntegrationType:2]]
[2022.11.25-15.22.10:915][  0]LogConfig: Setting CVar [[r.HairStrands.SkyAO.SampleCount:4]]
[2022.11.25-15.22.10:915][  0]LogConfig: Setting CVar [[r.HairStrands.Visibility.MSAA.SamplePerPixel:4]]
[2022.11.25-15.22.10:915][  0]LogInit: Selected Device Profile: [Windows]
[2022.11.25-15.22.10:915][  0]LogInit: Applying CVar settings loaded from the selected device profile: [Windows]
[2022.11.25-15.22.10:915][  0]LogHAL: Display: Platform has ~ 32 GB [34050162688 / 34359738368 / 32], which maps to Largest [LargestMinGB=32, LargerMinGB=12, DefaultMinGB=8, SmallerMinGB=6, SmallestMinGB=0)
[2022.11.25-15.22.10:915][  0]LogInit: Going up to parent DeviceProfile []
[2022.11.25-15.22.10:915][  0]LogConfig: Applying CVar settings from Section [ViewDistanceQuality@3] File [C:/Users/gizem/Downloads/SideScroller_V422/SideScroller_V422/SideScroller_V422/Saved/Config/Windows/Scalability.ini]
[2022.11.25-15.22.10:915][  0]LogConfig: Setting CVar [[r.SkeletalMeshLODBias:0]]
[2022.11.25-15.22.10:915][  0]LogConfig: Setting CVar [[r.ViewDistanceScale:1.0]]
[2022.11.25-15.22.10:915][  0]LogConfig: Applying CVar settings from Section [AntiAliasingQuality@3] File [C:/Users/gizem/Downloads/SideScroller_V422/SideScroller_V422/SideScroller_V422/Saved/Config/Windows/Scalability.ini]
[2022.11.25-15.22.10:915][  0]LogConfig: Setting CVar [[r.PostProcessAAQuality:4]]
[2022.11.25-15.22.10:916][  0]LogConfig: Applying CVar settings from Section [ShadowQuality@3] File [C:/Users/gizem/Downloads/SideScroller_V422/SideScroller_V422/SideScroller_V422/Saved/Config/Windows/Scalability.ini]
[2022.11.25-15.22.10:916][  0]LogConfig: Setting CVar [[r.LightFunctionQuality:1]]
[2022.11.25-15.22.10:916][  0]LogConfig: Setting CVar [[r.ShadowQuality:5]]
[2022.11.25-15.22.10:916][  0]LogConfig: Setting CVar [[r.Shadow.CSM.MaxCascades:10]]
[2022.11.25-15.22.10:916][  0]LogConfig: Setting CVar [[r.Shadow.MaxResolution:2048]]
[2022.11.25-15.22.10:916][  0]LogConfig: Setting CVar [[r.Shadow.MaxCSMResolution:2048]]
[2022.11.25-15.22.10:916][  0]LogConfig: Setting CVar [[r.Shadow.RadiusThreshold:0.01]]
[2022.11.25-15.22.10:916][  0]LogConfig: Setting CVar [[r.Shadow.DistanceScale:1.0]]
[2022.11.25-15.22.10:916][  0]LogConfig: Setting CVar [[r.Shadow.CSM.TransitionScale:1.0]]
[2022.11.25-15.22.10:916][  0]LogConfig: Setting CVar [[r.Shadow.PreShadowResolutionFactor:1.0]]
[2022.11.25-15.22.10:916][  0]LogConfig: Setting CVar [[r.DistanceFieldShadowing:1]]
[2022.11.25-15.22.10:916][  0]LogConfig: Setting CVar [[r.DistanceFieldAO:1]]
[2022.11.25-15.22.10:916][  0]LogConfig: Setting CVar [[r.AOQuality:2]]
[2022.11.25-15.22.10:916][  0]LogConfig: Setting CVar [[r.VolumetricFog:1]]
[2022.11.25-15.22.10:916][  0]LogConfig: Setting CVar [[r.VolumetricFog.GridPixelSize:8]]
[2022.11.25-15.22.10:916][  0]LogConfig: Setting CVar [[r.VolumetricFog.GridSizeZ:128]]
[2022.11.25-15.22.10:916][  0]LogConfig: Setting CVar [[r.VolumetricFog.HistoryMissSupersampleCount:4]]
[2022.11.25-15.22.10:916][  0]LogConfig: Setting CVar [[r.LightMaxDrawDistanceScale:1]]
[2022.11.25-15.22.10:916][  0]LogConfig: Setting CVar [[r.CapsuleShadows:1]]
[2022.11.25-15.22.10:916][  0]LogConfig: Applying CVar settings from Section [PostProcessQuality@3] File [C:/Users/gizem/Downloads/SideScroller_V422/SideScroller_V422/SideScroller_V422/Saved/Config/Windows/Scalability.ini]
[2022.11.25-15.22.10:916][  0]LogConfig: Setting CVar [[r.MotionBlurQuality:4]]
[2022.11.25-15.22.10:916][  0]LogConfig: Setting CVar [[r.AmbientOcclusionMipLevelFactor:0.4]]
[2022.11.25-15.22.10:916][  0]LogConfig: Setting CVar [[r.AmbientOcclusionMaxQuality:100]]
[2022.11.25-15.22.10:916][  0]LogConfig: Setting CVar [[r.AmbientOcclusionLevels:-1]]
[2022.11.25-15.22.10:916][  0]LogConfig: Setting CVar [[r.AmbientOcclusionRadiusScale:1.0]]
[2022.11.25-15.22.10:916][  0]LogConfig: Setting CVar [[r.DepthOfFieldQuality:2]]
[2022.11.25-15.22.10:916][  0]LogConfig: Setting CVar [[r.RenderTargetPoolMin:400]]
[2022.11.25-15.22.10:916][  0]LogConfig: Setting CVar [[r.LensFlareQuality:2]]
[2022.11.25-15.22.10:916][  0]LogConfig: Setting CVar [[r.SceneColorFringeQuality:1]]
[2022.11.25-15.22.10:916][  0]LogConfig: Setting CVar [[r.EyeAdaptationQuality:2]]
[2022.11.25-15.22.10:916][  0]LogConfig: Setting CVar [[r.BloomQuality:5]]
[2022.11.25-15.22.10:916][  0]LogConfig: Setting CVar [[r.FastBlurThreshold:100]]
[2022.11.25-15.22.10:916][  0]LogConfig: Setting CVar [[r.Upscale.Quality:3]]
[2022.11.25-15.22.10:916][  0]LogConfig: Setting CVar [[r.Tonemapper.GrainQuantization:1]]
[2022.11.25-15.22.10:916][  0]LogConfig: Setting CVar [[r.LightShaftQuality:1]]
[2022.11.25-15.22.10:916][  0]LogConfig: Setting CVar [[r.Filter.SizeScale:1]]
[2022.11.25-15.22.10:916][  0]LogConfig: Setting CVar [[r.Tonemapper.Quality:5]]
[2022.11.25-15.22.10:916][  0]LogConfig: Setting CVar [[r.DOF.Gather.AccumulatorQuality:1        ; higher gathering accumulator quality]]
[2022.11.25-15.22.10:916][  0]LogConfig: Setting CVar [[r.DOF.Gather.PostfilterMethod:1          ; Median3x3 postfilering method]]
[2022.11.25-15.22.10:916][  0]LogConfig: Setting CVar [[r.DOF.Gather.EnableBokehSettings:0       ; no bokeh simulation when gathering]]
[2022.11.25-15.22.10:916][  0]LogConfig: Setting CVar [[r.DOF.Gather.RingCount:4                 ; medium number of samples when gathering]]
[2022.11.25-15.22.10:916][  0]LogConfig: Setting CVar [[r.DOF.Scatter.ForegroundCompositing:1    ; additive foreground scattering]]
[2022.11.25-15.22.10:916][  0]LogConfig: Setting CVar [[r.DOF.Scatter.BackgroundCompositing:2    ; additive background scattering]]
[2022.11.25-15.22.10:916][  0]LogConfig: Setting CVar [[r.DOF.Scatter.EnableBokehSettings:1      ; bokeh simulation when scattering]]
[2022.11.25-15.22.10:916][  0]LogConfig: Setting CVar [[r.DOF.Scatter.MaxSpriteRatio:0.1         ; only a maximum of 10% of scattered bokeh]]
[2022.11.25-15.22.10:916][  0]LogConfig: Setting CVar [[r.DOF.Recombine.Quality:1                ; cheap slight out of focus]]
[2022.11.25-15.22.10:916][  0]LogConfig: Setting CVar [[r.DOF.Recombine.EnableBokehSettings:0    ; no bokeh simulation on slight out of focus]]
[2022.11.25-15.22.10:916][  0]LogConfig: Setting CVar [[r.DOF.TemporalAAQuality:1                ; more stable temporal accumulation]]
[2022.11.25-15.22.10:916][  0]LogConfig: Setting CVar [[r.DOF.Kernel.MaxForegroundRadius:0.025]]
[2022.11.25-15.22.10:916][  0]LogConfig: Setting CVar [[r.DOF.Kernel.MaxBackgroundRadius:0.025]]
[2022.11.25-15.22.10:916][  0]LogConfig: Applying CVar settings from Section [TextureQuality@3] File [C:/Users/gizem/Downloads/SideScroller_V422/SideScroller_V422/SideScroller_V422/Saved/Config/Windows/Scalability.ini]
[2022.11.25-15.22.10:916][  0]LogConfig: Setting CVar [[r.Streaming.MipBias:0]]
[2022.11.25-15.22.10:916][  0]LogConfig: Setting CVar [[r.Streaming.AmortizeCPUToGPUCopy:0]]
[2022.11.25-15.22.10:916][  0]LogConfig: Setting CVar [[r.Streaming.MaxNumTexturesToStreamPerFrame:0]]
[2022.11.25-15.22.10:916][  0]LogConfig: Setting CVar [[r.Streaming.Boost:1]]
[2022.11.25-15.22.10:916][  0]LogConfig: Setting CVar [[r.MaxAnisotropy:8]]
[2022.11.25-15.22.10:916][  0]LogConfig: Setting CVar [[r.VT.MaxAnisotropy:8]]
[2022.11.25-15.22.10:916][  0]LogConfig: Setting CVar [[r.Streaming.LimitPoolSizeToVRAM:0]]
[2022.11.25-15.22.10:916][  0]LogConfig: Setting CVar [[r.Streaming.PoolSize:1000]]
[2022.11.25-15.22.10:916][  0]LogConfig: Setting CVar [[r.Streaming.MaxEffectiveScreenSize:0]]
[2022.11.25-15.22.10:916][  0]LogConfig: Applying CVar settings from Section [EffectsQuality@3] File [C:/Users/gizem/Downloads/SideScroller_V422/SideScroller_V422/SideScroller_V422/Saved/Config/Windows/Scalability.ini]
[2022.11.25-15.22.10:916][  0]LogConfig: Setting CVar [[r.TranslucencyLightingVolumeDim:64]]
[2022.11.25-15.22.10:916][  0]LogConfig: Setting CVar [[r.RefractionQuality:2]]
[2022.11.25-15.22.10:916][  0]LogConfig: Setting CVar [[r.SSR.Quality:3]]
[2022.11.25-15.22.10:916][  0]LogConfig: Setting CVar [[r.SSR.HalfResSceneColor:0]]
[2022.11.25-15.22.10:916][  0]LogConfig: Setting CVar [[r.SceneColorFormat:4]]
[2022.11.25-15.22.10:916][  0]LogConfig: Setting CVar [[r.DetailMode:2]]
[2022.11.25-15.22.10:916][  0]LogConfig: Setting CVar [[r.TranslucencyVolumeBlur:1]]
[2022.11.25-15.22.10:916][  0]LogConfig: Setting CVar [[r.MaterialQualityLevel:1 ; High quality]]
[2022.11.25-15.22.10:916][  0]LogConfig: Setting CVar [[r.AnisotropicMaterials:1]]
[2022.11.25-15.22.10:916][  0]LogConfig: Setting CVar [[r.SSS.Scale:1]]
[2022.11.25-15.22.10:916][  0]LogConfig: Setting CVar [[r.SSS.SampleSet:2]]
[2022.11.25-15.22.10:916][  0]LogConfig: Setting CVar [[r.SSS.Quality:1]]
[2022.11.25-15.22.10:916][  0]LogConfig: Setting CVar [[r.SSS.HalfRes:0]]
[2022.11.25-15.22.10:916][  0]LogConfig: Setting CVar [[r.SSGI.Quality:3]]
[2022.11.25-15.22.10:916][  0]LogConfig: Setting CVar [[r.EmitterSpawnRateScale:1.0]]
[2022.11.25-15.22.10:916][  0]LogConfig: Setting CVar [[r.ParticleLightQuality:2]]
[2022.11.25-15.22.10:916][  0]LogConfig: Setting CVar [[r.SkyAtmosphere.AerialPerspectiveLUT.FastApplyOnOpaque:1 ; Always have FastSkyLUT 1 in this case to avoid wrong sky]]
[2022.11.25-15.22.10:916][  0]LogConfig: Setting CVar [[r.SkyAtmosphere.AerialPerspectiveLUT.SampleCountMaxPerSlice:4]]
[2022.11.25-15.22.10:916][  0]LogConfig: Setting CVar [[r.SkyAtmosphere.AerialPerspectiveLUT.DepthResolution:16.0]]
[2022.11.25-15.22.10:916][  0]LogConfig: Setting CVar [[r.SkyAtmosphere.FastSkyLUT:1]]
[2022.11.25-15.22.10:916][  0]LogConfig: Setting CVar [[r.SkyAtmosphere.FastSkyLUT.SampleCountMin:4.0]]
[2022.11.25-15.22.10:916][  0]LogConfig: Setting CVar [[r.SkyAtmosphere.FastSkyLUT.SampleCountMax:128.0]]
[2022.11.25-15.22.10:916][  0]LogConfig: Setting CVar [[r.SkyAtmosphere.SampleCountMin:4.0]]
[2022.11.25-15.22.10:916][  0]LogConfig: Setting CVar [[r.SkyAtmosphere.SampleCountMax:128.0]]
[2022.11.25-15.22.10:916][  0]LogConfig: Setting CVar [[r.SkyAtmosphere.TransmittanceLUT.UseSmallFormat:0]]
[2022.11.25-15.22.10:916][  0]LogConfig: Setting CVar [[r.SkyAtmosphere.TransmittanceLUT.SampleCount:10.0]]
[2022.11.25-15.22.10:916][  0]LogConfig: Setting CVar [[r.SkyAtmosphere.MultiScatteringLUT.SampleCount:15.0]]
[2022.11.25-15.22.10:916][  0]LogConfig: Setting CVar [[r.SkyLight.RealTimeReflectionCapture:1]]
[2022.11.25-15.22.10:916][  0]LogConfig: Applying CVar settings from Section [FoliageQuality@3] File [C:/Users/gizem/Downloads/SideScroller_V422/SideScroller_V422/SideScroller_V422/Saved/Config/Windows/Scalability.ini]
[2022.11.25-15.22.10:916][  0]LogConfig: Setting CVar [[foliage.DensityScale:1.0]]
[2022.11.25-15.22.10:916][  0]LogConfig: Setting CVar [[grass.DensityScale:1.0]]
[2022.11.25-15.22.10:916][  0]LogConfig: Applying CVar settings from Section [ShadingQuality@3] File [C:/Users/gizem/Downloads/SideScroller_V422/SideScroller_V422/SideScroller_V422/Saved/Config/Windows/Scalability.ini]
[2022.11.25-15.22.10:916][  0]LogConfig: Setting CVar [[r.HairStrands.SkyLighting.IntegrationType:2]]
[2022.11.25-15.22.10:916][  0]LogConfig: Setting CVar [[r.HairStrands.SkyAO.SampleCount:4]]
[2022.11.25-15.22.10:916][  0]LogConfig: Setting CVar [[r.HairStrands.Visibility.MSAA.SamplePerPixel:4]]
[2022.11.25-15.22.10:916][  0]LogConfig: Applying CVar settings from Section [Startup] File [../../../Engine/Config/ConsoleVariables.ini]
[2022.11.25-15.22.10:916][  0]LogConfig: Setting CVar [[net.UseAdaptiveNetUpdateFrequency:0]]
[2022.11.25-15.22.10:916][  0]LogConfig: Setting CVar [[p.chaos.AllowCreatePhysxBodies:1]]
[2022.11.25-15.22.10:916][  0]LogConfig: Setting CVar [[fx.SkipVectorVMBackendOptimizations:1]]
[2022.11.25-15.22.10:916][  0]LogConfig: Applying CVar settings from Section [ConsoleVariables] File [C:/Users/gizem/Downloads/SideScroller_V422/SideScroller_V422/SideScroller_V422/Saved/Config/Windows/Engine.ini]
[2022.11.25-15.22.10:916][  0]LogConfig: Applying CVar settings from Section [ConsoleVariables] File [C:/Users/gizem/Downloads/SideScroller_V422/SideScroller_V422/SideScroller_V422/Saved/Config/Windows/Editor.ini]
[2022.11.25-15.22.10:916][  0]LogInit: Computer: MSI
[2022.11.25-15.22.10:916][  0]LogInit: User: gizem
[2022.11.25-15.22.10:916][  0]LogInit: CPU Page size=4096, Cores=14
[2022.11.25-15.22.10:916][  0]LogInit: High frequency timer resolution =10.000000 MHz
[2022.11.25-15.22.10:916][  0]LogMemory: Memory total: Physical=31.7GB (32GB approx)
[2022.11.25-15.22.10:916][  0]LogMemory: Platform Memory Stats for Windows
[2022.11.25-15.22.10:916][  0]LogMemory: Process Physical Memory: 150.78 MB used, 150.78 MB peak
[2022.11.25-15.22.10:916][  0]LogMemory: Process Virtual Memory: 126.68 MB used, 126.68 MB peak
[2022.11.25-15.22.10:917][  0]LogMemory: Physical Memory: 14406.76 MB used,  18066.01 MB free, 32472.77 MB total
[2022.11.25-15.22.10:917][  0]LogMemory: Virtual Memory: 134200944.00 MB used,  16784.37 MB free, 134217728.00 MB total
[2022.11.25-15.22.10:946][  0]LogWindows: WindowsPlatformFeatures enabled
[2022.11.25-15.22.10:976][  0]LogInit: Physics initialised using underlying interface: PhysX
[2022.11.25-15.22.10:976][  0]LogInit: Using OS detected language (en-US).
[2022.11.25-15.22.10:976][  0]LogInit: Using OS detected locale (en-CA).
[2022.11.25-15.22.10:978][  0]LogTextLocalizationManager: No specific localization for 'en-US' exists, so the 'en' localization will be used.
[2022.11.25-15.22.11:156][  0]LogWindowsTextInputMethodSystem: Display: IME system deactivated.
[2022.11.25-15.22.11:180][  0]LogSlate: New Slate User Created.  User Index 0, Is Virtual User: 0
[2022.11.25-15.22.11:180][  0]LogSlate: Slate User Registered.  User Index 0, Is Virtual User: 0
[2022.11.25-15.22.11:197][  0]LogD3D11RHI: Loaded GFSDK_Aftermath_Lib.x64.dll
[2022.11.25-15.22.11:230][  0]LogHMD: Failed to initialize OpenVR with code 110
[2022.11.25-15.22.11:230][  0]LogD3D11RHI: D3D11 min allowed feature level: 11_0
[2022.11.25-15.22.11:230][  0]LogD3D11RHI: D3D11 max allowed feature level: 11_0
[2022.11.25-15.22.11:230][  0]LogD3D11RHI: D3D11 adapters:
[2022.11.25-15.22.11:314][  0]LogD3D11RHI:    0. 'NVIDIA GeForce RTX 3070 Laptop GPU' (Feature Level 11_0)
[2022.11.25-15.22.11:314][  0]LogD3D11RHI:       8044/0/16236 MB DedicatedVideo/DedicatedSystem/SharedSystem, Outputs:1, VendorId:0x10de
[2022.11.25-15.22.11:369][  0]LogD3D11RHI:    1. 'Intel(R) Iris(R) Xe Graphics' (Feature Level 11_0)
[2022.11.25-15.22.11:369][  0]LogD3D11RHI:       128/0/16236 MB DedicatedVideo/DedicatedSystem/SharedSystem, Outputs:0, VendorId:0x8086
[2022.11.25-15.22.11:371][  0]LogD3D11RHI:    2. 'Microsoft Basic Render Driver' (Feature Level 11_0)
[2022.11.25-15.22.11:371][  0]LogD3D11RHI:       0/0/16236 MB DedicatedVideo/DedicatedSystem/SharedSystem, Outputs:0, VendorId:0x1414
[2022.11.25-15.22.11:371][  0]LogD3D11RHI: Chosen D3D11 Adapter:
[2022.11.25-15.22.11:371][  0]LogD3D11RHI:     Description : NVIDIA GeForce RTX 3070 Laptop GPU
[2022.11.25-15.22.11:371][  0]LogD3D11RHI:     VendorId    : 10de
[2022.11.25-15.22.11:371][  0]LogD3D11RHI:     DeviceId    : 249d
[2022.11.25-15.22.11:371][  0]LogD3D11RHI:     SubSysId    : 13331462
[2022.11.25-15.22.11:371][  0]LogD3D11RHI:     Revision    : 00a1
[2022.11.25-15.22.11:371][  0]LogD3D11RHI:     DedicatedVideoMemory : 8434745344 bytes
[2022.11.25-15.22.11:371][  0]LogD3D11RHI:     DedicatedSystemMemory : 0 bytes
[2022.11.25-15.22.11:371][  0]LogD3D11RHI:     SharedSystemMemory : 17025081344 bytes
[2022.11.25-15.22.11:371][  0]LogD3D11RHI:     AdapterLuid : 0 68013
[2022.11.25-15.22.11:377][  0]LogD3D11RHI: Creating new Direct3DDevice
[2022.11.25-15.22.11:377][  0]LogD3D11RHI:     GPU DeviceId: 0x249d (for the marketing name, search the web for "GPU Device Id")
[2022.11.25-15.22.11:377][  0]LogWindows: EnumDisplayDevices:
[2022.11.25-15.22.11:377][  0]LogWindows:    0. 'Intel(R) Iris(R) Xe Graphics' (P:1 D:1)
[2022.11.25-15.22.11:377][  0]LogWindows:    1. 'Intel(R) Iris(R) Xe Graphics' (P:0 D:0)
[2022.11.25-15.22.11:377][  0]LogWindows:    2. 'Intel(R) Iris(R) Xe Graphics' (P:0 D:0)
[2022.11.25-15.22.11:377][  0]LogWindows:    3. 'NVIDIA GeForce RTX 3070 Laptop GPU' (P:0 D:0)
[2022.11.25-15.22.11:377][  0]LogWindows: DebugString: PrimaryIsNotTheChoosenAdapter PrimaryIsNotTheChoosenAdapter PrimaryIsNotTheChoosenAdapter 
[2022.11.25-15.22.11:377][  0]LogD3D11RHI:     Adapter Name: NVIDIA GeForce RTX 3070 Laptop GPU
[2022.11.25-15.22.11:377][  0]LogD3D11RHI:   Driver Version: 517.48 (internal:31.0.15.1748, unified:517.48)
[2022.11.25-15.22.11:377][  0]LogD3D11RHI:      Driver Date: 9-21-2022
[2022.11.25-15.22.11:377][  0]LogRHI: Texture pool is 5630 MB (70% of 8044 MB)
[2022.11.25-15.22.11:377][  0]LogD3D11RHI: Creating D3DDevice using adapter:
[2022.11.25-15.22.11:377][  0]LogD3D11RHI:     Description : NVIDIA GeForce RTX 3070 Laptop GPU
[2022.11.25-15.22.11:377][  0]LogD3D11RHI:     VendorId    : 10de
[2022.11.25-15.22.11:377][  0]LogD3D11RHI:     DeviceId    : 249d
[2022.11.25-15.22.11:377][  0]LogD3D11RHI:     SubSysId    : 13331462
[2022.11.25-15.22.11:377][  0]LogD3D11RHI:     Revision    : 00a1
[2022.11.25-15.22.11:377][  0]LogD3D11RHI:     DedicatedVideoMemory : 8434745344 bytes
[2022.11.25-15.22.11:377][  0]LogD3D11RHI:     DedicatedSystemMemory : 0 bytes
[2022.11.25-15.22.11:377][  0]LogD3D11RHI:     SharedSystemMemory : 17025081344 bytes
[2022.11.25-15.22.11:377][  0]LogD3D11RHI:     AdapterLuid : 0 68013
[2022.11.25-15.22.11:430][  0]LogD3D11RHI: RHI has support for 64 bit atomics
[2022.11.25-15.22.11:430][  0]LogD3D11RHI: Async texture creation enabled
[2022.11.25-15.22.11:430][  0]LogD3D11RHI: Array index from any shader is supported
[2022.11.25-15.22.11:441][  0]LogD3D11RHI: GPU Timing Frequency: 1000.000000 (Debug: 2 1)
[2022.11.25-15.22.11:459][  0]LogRHI: GeForceNow SDK initialized: 1
[2022.11.25-15.22.11:691][  0]LogTargetPlatformManager: Display: Loaded TargetPlatform 'WindowsNoEditor'
[2022.11.25-15.22.11:695][  0]LogTargetPlatformManager: Display: Loaded TargetPlatform 'Windows'
[2022.11.25-15.22.11:697][  0]LogTargetPlatformManager: Display: Loaded TargetPlatform 'WindowsClient'
[2022.11.25-15.22.11:699][  0]LogTargetPlatformManager: Display: Loaded TargetPlatform 'WindowsServer'
[2022.11.25-15.22.11:700][  0]LogTargetPlatformManager: Display: Building Assets For Windows
[2022.11.25-15.22.11:704][  0]LogAudioDebug: Display: Lib vorbis DLL was dynamically loaded.
[2022.11.25-15.22.11:724][  0]LogTextureFormatOodle: Display: Oodle Texture 2.9.0 init RDO Off
[2022.11.25-15.22.11:745][  0]LogRendererCore: Ray tracing is disabled. Reason: r.RayTracing=0.
[2022.11.25-15.22.11:745][  0]LogShaderCompilers: Guid format shader working directory is -48 characters bigger than the processId version (../../../../../../Users/gizem/Downloads/SideScroller_V422/SideScroller_V422/SideScroller_V422/Intermediate/Shaders/WorkingDirectory/61416/).
[2022.11.25-15.22.11:745][  0]LogShaderCompilers: Cleaned the shader compiler working directory 'C:/Users/gizem/AppData/Local/Temp/UnrealShaderWorkingDir/26C8043747297B8819220EBFD315300A/'.
[2022.11.25-15.22.11:746][  0]LogXGEController: Cannot use XGE Controller as Incredibuild is not installed on this machine.
[2022.11.25-15.22.11:746][  0]LogShaderCompilers: Cannot use XGE Shader Compiler as Incredibuild is not installed on this machine.
[2022.11.25-15.22.11:746][  0]LogShaderCompilers: Display: Using Local Shader Compiler.
[2022.11.25-15.22.12:265][  0]LogDerivedDataCache: Display: Max Cache Size: 512 MB
[2022.11.25-15.22.12:317][  0]LogDerivedDataCache: Loaded boot cache 0.05s 94MB C:/Users/gizem/AppData/Local/UnrealEngine/4.27/DerivedDataCache/Boot.ddc.
[2022.11.25-15.22.12:317][  0]LogDerivedDataCache: Display: Loaded Boot cache: C:/Users/gizem/AppData/Local/UnrealEngine/4.27/DerivedDataCache/Boot.ddc
[2022.11.25-15.22.12:318][  0]LogDerivedDataCache: FDerivedDataBackendGraph:  Pak pak cache file ../../../../../../Users/gizem/Downloads/SideScroller_V422/SideScroller_V422/SideScroller_V422/DerivedDataCache/DDC.ddp not found, will not use a pak cache.
[2022.11.25-15.22.12:318][  0]LogDerivedDataCache: Unable to find inner node Pak for hierarchical cache Hierarchy.
[2022.11.25-15.22.12:318][  0]LogDerivedDataCache: FDerivedDataBackendGraph:  CompressedPak pak cache file ../../../../../../Users/gizem/Downloads/SideScroller_V422/SideScroller_V422/SideScroller_V422/DerivedDataCache/Compressed.ddp not found, will not use a pak cache.
[2022.11.25-15.22.12:318][  0]LogDerivedDataCache: Unable to find inner node CompressedPak for hierarchical cache Hierarchy.
[2022.11.25-15.22.12:329][  0]LogDerivedDataCache: Display: Pak cache opened for reading ../../../Engine/DerivedDataCache/Compressed.ddp.
[2022.11.25-15.22.12:329][  0]LogDerivedDataCache: FDerivedDataBackendGraph:  EnterprisePak pak cache file ../../../Enterprise/DerivedDataCache/Compressed.ddp not found, will not use a pak cache.
[2022.11.25-15.22.12:329][  0]LogDerivedDataCache: Unable to find inner node EnterprisePak for hierarchical cache Hierarchy.
[2022.11.25-15.22.12:339][  0]LogDerivedDataCache: Speed tests for C:/Users/gizem/AppData/Local/UnrealEngine/Common/DerivedDataCache took 0.01 seconds
[2022.11.25-15.22.12:339][  0]LogDerivedDataCache: Display: Performance to C:/Users/gizem/AppData/Local/UnrealEngine/Common/DerivedDataCache: Latency=0.01ms. RandomReadSpeed=2450.41MBs, RandomWriteSpeed=102.81MBs. Assigned SpeedClass 'Local'
[2022.11.25-15.22.12:340][  0]LogDerivedDataCache: Using Local data cache path C:/Users/gizem/AppData/Local/UnrealEngine/Common/DerivedDataCache: Writable
[2022.11.25-15.22.12:340][  0]LogDerivedDataCache: Shared data cache path not found in *engine.ini, will not use an Shared cache.
[2022.11.25-15.22.12:340][  0]LogDerivedDataCache: Unable to find inner node Shared for hierarchical cache Hierarchy.
[2022.11.25-15.22.12:364][  0]LogSlate: Using FreeType 2.10.0
[2022.11.25-15.22.12:365][  0]LogSlate: SlateFontServices - WITH_FREETYPE: 1, WITH_HARFBUZZ: 1
[2022.11.25-15.22.12:473][  0]LogInit: Using OS detected language (en-US).
[2022.11.25-15.22.12:473][  0]LogInit: Using OS detected locale (en-CA).
[2022.11.25-15.22.12:473][  0]LogTextLocalizationManager: No localization for 'en-US' exists, so 'en' will be used for the language.
[2022.11.25-15.22.12:473][  0]LogTextLocalizationManager: No localization for 'en-CA' exists, so 'en' will be used for the locale.
[2022.11.25-15.22.12:473][  0]LogSlate: FontCache flush requested. Reason: Culture for localization was changed
[2022.11.25-15.22.12:473][  0]LogSlate: FontCache flush requested. Reason: Culture for localization was changed
[2022.11.25-15.22.12:476][  0]LogTextLocalizationManager: Compacting localization data took   0.01ms
[2022.11.25-15.22.12:476][  0]LogAssetRegistry: FAssetRegistry took 0.0013 seconds to start up
[2022.11.25-15.22.12:600][  0]LogPackageLocalizationCache: Processed 27 localized package path(s) for 1 prioritized culture(s) in 0.000579 seconds
[2022.11.25-15.22.12:641][  0]LogInit: Selected Device Profile: [Windows]
[2022.11.25-15.22.12:641][  0]LogInit: Active device profile: [0000018A95A61300][0000018A895F9080 49] Windows
[2022.11.25-15.22.12:641][  0]LogInit: Profiles: [0000018A95A61300][0000018A895F9080 49] Windows, [0000018A95A32E00][0000018A89601340 49] WindowsNoEditor, [0000018A95A62500][0000018A89605600 49] WindowsServer, [0000018A95A33C00][0000018A896098C0 49] WindowsClient, [0000018A95A63200][0000018A895FDB40 49] IOS, [0000018A95A31300][0000018A8A294280 49] iPadAir, [0000018A95A62900][0000018A8A298540 49] iPadAir2, [0000018A959D5C00][0000018A8A2ACA80 49] IPadPro, [0000018A959D5D00][0000018A8A29CAC0 49] iPadAir3, [0000018A95A31800][0000018A8A2A4D80 49] iPadAir4, [0000018A959D6C00][0000018A8A2A1040 49] iPadMini2, [0000018A95A31D00][0000018A8A2A9300 49] iPadMini3, [0000018A959D4B00][0000018A8A2B15C0 49] iPadMini4, [0000018A95A33200][0000018A8A2B5880 49] iPadMini5, [0000018A95A09300][0000018A8A2C41C0 49] iPhone6, [0000018A95A09400][0000018A8960C200 49] iPodTouch6, [0000018A95A61600][0000018A8A2D0740 49] iPhone7, [0000018A95A62B00][0000018A8A2C0780 49] iPodTouch7, [0000018A959D7A00][0000018A8A2C8A40 49] iPhone5S, [0000018A95A61800][0000018A8A2BCD00 49] iPhone6Plus, [0000018A959D7000][0000018A8A2CCFC0 49] iPhone6S, [0000018A95A62800][0000018A8A2D5280 49] iPhone6SPlus, [0000018A959D5400][0000018A8A2D9540 49] iPhone7Plus, [0000018A95A60100][0000018A8A2DD800 49] iPhoneSE, [0000018A95A60B00][0000018A8A2E1AC0 49] iPhone8, [0000018A95A08800][0000018A8A2B81C0 49] iPhone8Plus, [0000018A95A61500][0000018A8A2E4440 49] iPhoneX, [0000018A95A08F00][0000018A8A2EC700 49] iPhoneXS, [0000018A95A63700][0000018A8A2F09C0 49] iPhoneXSMax, [0000018A95A0B200][0000018A8A2F4C80 49] iPhoneXR, [0000018A95A63800][0000018A8A2F8F40 49] iPhone11, [0000018A95A0BD00][0000018A8A2FD200 49] iPhone11Pro, [0000018A959D6600][0000018A8A3014C0 49] iPhone11ProMax, [0000018A95A08600][0000018A8A305780 49] iPhoneSE2, [0000018A959D6000][0000018A8A309A40 49] iPhone12Mini, [0000018A95A0B800][0000018A8A30C180 49] iPhone12, [0000018A959D5B00][0000018A8A2E8400 49] iPhone12Pro, [0000018A95A09E00][0000018A8A310680 49] iPhone12ProMax, [0000018A959D7F00][0000018A8A318940 49] iPadPro105, [0000018A95A0B300][0000018A8A31CC00 49] iPadPro129, [0000018A959D7700][0000018A8A320EC0 49] iPadPro97, [0000018A95A0A200][0000018A8A325180 49] iPadPro2_129, [0000018A959D6F00][0000018A8A329440 49] iPad5, [0000018A95A08C00][0000018A8A32D700 49] iPad6, [0000018A959D6500][0000018A8A3319C0 49] iPad7, [0000018A95A0AB00][0000018A8A334100 49] iPad8, [0000018A959D5300][0000018A8A3383C0 49] iPadPro11, [0000018A95A0BE00][0000018A8A314640 49] iPadPro2_11, [0000018A959D6100][0000018A8A33C8C0 49] iPadPro3_129, [0000018A95A08500][0000018A8A344B80 49] iPadPro4_129, [0000018A959D7100][0000018A8A348E40 49] AppleTV, [0000018A95A0BA00][0000018A8A34D100 49] AppleTV4K, [0000018A959D5900][0000018A8A3513C0 49] TVOS, [0000018A95A08400][0000018A8A355680 49] Mac, [0000018A959D7C00][0000018A8A359940 49] MacClient, [0000018A95A0A500][0000018A8A35DC00 49] MacNoEditor, [0000018A959D5800][0000018A8A360340 49] MacServer, [0000018A95A0BC00][0000018A8A364600 49] Linux, [0000018A959D5000][0000018A8A340880 49] LinuxAArch64, [0000018A95A09F00][0000018A8A368B00 49] LinuxNoEditor, [0000018A959D7B00][0000018A8A370DC0 49] LinuxAArch64NoEditor, [0000018A95A08100][0000018A8A375080 49] LinuxClient, [0000018A959D4A00][0000018A8A379340 49] LinuxAArch64Client, [0000018A95A09D00][0000018A8A37D600 49] LinuxServer, [0000018A959D4200][0000018A8A3818C0 49] LinuxAArch64Server, [0000018A95A09000][0000018A8A385B80 49] Android, [0000018A959D6B00][0000018A8A3882C0 49] Android_Low, [0000018A95A0A100][0000018A8A38C580 49] Android_Mid, [0000018A959D4100][0000018A88D0C840 49] Android_High, [0000018A95A09900][0000018A8A36CAC0 49] Android_Default, [0000018A959D4800][0000018A88D10D40 49] Android_Adreno4xx, [0000018A95A09500][0000018A88D19000 49] Android_Adreno5xx_Low, [0000018A959D4E00][0000018A88D1D2C0 49] Android_Adreno5xx, [0000018A95A0A000][0000018A88D21580 49] Android_Adreno6xx, [0000018A959D4600][0000018A88D25840 49] Android_Adreno6xx_Vulkan, [0000018A95A08900][0000018A88D29B00 49] Android_Mali_T6xx, [0000018A959D4D00][0000018A88D2C240 49] Android_Mali_T7xx, [0000018A95A0B100][0000018A88D30500 49] Android_Mali_T8xx, [0000018A959D5600][0000018A88D347C0 49] Android_Mali_G71, [0000018A95A0AA00][0000018A88D38A80 49] Android_Mali_G72, [0000018A959D4400][0000018A88D14D00 49] Android_Mali_G72_Vulkan, [0000018A95A0AC00][0000018A88D3CF80 49] Android_Mali_G76, [0000018A959D7800][0000018A88D45240 49] Android_Mali_G76_Vulkan, [0000018A95A60300][0000018A88D49500 49] Android_Mali_G77, [0000018A95A33500][0000018A88D4D7C0 49] Android_Mali_G77_Vulkan, [0000018A95A62300][0000018A88D51A80 49] Android_Mali_G78, [0000018A95A31100][0000018A88D541C0 49] Android_Mali_G78_Vulkan, [0000018A95A63400][0000018A88D58480 49] Android_Mali_G710, [0000018A95A32C00][0000018A88D5C740 49] Android_Mali_G710_Vulkan, [0000018A95A60800][0000018A88D60A00 49] Android_Vulkan_SM5, [0000018A95A33900][0000018A88D64CC0 49] Android_PowerVR_G6xxx, [0000018A95A62D00][0000018A88D40F40 49] Android_PowerVR_GT7xxx, [0000018A95A31A00][0000018A88D691C0 49] Android_PowerVR_GE8xxx, [0000018A95A62C00][0000018A88D71480 49] Android_PowerVR_GM9xxx, [0000018A95A33000][0000018A88D75740 49] Android_PowerVR_GM9xxx_Vulkan, [0000018A95A60700][0000018A88D79A00 49] Android_TegraK1, [0000018A95A31000][0000018A88D7C140 49] Android_Unknown_Vulkan, [0000018A95A63D00][0000018A88D80400 49] Lumin, [0000018A95A31600][0000018A88D846C0 49] Lumin_Desktop, [0000018A95A61C00][0000018A88D88980 49] HoloLens, 
[2022.11.25-15.22.12:677][  0]LogMeshReduction: Using QuadricMeshReduction for automatic static mesh reduction
[2022.11.25-15.22.12:677][  0]LogMeshReduction: Using SimplygonMeshReduction for automatic skeletal mesh reduction
[2022.11.25-15.22.12:677][  0]LogMeshReduction: Using ProxyLODMeshReduction for automatic mesh merging
[2022.11.25-15.22.12:677][  0]LogMeshReduction: No distributed automatic mesh merging module available
[2022.11.25-15.22.12:677][  0]LogMeshMerging: No distributed automatic mesh merging module available
[2022.11.25-15.22.12:757][  0]LogNetVersion: SideScroller_V422_Fall2019 1.0.0, NetCL: 17155196, EngineNetVer: 17, GameNetVer: 0 (Checksum: 1441273239)
[2022.11.25-15.22.12:937][  0]LogTexture: Default maximum texture size for cubemaps generated from long-lat sources has been changed from 512 to unlimited. In order to preserve old behaiour for '/Engine/MapTemplates/Sky/DaylightAmbientCubemap.DaylightAmbientCubemap', its maximum texture size has been explicitly set to 512.
[2022.11.25-15.22.12:974][  0]LogHMD: PokeAHoleMaterial loaded successfully
[2022.11.25-15.22.13:041][  0]LogMoviePlayer: Initializing movie player
[2022.11.25-15.22.13:126][  0]LogNiagaraDebuggerClient: Niagara Debugger Client Initialized | Session: 57CD306641920FBCDE676A90C6088082 | Instance: F3E77CA94CCF5A9593B7298B9BCE8557 (MSI-61416).
[2022.11.25-15.22.13:140][  0]LogCollectionManager: Loaded 0 collections in 0.001311 seconds
[2022.11.25-15.22.13:141][  0]LogFileCache: Scanning file cache for directory 'C:/Users/gizem/Downloads/SideScroller_V422/SideScroller_V422/SideScroller_V422/Saved/Collections/' took 0.00s
[2022.11.25-15.22.13:141][  0]LogFileCache: Scanning file cache for directory 'C:/Users/gizem/Downloads/SideScroller_V422/SideScroller_V422/SideScroller_V422/Content/Developers/gizem/Collections/' took 0.00s
[2022.11.25-15.22.13:141][  0]LogFileCache: Scanning file cache for directory 'C:/Users/gizem/Downloads/SideScroller_V422/SideScroller_V422/SideScroller_V422/Content/Collections/' took 0.00s
[2022.11.25-15.22.13:141][  0]LogCollectionManager: Fixed up redirectors for 0 collections in 0.000001 seconds (updated 0 objects)
[2022.11.25-15.22.13:214][  0]LogTcpMessaging: Initializing TcpMessaging bridge
[2022.11.25-15.22.13:217][  0]LogUdpMessaging: Initializing bridge on interface 0.0.0.0:0 to multicast group 230.0.0.1:6666.
[2022.11.25-15.22.13:246][  0]LogPython: Using Python 3.7.7
[2022.11.25-15.22.13:589][  0]SourceControl: Source control is disabled
[2022.11.25-15.22.13:589][  0]SourceControl: Source control is disabled
[2022.11.25-15.22.13:593][  0]LogUProjectInfo: Found projects:
[2022.11.25-15.22.13:624][  0]SourceControl: Source control is disabled
[2022.11.25-15.22.13:654][  0]LogAndroidPermission: UAndroidPermissionCallbackProxy::GetInstance
[2022.11.25-15.22.13:682][  0]LogOpenImageDenoise: OIDN starting up
[2022.11.25-15.22.13:688][  0]LogAudioCaptureCore: Display: No Audio Capture implementations found. Audio input will be silent.
[2022.11.25-15.22.13:688][  0]LogAudioCaptureCore: Display: No Audio Capture implementations found. Audio input will be silent.
[2022.11.25-15.22.13:737][  0]LogOcInput: OculusInput pre-init called
[2022.11.25-15.22.13:744][  0]LogUObjectArray: 22163 objects as part of root set at end of initial load.
[2022.11.25-15.22.13:744][  0]LogUObjectAllocator: 5993712 out of 0 bytes used by permanent object pool.
[2022.11.25-15.22.13:744][  0]LogUObjectArray: CloseDisregardForGC: 0/0 objects in disregard for GC pool
[2022.11.25-15.22.13:787][  0]LogEngine: Initializing Engine...
[2022.11.25-15.22.13:789][  0]LogHMD: Failed to enumerate extensions. Please check that you have a valid OpenXR runtime installed.
[2022.11.25-15.22.13:790][  0]LogHMD: Failed to initialize OpenVR with code 110
[2022.11.25-15.22.13:790][  0]LogMagicLeap: Warning: VR disabled because ZI is not enabled.  To enable, in the editor, Edit -> Project Settings -> Plugins -> Magic Leap Plugin -> Enable Zero Iteration
[2022.11.25-15.22.13:791][  0]LogStats: UGameplayTagsManager::InitializeManager -  0.000 s
[2022.11.25-15.22.13:863][  0]LogInit: Initializing FReadOnlyCVARCache
[2022.11.25-15.22.13:863][  0]LogAudio: Display: Initializing Audio Device Manager...
[2022.11.25-15.22.13:866][  0]LogAudio: Display: Loading Default Audio Settings Objects...
[2022.11.25-15.22.13:866][  0]LogAudio: Display: No default SoundConcurrencyObject specified (or failed to load).
[2022.11.25-15.22.13:867][  0]LogAudio: Display: Audio Device Manager Initialized
[2022.11.25-15.22.13:867][  0]LogAudio: Display: Creating Audio Device:                 Id: 1, Scope: Shared, Realtime: True
[2022.11.25-15.22.13:867][  0]LogAudioMixer: Display: Audio Mixer Platform Settings:
[2022.11.25-15.22.13:867][  0]LogAudioMixer: Display: 	Sample Rate:						  48000
[2022.11.25-15.22.13:867][  0]LogAudioMixer: Display: 	Callback Buffer Frame Size Requested: 1024
[2022.11.25-15.22.13:867][  0]LogAudioMixer: Display: 	Callback Buffer Frame Size To Use:	  1024
[2022.11.25-15.22.13:867][  0]LogAudioMixer: Display: 	Number of buffers to queue:			  2
[2022.11.25-15.22.13:867][  0]LogAudioMixer: Display: 	Max Channels (voices):				  32
[2022.11.25-15.22.13:867][  0]LogAudioMixer: Display: 	Number of Async Source Workers:		  0
[2022.11.25-15.22.13:867][  0]LogAudio: Display: AudioDevice MaxSources: 32
[2022.11.25-15.22.13:867][  0]LogAudio: Display: Audio Spatialization Plugin: None (built-in).
[2022.11.25-15.22.13:867][  0]LogAudio: Display: Audio Reverb Plugin: None (built-in).
[2022.11.25-15.22.13:867][  0]LogAudio: Display: Audio Occlusion Plugin: None (built-in).
[2022.11.25-15.22.13:867][  0]LogAudioMixer: Display: Initializing audio mixer.
[2022.11.25-15.22.13:902][  0]LogAudioMixer: Display: 0: FrontLeft
[2022.11.25-15.22.13:902][  0]LogAudioMixer: Display: 1: FrontRight
[2022.11.25-15.22.13:998][  0]LogAudioMixer: Display: Using Audio Device Headphones (Realtek(R) Audio)
[2022.11.25-15.22.14:000][  0]LogAudioMixer: Display: Initializing Sound Submixes...
[2022.11.25-15.22.14:001][  0]LogAudioMixer: Display: Creating Master Submix 'MasterSubmixDefault'
[2022.11.25-15.22.14:001][  0]LogAudioMixer: Display: Creating Master Submix 'MasterReverbSubmixDefault'
[2022.11.25-15.22.14:002][  0]LogAudioMixer: Display: Creating Master Submix 'MasterEQSubmixDefault'
[2022.11.25-15.22.14:002][  0]LogAudioMixer: FMixerPlatformXAudio2::StartAudioStream() called
[2022.11.25-15.22.14:002][  0]LogAudioMixer: Display: Output buffers initialized: Frames=1024, Channels=2, Samples=2048
[2022.11.25-15.22.14:003][  0]LogAudioMixer: Display: Starting AudioMixerPlatformInterface::RunInternal()
[2022.11.25-15.22.14:003][  0]LogAudioMixer: Display: FMixerPlatformXAudio2::SubmitBuffer() called for the first time
[2022.11.25-15.22.14:003][  0]LogInit: FAudioDevice initialized.
[2022.11.25-15.22.14:004][  0]LogNetVersion: Set ProjectVersion to 1.0.0.0. Version Checksum will be recalculated on next use.
[2022.11.25-15.22.14:004][  0]LogInit: Texture streaming: Enabled
[2022.11.25-15.22.14:049][  0]LogAudio: Display: Audio Device (ID: 1) registered with world 'Untitled'.
[2022.11.25-15.22.14:049][  0]LogSlate: Updating window title bar state: overlay mode, drag disabled, window buttons hidden, title bar hidden
[2022.11.25-15.22.14:049][  0]LogInit: Display: Game Engine Initialized.
[2022.11.25-15.22.14:049][  0]LogNiagaraEditor: GEditor isn't valid! Particle reset commands will not work for Niagara components!
[2022.11.25-15.22.14:130][  0]LogInit: Display: Starting Game.
[2022.11.25-15.22.14:130][  0]LogNet: Browse: /Game/SideScrollerBP/Maps/SideScrollerExampleMap?Name=Player
[2022.11.25-15.22.14:130][  0]LogLoad: LoadMap: /Game/SideScrollerBP/Maps/SideScrollerExampleMap?Name=Player
[2022.11.25-15.22.14:130][  0]LogWorld: BeginTearingDown for /Temp/Untitled_0
[2022.11.25-15.22.14:132][  0]LogWorld: UWorld::CleanupWorld for Untitled, bSessionEnded=true, bCleanupResources=true
[2022.11.25-15.22.14:132][  0]LogSlate: InvalidateAllWidgets triggered.  All widgets were invalidated
[2022.11.25-15.22.14:135][  0]LogAudio: Display: Audio Device unregistered from world 'None'.
[2022.11.25-15.22.14:137][  0]LogUObjectHash: Compacting FUObjectHashTables data took   0.45ms
[2022.11.25-15.22.14:217][  0]LogBlueprint: Warning: [AssetLog] C:\Users\gizem\Downloads\SideScroller_V422\SideScroller_V422\SideScroller_V422\Content\Custom_Blueprints\Puzzle_Elements\Sphere_Door.uasset: [Compiler] OnComponentBeginOverlap (Box)  does not have a valid matching component!
[2022.11.25-15.22.14:683][  0]LogSkeletalMesh: Display: [AssetLog] C:\Users\gizem\Downloads\SideScroller_V422\SideScroller_V422\SideScroller_V422\Content\Custom_Assets\Hazards\Bat\Model\Bat_Enemy.uasset: Find and fix some bad tangent! please re-import this skeletal mesh asset to fix the issue. The shading of the skeletal mesh will be bad and faceted.
[2022.11.25-15.22.14:726][  0]LogAudio: Display: Audio Device (ID: 1) registered with world 'SideScrollerExampleMap'.
[2022.11.25-15.22.14:734][  0]LogAIModule: Creating AISystem for world SideScrollerExampleMap
[2022.11.25-15.22.14:736][  0]LogLoad: Game class is 'SideScrollerGameMode_C'
[2022.11.25-15.22.14:756][  0]LogWorld: Bringing World /Game/SideScrollerBP/Maps/SideScrollerExampleMap.SideScrollerExampleMap up for play (max tick rate 0) at 2022.11.25-10.22.14
[2022.11.25-15.22.14:759][  0]LogWorld: Bringing up level for play took: 0.022079
[2022.11.25-15.22.14:762][  0]LogLoad: Took 0.632048 seconds to LoadMap(/Game/SideScrollerBP/Maps/SideScrollerExampleMap)
[2022.11.25-15.22.14:818][  0]LogSlate: Took 0.000324 seconds to synchronously load lazily loaded font '../../../Engine/Content/Slate/Fonts/Roboto-Regular.ttf' (155K)
[2022.11.25-15.22.14:850][  0]LogRenderer: Reallocating scene render targets to support 1280x720 Format 10 NumSamples 1 (Frame:1).
[2022.11.25-15.22.14:850][  0]LogInit: Display: Engine is initialized. Leaving FEngineLoop::Init()
[2022.11.25-15.22.14:850][  0]LogLoad: (Engine Initialization) Total time: 4.80 seconds
[2022.11.25-15.22.14:850][  0]LogLoad: (Engine Initialization) Total Blueprint compile time: 0.00 seconds
[2022.11.25-15.22.14:857][  0]LogContentStreaming: Texture pool size now 1000 MB
[2022.11.25-15.22.14:862][  0]LogSlate: InvalidateAllWidgets triggered.  All widgets were invalidated
[2022.11.25-15.22.14:926][  0]LogRenderer: Reallocating scene render targets to support 128x128 Format 10 NumSamples 1 (Frame:1).
[2022.11.25-15.22.14:950][  0]LogRenderer: Reallocating scene render targets to support 1280x720 Format 10 NumSamples 1 (Frame:2).
[2022.11.25-15.22.14:962][  1]LogSlate: Took 0.000171 seconds to synchronously load lazily loaded font '../../../Engine/Content/Slate/Fonts/Roboto-Regular.ttf' (155K)
[2022.11.25-15.22.30:526][914]LogCharacterMovement: SideScrollerCharacter_78 is stuck and failed to move! Velocity: X=0.00 Y=-301.73 Z=0.00 Location: X=1200.00 Y=-3136.23 Z=609.84 Normal: X=-0.03 Y=0.53 Z=0.85 PenetrationDepth:2.724 Actor:Enemy_Bat_Vertical2_2 Component:SkeletalMeshComponent0 BoneName:MarineRibcage001 (0 other events since notify)
[2022.11.25-15.24.35:096][187]LogCharacterMovement: SideScrollerCharacter_78 is stuck and failed to move! Velocity: X=0.00 Y=-113.71 Z=0.00 Location: X=1200.00 Y=-9357.89 Z=587.56 Normal: X=0.00 Y=1.00 Z=0.00 PenetrationDepth:0.132 Actor:Moving_Platform_Horizontal2_5 Component:StaticMeshComponent0 BoneName:None (4 other events since notify)
[2022.11.25-15.24.47:563][143]LogCharacterMovement: SideScrollerCharacter_78 is stuck and failed to move! Velocity: X=0.00 Y=127.69 Z=0.00 Location: X=1200.00 Y=-11599.67 Z=565.19 Normal: X=0.00 Y=0.62 Z=-0.78 PenetrationDepth:8.860 Actor:Moving_Platform_Horizontal2_5 Component:StaticMeshComponent0 BoneName:None (14 other events since notify)
[2022.11.25-15.25.12:758][904]LogCharacterMovement: SideScrollerCharacter_78 is stuck and failed to move! Velocity: X=0.00 Y=-600.00 Z=0.00 Location: X=1200.00 Y=-13390.09 Z=206.33 Normal: X=-0.01 Y=0.32 Z=-0.95 PenetrationDepth:3.100 Actor:Enemy_Bat_Wave3 Component:SkeletalMeshComponent0 BoneName:MarinePelvis (25 other events since notify)
